args Namespace(arch='sevenCNN', batch_size=128, closeset_ratio=0.2, conf_ema_range=[0.9, 0.5], cosine=True, dataset='cifar100', epochs=200, epsilon=0.6, exp_dir='experiment/cifar-sota/Cifar2023-08-09-14-50-48ds_cifar100_lr_0.02_ep_200_ps_1_lw_1.3_warmupepochs_30_rechange_per_epoch_30', forget_rate=0.2, gpu=0, loss_weight1=1.3, loss_weight2=0.7, low_dim=256, lr=0.02, lr_decay_epochs='100,150,180', lr_decay_rate=0.1, moco_m=0.999, moco_queue=8192, momentum=0.9, n_classes=100, noise_type='symmetric', print_freq=100, prot_start=1, proto_m=0.988, rechange_per_epoch=30, resume='', seed=100, synthetic_data='cifar80no', topk=10, warmupepochs=30, warmuplr=0.01, weight_decay=0.0011, workers=32)

Epoch 0: TrainACC 6.417438983917236, Acc 15.05000114440918, Best Acc 0. (lr 0.02, MMC 1.0)
Epoch 1: TrainACC 11.781888961791992, Acc 21.86250114440918, Best Acc 15.05000114440918. (lr 0.019998767558491788, MMC 1.0)
Epoch 2: TrainACC 15.252957344055176, Acc 23.437501907348633, Best Acc 21.86250114440918. (lr 0.019995070538053657, MMC 1.0)
Epoch 3: TrainACC 18.102222442626953, Acc 29.512500762939453, Best Acc 23.437501907348633. (lr 0.019988909850870082, MMC 1.0)
Epoch 4: TrainACC 20.465553283691406, Acc 32.60000228881836, Best Acc 29.512500762939453. (lr 0.019980287016998433, MMC 1.0)
Epoch 5: TrainACC 22.4416561126709, Acc 35.41250228881836, Best Acc 32.60000228881836. (lr 0.01996920416399395, MMC 1.0)
Epoch 6: TrainACC 24.02573585510254, Acc 35.76250076293945, Best Acc 35.41250228881836. (lr 0.01995566402638477, MMC 1.0)
Epoch 7: TrainACC 25.340473175048828, Acc 37.98750305175781, Best Acc 35.76250076293945. (lr 0.019939669944997247, MMC 1.0)
Epoch 8: TrainACC 26.731536865234375, Acc 40.95000076293945, Best Acc 37.98750305175781. (lr 0.019921225866131636, MMC 1.0)
Epoch 9: TrainACC 27.617088317871094, Acc 41.51250076293945, Best Acc 40.95000076293945. (lr 0.01990033634058841, MMC 1.0)
Epoch 10: TrainACC 28.546995162963867, Acc 42.23750305175781, Best Acc 41.51250076293945. (lr 0.019877006522545426, MMC 1.0)
Epoch 11: TrainACC 29.560022354125977, Acc 42.562503814697266, Best Acc 42.23750305175781. (lr 0.019851242168286192, MMC 1.0)
Epoch 12: TrainACC 30.180625915527344, Acc 43.337501525878906, Best Acc 42.562503814697266. (lr 0.019823049634779603, MMC 1.0)
Epoch 13: TrainACC 30.758472442626953, Acc 44.35000228881836, Best Acc 43.337501525878906. (lr 0.019792435878111442, MMC 1.0)
Epoch 14: TrainACC 31.564496994018555, Acc 45.16250228881836, Best Acc 44.35000228881836. (lr 0.019759408451768087, MMC 1.0)
Epoch 15: TrainACC 32.1523323059082, Acc 46.500003814697266, Best Acc 45.16250228881836. (lr 0.01972397550477279, MMC 1.0)
Epoch 16: TrainACC 32.76414489746094, Acc 46.212501525878906, Best Acc 46.500003814697266. (lr 0.019686145779675025, MMC 1.0)
Epoch 17: TrainACC 32.95956039428711, Acc 43.025001525878906, Best Acc 46.500003814697266. (lr 0.019645928610393402, MMC 1.0)
Epoch 18: TrainACC 33.677268981933594, Acc 46.375003814697266, Best Acc 46.500003814697266. (lr 0.01960333391991266, MMC 1.0)
Epoch 19: TrainACC 34.044517517089844, Acc 49.16250228881836, Best Acc 46.500003814697266. (lr 0.019558372217835317, MMC 1.0)
Epoch 20: TrainACC 34.28308868408203, Acc 48.32500076293945, Best Acc 49.16250228881836. (lr 0.019511054597788586, MMC 1.0)
Epoch 21: TrainACC 34.6467399597168, Acc 47.38750076293945, Best Acc 49.16250228881836. (lr 0.019461392734687177, MMC 1.0)
Epoch 22: TrainACC 34.94045639038086, Acc 47.16250228881836, Best Acc 49.16250228881836. (lr 0.019409398881852714, MMC 1.0)
Epoch 23: TrainACC 35.26055145263672, Acc 50.375003814697266, Best Acc 49.16250228881836. (lr 0.019355085867990375, MMC 1.0)
Epoch 24: TrainACC 35.64698028564453, Acc 49.32500076293945, Best Acc 50.375003814697266. (lr 0.019298467094023632, MMC 1.0)
Epoch 25: TrainACC 35.67934799194336, Acc 48.28750228881836, Best Acc 50.375003814697266. (lr 0.019239556529787753, MMC 1.0)
Epoch 26: TrainACC 36.11772537231445, Acc 50.03750228881836, Best Acc 50.375003814697266. (lr 0.019178368710582972, MMC 1.0)
Epoch 27: TrainACC 36.312740325927734, Acc 47.000003814697266, Best Acc 50.375003814697266. (lr 0.019114918733588098, MMC 1.0)
Epoch 28: TrainACC 36.50095748901367, Acc 48.60000228881836, Best Acc 50.375003814697266. (lr 0.019049222254135537, MMC 1.0)
Epoch 29: TrainACC 36.65401077270508, Acc 49.500003814697266, Best Acc 50.375003814697266. (lr 0.01898129548184855, MMC 0.8153483271598816)
    ----------  warmup end  -----------    
Epoch 30: TrainACC tensor([28.65], device='cuda:0'), Acc 43.212501525878906, Best Acc 50.375003814697266. (lr 0.018911155176641794, MMC 0.8193445205688477)
Epoch 31: TrainACC tensor([32.25], device='cuda:0'), Acc 47.625003814697266, Best Acc 50.375003814697266. (lr 0.018838818644586048, MMC 0.8245006799697876)
Epoch 32: TrainACC tensor([34.06], device='cuda:0'), Acc 46.10000228881836, Best Acc 50.375003814697266. (lr 0.018764303733638195, MMC 0.8295028209686279)
Epoch 33: TrainACC tensor([35.31], device='cuda:0'), Acc 52.11250305175781, Best Acc 50.375003814697266. (lr 0.01868762882923753, MMC 0.834143877029419)
Epoch 34: TrainACC tensor([35.93], device='cuda:0'), Acc 52.650001525878906, Best Acc 52.11250305175781. (lr 0.018608812849769396, MMC 0.8384841680526733)
Epoch 35: TrainACC tensor([36.88], device='cuda:0'), Acc 51.937503814697266, Best Acc 52.650001525878906. (lr 0.01852787524189738, MMC 0.8425858616828918)
Epoch 36: TrainACC tensor([37.36], device='cuda:0'), Acc 51.900001525878906, Best Acc 52.650001525878906. (lr 0.01844483597576513, MMC 0.8462721109390259)
Epoch 37: TrainACC tensor([37.74], device='cuda:0'), Acc 52.10000228881836, Best Acc 52.650001525878906. (lr 0.018359715540069023, MMC 0.849656879901886)
Epoch 38: TrainACC tensor([38.34], device='cuda:0'), Acc 54.51250076293945, Best Acc 52.650001525878906. (lr 0.01827253493700287, MMC 0.8527628183364868)
Epoch 39: TrainACC tensor([38.81], device='cuda:0'), Acc 52.312503814697266, Best Acc 54.51250076293945. (lr 0.018183315677075984, MMC 0.8555760979652405)
Epoch 40: TrainACC tensor([38.91], device='cuda:0'), Acc 53.55000305175781, Best Acc 54.51250076293945. (lr 0.018092079773805725, MMC 0.8579545021057129)
Epoch 41: TrainACC tensor([39.33], device='cuda:0'), Acc 55.48750305175781, Best Acc 54.51250076293945. (lr 0.017998849738286037, MMC 0.8603352904319763)
Epoch 42: TrainACC tensor([39.56], device='cuda:0'), Acc 54.82500076293945, Best Acc 55.48750305175781. (lr 0.017903648573633146, MMC 0.862249493598938)
Epoch 43: TrainACC tensor([39.95], device='cuda:0'), Acc 55.45000076293945, Best Acc 55.48750305175781. (lr 0.017806499769309914, MMC 0.8640831708908081)
Epoch 44: TrainACC tensor([40.06], device='cuda:0'), Acc 53.76250076293945, Best Acc 55.48750305175781. (lr 0.017707427295330137, MMC 0.8657821416854858)
Epoch 45: TrainACC tensor([40.01], device='cuda:0'), Acc 54.062503814697266, Best Acc 55.48750305175781. (lr 0.01760645559634431, MMC 0.8671819567680359)
Epoch 46: TrainACC tensor([40.20], device='cuda:0'), Acc 54.41250228881836, Best Acc 55.48750305175781. (lr 0.01750360958560829, MMC 0.8683828711509705)
Epoch 47: TrainACC tensor([40.60], device='cuda:0'), Acc 54.76250076293945, Best Acc 55.48750305175781. (lr 0.017398914638836308, MMC 0.8695952892303467)
Epoch 48: TrainACC tensor([40.74], device='cuda:0'), Acc 55.087501525878906, Best Acc 55.48750305175781. (lr 0.017292396587939903, MMC 0.8705779314041138)
Epoch 49: TrainACC tensor([40.91], device='cuda:0'), Acc 52.26250076293945, Best Acc 55.48750305175781. (lr 0.017184081714654256, MMC 0.8714162111282349)
Epoch 50: TrainACC tensor([40.93], device='cuda:0'), Acc 54.41250228881836, Best Acc 55.48750305175781. (lr 0.017073996744053608, MMC 0.8721285462379456)
Epoch 51: TrainACC tensor([40.97], device='cuda:0'), Acc 53.38750076293945, Best Acc 55.48750305175781. (lr 0.01696216883795722, MMC 0.8729074597358704)
Epoch 52: TrainACC tensor([41.36], device='cuda:0'), Acc 56.30000305175781, Best Acc 55.48750305175781. (lr 0.0168486255882276, MMC 0.8734593391418457)
Epoch 53: TrainACC tensor([41.45], device='cuda:0'), Acc 54.97500228881836, Best Acc 56.30000305175781. (lr 0.016733395009962636, MMC 0.8741779327392578)
Epoch 54: TrainACC tensor([41.50], device='cuda:0'), Acc 54.57500076293945, Best Acc 56.30000305175781. (lr 0.01661650553458328, MMC 0.8748376965522766)
Epoch 55: TrainACC tensor([41.65], device='cuda:0'), Acc 56.087501525878906, Best Acc 56.30000305175781. (lr 0.016497986002818536, MMC 0.8753910660743713)
Epoch 56: TrainACC tensor([41.69], device='cuda:0'), Acc 56.53750228881836, Best Acc 56.30000305175781. (lr 0.016377865657589412, MMC 0.8759577870368958)
Epoch 57: TrainACC tensor([41.91], device='cuda:0'), Acc 55.937503814697266, Best Acc 56.53750228881836. (lr 0.016256174136793696, MMC 0.8763997554779053)
Epoch 58: TrainACC tensor([42.18], device='cuda:0'), Acc 55.775001525878906, Best Acc 56.53750228881836. (lr 0.016132941465993235, MMC 0.876883864402771)
Epoch 59: TrainACC tensor([42.09], device='cuda:0'), Acc 57.10000228881836, Best Acc 56.53750228881836. (lr 0.016008198051005583, MMC 0.876390278339386)
Epoch 60: TrainACC tensor([41.49], device='cuda:0'), Acc 56.38750457763672, Best Acc 57.10000228881836. (lr 0.01588197467040181, MMC 0.8643404245376587)
Epoch 61: TrainACC tensor([41.76], device='cuda:0'), Acc 55.587501525878906, Best Acc 57.10000228881836. (lr 0.015754302467912353, MMC 0.8548814058303833)
Epoch 62: TrainACC tensor([42.10], device='cuda:0'), Acc 56.962501525878906, Best Acc 57.10000228881836. (lr 0.015625212944742787, MMC 0.8473390340805054)
Epoch 63: TrainACC tensor([41.99], device='cuda:0'), Acc 56.962501525878906, Best Acc 57.10000228881836. (lr 0.015494737951801337, MMC 0.8427271842956543)
Epoch 64: TrainACC tensor([42.43], device='cuda:0'), Acc 55.07500076293945, Best Acc 57.10000228881836. (lr 0.015362909681840176, MMC 0.8408203125)
Epoch 65: TrainACC tensor([42.44], device='cuda:0'), Acc 57.85000228881836, Best Acc 57.10000228881836. (lr 0.01522976066151233, MMC 0.8406737446784973)
Epoch 66: TrainACC tensor([42.64], device='cuda:0'), Acc 56.60000228881836, Best Acc 57.85000228881836. (lr 0.01509532374334621, MMC 0.8416462540626526)
Epoch 67: TrainACC tensor([42.87], device='cuda:0'), Acc 57.57500457763672, Best Acc 57.85000228881836. (lr 0.014959632097639753, MMC 0.8427817821502686)
Epoch 68: TrainACC tensor([42.92], device='cuda:0'), Acc 57.275001525878906, Best Acc 57.85000228881836. (lr 0.014822719204276136, MMC 0.8436959385871887)
Epoch 69: TrainACC tensor([42.82], device='cuda:0'), Acc 57.562503814697266, Best Acc 57.85000228881836. (lr 0.01468461884446313, MMC 0.8448055982589722)
Epoch 70: TrainACC tensor([43.10], device='cuda:0'), Acc 56.42500305175781, Best Acc 57.85000228881836. (lr 0.014545365092398073, MMC 0.8459569811820984)
Epoch 71: TrainACC tensor([42.96], device='cuda:0'), Acc 57.750003814697266, Best Acc 57.85000228881836. (lr 0.014404992306860591, MMC 0.8468456864356995)
Epoch 72: TrainACC tensor([43.48], device='cuda:0'), Acc 58.98750305175781, Best Acc 57.85000228881836. (lr 0.014263535122735076, MMC 0.8474488854408264)
Epoch 73: TrainACC tensor([43.38], device='cuda:0'), Acc 56.525001525878906, Best Acc 58.98750305175781. (lr 0.014121028442465038, MMC 0.847891092300415)
Epoch 74: TrainACC tensor([43.80], device='cuda:0'), Acc 58.812503814697266, Best Acc 58.98750305175781. (lr 0.013977507427441457, MMC 0.8484955430030823)
Epoch 75: TrainACC tensor([43.74], device='cuda:0'), Acc 57.22500228881836, Best Acc 58.98750305175781. (lr 0.013833007489327247, MMC 0.8486396670341492)
Epoch 76: TrainACC tensor([43.72], device='cuda:0'), Acc 59.35000228881836, Best Acc 58.98750305175781. (lr 0.013687564281319935, MMC 0.8486313819885254)
Epoch 77: TrainACC tensor([43.87], device='cuda:0'), Acc 57.812503814697266, Best Acc 59.35000228881836. (lr 0.01354121368935478, MMC 0.8488729596138)
Epoch 78: TrainACC tensor([43.90], device='cuda:0'), Acc 58.562503814697266, Best Acc 59.35000228881836. (lr 0.013393991823250464, MMC 0.8491438031196594)
Epoch 79: TrainACC tensor([43.89], device='cuda:0'), Acc 58.587501525878906, Best Acc 59.35000228881836. (lr 0.013245935007799513, MMC 0.8496171832084656)
Epoch 80: TrainACC tensor([44.09], device='cuda:0'), Acc 59.01250457763672, Best Acc 59.35000228881836. (lr 0.013097079773805725, MMC 0.8500632047653198)
Epoch 81: TrainACC tensor([44.24], device='cuda:0'), Acc 58.92500305175781, Best Acc 59.35000228881836. (lr 0.012947462849070718, MMC 0.8502792716026306)
Epoch 82: TrainACC tensor([44.32], device='cuda:0'), Acc 58.337501525878906, Best Acc 59.35000228881836. (lr 0.0127971211493319, MMC 0.8507429361343384)
Epoch 83: TrainACC tensor([44.69], device='cuda:0'), Acc 57.30000305175781, Best Acc 59.35000228881836. (lr 0.012646091769154074, MMC 0.8509962558746338)
Epoch 84: TrainACC tensor([44.59], device='cuda:0'), Acc 59.26250457763672, Best Acc 59.35000228881836. (lr 0.012494411972776898, MMC 0.8513271808624268)
Epoch 85: TrainACC tensor([44.82], device='cuda:0'), Acc 58.36250305175781, Best Acc 59.35000228881836. (lr 0.012342119184920496, MMC 0.8517838716506958)
Epoch 86: TrainACC tensor([44.59], device='cuda:0'), Acc 56.91250228881836, Best Acc 59.35000228881836. (lr 0.012189250981551462, MMC 0.8517714142799377)
Epoch 87: TrainACC tensor([44.77], device='cuda:0'), Acc 59.187503814697266, Best Acc 59.35000228881836. (lr 0.01203584508061156, MMC 0.8520938754081726)
Epoch 88: TrainACC tensor([45.09], device='cuda:0'), Acc 58.57500457763672, Best Acc 59.35000228881836. (lr 0.01188193933271139, MMC 0.8523248434066772)
Epoch 89: TrainACC tensor([45.09], device='cuda:0'), Acc 57.41250228881836, Best Acc 59.35000228881836. (lr 0.0117275717117913, MMC 0.8519670367240906)
Epoch 90: TrainACC tensor([44.84], device='cuda:0'), Acc 57.80000305175781, Best Acc 59.35000228881836. (lr 0.011572780305751908, MMC 0.8468775749206543)
Epoch 91: TrainACC tensor([45.08], device='cuda:0'), Acc 57.55000305175781, Best Acc 59.35000228881836. (lr 0.011417603307056453, MMC 0.8431876301765442)
Epoch 92: TrainACC tensor([45.10], device='cuda:0'), Acc 58.55000305175781, Best Acc 59.35000228881836. (lr 0.011262079003307402, MMC 0.8409375548362732)
Epoch 93: TrainACC tensor([45.29], device='cuda:0'), Acc 58.38750457763672, Best Acc 59.35000228881836. (lr 0.011106245767799543, MMC 0.8407780528068542)
Epoch 94: TrainACC tensor([45.45], device='cuda:0'), Acc 57.98750305175781, Best Acc 59.35000228881836. (lr 0.010950142050051959, MMC 0.8411552906036377)
Epoch 95: TrainACC tensor([45.69], device='cuda:0'), Acc 57.500003814697266, Best Acc 59.35000228881836. (lr 0.010793806366321173, MMC 0.8420720100402832)
Epoch 96: TrainACC tensor([45.41], device='cuda:0'), Acc 59.337501525878906, Best Acc 59.35000228881836. (lr 0.010637277290097842, MMC 0.8425134420394897)
Epoch 97: TrainACC tensor([45.88], device='cuda:0'), Acc 58.55000305175781, Best Acc 59.35000228881836. (lr 0.01048059344258933, MMC 0.8429643511772156)
Epoch 98: TrainACC tensor([45.96], device='cuda:0'), Acc 59.48750305175781, Best Acc 59.35000228881836. (lr 0.010323793483190501, MMC 0.8435012102127075)
Epoch 99: TrainACC tensor([46.11], device='cuda:0'), Acc 59.92500305175781, Best Acc 59.48750305175781. (lr 0.010166916099945088, MMC 0.843635618686676)
Epoch 100: TrainACC tensor([45.92], device='cuda:0'), Acc 60.000003814697266, Best Acc 59.92500305175781. (lr 0.01001, MMC 0.8439022302627563)
Epoch 101: TrainACC tensor([46.29], device='cuda:0'), Acc 60.150001525878906, Best Acc 60.000003814697266. (lr 0.009853083900054913, MMC 0.8446723222732544)
Epoch 102: TrainACC tensor([46.39], device='cuda:0'), Acc 58.20000457763672, Best Acc 60.150001525878906. (lr 0.009696206516809499, MMC 0.8451530933380127)
Epoch 103: TrainACC tensor([46.59], device='cuda:0'), Acc 58.03750228881836, Best Acc 60.150001525878906. (lr 0.00953940655741067, MMC 0.8453812003135681)
Epoch 104: TrainACC tensor([46.72], device='cuda:0'), Acc 60.062503814697266, Best Acc 60.150001525878906. (lr 0.00938272270990216, MMC 0.8458796739578247)
Epoch 105: TrainACC tensor([46.80], device='cuda:0'), Acc 59.687503814697266, Best Acc 60.150001525878906. (lr 0.00922619363367883, MMC 0.84603351354599)
Epoch 106: TrainACC tensor([46.82], device='cuda:0'), Acc 60.275001525878906, Best Acc 60.150001525878906. (lr 0.009069857949948041, MMC 0.8465390205383301)
Epoch 107: TrainACC tensor([46.87], device='cuda:0'), Acc 60.462501525878906, Best Acc 60.275001525878906. (lr 0.008913754232200458, MMC 0.8466029763221741)
Epoch 108: TrainACC tensor([46.94], device='cuda:0'), Acc 59.125003814697266, Best Acc 60.462501525878906. (lr 0.0087579209966926, MMC 0.8465935587882996)
Epoch 109: TrainACC tensor([47.29], device='cuda:0'), Acc 60.062503814697266, Best Acc 60.462501525878906. (lr 0.008602396692943551, MMC 0.8470966219902039)
Epoch 110: TrainACC tensor([47.24], device='cuda:0'), Acc 60.91250228881836, Best Acc 60.462501525878906. (lr 0.008447219694248094, MMC 0.847737193107605)
Epoch 111: TrainACC tensor([47.32], device='cuda:0'), Acc 61.337501525878906, Best Acc 60.91250228881836. (lr 0.008292428288208697, MMC 0.8480423092842102)
Epoch 112: TrainACC tensor([47.70], device='cuda:0'), Acc 59.70000457763672, Best Acc 61.337501525878906. (lr 0.00813806066728861, MMC 0.8483014106750488)
Epoch 113: TrainACC tensor([47.77], device='cuda:0'), Acc 60.250003814697266, Best Acc 61.337501525878906. (lr 0.00798415491938844, MMC 0.8486118316650391)
Epoch 114: TrainACC tensor([48.05], device='cuda:0'), Acc 60.70000457763672, Best Acc 61.337501525878906. (lr 0.007830749018448543, MMC 0.8490065932273865)
Epoch 115: TrainACC tensor([48.03], device='cuda:0'), Acc 61.025001525878906, Best Acc 61.337501525878906. (lr 0.0076778808150795045, MMC 0.8489640951156616)
Epoch 116: TrainACC tensor([48.10], device='cuda:0'), Acc 60.80000305175781, Best Acc 61.337501525878906. (lr 0.0075255880272231, MMC 0.8493255376815796)
Epoch 117: TrainACC tensor([48.24], device='cuda:0'), Acc 58.67500305175781, Best Acc 61.337501525878906. (lr 0.007373908230845926, MMC 0.849484920501709)
Epoch 118: TrainACC tensor([48.25], device='cuda:0'), Acc 60.875003814697266, Best Acc 61.337501525878906. (lr 0.007222878850668101, MMC 0.8503969311714172)
Epoch 119: TrainACC tensor([48.22], device='cuda:0'), Acc 59.98750305175781, Best Acc 61.337501525878906. (lr 0.007072537150929285, MMC 0.8500480055809021)
Epoch 120: TrainACC tensor([48.41], device='cuda:0'), Acc 61.212501525878906, Best Acc 61.337501525878906. (lr 0.0069229202261942785, MMC 0.846964418888092)
Epoch 121: TrainACC tensor([48.56], device='cuda:0'), Acc 60.72500228881836, Best Acc 61.337501525878906. (lr 0.006774064992200487, MMC 0.8453837037086487)
Epoch 122: TrainACC tensor([48.60], device='cuda:0'), Acc 61.587501525878906, Best Acc 61.337501525878906. (lr 0.0066260081767495396, MMC 0.8449808955192566)
Epoch 123: TrainACC tensor([48.78], device='cuda:0'), Acc 60.63750457763672, Best Acc 61.587501525878906. (lr 0.006478786310645223, MMC 0.8452616930007935)
Epoch 124: TrainACC tensor([48.96], device='cuda:0'), Acc 61.337501525878906, Best Acc 61.587501525878906. (lr 0.00633243571868007, MMC 0.845630943775177)
Epoch 125: TrainACC tensor([48.96], device='cuda:0'), Acc 61.47500228881836, Best Acc 61.587501525878906. (lr 0.006186992510672756, MMC 0.8467937111854553)
Epoch 126: TrainACC tensor([49.51], device='cuda:0'), Acc 61.812503814697266, Best Acc 61.587501525878906. (lr 0.0060424925725585405, MMC 0.8471519947052002)
Epoch 127: TrainACC tensor([49.68], device='cuda:0'), Acc 60.837501525878906, Best Acc 61.812503814697266. (lr 0.005898971557534964, MMC 0.8481154441833496)
Epoch 128: TrainACC tensor([49.74], device='cuda:0'), Acc 62.187503814697266, Best Acc 61.812503814697266. (lr 0.005756464877264925, MMC 0.8492076396942139)
Epoch 129: TrainACC tensor([49.82], device='cuda:0'), Acc 61.47500228881836, Best Acc 62.187503814697266. (lr 0.005615007693139408, MMC 0.8494387865066528)
Epoch 130: TrainACC tensor([49.89], device='cuda:0'), Acc 61.91250228881836, Best Acc 62.187503814697266. (lr 0.005474634907601928, MMC 0.8499219417572021)
Epoch 131: TrainACC tensor([49.99], device='cuda:0'), Acc 62.03750228881836, Best Acc 62.187503814697266. (lr 0.0053353811555368735, MMC 0.8502757549285889)
Epoch 132: TrainACC tensor([50.14], device='cuda:0'), Acc 62.17500305175781, Best Acc 62.187503814697266. (lr 0.005197280795723863, MMC 0.8509243726730347)
Epoch 133: TrainACC tensor([50.33], device='cuda:0'), Acc 61.72500228881836, Best Acc 62.187503814697266. (lr 0.005060367902360249, MMC 0.8512372970581055)
Epoch 134: TrainACC tensor([50.51], device='cuda:0'), Acc 62.250003814697266, Best Acc 62.187503814697266. (lr 0.0049246762566537905, MMC 0.8514474034309387)
Epoch 135: TrainACC tensor([50.62], device='cuda:0'), Acc 62.125003814697266, Best Acc 62.250003814697266. (lr 0.004790239338487672, MMC 0.8516810536384583)
Epoch 136: TrainACC tensor([50.94], device='cuda:0'), Acc 62.625003814697266, Best Acc 62.250003814697266. (lr 0.004657090318159821, MMC 0.8526351451873779)
Epoch 137: TrainACC tensor([50.61], device='cuda:0'), Acc 62.337501525878906, Best Acc 62.625003814697266. (lr 0.0045252620481986625, MMC 0.8527113199234009)
Epoch 138: TrainACC tensor([51.17], device='cuda:0'), Acc 62.250003814697266, Best Acc 62.625003814697266. (lr 0.004394787055257214, MMC 0.8536679744720459)
Epoch 139: TrainACC tensor([51.14], device='cuda:0'), Acc 62.150001525878906, Best Acc 62.625003814697266. (lr 0.004265697532087647, MMC 0.8537687063217163)
Epoch 140: TrainACC tensor([51.44], device='cuda:0'), Acc 62.41250228881836, Best Acc 62.625003814697266. (lr 0.004138025329598195, MMC 0.8541243672370911)
Epoch 141: TrainACC tensor([51.55], device='cuda:0'), Acc 63.03750228881836, Best Acc 62.625003814697266. (lr 0.00401180194899442, MMC 0.8542616367340088)
Epoch 142: TrainACC tensor([51.82], device='cuda:0'), Acc 61.73750305175781, Best Acc 63.03750228881836. (lr 0.0038870585340067642, MMC 0.8548042178153992)
Epoch 143: TrainACC tensor([51.95], device='cuda:0'), Acc 62.312503814697266, Best Acc 63.03750228881836. (lr 0.003763825863206305, MMC 0.8557039499282837)
Epoch 144: TrainACC tensor([52.23], device='cuda:0'), Acc 62.57500457763672, Best Acc 63.03750228881836. (lr 0.00364213434241059, MMC 0.8560218811035156)
Epoch 145: TrainACC tensor([52.36], device='cuda:0'), Acc 63.20000457763672, Best Acc 63.03750228881836. (lr 0.003522013997181467, MMC 0.8563458919525146)
Epoch 146: TrainACC tensor([52.53], device='cuda:0'), Acc 62.97500228881836, Best Acc 63.20000457763672. (lr 0.0034034944654167195, MMC 0.8572056889533997)
Epoch 147: TrainACC tensor([52.75], device='cuda:0'), Acc 62.72500228881836, Best Acc 63.20000457763672. (lr 0.0032866049900373636, MMC 0.8578883409500122)
Epoch 148: TrainACC tensor([52.93], device='cuda:0'), Acc 62.66250228881836, Best Acc 63.20000457763672. (lr 0.0031713744117724, MMC 0.8580271601676941)
Epoch 149: TrainACC tensor([52.63], device='cuda:0'), Acc 63.375003814697266, Best Acc 63.20000457763672. (lr 0.0030578311620427802, MMC 0.8577373027801514)
Epoch 150: TrainACC tensor([52.94], device='cuda:0'), Acc 63.51250457763672, Best Acc 63.375003814697266. (lr 0.0029460032559463912, MMC 0.855863094329834)
Epoch 151: TrainACC tensor([53.16], device='cuda:0'), Acc 63.41250228881836, Best Acc 63.51250457763672. (lr 0.002835918285345745, MMC 0.8556928038597107)
Epoch 152: TrainACC tensor([53.47], device='cuda:0'), Acc 63.750003814697266, Best Acc 63.51250457763672. (lr 0.002727603412060101, MMC 0.8561276197433472)
Epoch 153: TrainACC tensor([53.65], device='cuda:0'), Acc 63.462501525878906, Best Acc 63.750003814697266. (lr 0.0026210853611636884, MMC 0.8568972945213318)
Epoch 154: TrainACC tensor([53.77], device='cuda:0'), Acc 63.53750228881836, Best Acc 63.750003814697266. (lr 0.0025163904143917087, MMC 0.8584308624267578)
Epoch 155: TrainACC tensor([54.14], device='cuda:0'), Acc 64.1875, Best Acc 63.750003814697266. (lr 0.002413544403655691, MMC 0.8587807416915894)
Epoch 156: TrainACC tensor([54.27], device='cuda:0'), Acc 63.45000457763672, Best Acc 64.1875. (lr 0.0023125727046698664, MMC 0.8592437505722046)
Epoch 157: TrainACC tensor([54.38], device='cuda:0'), Acc 64.13750457763672, Best Acc 64.1875. (lr 0.002213500230690088, MMC 0.8598691821098328)
Epoch 158: TrainACC tensor([54.52], device='cuda:0'), Acc 63.92500305175781, Best Acc 64.1875. (lr 0.002116351426366853, MMC 0.8597469925880432)
Epoch 159: TrainACC tensor([54.75], device='cuda:0'), Acc 64.01250457763672, Best Acc 64.1875. (lr 0.0020211502617139654, MMC 0.8606600761413574)
Epoch 160: TrainACC tensor([54.98], device='cuda:0'), Acc 63.525001525878906, Best Acc 64.1875. (lr 0.0019279202261942763, MMC 0.8613771796226501)
Epoch 161: TrainACC tensor([55.17], device='cuda:0'), Acc 63.72500228881836, Best Acc 64.1875. (lr 0.0018366843229240175, MMC 0.8620221614837646)
Epoch 162: TrainACC tensor([55.44], device='cuda:0'), Acc 64.4375, Best Acc 64.1875. (lr 0.0017474650629971285, MMC 0.8629006743431091)
Epoch 163: TrainACC tensor([55.54], device='cuda:0'), Acc 63.38750457763672, Best Acc 64.4375. (lr 0.0016602844599309823, MMC 0.8636340498924255)
Epoch 164: TrainACC tensor([55.59], device='cuda:0'), Acc 63.95000457763672, Best Acc 64.4375. (lr 0.0015751640242348717, MMC 0.8642256855964661)
Epoch 165: TrainACC tensor([55.90], device='cuda:0'), Acc 63.82500457763672, Best Acc 64.4375. (lr 0.0014921247581026215, MMC 0.8646048903465271)
Epoch 166: TrainACC tensor([56.07], device='cuda:0'), Acc 63.587501525878906, Best Acc 64.4375. (lr 0.001411187150230602, MMC 0.8650525808334351)
Epoch 167: TrainACC tensor([56.38], device='cuda:0'), Acc 63.937503814697266, Best Acc 64.4375. (lr 0.001332371170762469, MMC 0.8653134703636169)
Epoch 168: TrainACC tensor([56.37], device='cuda:0'), Acc 64.1500015258789, Best Acc 64.4375. (lr 0.001255696266361803, MMC 0.8657182455062866)
Epoch 169: TrainACC tensor([56.72], device='cuda:0'), Acc 64.30000305175781, Best Acc 64.4375. (lr 0.0011811813554139525, MMC 0.866519570350647)
Epoch 170: TrainACC tensor([56.84], device='cuda:0'), Acc 64.6500015258789, Best Acc 64.4375. (lr 0.001108844823358206, MMC 0.8668006658554077)
Epoch 171: TrainACC tensor([56.96], device='cuda:0'), Acc 64.16250610351562, Best Acc 64.6500015258789. (lr 0.0010387045181514509, MMC 0.8675984144210815)
Epoch 172: TrainACC tensor([57.15], device='cuda:0'), Acc 64.76250457763672, Best Acc 64.6500015258789. (lr 0.0009707777458644668, MMC 0.8678658604621887)
Epoch 173: TrainACC tensor([57.37], device='cuda:0'), Acc 64.66250610351562, Best Acc 64.76250457763672. (lr 0.0009050812664119039, MMC 0.8689782023429871)
Epoch 174: TrainACC tensor([57.70], device='cuda:0'), Acc 64.625, Best Acc 64.76250457763672. (lr 0.0008416312894170307, MMC 0.8699308633804321)
Epoch 175: TrainACC tensor([57.75], device='cuda:0'), Acc 64.92500305175781, Best Acc 64.76250457763672. (lr 0.0007804434702122478, MMC 0.8708456158638)
Epoch 176: TrainACC tensor([57.98], device='cuda:0'), Acc 64.53750610351562, Best Acc 64.92500305175781. (lr 0.0007215329059763691, MMC 0.8719372153282166)
Epoch 177: TrainACC tensor([57.99], device='cuda:0'), Acc 64.7125015258789, Best Acc 64.92500305175781. (lr 0.000664914132009625, MMC 0.8722224831581116)
Epoch 178: TrainACC tensor([58.04], device='cuda:0'), Acc 64.5250015258789, Best Acc 64.92500305175781. (lr 0.0006106011181472877, MMC 0.8729071617126465)
Epoch 179: TrainACC tensor([58.39], device='cuda:0'), Acc 64.2750015258789, Best Acc 64.92500305175781. (lr 0.0005586072653128225, MMC 0.8728070855140686)
Epoch 180: TrainACC tensor([58.22], device='cuda:0'), Acc 64.7125015258789, Best Acc 64.92500305175781. (lr 0.0005089454022114163, MMC 0.8715552091598511)
Epoch 181: TrainACC tensor([58.45], device='cuda:0'), Acc 64.41250610351562, Best Acc 64.92500305175781. (lr 0.00046162778216468213, MMC 0.871626615524292)
Epoch 182: TrainACC tensor([58.59], device='cuda:0'), Acc 64.5250015258789, Best Acc 64.92500305175781. (lr 0.0004166660800873399, MMC 0.8724761009216309)
Epoch 183: TrainACC tensor([58.77], device='cuda:0'), Acc 64.875, Best Acc 64.92500305175781. (lr 0.00037407138960659836, MMC 0.8730795979499817)
Epoch 184: TrainACC tensor([58.85], device='cuda:0'), Acc 64.88750457763672, Best Acc 64.92500305175781. (lr 0.00033385422032497665, MMC 0.8737624883651733)
Epoch 185: TrainACC tensor([59.02], device='cuda:0'), Acc 64.8375015258789, Best Acc 64.92500305175781. (lr 0.0002960244952272112, MMC 0.8743526935577393)
Epoch 186: TrainACC tensor([59.11], device='cuda:0'), Acc 64.7125015258789, Best Acc 64.92500305175781. (lr 0.00026059154823191425, MMC 0.8745338916778564)
Epoch 187: TrainACC tensor([59.27], device='cuda:0'), Acc 64.625, Best Acc 64.92500305175781. (lr 0.00022756412188855907, MMC 0.874825119972229)
Epoch 188: TrainACC tensor([59.29], device='cuda:0'), Acc 64.80000305175781, Best Acc 64.92500305175781. (lr 0.00019695036522039968, MMC 0.8754154443740845)
Epoch 189: TrainACC tensor([59.36], device='cuda:0'), Acc 64.76250457763672, Best Acc 64.92500305175781. (lr 0.00016875783171380908, MMC 0.8760718703269958)
Epoch 190: TrainACC tensor([59.48], device='cuda:0'), Acc 64.875, Best Acc 64.92500305175781. (lr 0.0001429934774545748, MMC 0.8757535815238953)
Epoch 191: TrainACC tensor([59.48], device='cuda:0'), Acc 64.70000457763672, Best Acc 64.92500305175781. (lr 0.00011966365941159021, MMC 0.8759950399398804)
Epoch 192: TrainACC tensor([59.50], device='cuda:0'), Acc 64.8375015258789, Best Acc 64.92500305175781. (lr 9.877413386836714e-05, MMC 0.8765020370483398)
Epoch 193: TrainACC tensor([59.56], device='cuda:0'), Acc 64.72500610351562, Best Acc 64.92500305175781. (lr 8.033005500275585e-05, MMC 0.8767178058624268)
Epoch 194: TrainACC tensor([59.48], device='cuda:0'), Acc 64.85000610351562, Best Acc 64.92500305175781. (lr 6.433597361523084e-05, MMC 0.8769320845603943)
Epoch 195: TrainACC tensor([59.62], device='cuda:0'), Acc 64.78750610351562, Best Acc 64.92500305175781. (lr 5.079583600605165e-05, MMC 0.8769136667251587)
Epoch 196: TrainACC tensor([59.59], device='cuda:0'), Acc 65.0875015258789, Best Acc 64.92500305175781. (lr 3.971298300156713e-05, MMC 0.8773419857025146)
Epoch 197: TrainACC tensor([59.67], device='cuda:0'), Acc 64.8375015258789, Best Acc 65.0875015258789. (lr 3.109014912992067e-05, MMC 0.8774394989013672)
Epoch 198: TrainACC tensor([59.75], device='cuda:0'), Acc 64.9625015258789, Best Acc 65.0875015258789. (lr 2.4929461946341322e-05, MMC 0.8770836591720581)
Epoch 199: TrainACC tensor([59.78], device='cuda:0'), Acc 64.98750305175781, Best Acc 65.0875015258789. (lr 2.1232441508210735e-05, MMC 0.8770456910133362)
