args Namespace(arch='InceptionResNetV2', batch_size=32, closeset_ratio=0.2, conf_ema_range=[0.4, 0.4], cosine=True, dataset='Webvision', epochs=200, epsilon=0.6, exp_dir='experiment/Webvision_cuda0/Resample_2023-08-03-15-12-10ds_Webvision_pr_0.1_lr_0.02_ep_200_ps_1_lw_0.4_heir_False_warmupepochs_39_rechange_per_epoch_30', forget_rate=0.15, gpu=0, hierarchical=False, loss_weight1=0.4, loss_weight2=1.0, loss_weight4=1.0, low_dim=512, lr=0.02, lr_decay_epochs='100,150,180', lr_decay_rate=0.1, moco_m=0.999, moco_queue=4096, momentum=0.9, n_classes=50, noise_type='symmetric', partial_rate=0.1, print_freq=100, prot_start=1, proto_m=0.99, rechange_per_epoch=30, resume='', seed=100, synthetic_data=None, topk=25, warmupepochs=39, weight_decay=0.0005, workers=32)

Epoch 0: TrainACC 21.851245880126953, Acc 24.044586181640625, Best Acc 0. (lr 0.02, MMC 1.0)
Epoch 1: TrainACC 33.06192398071289, Acc 33.28025436401367, Best Acc 24.044586181640625. (lr 0.019998767558491788, MMC 1.0)
Epoch 2: TrainACC 38.70845413208008, Acc 36.106689453125, Best Acc 33.28025436401367. (lr 0.019995070538053657, MMC 1.0)
Epoch 3: TrainACC 43.247615814208984, Acc 40.56528854370117, Best Acc 36.106689453125. (lr 0.019988909850870082, MMC 1.0)
Epoch 4: TrainACC 46.532325744628906, Acc 47.651275634765625, Best Acc 40.56528854370117. (lr 0.019980287016998433, MMC 1.0)
Epoch 5: TrainACC 48.63688659667969, Acc 45.8598747253418, Best Acc 47.651275634765625. (lr 0.01996920416399395, MMC 1.0)
Epoch 6: TrainACC 50.6873664855957, Acc 51.23407745361328, Best Acc 47.651275634765625. (lr 0.01995566402638477, MMC 1.0)
Epoch 7: TrainACC 51.94788360595703, Acc 47.730892181396484, Best Acc 51.23407745361328. (lr 0.019939669944997247, MMC 1.0)
Epoch 8: TrainACC 52.86723709106445, Acc 48.56687927246094, Best Acc 51.23407745361328. (lr 0.019921225866131636, MMC 1.0)
Epoch 9: TrainACC 53.80883026123047, Acc 52.1098747253418, Best Acc 51.23407745361328. (lr 0.01990033634058841, MMC 1.0)
Epoch 10: TrainACC 54.835838317871094, Acc 54.856689453125, Best Acc 52.1098747253418. (lr 0.019877006522545426, MMC 1.0)
Epoch 11: TrainACC 55.159812927246094, Acc 54.93630599975586, Best Acc 54.856689453125. (lr 0.019851242168286192, MMC 1.0)
Epoch 12: TrainACC 55.97353744506836, Acc 52.1098747253418, Best Acc 54.93630599975586. (lr 0.019823049634779603, MMC 1.0)
Epoch 13: TrainACC 56.79938888549805, Acc 57.44426727294922, Best Acc 54.93630599975586. (lr 0.019792435878111442, MMC 1.0)
Epoch 14: TrainACC 56.958595275878906, Acc 59.39490509033203, Best Acc 57.44426727294922. (lr 0.019759408451768087, MMC 1.0)
Epoch 15: TrainACC 57.47715377807617, Acc 59.036624908447266, Best Acc 59.39490509033203. (lr 0.01972397550477279, MMC 1.0)
Epoch 16: TrainACC 57.98762893676758, Acc 55.13534927368164, Best Acc 59.39490509033203. (lr 0.019686145779675025, MMC 1.0)
Epoch 17: TrainACC 58.33687210083008, Acc 59.99203872680664, Best Acc 59.39490509033203. (lr 0.019645928610393402, MMC 1.0)
Epoch 18: TrainACC 58.76951217651367, Acc 54.37898254394531, Best Acc 59.99203872680664. (lr 0.01960333391991266, MMC 1.0)
Epoch 19: TrainACC 58.92366027832031, Acc 58.28025436401367, Best Acc 59.99203872680664. (lr 0.019558372217835317, MMC 1.0)
Epoch 20: TrainACC 59.10055923461914, Acc 58.71815490722656, Best Acc 59.99203872680664. (lr 0.019511054597788586, MMC 1.0)
Epoch 21: TrainACC 59.31333923339844, Acc 55.214969635009766, Best Acc 59.99203872680664. (lr 0.019461392734687177, MMC 1.0)
Epoch 22: TrainACC 59.69038009643555, Acc 57.48407745361328, Best Acc 59.99203872680664. (lr 0.019409398881852714, MMC 1.0)
Epoch 23: TrainACC 59.98908233642578, Acc 54.97611618041992, Best Acc 59.99203872680664. (lr 0.019355085867990375, MMC 1.0)
Epoch 24: TrainACC 60.07752990722656, Acc 58.59872817993164, Best Acc 59.99203872680664. (lr 0.019298467094023632, MMC 1.0)
Epoch 25: TrainACC 60.38381576538086, Acc 56.80732727050781, Best Acc 59.99203872680664. (lr 0.019239556529787753, MMC 1.0)
Epoch 26: TrainACC 60.511688232421875, Acc 60.54936218261719, Best Acc 59.99203872680664. (lr 0.019178368710582972, MMC 1.0)
Epoch 27: TrainACC 60.613277435302734, Acc 57.802547454833984, Best Acc 60.54936218261719. (lr 0.019114918733588098, MMC 1.0)
Epoch 28: TrainACC 61.060569763183594, Acc 60.0318489074707, Best Acc 60.54936218261719. (lr 0.019049222254135537, MMC 1.0)
Epoch 29: TrainACC 61.30974197387695, Acc 53.8216552734375, Best Acc 60.54936218261719. (lr 0.01898129548184855, MMC 1.0)
Epoch 30: TrainACC 61.2581901550293, Acc 58.519107818603516, Best Acc 60.54936218261719. (lr 0.018911155176641794, MMC 1.0)
Epoch 31: TrainACC 61.38454055786133, Acc 56.56847381591797, Best Acc 60.54936218261719. (lr 0.018838818644586048, MMC 1.0)
Epoch 32: TrainACC 61.63725280761719, Acc 59.51433181762695, Best Acc 60.54936218261719. (lr 0.018764303733638195, MMC 1.0)
Epoch 33: TrainACC 61.82173156738281, Acc 59.51433181762695, Best Acc 60.54936218261719. (lr 0.01868762882923753, MMC 1.0)
Epoch 34: TrainACC 61.79696273803711, Acc 59.554141998291016, Best Acc 60.54936218261719. (lr 0.018608812849769396, MMC 1.0)
Epoch 35: TrainACC 62.11790466308594, Acc 59.35509490966797, Best Acc 60.54936218261719. (lr 0.01852787524189738, MMC 1.0)
Epoch 36: TrainACC 62.157325744628906, Acc 60.151275634765625, Best Acc 60.54936218261719. (lr 0.01844483597576513, MMC 1.0)
Epoch 37: TrainACC 62.35545349121094, Acc 59.51433181762695, Best Acc 60.54936218261719. (lr 0.018359715540069023, MMC 1.0)
Epoch 38: TrainACC 62.435813903808594, Acc 57.48407745361328, Best Acc 60.54936218261719. (lr 0.01827253493700287, MMC 0.8499473929405212)
    ----------  warmup end  -----------    
Epoch 39: TrainACC tensor([47.76], device='cuda:0'), Acc 54.856689453125, Best Acc 60.54936218261719. (lr 0.018183315677075984, MMC 0.9399788975715637)
Epoch 40: TrainACC tensor([55.35], device='cuda:0'), Acc 57.16560745239258, Best Acc 60.54936218261719. (lr 0.018092079773805725, MMC 0.9478949308395386)
Epoch 41: TrainACC tensor([58.02], device='cuda:0'), Acc 59.832801818847656, Best Acc 60.54936218261719. (lr 0.017998849738286037, MMC 0.9533550143241882)
Epoch 42: TrainACC tensor([59.64], device='cuda:0'), Acc 62.30095672607422, Best Acc 60.54936218261719. (lr 0.017903648573633146, MMC 0.9560796618461609)
Epoch 43: TrainACC tensor([60.86], device='cuda:0'), Acc 63.61465072631836, Best Acc 62.30095672607422. (lr 0.017806499769309914, MMC 0.957465648651123)
Epoch 44: TrainACC tensor([61.29], device='cuda:0'), Acc 63.73407745361328, Best Acc 63.61465072631836. (lr 0.017707427295330137, MMC 0.9582421183586121)
Epoch 45: TrainACC tensor([61.82], device='cuda:0'), Acc 64.1719741821289, Best Acc 63.73407745361328. (lr 0.01760645559634431, MMC 0.9591169953346252)
Epoch 46: TrainACC tensor([62.32], device='cuda:0'), Acc 65.08757781982422, Best Acc 64.1719741821289. (lr 0.01750360958560829, MMC 0.9592273831367493)
Epoch 47: TrainACC tensor([62.90], device='cuda:0'), Acc 65.52548217773438, Best Acc 65.08757781982422. (lr 0.017398914638836308, MMC 0.9592432975769043)
Epoch 48: TrainACC tensor([62.91], device='cuda:0'), Acc 64.68949127197266, Best Acc 65.52548217773438. (lr 0.017292396587939903, MMC 0.9596506953239441)
Epoch 49: TrainACC tensor([63.31], device='cuda:0'), Acc 61.18630599975586, Best Acc 65.52548217773438. (lr 0.017184081714654256, MMC 0.9596540331840515)
Epoch 50: TrainACC tensor([63.58], device='cuda:0'), Acc 64.68949127197266, Best Acc 65.52548217773438. (lr 0.017073996744053608, MMC 0.9598710536956787)
Epoch 51: TrainACC tensor([63.90], device='cuda:0'), Acc 65.5652847290039, Best Acc 65.52548217773438. (lr 0.01696216883795722, MMC 0.9598236083984375)
Epoch 52: TrainACC tensor([64.01], device='cuda:0'), Acc 65.32643127441406, Best Acc 65.5652847290039. (lr 0.0168486255882276, MMC 0.9601794481277466)
Epoch 53: TrainACC tensor([64.14], device='cuda:0'), Acc 66.20223236083984, Best Acc 65.5652847290039. (lr 0.016733395009962636, MMC 0.9602101445198059)
Epoch 54: TrainACC tensor([64.55], device='cuda:0'), Acc 64.13216400146484, Best Acc 66.20223236083984. (lr 0.01661650553458328, MMC 0.9604658484458923)
Epoch 55: TrainACC tensor([64.49], device='cuda:0'), Acc 65.76433563232422, Best Acc 66.20223236083984. (lr 0.016497986002818536, MMC 0.9605767130851746)
Epoch 56: TrainACC tensor([64.80], device='cuda:0'), Acc 65.16719818115234, Best Acc 66.20223236083984. (lr 0.016377865657589412, MMC 0.9606499671936035)
Epoch 57: TrainACC tensor([64.94], device='cuda:0'), Acc 65.72452545166016, Best Acc 66.20223236083984. (lr 0.016256174136793696, MMC 0.9606923460960388)
Epoch 58: TrainACC tensor([65.32], device='cuda:0'), Acc 65.32643127441406, Best Acc 66.20223236083984. (lr 0.016132941465993235, MMC 0.9602506160736084)
Epoch 59: TrainACC tensor([65.16], device='cuda:0'), Acc 66.12261199951172, Best Acc 66.20223236083984. (lr 0.016008198051005583, MMC 0.9605890512466431)
Epoch 60: TrainACC tensor([65.29], device='cuda:0'), Acc 65.5652847290039, Best Acc 66.20223236083984. (lr 0.01588197467040181, MMC 0.9608428478240967)
Epoch 61: TrainACC tensor([65.55], device='cuda:0'), Acc 65.92356872558594, Best Acc 66.20223236083984. (lr 0.015754302467912353, MMC 0.960921585559845)
Epoch 62: TrainACC tensor([65.68], device='cuda:0'), Acc 66.48089599609375, Best Acc 66.20223236083984. (lr 0.015625212944742787, MMC 0.9608404636383057)
Epoch 63: TrainACC tensor([65.85], device='cuda:0'), Acc 67.31687927246094, Best Acc 66.48089599609375. (lr 0.015494737951801337, MMC 0.9608108401298523)
Epoch 64: TrainACC tensor([65.92], device='cuda:0'), Acc 66.3216552734375, Best Acc 67.31687927246094. (lr 0.015362909681840176, MMC 0.9608528017997742)
Epoch 65: TrainACC tensor([66.30], device='cuda:0'), Acc 68.86943054199219, Best Acc 67.31687927246094. (lr 0.01522976066151233, MMC 0.9609982371330261)
Epoch 66: TrainACC tensor([66.34], device='cuda:0'), Acc 66.2420425415039, Best Acc 68.86943054199219. (lr 0.01509532374334621, MMC 0.9610545635223389)
Epoch 67: TrainACC tensor([66.34], device='cuda:0'), Acc 66.48089599609375, Best Acc 68.86943054199219. (lr 0.014959632097639753, MMC 0.9609211087226868)
Epoch 68: TrainACC tensor([67.52], device='cuda:0'), Acc 68.94904327392578, Best Acc 68.86943054199219. (lr 0.014822719204276136, MMC 0.960826575756073)
Epoch 69: TrainACC tensor([66.32], device='cuda:0'), Acc 66.7197494506836, Best Acc 68.94904327392578. (lr 0.01468461884446313, MMC 0.9433280825614929)
Epoch 70: TrainACC tensor([66.51], device='cuda:0'), Acc 67.31687927246094, Best Acc 68.94904327392578. (lr 0.014545365092398073, MMC 0.9460693597793579)
Epoch 71: TrainACC tensor([66.64], device='cuda:0'), Acc 67.47611236572266, Best Acc 68.94904327392578. (lr 0.014404992306860591, MMC 0.9480711817741394)
Epoch 72: TrainACC tensor([66.57], device='cuda:0'), Acc 67.11783599853516, Best Acc 68.94904327392578. (lr 0.014263535122735076, MMC 0.9487024545669556)
Epoch 73: TrainACC tensor([66.95], device='cuda:0'), Acc 67.6353530883789, Best Acc 68.94904327392578. (lr 0.014121028442465038, MMC 0.9497219324111938)
Epoch 74: TrainACC tensor([67.16], device='cuda:0'), Acc 68.78981018066406, Best Acc 68.94904327392578. (lr 0.013977507427441457, MMC 0.9500652551651001)
Epoch 75: TrainACC tensor([67.28], device='cuda:0'), Acc 68.55095672607422, Best Acc 68.94904327392578. (lr 0.013833007489327247, MMC 0.950056791305542)
Epoch 76: TrainACC tensor([67.33], device='cuda:0'), Acc 69.10828399658203, Best Acc 68.94904327392578. (lr 0.013687564281319935, MMC 0.9504005312919617)
Epoch 77: TrainACC tensor([67.74], device='cuda:0'), Acc 66.75955200195312, Best Acc 69.10828399658203. (lr 0.01354121368935478, MMC 0.9506450295448303)
Epoch 78: TrainACC tensor([67.78], device='cuda:0'), Acc 67.91401672363281, Best Acc 69.10828399658203. (lr 0.013393991823250464, MMC 0.9506624937057495)
Epoch 79: TrainACC tensor([67.71], device='cuda:0'), Acc 67.19745635986328, Best Acc 69.10828399658203. (lr 0.013245935007799513, MMC 0.9509178996086121)
Epoch 80: TrainACC tensor([67.87], device='cuda:0'), Acc 67.87420654296875, Best Acc 69.10828399658203. (lr 0.013097079773805725, MMC 0.9510985016822815)
Epoch 81: TrainACC tensor([68.07], device='cuda:0'), Acc 64.88853454589844, Best Acc 69.10828399658203. (lr 0.012947462849070718, MMC 0.9510886669158936)
Epoch 82: TrainACC tensor([68.19], device='cuda:0'), Acc 67.356689453125, Best Acc 69.10828399658203. (lr 0.0127971211493319, MMC 0.9512749314308167)
Epoch 83: TrainACC tensor([68.23], device='cuda:0'), Acc 67.95381927490234, Best Acc 69.10828399658203. (lr 0.012646091769154074, MMC 0.9511023759841919)
Epoch 84: TrainACC tensor([68.55], device='cuda:0'), Acc 69.22770690917969, Best Acc 69.10828399658203. (lr 0.012494411972776898, MMC 0.9513135552406311)
Epoch 85: TrainACC tensor([68.37], device='cuda:0'), Acc 68.59076690673828, Best Acc 69.22770690917969. (lr 0.012342119184920496, MMC 0.9513611197471619)
Epoch 86: TrainACC tensor([68.66], device='cuda:0'), Acc 68.15287017822266, Best Acc 69.22770690917969. (lr 0.012189250981551462, MMC 0.9516962170600891)
Epoch 87: TrainACC tensor([68.95], device='cuda:0'), Acc 68.03343963623047, Best Acc 69.22770690917969. (lr 0.01203584508061156, MMC 0.9516631364822388)
Epoch 88: TrainACC tensor([69.06], device='cuda:0'), Acc 67.83439636230469, Best Acc 69.22770690917969. (lr 0.01188193933271139, MMC 0.9513782262802124)
Epoch 89: TrainACC tensor([69.47], device='cuda:0'), Acc 68.43152618408203, Best Acc 69.22770690917969. (lr 0.0117275717117913, MMC 0.9512368440628052)
Epoch 90: TrainACC tensor([69.27], device='cuda:0'), Acc 68.98885345458984, Best Acc 69.22770690917969. (lr 0.011572780305751908, MMC 0.9517461061477661)
Epoch 91: TrainACC tensor([69.31], device='cuda:0'), Acc 68.59076690673828, Best Acc 69.22770690917969. (lr 0.011417603307056453, MMC 0.952168881893158)
Epoch 92: TrainACC tensor([69.60], device='cuda:0'), Acc 67.27706909179688, Best Acc 69.22770690917969. (lr 0.011262079003307402, MMC 0.9516137838363647)
Epoch 93: TrainACC tensor([69.72], device='cuda:0'), Acc 67.19745635986328, Best Acc 69.22770690917969. (lr 0.011106245767799543, MMC 0.9520307183265686)
Epoch 94: TrainACC tensor([69.73], device='cuda:0'), Acc 70.70063781738281, Best Acc 69.22770690917969. (lr 0.010950142050051959, MMC 0.9524053335189819)
Epoch 95: TrainACC tensor([69.97], device='cuda:0'), Acc 69.3869400024414, Best Acc 70.70063781738281. (lr 0.010793806366321173, MMC 0.9527463316917419)
Epoch 96: TrainACC tensor([70.13], device='cuda:0'), Acc 68.63057708740234, Best Acc 70.70063781738281. (lr 0.010637277290097842, MMC 0.9525734782218933)
Epoch 97: TrainACC tensor([70.57], device='cuda:0'), Acc 69.42675018310547, Best Acc 70.70063781738281. (lr 0.01048059344258933, MMC 0.9528346061706543)
Epoch 98: TrainACC tensor([70.74], device='cuda:0'), Acc 71.49681854248047, Best Acc 70.70063781738281. (lr 0.010323793483190501, MMC 0.9527713656425476)
Epoch 99: TrainACC tensor([70.30], device='cuda:0'), Acc 69.10828399658203, Best Acc 71.49681854248047. (lr 0.010166916099945088, MMC 0.9450587034225464)
Epoch 100: TrainACC tensor([70.31], device='cuda:0'), Acc 69.74522399902344, Best Acc 71.49681854248047. (lr 0.01001, MMC 0.9467736482620239)
Epoch 101: TrainACC tensor([70.52], device='cuda:0'), Acc 69.7850341796875, Best Acc 71.49681854248047. (lr 0.009853083900054913, MMC 0.9471795558929443)
Epoch 102: TrainACC tensor([71.04], device='cuda:0'), Acc 69.34713745117188, Best Acc 71.49681854248047. (lr 0.009696206516809499, MMC 0.9473757743835449)
Epoch 103: TrainACC tensor([70.97], device='cuda:0'), Acc 66.36146545410156, Best Acc 71.49681854248047. (lr 0.00953940655741067, MMC 0.9479673504829407)
Epoch 104: TrainACC tensor([70.97], device='cuda:0'), Acc 70.26274108886719, Best Acc 71.49681854248047. (lr 0.00938272270990216, MMC 0.9488726854324341)
Epoch 105: TrainACC tensor([71.27], device='cuda:0'), Acc 69.54618072509766, Best Acc 71.49681854248047. (lr 0.00922619363367883, MMC 0.949012815952301)
Epoch 106: TrainACC tensor([71.32], device='cuda:0'), Acc 70.66082763671875, Best Acc 71.49681854248047. (lr 0.009069857949948041, MMC 0.9496583938598633)
Epoch 107: TrainACC tensor([71.55], device='cuda:0'), Acc 68.90923309326172, Best Acc 71.49681854248047. (lr 0.008913754232200458, MMC 0.94987553358078)
Epoch 108: TrainACC tensor([71.87], device='cuda:0'), Acc 70.58121490478516, Best Acc 71.49681854248047. (lr 0.0087579209966926, MMC 0.9493648409843445)
Epoch 109: TrainACC tensor([72.08], device='cuda:0'), Acc 71.41719818115234, Best Acc 71.49681854248047. (lr 0.008602396692943551, MMC 0.9501368999481201)
Epoch 110: TrainACC tensor([72.15], device='cuda:0'), Acc 69.58599090576172, Best Acc 71.49681854248047. (lr 0.008447219694248094, MMC 0.9499907493591309)
Epoch 111: TrainACC tensor([72.26], device='cuda:0'), Acc 70.50159454345703, Best Acc 71.49681854248047. (lr 0.008292428288208697, MMC 0.9498677253723145)
Epoch 112: TrainACC tensor([72.40], device='cuda:0'), Acc 70.70063781738281, Best Acc 71.49681854248047. (lr 0.00813806066728861, MMC 0.9506427645683289)
Epoch 113: TrainACC tensor([72.68], device='cuda:0'), Acc 69.0286636352539, Best Acc 71.49681854248047. (lr 0.00798415491938844, MMC 0.9507036209106445)
Epoch 114: TrainACC tensor([72.77], device='cuda:0'), Acc 70.62101745605469, Best Acc 71.49681854248047. (lr 0.007830749018448543, MMC 0.9513539671897888)
Epoch 115: TrainACC tensor([73.05], device='cuda:0'), Acc 71.53662872314453, Best Acc 71.49681854248047. (lr 0.0076778808150795045, MMC 0.9508715271949768)
Epoch 116: TrainACC tensor([73.34], device='cuda:0'), Acc 71.1783447265625, Best Acc 71.53662872314453. (lr 0.0075255880272231, MMC 0.9512583017349243)
Epoch 117: TrainACC tensor([73.48], device='cuda:0'), Acc 71.05892181396484, Best Acc 71.53662872314453. (lr 0.007373908230845926, MMC 0.951518714427948)
Epoch 118: TrainACC tensor([73.53], device='cuda:0'), Acc 70.0636978149414, Best Acc 71.53662872314453. (lr 0.007222878850668101, MMC 0.9510550498962402)
Epoch 119: TrainACC tensor([73.69], device='cuda:0'), Acc 71.61624145507812, Best Acc 71.53662872314453. (lr 0.007072537150929285, MMC 0.9516724944114685)
Epoch 120: TrainACC tensor([73.89], device='cuda:0'), Acc 72.05413818359375, Best Acc 71.61624145507812. (lr 0.0069229202261942785, MMC 0.9514576196670532)
Epoch 121: TrainACC tensor([74.08], device='cuda:0'), Acc 71.89490509033203, Best Acc 72.05413818359375. (lr 0.006774064992200487, MMC 0.9514834880828857)
Epoch 122: TrainACC tensor([74.39], device='cuda:0'), Acc 70.46178436279297, Best Acc 72.05413818359375. (lr 0.0066260081767495396, MMC 0.9521769881248474)
Epoch 123: TrainACC tensor([74.68], device='cuda:0'), Acc 72.21337890625, Best Acc 72.05413818359375. (lr 0.006478786310645223, MMC 0.9526163935661316)
Epoch 124: TrainACC tensor([74.77], device='cuda:0'), Acc 72.65127563476562, Best Acc 72.21337890625. (lr 0.00633243571868007, MMC 0.9531239867210388)
Epoch 125: TrainACC tensor([74.94], device='cuda:0'), Acc 72.25318908691406, Best Acc 72.65127563476562. (lr 0.006186992510672756, MMC 0.9534602761268616)
Epoch 126: TrainACC tensor([75.26], device='cuda:0'), Acc 71.05892181396484, Best Acc 72.65127563476562. (lr 0.0060424925725585405, MMC 0.9539520144462585)
Epoch 127: TrainACC tensor([75.32], device='cuda:0'), Acc 70.97930145263672, Best Acc 72.65127563476562. (lr 0.005898971557534964, MMC 0.9543062448501587)
Epoch 128: TrainACC tensor([75.59], device='cuda:0'), Acc 71.85509490966797, Best Acc 72.65127563476562. (lr 0.005756464877264925, MMC 0.954276442527771)
Epoch 129: TrainACC tensor([75.55], device='cuda:0'), Acc 71.33757781982422, Best Acc 72.65127563476562. (lr 0.005615007693139408, MMC 0.9508206248283386)
Epoch 130: TrainACC tensor([75.64], device='cuda:0'), Acc 72.53184509277344, Best Acc 72.65127563476562. (lr 0.005474634907601928, MMC 0.9518992900848389)
Epoch 131: TrainACC tensor([75.90], device='cuda:0'), Acc 73.12898254394531, Best Acc 72.65127563476562. (lr 0.0053353811555368735, MMC 0.951892614364624)
Epoch 132: TrainACC tensor([76.03], device='cuda:0'), Acc 71.73567199707031, Best Acc 73.12898254394531. (lr 0.005197280795723863, MMC 0.9528518915176392)
Epoch 133: TrainACC tensor([76.27], device='cuda:0'), Acc 73.8853530883789, Best Acc 73.12898254394531. (lr 0.005060367902360249, MMC 0.9534322023391724)
Epoch 134: TrainACC tensor([76.64], device='cuda:0'), Acc 72.77069854736328, Best Acc 73.8853530883789. (lr 0.0049246762566537905, MMC 0.9541217088699341)
Epoch 135: TrainACC tensor([76.81], device='cuda:0'), Acc 73.64649963378906, Best Acc 73.8853530883789. (lr 0.004790239338487672, MMC 0.9546305537223816)
Epoch 136: TrainACC tensor([76.87], device='cuda:0'), Acc 72.45223236083984, Best Acc 73.8853530883789. (lr 0.004657090318159821, MMC 0.9548916220664978)
Epoch 137: TrainACC tensor([77.21], device='cuda:0'), Acc 72.4920425415039, Best Acc 73.8853530883789. (lr 0.0045252620481986625, MMC 0.9553492665290833)
Epoch 138: TrainACC tensor([77.46], device='cuda:0'), Acc 73.04936218261719, Best Acc 73.8853530883789. (lr 0.004394787055257214, MMC 0.9557275772094727)
Epoch 139: TrainACC tensor([77.61], device='cuda:0'), Acc 73.3280258178711, Best Acc 73.8853530883789. (lr 0.004265697532087647, MMC 0.956195056438446)
Epoch 140: TrainACC tensor([77.88], device='cuda:0'), Acc 73.606689453125, Best Acc 73.8853530883789. (lr 0.004138025329598195, MMC 0.9567177891731262)
Epoch 141: TrainACC tensor([78.26], device='cuda:0'), Acc 72.45223236083984, Best Acc 73.8853530883789. (lr 0.00401180194899442, MMC 0.956765353679657)
Epoch 142: TrainACC tensor([78.29], device='cuda:0'), Acc 72.65127563476562, Best Acc 73.8853530883789. (lr 0.0038870585340067642, MMC 0.9575701951980591)
Epoch 143: TrainACC tensor([78.57], device='cuda:0'), Acc 73.52706909179688, Best Acc 73.8853530883789. (lr 0.003763825863206305, MMC 0.9579111933708191)
Epoch 144: TrainACC tensor([78.90], device='cuda:0'), Acc 72.9697494506836, Best Acc 73.8853530883789. (lr 0.00364213434241059, MMC 0.9583652019500732)
Epoch 145: TrainACC tensor([79.01], device='cuda:0'), Acc 74.12420654296875, Best Acc 73.8853530883789. (lr 0.003522013997181467, MMC 0.95876544713974)
Epoch 146: TrainACC tensor([79.37], device='cuda:0'), Acc 73.3280258178711, Best Acc 74.12420654296875. (lr 0.0034034944654167195, MMC 0.9591671228408813)
Epoch 147: TrainACC tensor([79.68], device='cuda:0'), Acc 73.16879272460938, Best Acc 74.12420654296875. (lr 0.0032866049900373636, MMC 0.9598501324653625)
Epoch 148: TrainACC tensor([79.60], device='cuda:0'), Acc 74.00477600097656, Best Acc 74.12420654296875. (lr 0.0031713744117724, MMC 0.9601764678955078)
Epoch 149: TrainACC tensor([80.00], device='cuda:0'), Acc 73.28821563720703, Best Acc 74.12420654296875. (lr 0.0030578311620427802, MMC 0.9603651762008667)
Epoch 150: TrainACC tensor([80.21], device='cuda:0'), Acc 73.80573272705078, Best Acc 74.12420654296875. (lr 0.0029460032559463912, MMC 0.9609249234199524)
Epoch 151: TrainACC tensor([80.47], device='cuda:0'), Acc 73.08917236328125, Best Acc 74.12420654296875. (lr 0.002835918285345745, MMC 0.9623430371284485)
Epoch 152: TrainACC tensor([80.80], device='cuda:0'), Acc 73.3280258178711, Best Acc 74.12420654296875. (lr 0.002727603412060101, MMC 0.9626864790916443)
Epoch 153: TrainACC tensor([81.08], device='cuda:0'), Acc 73.8853530883789, Best Acc 74.12420654296875. (lr 0.0026210853611636884, MMC 0.9632260203361511)
Epoch 154: TrainACC tensor([81.28], device='cuda:0'), Acc 73.40764617919922, Best Acc 74.12420654296875. (lr 0.0025163904143917087, MMC 0.9637041091918945)
Epoch 155: TrainACC tensor([81.56], device='cuda:0'), Acc 73.72611236572266, Best Acc 74.12420654296875. (lr 0.002413544403655691, MMC 0.9643357992172241)
Epoch 156: TrainACC tensor([81.72], device='cuda:0'), Acc 73.84554290771484, Best Acc 74.12420654296875. (lr 0.0023125727046698664, MMC 0.9651307463645935)
Epoch 157: TrainACC tensor([81.89], device='cuda:0'), Acc 73.04936218261719, Best Acc 74.12420654296875. (lr 0.002213500230690088, MMC 0.9658410549163818)
Epoch 158: TrainACC tensor([82.27], device='cuda:0'), Acc 74.2436294555664, Best Acc 74.12420654296875. (lr 0.002116351426366853, MMC 0.9658330678939819)
Epoch 159: TrainACC tensor([82.37], device='cuda:0'), Acc 74.6417236328125, Best Acc 74.2436294555664. (lr 0.0020211502617139654, MMC 0.9649237990379333)
Epoch 160: TrainACC tensor([82.72], device='cuda:0'), Acc 74.56210327148438, Best Acc 74.6417236328125. (lr 0.0019279202261942763, MMC 0.9663189649581909)
Epoch 161: TrainACC tensor([83.00], device='cuda:0'), Acc 74.16401672363281, Best Acc 74.6417236328125. (lr 0.0018366843229240175, MMC 0.9669779539108276)
Epoch 162: TrainACC tensor([83.29], device='cuda:0'), Acc 74.68152618408203, Best Acc 74.6417236328125. (lr 0.0017474650629971285, MMC 0.9684072732925415)
Epoch 163: TrainACC tensor([83.50], device='cuda:0'), Acc 75.43789672851562, Best Acc 74.68152618408203. (lr 0.0016602844599309823, MMC 0.9688374400138855)
Epoch 164: TrainACC tensor([83.68], device='cuda:0'), Acc 74.08439636230469, Best Acc 75.43789672851562. (lr 0.0015751640242348717, MMC 0.9695014357566833)
Epoch 165: TrainACC tensor([84.07], device='cuda:0'), Acc 75.0, Best Acc 75.43789672851562. (lr 0.0014921247581026215, MMC 0.9699164032936096)
Epoch 166: TrainACC tensor([84.38], device='cuda:0'), Acc 75.11943054199219, Best Acc 75.43789672851562. (lr 0.001411187150230602, MMC 0.9707746505737305)
Epoch 167: TrainACC tensor([84.58], device='cuda:0'), Acc 74.7213363647461, Best Acc 75.43789672851562. (lr 0.001332371170762469, MMC 0.9721680283546448)
Epoch 168: TrainACC tensor([84.81], device='cuda:0'), Acc 74.48248291015625, Best Acc 75.43789672851562. (lr 0.001255696266361803, MMC 0.9725387096405029)
Epoch 169: TrainACC tensor([85.18], device='cuda:0'), Acc 75.23885345458984, Best Acc 75.43789672851562. (lr 0.0011811813554139525, MMC 0.9735248684883118)
Epoch 170: TrainACC tensor([85.47], device='cuda:0'), Acc 74.84076690673828, Best Acc 75.43789672851562. (lr 0.001108844823358206, MMC 0.9741250872612)
Epoch 171: TrainACC tensor([85.70], device='cuda:0'), Acc 74.20381927490234, Best Acc 75.43789672851562. (lr 0.0010387045181514509, MMC 0.9746167063713074)
Epoch 172: TrainACC tensor([85.94], device='cuda:0'), Acc 74.20381927490234, Best Acc 75.43789672851562. (lr 0.0009707777458644668, MMC 0.9752823114395142)
Epoch 173: TrainACC tensor([86.21], device='cuda:0'), Acc 75.07962036132812, Best Acc 75.43789672851562. (lr 0.0009050812664119039, MMC 0.9762301445007324)
Epoch 174: TrainACC tensor([86.48], device='cuda:0'), Acc 75.15923309326172, Best Acc 75.43789672851562. (lr 0.0008416312894170307, MMC 0.976905345916748)
Epoch 175: TrainACC tensor([86.88], device='cuda:0'), Acc 75.07962036132812, Best Acc 75.43789672851562. (lr 0.0007804434702122478, MMC 0.977356493473053)
Epoch 176: TrainACC tensor([87.06], device='cuda:0'), Acc 74.88057708740234, Best Acc 75.43789672851562. (lr 0.0007215329059763691, MMC 0.9783869981765747)
Epoch 177: TrainACC tensor([87.37], device='cuda:0'), Acc 75.31847381591797, Best Acc 75.43789672851562. (lr 0.000664914132009625, MMC 0.9789910316467285)
Epoch 178: TrainACC tensor([87.50], device='cuda:0'), Acc 74.88057708740234, Best Acc 75.43789672851562. (lr 0.0006106011181472877, MMC 0.980060338973999)
Epoch 179: TrainACC tensor([87.84], device='cuda:0'), Acc 76.35350799560547, Best Acc 75.43789672851562. (lr 0.0005586072653128225, MMC 0.9804977178573608)
Epoch 180: TrainACC tensor([88.11], device='cuda:0'), Acc 75.19904327392578, Best Acc 76.35350799560547. (lr 0.0005089454022114163, MMC 0.98116534948349)
Epoch 181: TrainACC tensor([88.29], device='cuda:0'), Acc 75.67675018310547, Best Acc 76.35350799560547. (lr 0.00046162778216468213, MMC 0.9818635582923889)
Epoch 182: TrainACC tensor([88.56], device='cuda:0'), Acc 75.79618072509766, Best Acc 76.35350799560547. (lr 0.0004166660800873399, MMC 0.982444703578949)
Epoch 183: TrainACC tensor([88.69], device='cuda:0'), Acc 75.47770690917969, Best Acc 76.35350799560547. (lr 0.00037407138960659836, MMC 0.9828061461448669)
Epoch 184: TrainACC tensor([88.97], device='cuda:0'), Acc 75.55732727050781, Best Acc 76.35350799560547. (lr 0.00033385422032497665, MMC 0.9831258058547974)
Epoch 185: TrainACC tensor([89.20], device='cuda:0'), Acc 76.0350341796875, Best Acc 76.35350799560547. (lr 0.0002960244952272112, MMC 0.9838840365409851)
Epoch 186: TrainACC tensor([89.29], device='cuda:0'), Acc 76.19426727294922, Best Acc 76.35350799560547. (lr 0.00026059154823191425, MMC 0.9843999743461609)
Epoch 187: TrainACC tensor([89.50], device='cuda:0'), Acc 76.3136978149414, Best Acc 76.35350799560547. (lr 0.00022756412188855907, MMC 0.9847162961959839)
Epoch 188: TrainACC tensor([89.63], device='cuda:0'), Acc 76.47293090820312, Best Acc 76.35350799560547. (lr 0.00019695036522039968, MMC 0.9847164750099182)
Epoch 189: TrainACC tensor([89.81], device='cuda:0'), Acc 76.3136978149414, Best Acc 76.47293090820312. (lr 0.00016875783171380908, MMC 0.9845837354660034)
Epoch 190: TrainACC tensor([89.95], device='cuda:0'), Acc 75.99522399902344, Best Acc 76.47293090820312. (lr 0.0001429934774545748, MMC 0.9852845072746277)
Epoch 191: TrainACC tensor([90.06], device='cuda:0'), Acc 75.95541381835938, Best Acc 76.47293090820312. (lr 0.00011966365941159021, MMC 0.9859727025032043)
Epoch 192: TrainACC tensor([90.11], device='cuda:0'), Acc 76.95063781738281, Best Acc 76.47293090820312. (lr 9.877413386836714e-05, MMC 0.9859111905097961)
Epoch 193: TrainACC tensor([90.15], device='cuda:0'), Acc 76.07484436035156, Best Acc 76.95063781738281. (lr 8.033005500275585e-05, MMC 0.9863870739936829)
Epoch 194: TrainACC tensor([90.29], device='cuda:0'), Acc 76.393310546875, Best Acc 76.95063781738281. (lr 6.433597361523084e-05, MMC 0.9867100715637207)
Epoch 195: TrainACC tensor([90.37], device='cuda:0'), Acc 76.15445709228516, Best Acc 76.95063781738281. (lr 5.079583600605165e-05, MMC 0.9871344566345215)
Epoch 196: TrainACC tensor([90.35], device='cuda:0'), Acc 76.27388763427734, Best Acc 76.95063781738281. (lr 3.971298300156713e-05, MMC 0.9869781732559204)
Epoch 197: TrainACC tensor([90.42], device='cuda:0'), Acc 76.19426727294922, Best Acc 76.95063781738281. (lr 3.109014912992067e-05, MMC 0.9870858788490295)
Epoch 198: TrainACC tensor([90.52], device='cuda:0'), Acc 76.27388763427734, Best Acc 76.95063781738281. (lr 2.4929461946341322e-05, MMC 0.9871797561645508)
Epoch 199: TrainACC tensor([90.52], device='cuda:0'), Acc 76.3136978149414, Best Acc 76.95063781738281. (lr 2.1232441508210735e-05, MMC 0.9872064590454102)
