args Namespace(arch='sevenCNN', batch_size=128, closeset_ratio=0.4, conf_ema_range=[0.8, 0.9], cosine=True, dataset='cifar100', epochs=200, epsilon=0.6, exp_dir='experiment/cifar-sota/resnet18car2023-08-13-12-22-02ds_cifar100_lr_0.02_ep_200_ps_1_lw_1.3_warmupepochs_100_rechange_per_epoch_35', forget_rate=0.4, gpu=0, loss_weight=1.3, loss_weight2=0.8, loss_weight4=1.0, low_dim=256, lr=0.02, lr_decay_epochs='100,150,180', lr_decay_rate=0.1, moco_m=0.999, moco_queue=8192, momentum=0.9, n_classes=100, noise_type='asymmetric', print_freq=100, prot_start=1, proto_m=0.998, rechange_per_epoch=35, resume='', seed=333, synthetic_data='cifar80no', topk=5, warmupepochs=100, warmuplr=0.01, weight_decay=0.0011, workers=32)

Epoch 0: TrainACC 4.593989849090576, Acc 9.800000190734863, Best Acc 0. (lr 0.02, MMC 1.0)
Epoch 1: TrainACC 8.067854881286621, Acc 14.625000953674316, Best Acc 9.800000190734863. (lr 0.019998767558491788, MMC 1.0)
Epoch 2: TrainACC 11.1616849899292, Acc 19.337501525878906, Best Acc 14.625000953674316. (lr 0.019995070538053657, MMC 1.0)
Epoch 3: TrainACC 14.08967399597168, Acc 23.387500762939453, Best Acc 19.337501525878906. (lr 0.019988909850870082, MMC 1.0)
Epoch 4: TrainACC 16.313539505004883, Acc 28.11250114440918, Best Acc 23.387500762939453. (lr 0.019980287016998433, MMC 1.0)
Epoch 5: TrainACC 17.92039680480957, Acc 28.712501525878906, Best Acc 28.11250114440918. (lr 0.01996920416399395, MMC 1.0)
Epoch 6: TrainACC 19.354219436645508, Acc 31.55000114440918, Best Acc 28.712501525878906. (lr 0.01995566402638477, MMC 1.0)
Epoch 7: TrainACC 20.33967399597168, Acc 32.525001525878906, Best Acc 31.55000114440918. (lr 0.019939669944997247, MMC 1.0)
Epoch 8: TrainACC 21.269981384277344, Acc 33.4375, Best Acc 32.525001525878906. (lr 0.019921225866131636, MMC 1.0)
Epoch 9: TrainACC 21.97650146484375, Acc 33.32500076293945, Best Acc 33.4375. (lr 0.01990033634058841, MMC 1.0)
Epoch 10: TrainACC 22.75295639038086, Acc 34.212501525878906, Best Acc 33.4375. (lr 0.019877006522545426, MMC 1.0)
Epoch 11: TrainACC 24.045316696166992, Acc 37.150001525878906, Best Acc 34.212501525878906. (lr 0.019851242168286192, MMC 1.0)
Epoch 12: TrainACC 24.20676040649414, Acc 38.38750076293945, Best Acc 37.150001525878906. (lr 0.019823049634779603, MMC 1.0)
Epoch 13: TrainACC 24.94045639038086, Acc 35.85000228881836, Best Acc 38.38750076293945. (lr 0.019792435878111442, MMC 1.0)
Epoch 14: TrainACC 25.168638229370117, Acc 35.25, Best Acc 38.38750076293945. (lr 0.019759408451768087, MMC 1.0)
Epoch 15: TrainACC 25.482336044311523, Acc 35.41250228881836, Best Acc 38.38750076293945. (lr 0.01972397550477279, MMC 1.0)
Epoch 16: TrainACC 26.2703800201416, Acc 37.28750228881836, Best Acc 38.38750076293945. (lr 0.019686145779675025, MMC 1.0)
Epoch 17: TrainACC 26.511348724365234, Acc 37.9375, Best Acc 38.38750076293945. (lr 0.019645928610393402, MMC 1.0)
Epoch 18: TrainACC 26.673192977905273, Acc 38.712501525878906, Best Acc 38.38750076293945. (lr 0.01960333391991266, MMC 1.0)
Epoch 19: TrainACC 26.898977279663086, Acc 40.125, Best Acc 38.712501525878906. (lr 0.019558372217835317, MMC 1.0)
Epoch 20: TrainACC 27.23705291748047, Acc 42.35000228881836, Best Acc 40.125. (lr 0.019511054597788586, MMC 1.0)
Epoch 21: TrainACC 27.536365509033203, Acc 40.05000305175781, Best Acc 42.35000228881836. (lr 0.019461392734687177, MMC 1.0)
Epoch 22: TrainACC 27.577125549316406, Acc 39.53750228881836, Best Acc 42.35000228881836. (lr 0.019409398881852714, MMC 1.0)
Epoch 23: TrainACC 27.664241790771484, Acc 40.650001525878906, Best Acc 42.35000228881836. (lr 0.019355085867990375, MMC 1.0)
Epoch 24: TrainACC 28.096227645874023, Acc 40.900001525878906, Best Acc 42.35000228881836. (lr 0.019298467094023632, MMC 1.0)
Epoch 25: TrainACC 28.336397171020508, Acc 40.76250076293945, Best Acc 42.35000228881836. (lr 0.019239556529787753, MMC 1.0)
Epoch 26: TrainACC 28.527414321899414, Acc 40.86250305175781, Best Acc 42.35000228881836. (lr 0.019178368710582972, MMC 1.0)
Epoch 27: TrainACC 28.590152740478516, Acc 41.025001525878906, Best Acc 42.35000228881836. (lr 0.019114918733588098, MMC 1.0)
Epoch 28: TrainACC 28.97498321533203, Acc 40.98750305175781, Best Acc 42.35000228881836. (lr 0.019049222254135537, MMC 1.0)
Epoch 29: TrainACC 29.013347625732422, Acc 41.650001525878906, Best Acc 42.35000228881836. (lr 0.01898129548184855, MMC 1.0)
Epoch 30: TrainACC 28.99776268005371, Acc 41.85000228881836, Best Acc 42.35000228881836. (lr 0.018911155176641794, MMC 1.0)
Epoch 31: TrainACC 29.27749252319336, Acc 38.35000228881836, Best Acc 42.35000228881836. (lr 0.018838818644586048, MMC 1.0)
Epoch 32: TrainACC 29.560821533203125, Acc 43.025001525878906, Best Acc 42.35000228881836. (lr 0.018764303733638195, MMC 1.0)
Epoch 33: TrainACC 29.52086067199707, Acc 40.10000228881836, Best Acc 43.025001525878906. (lr 0.01868762882923753, MMC 1.0)
Epoch 34: TrainACC 29.61636734008789, Acc 39.85000228881836, Best Acc 43.025001525878906. (lr 0.018608812849769396, MMC 1.0)
Epoch 35: TrainACC 29.98321533203125, Acc 42.03750228881836, Best Acc 43.025001525878906. (lr 0.01852787524189738, MMC 1.0)
Epoch 36: TrainACC 29.81098175048828, Acc 42.750003814697266, Best Acc 43.025001525878906. (lr 0.01844483597576513, MMC 1.0)
Epoch 37: TrainACC 30.27533531188965, Acc 42.63750076293945, Best Acc 43.025001525878906. (lr 0.018359715540069023, MMC 1.0)
Epoch 38: TrainACC 30.299312591552734, Acc 39.0, Best Acc 43.025001525878906. (lr 0.01827253493700287, MMC 1.0)
Epoch 39: TrainACC 30.271738052368164, Acc 42.150001525878906, Best Acc 43.025001525878906. (lr 0.018183315677075984, MMC 1.0)
Epoch 40: TrainACC 30.660964965820312, Acc 40.900001525878906, Best Acc 43.025001525878906. (lr 0.018092079773805725, MMC 1.0)
Epoch 41: TrainACC 30.632593154907227, Acc 43.47500228881836, Best Acc 43.025001525878906. (lr 0.017998849738286037, MMC 1.0)
Epoch 42: TrainACC 30.762067794799805, Acc 42.000003814697266, Best Acc 43.47500228881836. (lr 0.017903648573633146, MMC 1.0)
Epoch 43: TrainACC 30.764066696166992, Acc 39.51250076293945, Best Acc 43.47500228881836. (lr 0.017806499769309914, MMC 1.0)
Epoch 44: TrainACC 31.06617546081543, Acc 43.97500228881836, Best Acc 43.47500228881836. (lr 0.017707427295330137, MMC 1.0)
Epoch 45: TrainACC 31.03460693359375, Acc 42.70000076293945, Best Acc 43.97500228881836. (lr 0.01760645559634431, MMC 1.0)
Epoch 46: TrainACC 30.80242919921875, Acc 41.11250305175781, Best Acc 43.97500228881836. (lr 0.01750360958560829, MMC 1.0)
Epoch 47: TrainACC 31.37787628173828, Acc 44.500003814697266, Best Acc 43.97500228881836. (lr 0.017398914638836308, MMC 1.0)
Epoch 48: TrainACC 31.27157974243164, Acc 42.150001525878906, Best Acc 44.500003814697266. (lr 0.017292396587939903, MMC 1.0)
Epoch 49: TrainACC 31.36948585510254, Acc 44.650001525878906, Best Acc 44.500003814697266. (lr 0.017184081714654256, MMC 1.0)
Epoch 50: TrainACC 31.37907600402832, Acc 42.47500228881836, Best Acc 44.650001525878906. (lr 0.017073996744053608, MMC 1.0)
Epoch 51: TrainACC 31.7011661529541, Acc 43.60000228881836, Best Acc 44.650001525878906. (lr 0.01696216883795722, MMC 1.0)
Epoch 52: TrainACC 31.458200454711914, Acc 44.750003814697266, Best Acc 44.650001525878906. (lr 0.0168486255882276, MMC 1.0)
Epoch 53: TrainACC 31.652013778686523, Acc 44.837501525878906, Best Acc 44.750003814697266. (lr 0.016733395009962636, MMC 1.0)
Epoch 54: TrainACC 31.82744598388672, Acc 43.250003814697266, Best Acc 44.837501525878906. (lr 0.01661650553458328, MMC 1.0)
Epoch 55: TrainACC 31.989290237426758, Acc 43.32500076293945, Best Acc 44.837501525878906. (lr 0.016497986002818536, MMC 1.0)
Epoch 56: TrainACC 32.07320785522461, Acc 44.32500076293945, Best Acc 44.837501525878906. (lr 0.016377865657589412, MMC 1.0)
Epoch 57: TrainACC 32.23625183105469, Acc 42.000003814697266, Best Acc 44.837501525878906. (lr 0.016256174136793696, MMC 1.0)
Epoch 58: TrainACC 32.110374450683594, Acc 40.88750076293945, Best Acc 44.837501525878906. (lr 0.016132941465993235, MMC 1.0)
Epoch 59: TrainACC 32.27741241455078, Acc 43.92500305175781, Best Acc 44.837501525878906. (lr 0.016008198051005583, MMC 1.0)
Epoch 60: TrainACC 32.57033157348633, Acc 44.05000305175781, Best Acc 44.837501525878906. (lr 0.01588197467040181, MMC 1.0)
Epoch 61: TrainACC 32.53756332397461, Acc 41.38750076293945, Best Acc 44.837501525878906. (lr 0.015754302467912353, MMC 1.0)
Epoch 62: TrainACC 32.5379638671875, Acc 41.91250228881836, Best Acc 44.837501525878906. (lr 0.015625212944742787, MMC 1.0)
Epoch 63: TrainACC 32.577125549316406, Acc 45.000003814697266, Best Acc 44.837501525878906. (lr 0.015494737951801337, MMC 1.0)
Epoch 64: TrainACC 32.8488655090332, Acc 43.38750076293945, Best Acc 45.000003814697266. (lr 0.015362909681840176, MMC 1.0)
Epoch 65: TrainACC 32.8152961730957, Acc 41.30000305175781, Best Acc 45.000003814697266. (lr 0.01522976066151233, MMC 1.0)
Epoch 66: TrainACC 33.225704193115234, Acc 45.250003814697266, Best Acc 45.000003814697266. (lr 0.01509532374334621, MMC 1.0)
Epoch 67: TrainACC 32.90441131591797, Acc 42.462501525878906, Best Acc 45.250003814697266. (lr 0.014959632097639753, MMC 1.0)
Epoch 68: TrainACC 33.19333267211914, Acc 44.86250305175781, Best Acc 45.250003814697266. (lr 0.014822719204276136, MMC 1.0)
Epoch 69: TrainACC 32.986331939697266, Acc 43.900001525878906, Best Acc 45.250003814697266. (lr 0.01468461884446313, MMC 1.0)
Epoch 70: TrainACC 33.438697814941406, Acc 44.750003814697266, Best Acc 45.250003814697266. (lr 0.014545365092398073, MMC 1.0)
Epoch 71: TrainACC 33.4375, Acc 42.47500228881836, Best Acc 45.250003814697266. (lr 0.014404992306860591, MMC 1.0)
Epoch 72: TrainACC 33.632911682128906, Acc 45.900001525878906, Best Acc 45.250003814697266. (lr 0.014263535122735076, MMC 1.0)
Epoch 73: TrainACC 33.40153503417969, Acc 43.03750228881836, Best Acc 45.900001525878906. (lr 0.014121028442465038, MMC 1.0)
Epoch 74: TrainACC 33.61013412475586, Acc 44.66250228881836, Best Acc 45.900001525878906. (lr 0.013977507427441457, MMC 1.0)
Epoch 75: TrainACC 34.150413513183594, Acc 44.650001525878906, Best Acc 45.900001525878906. (lr 0.013833007489327247, MMC 1.0)
Epoch 76: TrainACC 34.06050109863281, Acc 43.48750305175781, Best Acc 45.900001525878906. (lr 0.013687564281319935, MMC 1.0)
Epoch 77: TrainACC 34.12843704223633, Acc 44.625003814697266, Best Acc 45.900001525878906. (lr 0.01354121368935478, MMC 1.0)
Epoch 78: TrainACC 33.97058868408203, Acc 45.562503814697266, Best Acc 45.900001525878906. (lr 0.013393991823250464, MMC 1.0)
Epoch 79: TrainACC 34.16640090942383, Acc 45.35000228881836, Best Acc 45.900001525878906. (lr 0.013245935007799513, MMC 1.0)
Epoch 80: TrainACC 34.25871276855469, Acc 43.98750305175781, Best Acc 45.900001525878906. (lr 0.013097079773805725, MMC 1.0)
Epoch 81: TrainACC 34.70428466796875, Acc 46.20000076293945, Best Acc 45.900001525878906. (lr 0.012947462849070718, MMC 1.0)
Epoch 82: TrainACC 34.597984313964844, Acc 46.72500228881836, Best Acc 46.20000076293945. (lr 0.0127971211493319, MMC 1.0)
Epoch 83: TrainACC 34.71547317504883, Acc 43.95000076293945, Best Acc 46.72500228881836. (lr 0.012646091769154074, MMC 1.0)
Epoch 84: TrainACC 34.6875, Acc 45.55000305175781, Best Acc 46.72500228881836. (lr 0.012494411972776898, MMC 1.0)
Epoch 85: TrainACC 34.8801155090332, Acc 45.13750076293945, Best Acc 46.72500228881836. (lr 0.012342119184920496, MMC 1.0)
Epoch 86: TrainACC 34.898895263671875, Acc 46.36250305175781, Best Acc 46.72500228881836. (lr 0.012189250981551462, MMC 1.0)
Epoch 87: TrainACC 34.982418060302734, Acc 45.38750076293945, Best Acc 46.72500228881836. (lr 0.01203584508061156, MMC 1.0)
Epoch 88: TrainACC 35.22498321533203, Acc 46.05000305175781, Best Acc 46.72500228881836. (lr 0.01188193933271139, MMC 1.0)
Epoch 89: TrainACC 35.320091247558594, Acc 45.16250228881836, Best Acc 46.72500228881836. (lr 0.0117275717117913, MMC 1.0)
Epoch 90: TrainACC 35.49712371826172, Acc 45.437503814697266, Best Acc 46.72500228881836. (lr 0.011572780305751908, MMC 1.0)
Epoch 91: TrainACC 35.5155029296875, Acc 47.087501525878906, Best Acc 46.72500228881836. (lr 0.011417603307056453, MMC 1.0)
Epoch 92: TrainACC 35.80402755737305, Acc 46.82500076293945, Best Acc 47.087501525878906. (lr 0.011262079003307402, MMC 1.0)
Epoch 93: TrainACC 35.52949142456055, Acc 46.750003814697266, Best Acc 47.087501525878906. (lr 0.011106245767799543, MMC 1.0)
Epoch 94: TrainACC 35.788841247558594, Acc 46.20000076293945, Best Acc 47.087501525878906. (lr 0.010950142050051959, MMC 1.0)
Epoch 95: TrainACC 35.93790054321289, Acc 45.462501525878906, Best Acc 47.087501525878906. (lr 0.010793806366321173, MMC 1.0)
Epoch 96: TrainACC 36.15808868408203, Acc 43.937503814697266, Best Acc 47.087501525878906. (lr 0.010637277290097842, MMC 1.0)
Epoch 97: TrainACC 36.21763229370117, Acc 45.01250076293945, Best Acc 47.087501525878906. (lr 0.01048059344258933, MMC 1.0)
Epoch 98: TrainACC 36.39026641845703, Acc 45.66250228881836, Best Acc 47.087501525878906. (lr 0.010323793483190501, MMC 1.0)
Epoch 99: TrainACC 36.65920639038086, Acc 46.400001525878906, Best Acc 47.087501525878906. (lr 0.010166916099945088, MMC 0.6655179262161255)
    ----------  warmup end  -----------    
Epoch 100: TrainACC tensor([36.98], device='cuda:0'), Acc 44.35000228881836, Best Acc 47.087501525878906. (lr 0.01001, MMC 0.5721870064735413)
Epoch 101: TrainACC tensor([36.52], device='cuda:0'), Acc 46.087501525878906, Best Acc 47.087501525878906. (lr 0.009853083900054913, MMC 0.49412772059440613)
Epoch 102: TrainACC tensor([35.45], device='cuda:0'), Acc 46.10000228881836, Best Acc 47.087501525878906. (lr 0.009696206516809499, MMC 0.42843639850616455)
Epoch 103: TrainACC tensor([34.49], device='cuda:0'), Acc 44.72500228881836, Best Acc 47.087501525878906. (lr 0.00953940655741067, MMC 0.37270882725715637)
Epoch 104: TrainACC tensor([34.08], device='cuda:0'), Acc 45.98750305175781, Best Acc 47.087501525878906. (lr 0.00938272270990216, MMC 0.3253551125526428)
Epoch 105: TrainACC tensor([33.68], device='cuda:0'), Acc 45.70000076293945, Best Acc 47.087501525878906. (lr 0.00922619363367883, MMC 0.28511759638786316)
Epoch 106: TrainACC tensor([33.68], device='cuda:0'), Acc 46.625003814697266, Best Acc 47.087501525878906. (lr 0.009069857949948041, MMC 0.2509571313858032)
Epoch 107: TrainACC tensor([33.84], device='cuda:0'), Acc 46.72500228881836, Best Acc 47.087501525878906. (lr 0.008913754232200458, MMC 0.22194622457027435)
Epoch 108: TrainACC tensor([33.59], device='cuda:0'), Acc 46.525001525878906, Best Acc 47.087501525878906. (lr 0.0087579209966926, MMC 0.19727323949337006)
Epoch 109: TrainACC tensor([33.45], device='cuda:0'), Acc 47.400001525878906, Best Acc 47.087501525878906. (lr 0.008602396692943551, MMC 0.1762906163930893)
Epoch 110: TrainACC tensor([33.75], device='cuda:0'), Acc 48.775001525878906, Best Acc 47.400001525878906. (lr 0.008447219694248094, MMC 0.1584502011537552)
Epoch 111: TrainACC tensor([33.49], device='cuda:0'), Acc 47.13750076293945, Best Acc 48.775001525878906. (lr 0.008292428288208697, MMC 0.14325830340385437)
Epoch 112: TrainACC tensor([33.42], device='cuda:0'), Acc 47.437503814697266, Best Acc 48.775001525878906. (lr 0.00813806066728861, MMC 0.13033504784107208)
Epoch 113: TrainACC tensor([33.32], device='cuda:0'), Acc 48.91250228881836, Best Acc 48.775001525878906. (lr 0.00798415491938844, MMC 0.1193118542432785)
Epoch 114: TrainACC tensor([33.63], device='cuda:0'), Acc 48.38750076293945, Best Acc 48.91250228881836. (lr 0.007830749018448543, MMC 0.10991357266902924)
Epoch 115: TrainACC tensor([33.43], device='cuda:0'), Acc 50.187503814697266, Best Acc 48.91250228881836. (lr 0.0076778808150795045, MMC 0.10189956426620483)
Epoch 116: TrainACC tensor([33.44], device='cuda:0'), Acc 48.73750305175781, Best Acc 50.187503814697266. (lr 0.0075255880272231, MMC 0.09506487846374512)
Epoch 117: TrainACC tensor([33.45], device='cuda:0'), Acc 47.687503814697266, Best Acc 50.187503814697266. (lr 0.007373908230845926, MMC 0.08921147137880325)
Epoch 118: TrainACC tensor([33.52], device='cuda:0'), Acc 49.187503814697266, Best Acc 50.187503814697266. (lr 0.007222878850668101, MMC 0.08424873650074005)
Epoch 119: TrainACC tensor([33.59], device='cuda:0'), Acc 47.562503814697266, Best Acc 50.187503814697266. (lr 0.007072537150929285, MMC 0.08000952005386353)
Epoch 120: TrainACC tensor([33.62], device='cuda:0'), Acc 47.687503814697266, Best Acc 50.187503814697266. (lr 0.0069229202261942785, MMC 0.07639837265014648)
Epoch 121: TrainACC tensor([33.52], device='cuda:0'), Acc 48.275001525878906, Best Acc 50.187503814697266. (lr 0.006774064992200487, MMC 0.07330142706632614)
Epoch 122: TrainACC tensor([33.56], device='cuda:0'), Acc 49.062503814697266, Best Acc 50.187503814697266. (lr 0.0066260081767495396, MMC 0.07063490152359009)
Epoch 123: TrainACC tensor([33.85], device='cuda:0'), Acc 48.67500305175781, Best Acc 50.187503814697266. (lr 0.006478786310645223, MMC 0.06837639212608337)
Epoch 124: TrainACC tensor([33.49], device='cuda:0'), Acc 49.187503814697266, Best Acc 50.187503814697266. (lr 0.00633243571868007, MMC 0.06642994284629822)
Epoch 125: TrainACC tensor([33.53], device='cuda:0'), Acc 49.125003814697266, Best Acc 50.187503814697266. (lr 0.006186992510672756, MMC 0.06476470082998276)
Epoch 126: TrainACC tensor([33.82], device='cuda:0'), Acc 49.60000228881836, Best Acc 50.187503814697266. (lr 0.0060424925725585405, MMC 0.06333890557289124)
Epoch 127: TrainACC tensor([33.90], device='cuda:0'), Acc 48.375003814697266, Best Acc 50.187503814697266. (lr 0.005898971557534964, MMC 0.06214641034603119)
Epoch 128: TrainACC tensor([33.99], device='cuda:0'), Acc 49.750003814697266, Best Acc 50.187503814697266. (lr 0.005756464877264925, MMC 0.06113070994615555)
Epoch 129: TrainACC tensor([34.06], device='cuda:0'), Acc 50.025001525878906, Best Acc 50.187503814697266. (lr 0.005615007693139408, MMC 0.060251541435718536)
Epoch 130: TrainACC tensor([33.81], device='cuda:0'), Acc 50.53750228881836, Best Acc 50.187503814697266. (lr 0.005474634907601928, MMC 0.05947368964552879)
Epoch 131: TrainACC tensor([34.09], device='cuda:0'), Acc 51.22500228881836, Best Acc 50.53750228881836. (lr 0.0053353811555368735, MMC 0.058836668729782104)
Epoch 132: TrainACC tensor([34.14], device='cuda:0'), Acc 50.10000228881836, Best Acc 51.22500228881836. (lr 0.005197280795723863, MMC 0.05829194188117981)
Epoch 133: TrainACC tensor([34.20], device='cuda:0'), Acc 50.212501525878906, Best Acc 51.22500228881836. (lr 0.005060367902360249, MMC 0.05782660096883774)
Epoch 134: TrainACC tensor([34.32], device='cuda:0'), Acc 49.400001525878906, Best Acc 51.22500228881836. (lr 0.0049246762566537905, MMC 0.057794880121946335)
Epoch 135: TrainACC tensor([33.78], device='cuda:0'), Acc 50.55000305175781, Best Acc 51.22500228881836. (lr 0.004790239338487672, MMC 0.05730653554201126)
Epoch 136: TrainACC tensor([33.86], device='cuda:0'), Acc 49.80000305175781, Best Acc 51.22500228881836. (lr 0.004657090318159821, MMC 0.05692533031105995)
Epoch 137: TrainACC tensor([34.02], device='cuda:0'), Acc 48.98750305175781, Best Acc 51.22500228881836. (lr 0.0045252620481986625, MMC 0.05662737041711807)
Epoch 138: TrainACC tensor([34.02], device='cuda:0'), Acc 50.53750228881836, Best Acc 51.22500228881836. (lr 0.004394787055257214, MMC 0.05634117126464844)
Epoch 139: TrainACC tensor([34.06], device='cuda:0'), Acc 50.10000228881836, Best Acc 51.22500228881836. (lr 0.004265697532087647, MMC 0.05610423535108566)
Epoch 140: TrainACC tensor([34.27], device='cuda:0'), Acc 50.03750228881836, Best Acc 51.22500228881836. (lr 0.004138025329598195, MMC 0.055892352014780045)
Epoch 141: TrainACC tensor([34.07], device='cuda:0'), Acc 49.85000228881836, Best Acc 51.22500228881836. (lr 0.00401180194899442, MMC 0.055706121027469635)
Epoch 142: TrainACC tensor([34.28], device='cuda:0'), Acc 50.750003814697266, Best Acc 51.22500228881836. (lr 0.0038870585340067642, MMC 0.05555480346083641)
Epoch 143: TrainACC tensor([34.21], device='cuda:0'), Acc 50.57500076293945, Best Acc 51.22500228881836. (lr 0.003763825863206305, MMC 0.0554373674094677)
Epoch 144: TrainACC tensor([34.48], device='cuda:0'), Acc 49.45000076293945, Best Acc 51.22500228881836. (lr 0.00364213434241059, MMC 0.05535386502742767)
Epoch 145: TrainACC tensor([34.53], device='cuda:0'), Acc 50.212501525878906, Best Acc 51.22500228881836. (lr 0.003522013997181467, MMC 0.05528920888900757)
Epoch 146: TrainACC tensor([34.46], device='cuda:0'), Acc 50.500003814697266, Best Acc 51.22500228881836. (lr 0.0034034944654167195, MMC 0.055243801325559616)
Epoch 147: TrainACC tensor([34.52], device='cuda:0'), Acc 49.82500076293945, Best Acc 51.22500228881836. (lr 0.0032866049900373636, MMC 0.0552324578166008)
Epoch 148: TrainACC tensor([34.71], device='cuda:0'), Acc 51.11250305175781, Best Acc 51.22500228881836. (lr 0.0031713744117724, MMC 0.055228859186172485)
Epoch 149: TrainACC tensor([34.91], device='cuda:0'), Acc 50.28750228881836, Best Acc 51.22500228881836. (lr 0.0030578311620427802, MMC 0.0552508570253849)
Epoch 150: TrainACC tensor([34.66], device='cuda:0'), Acc 50.51250076293945, Best Acc 51.22500228881836. (lr 0.0029460032559463912, MMC 0.05526142567396164)
Epoch 151: TrainACC tensor([35.26], device='cuda:0'), Acc 50.98750305175781, Best Acc 51.22500228881836. (lr 0.002835918285345745, MMC 0.0552850179374218)
Epoch 152: TrainACC tensor([35.13], device='cuda:0'), Acc 51.962501525878906, Best Acc 51.22500228881836. (lr 0.002727603412060101, MMC 0.05532170087099075)
Epoch 153: TrainACC tensor([35.56], device='cuda:0'), Acc 50.98750305175781, Best Acc 51.962501525878906. (lr 0.0026210853611636884, MMC 0.055384568870067596)
Epoch 154: TrainACC tensor([35.50], device='cuda:0'), Acc 51.562503814697266, Best Acc 51.962501525878906. (lr 0.0025163904143917087, MMC 0.05546661466360092)
Epoch 155: TrainACC tensor([35.63], device='cuda:0'), Acc 51.73750305175781, Best Acc 51.962501525878906. (lr 0.002413544403655691, MMC 0.05553784966468811)
Epoch 156: TrainACC tensor([36.14], device='cuda:0'), Acc 51.70000076293945, Best Acc 51.962501525878906. (lr 0.0023125727046698664, MMC 0.05559905245900154)
Epoch 157: TrainACC tensor([35.81], device='cuda:0'), Acc 50.30000305175781, Best Acc 51.962501525878906. (lr 0.002213500230690088, MMC 0.055672064423561096)
Epoch 158: TrainACC tensor([36.11], device='cuda:0'), Acc 52.26250076293945, Best Acc 51.962501525878906. (lr 0.002116351426366853, MMC 0.05575218051671982)
Epoch 159: TrainACC tensor([36.15], device='cuda:0'), Acc 51.45000076293945, Best Acc 52.26250076293945. (lr 0.0020211502617139654, MMC 0.055852048099040985)
Epoch 160: TrainACC tensor([36.13], device='cuda:0'), Acc 51.82500076293945, Best Acc 52.26250076293945. (lr 0.0019279202261942763, MMC 0.05593366548418999)
Epoch 161: TrainACC tensor([36.48], device='cuda:0'), Acc 52.05000305175781, Best Acc 52.26250076293945. (lr 0.0018366843229240175, MMC 0.05600292235612869)
Epoch 162: TrainACC tensor([36.52], device='cuda:0'), Acc 52.187503814697266, Best Acc 52.26250076293945. (lr 0.0017474650629971285, MMC 0.056076038628816605)
Epoch 163: TrainACC tensor([36.58], device='cuda:0'), Acc 52.462501525878906, Best Acc 52.26250076293945. (lr 0.0016602844599309823, MMC 0.05616433918476105)
Epoch 164: TrainACC tensor([36.86], device='cuda:0'), Acc 52.312503814697266, Best Acc 52.462501525878906. (lr 0.0015751640242348717, MMC 0.056249022483825684)
Epoch 165: TrainACC tensor([36.71], device='cuda:0'), Acc 51.88750076293945, Best Acc 52.462501525878906. (lr 0.0014921247581026215, MMC 0.056318532675504684)
Epoch 166: TrainACC tensor([37.07], device='cuda:0'), Acc 51.962501525878906, Best Acc 52.462501525878906. (lr 0.001411187150230602, MMC 0.056384336203336716)
Epoch 167: TrainACC tensor([37.04], device='cuda:0'), Acc 51.66250228881836, Best Acc 52.462501525878906. (lr 0.001332371170762469, MMC 0.056439150124788284)
Epoch 168: TrainACC tensor([37.31], device='cuda:0'), Acc 51.462501525878906, Best Acc 52.462501525878906. (lr 0.001255696266361803, MMC 0.056514084339141846)
Epoch 169: TrainACC tensor([37.37], device='cuda:0'), Acc 53.150001525878906, Best Acc 52.462501525878906. (lr 0.0011811813554139525, MMC 0.05649830773472786)
Epoch 170: TrainACC tensor([37.31], device='cuda:0'), Acc 52.087501525878906, Best Acc 53.150001525878906. (lr 0.001108844823358206, MMC 0.056504037231206894)
Epoch 171: TrainACC tensor([37.36], device='cuda:0'), Acc 52.750003814697266, Best Acc 53.150001525878906. (lr 0.0010387045181514509, MMC 0.0565226711332798)
Epoch 172: TrainACC tensor([37.80], device='cuda:0'), Acc 52.837501525878906, Best Acc 53.150001525878906. (lr 0.0009707777458644668, MMC 0.056560125201940536)
Epoch 173: TrainACC tensor([37.65], device='cuda:0'), Acc 52.67500305175781, Best Acc 53.150001525878906. (lr 0.0009050812664119039, MMC 0.05659082904458046)
Epoch 174: TrainACC tensor([37.74], device='cuda:0'), Acc 52.48750305175781, Best Acc 53.150001525878906. (lr 0.0008416312894170307, MMC 0.05662524327635765)
Epoch 175: TrainACC tensor([37.78], device='cuda:0'), Acc 52.937503814697266, Best Acc 53.150001525878906. (lr 0.0007804434702122478, MMC 0.05666296184062958)
Epoch 176: TrainACC tensor([37.65], device='cuda:0'), Acc 52.72500228881836, Best Acc 53.150001525878906. (lr 0.0007215329059763691, MMC 0.05671070143580437)
Epoch 177: TrainACC tensor([37.80], device='cuda:0'), Acc 53.48750305175781, Best Acc 53.150001525878906. (lr 0.000664914132009625, MMC 0.056748609989881516)
Epoch 178: TrainACC tensor([38.09], device='cuda:0'), Acc 53.22500228881836, Best Acc 53.48750305175781. (lr 0.0006106011181472877, MMC 0.05680401623249054)
Epoch 179: TrainACC tensor([38.21], device='cuda:0'), Acc 52.962501525878906, Best Acc 53.48750305175781. (lr 0.0005586072653128225, MMC 0.056850045919418335)
Epoch 180: TrainACC tensor([38.14], device='cuda:0'), Acc 53.51250076293945, Best Acc 53.48750305175781. (lr 0.0005089454022114163, MMC 0.056902773678302765)
Epoch 181: TrainACC tensor([38.29], device='cuda:0'), Acc 53.51250076293945, Best Acc 53.51250076293945. (lr 0.00046162778216468213, MMC 0.05696742609143257)
Epoch 182: TrainACC tensor([38.41], device='cuda:0'), Acc 53.60000228881836, Best Acc 53.51250076293945. (lr 0.0004166660800873399, MMC 0.05701807513833046)
Epoch 183: TrainACC tensor([38.47], device='cuda:0'), Acc 53.650001525878906, Best Acc 53.60000228881836. (lr 0.00037407138960659836, MMC 0.05707298591732979)
Epoch 184: TrainACC tensor([38.44], device='cuda:0'), Acc 53.67500305175781, Best Acc 53.650001525878906. (lr 0.00033385422032497665, MMC 0.057139802724123)
Epoch 185: TrainACC tensor([38.87], device='cuda:0'), Acc 53.28750228881836, Best Acc 53.67500305175781. (lr 0.0002960244952272112, MMC 0.05719257518649101)
Epoch 186: TrainACC tensor([38.88], device='cuda:0'), Acc 53.500003814697266, Best Acc 53.67500305175781. (lr 0.00026059154823191425, MMC 0.05724884569644928)
Epoch 187: TrainACC tensor([38.90], device='cuda:0'), Acc 53.30000305175781, Best Acc 53.67500305175781. (lr 0.00022756412188855907, MMC 0.05731201171875)
Epoch 188: TrainACC tensor([38.89], device='cuda:0'), Acc 53.66250228881836, Best Acc 53.67500305175781. (lr 0.00019695036522039968, MMC 0.05738026276230812)
Epoch 189: TrainACC tensor([38.86], device='cuda:0'), Acc 53.587501525878906, Best Acc 53.67500305175781. (lr 0.00016875783171380908, MMC 0.057432156056165695)
Epoch 190: TrainACC tensor([38.73], device='cuda:0'), Acc 53.86250305175781, Best Acc 53.67500305175781. (lr 0.0001429934774545748, MMC 0.057478249073028564)
Epoch 191: TrainACC tensor([38.96], device='cuda:0'), Acc 53.36250305175781, Best Acc 53.86250305175781. (lr 0.00011966365941159021, MMC 0.05753524601459503)
Epoch 192: TrainACC tensor([39.03], device='cuda:0'), Acc 54.10000228881836, Best Acc 53.86250305175781. (lr 9.877413386836714e-05, MMC 0.05759993568062782)
Epoch 193: TrainACC tensor([39.03], device='cuda:0'), Acc 53.97500228881836, Best Acc 54.10000228881836. (lr 8.033005500275585e-05, MMC 0.05765843763947487)
Epoch 194: TrainACC tensor([38.98], device='cuda:0'), Acc 53.962501525878906, Best Acc 54.10000228881836. (lr 6.433597361523084e-05, MMC 0.05770646035671234)
Epoch 195: TrainACC tensor([39.06], device='cuda:0'), Acc 53.98750305175781, Best Acc 54.10000228881836. (lr 5.079583600605165e-05, MMC 0.057760223746299744)
Epoch 196: TrainACC tensor([39.13], device='cuda:0'), Acc 54.025001525878906, Best Acc 54.10000228881836. (lr 3.971298300156713e-05, MMC 0.05781663954257965)
Epoch 197: TrainACC tensor([39.13], device='cuda:0'), Acc 53.95000076293945, Best Acc 54.10000228881836. (lr 3.109014912992067e-05, MMC 0.057854440063238144)
Epoch 198: TrainACC tensor([39.18], device='cuda:0'), Acc 53.900001525878906, Best Acc 54.10000228881836. (lr 2.4929461946341322e-05, MMC 0.05787600576877594)
Epoch 199: TrainACC tensor([39.15], device='cuda:0'), Acc 54.062503814697266, Best Acc 54.10000228881836. (lr 2.1232441508210735e-05, MMC 0.057909514755010605)
