args Namespace(arch='sevenCNN', batch_size=128, closeset_ratio=0.5, conf_ema_range=[0.9, 0.62], cosine=True, dataset='cifar100', epochs=200, epsilon=0.6, exp_dir='experiment/cifar-sota/Cifar2023-08-10-02-13-14ds_cifar100_lr_0.02_ep_200_ps_1_lw_1.35_warmupepochs_40_rechange_per_epoch_35', forget_rate=0.5, gpu=0, loss_weight1=1.35, loss_weight2=0.7, low_dim=512, lr=0.02, lr_decay_epochs='100,150,180', lr_decay_rate=0.1, moco_m=0.999, moco_queue=8192, momentum=0.9, n_classes=100, noise_type='symmetric', print_freq=100, prot_start=1, proto_m=0.988, rechange_per_epoch=35, resume='', seed=100, synthetic_data='cifar80no', topk=5, warmupepochs=40, warmuplr=0.01, weight_decay=0.0011, workers=32)

Epoch 0: TrainACC 2.478820323944092, Acc 6.200000286102295, Best Acc 0. (lr 0.02, MMC 1.0)
Epoch 1: TrainACC 4.420156478881836, Acc 10.662500381469727, Best Acc 6.200000286102295. (lr 0.019998767558491788, MMC 1.0)
Epoch 2: TrainACC 5.861572742462158, Acc 14.512500762939453, Best Acc 10.662500381469727. (lr 0.019995070538053657, MMC 1.0)
Epoch 3: TrainACC 6.962915420532227, Acc 16.850000381469727, Best Acc 14.512500762939453. (lr 0.019988909850870082, MMC 1.0)
Epoch 4: TrainACC 8.104219436645508, Acc 19.25, Best Acc 16.850000381469727. (lr 0.019980287016998433, MMC 1.0)
Epoch 5: TrainACC 9.088874816894531, Acc 20.825000762939453, Best Acc 19.25. (lr 0.01996920416399395, MMC 1.0)
Epoch 6: TrainACC 9.914881706237793, Acc 22.92500114440918, Best Acc 20.825000762939453. (lr 0.01995566402638477, MMC 1.0)
Epoch 7: TrainACC 10.54427719116211, Acc 24.23750114440918, Best Acc 22.92500114440918. (lr 0.019939669944997247, MMC 1.0)
Epoch 8: TrainACC 11.242806434631348, Acc 25.67500114440918, Best Acc 24.23750114440918. (lr 0.019921225866131636, MMC 1.0)
Epoch 9: TrainACC 12.010069847106934, Acc 28.100000381469727, Best Acc 25.67500114440918. (lr 0.01990033634058841, MMC 1.0)
Epoch 10: TrainACC 12.651854515075684, Acc 29.187501907348633, Best Acc 28.100000381469727. (lr 0.019877006522545426, MMC 1.0)
Epoch 11: TrainACC 12.919596672058105, Acc 30.525001525878906, Best Acc 29.187501907348633. (lr 0.019851242168286192, MMC 1.0)
Epoch 12: TrainACC 13.65569019317627, Acc 31.16250228881836, Best Acc 30.525001525878906. (lr 0.019823049634779603, MMC 1.0)
Epoch 13: TrainACC 14.202765464782715, Acc 32.13750076293945, Best Acc 31.16250228881836. (lr 0.019792435878111442, MMC 1.0)
Epoch 14: TrainACC 14.625959396362305, Acc 32.17500305175781, Best Acc 32.13750076293945. (lr 0.019759408451768087, MMC 1.0)
Epoch 15: TrainACC 15.173832893371582, Acc 33.66250228881836, Best Acc 32.17500305175781. (lr 0.01972397550477279, MMC 1.0)
Epoch 16: TrainACC 15.433982849121094, Acc 34.57500076293945, Best Acc 33.66250228881836. (lr 0.019686145779675025, MMC 1.0)
Epoch 17: TrainACC 15.763267517089844, Acc 33.16250228881836, Best Acc 34.57500076293945. (lr 0.019645928610393402, MMC 1.0)
Epoch 18: TrainACC 16.042200088500977, Acc 35.80000305175781, Best Acc 34.57500076293945. (lr 0.01960333391991266, MMC 1.0)
Epoch 19: TrainACC 16.45580291748047, Acc 36.80000305175781, Best Acc 35.80000305175781. (lr 0.019558372217835317, MMC 1.0)
Epoch 20: TrainACC 16.850624084472656, Acc 37.95000076293945, Best Acc 36.80000305175781. (lr 0.019511054597788586, MMC 1.0)
Epoch 21: TrainACC 17.09518814086914, Acc 38.03750228881836, Best Acc 37.95000076293945. (lr 0.019461392734687177, MMC 1.0)
Epoch 22: TrainACC 17.249839782714844, Acc 39.13750076293945, Best Acc 38.03750228881836. (lr 0.019409398881852714, MMC 1.0)
Epoch 23: TrainACC 17.561141967773438, Acc 38.0625, Best Acc 39.13750076293945. (lr 0.019355085867990375, MMC 1.0)
Epoch 24: TrainACC 17.819293975830078, Acc 42.30000305175781, Best Acc 39.13750076293945. (lr 0.019298467094023632, MMC 1.0)
Epoch 25: TrainACC 18.09902572631836, Acc 39.900001525878906, Best Acc 42.30000305175781. (lr 0.019239556529787753, MMC 1.0)
Epoch 26: TrainACC 18.169357299804688, Acc 40.312503814697266, Best Acc 42.30000305175781. (lr 0.019178368710582972, MMC 1.0)
Epoch 27: TrainACC 18.511428833007812, Acc 39.78750228881836, Best Acc 42.30000305175781. (lr 0.019114918733588098, MMC 1.0)
Epoch 28: TrainACC 18.644500732421875, Acc 40.0625, Best Acc 42.30000305175781. (lr 0.019049222254135537, MMC 1.0)
Epoch 29: TrainACC 18.81873321533203, Acc 39.38750076293945, Best Acc 42.30000305175781. (lr 0.01898129548184855, MMC 1.0)
Epoch 30: TrainACC 18.956201553344727, Acc 41.900001525878906, Best Acc 42.30000305175781. (lr 0.018911155176641794, MMC 1.0)
Epoch 31: TrainACC 19.28268814086914, Acc 40.11250305175781, Best Acc 42.30000305175781. (lr 0.018838818644586048, MMC 1.0)
Epoch 32: TrainACC 19.49408531188965, Acc 41.48750305175781, Best Acc 42.30000305175781. (lr 0.018764303733638195, MMC 1.0)
Epoch 33: TrainACC 19.474504470825195, Acc 42.20000076293945, Best Acc 42.30000305175781. (lr 0.01868762882923753, MMC 1.0)
Epoch 34: TrainACC 19.59998321533203, Acc 42.82500076293945, Best Acc 42.30000305175781. (lr 0.018608812849769396, MMC 1.0)
Epoch 35: TrainACC 19.69309425354004, Acc 39.48750305175781, Best Acc 42.82500076293945. (lr 0.01852787524189738, MMC 1.0)
Epoch 36: TrainACC 19.785804748535156, Acc 38.45000076293945, Best Acc 42.82500076293945. (lr 0.01844483597576513, MMC 1.0)
Epoch 37: TrainACC 19.987211227416992, Acc 41.66250228881836, Best Acc 42.82500076293945. (lr 0.018359715540069023, MMC 1.0)
Epoch 38: TrainACC 20.203004837036133, Acc 42.91250228881836, Best Acc 42.82500076293945. (lr 0.01827253493700287, MMC 1.0)
Epoch 39: TrainACC 20.27493667602539, Acc 41.36250305175781, Best Acc 42.91250228881836. (lr 0.018183315677075984, MMC 0.5833433866500854)
    ----------  warmup end  -----------    
Epoch 40: TrainACC tensor([16.74], device='cuda:0'), Acc 38.10000228881836, Best Acc 42.91250228881836. (lr 0.018092079773805725, MMC 0.5982342958450317)
Epoch 41: TrainACC tensor([18.63], device='cuda:0'), Acc 39.05000305175781, Best Acc 42.91250228881836. (lr 0.017998849738286037, MMC 0.6147218942642212)
Epoch 42: TrainACC tensor([19.76], device='cuda:0'), Acc 42.28750228881836, Best Acc 42.91250228881836. (lr 0.017903648573633146, MMC 0.6298929452896118)
Epoch 43: TrainACC tensor([20.21], device='cuda:0'), Acc 43.525001525878906, Best Acc 42.91250228881836. (lr 0.017806499769309914, MMC 0.6436256170272827)
Epoch 44: TrainACC tensor([20.89], device='cuda:0'), Acc 45.63750076293945, Best Acc 43.525001525878906. (lr 0.017707427295330137, MMC 0.6558862328529358)
Epoch 45: TrainACC tensor([21.25], device='cuda:0'), Acc 46.187503814697266, Best Acc 45.63750076293945. (lr 0.01760645559634431, MMC 0.6671796441078186)
Epoch 46: TrainACC tensor([21.76], device='cuda:0'), Acc 46.17500305175781, Best Acc 46.187503814697266. (lr 0.01750360958560829, MMC 0.6775636672973633)
Epoch 47: TrainACC tensor([21.93], device='cuda:0'), Acc 47.500003814697266, Best Acc 46.187503814697266. (lr 0.017398914638836308, MMC 0.6868865489959717)
Epoch 48: TrainACC tensor([22.26], device='cuda:0'), Acc 47.47500228881836, Best Acc 47.500003814697266. (lr 0.017292396587939903, MMC 0.6951860785484314)
Epoch 49: TrainACC tensor([22.51], device='cuda:0'), Acc 47.05000305175781, Best Acc 47.500003814697266. (lr 0.017184081714654256, MMC 0.7027844190597534)
Epoch 50: TrainACC tensor([22.58], device='cuda:0'), Acc 48.650001525878906, Best Acc 47.500003814697266. (lr 0.017073996744053608, MMC 0.7095275521278381)
Epoch 51: TrainACC tensor([22.86], device='cuda:0'), Acc 47.51250076293945, Best Acc 48.650001525878906. (lr 0.01696216883795722, MMC 0.7155293822288513)
Epoch 52: TrainACC tensor([22.83], device='cuda:0'), Acc 49.53750228881836, Best Acc 48.650001525878906. (lr 0.0168486255882276, MMC 0.7209389805793762)
Epoch 53: TrainACC tensor([22.99], device='cuda:0'), Acc 50.20000076293945, Best Acc 49.53750228881836. (lr 0.016733395009962636, MMC 0.7259171605110168)
Epoch 54: TrainACC tensor([23.22], device='cuda:0'), Acc 50.187503814697266, Best Acc 50.20000076293945. (lr 0.01661650553458328, MMC 0.730216920375824)
Epoch 55: TrainACC tensor([23.28], device='cuda:0'), Acc 48.85000228881836, Best Acc 50.20000076293945. (lr 0.016497986002818536, MMC 0.7343049645423889)
Epoch 56: TrainACC tensor([23.28], device='cuda:0'), Acc 49.73750305175781, Best Acc 50.20000076293945. (lr 0.016377865657589412, MMC 0.7378384470939636)
Epoch 57: TrainACC tensor([23.33], device='cuda:0'), Acc 48.875003814697266, Best Acc 50.20000076293945. (lr 0.016256174136793696, MMC 0.7410098314285278)
Epoch 58: TrainACC tensor([23.55], device='cuda:0'), Acc 47.92500305175781, Best Acc 50.20000076293945. (lr 0.016132941465993235, MMC 0.7437182664871216)
Epoch 59: TrainACC tensor([23.81], device='cuda:0'), Acc 49.900001525878906, Best Acc 50.20000076293945. (lr 0.016008198051005583, MMC 0.7460777759552002)
Epoch 60: TrainACC tensor([23.80], device='cuda:0'), Acc 48.937503814697266, Best Acc 50.20000076293945. (lr 0.01588197467040181, MMC 0.7481423020362854)
Epoch 61: TrainACC tensor([23.85], device='cuda:0'), Acc 48.750003814697266, Best Acc 50.20000076293945. (lr 0.015754302467912353, MMC 0.7499391436576843)
Epoch 62: TrainACC tensor([24.15], device='cuda:0'), Acc 49.86250305175781, Best Acc 50.20000076293945. (lr 0.015625212944742787, MMC 0.7516806125640869)
Epoch 63: TrainACC tensor([24.07], device='cuda:0'), Acc 50.837501525878906, Best Acc 50.20000076293945. (lr 0.015494737951801337, MMC 0.7533862590789795)
Epoch 64: TrainACC tensor([24.16], device='cuda:0'), Acc 50.13750076293945, Best Acc 50.837501525878906. (lr 0.015362909681840176, MMC 0.7546067833900452)
Epoch 65: TrainACC tensor([24.34], device='cuda:0'), Acc 50.07500076293945, Best Acc 50.837501525878906. (lr 0.01522976066151233, MMC 0.7562114000320435)
Epoch 66: TrainACC tensor([24.41], device='cuda:0'), Acc 47.30000305175781, Best Acc 50.837501525878906. (lr 0.01509532374334621, MMC 0.7574653625488281)
Epoch 67: TrainACC tensor([24.42], device='cuda:0'), Acc 51.23750305175781, Best Acc 50.837501525878906. (lr 0.014959632097639753, MMC 0.75870281457901)
Epoch 68: TrainACC tensor([24.49], device='cuda:0'), Acc 51.20000076293945, Best Acc 51.23750305175781. (lr 0.014822719204276136, MMC 0.7600898146629333)
Epoch 69: TrainACC tensor([24.45], device='cuda:0'), Acc 48.587501525878906, Best Acc 51.23750305175781. (lr 0.01468461884446313, MMC 0.7608417272567749)
Epoch 70: TrainACC tensor([24.73], device='cuda:0'), Acc 50.72500228881836, Best Acc 51.23750305175781. (lr 0.014545365092398073, MMC 0.7616862058639526)
Epoch 71: TrainACC tensor([24.55], device='cuda:0'), Acc 50.462501525878906, Best Acc 51.23750305175781. (lr 0.014404992306860591, MMC 0.7628132700920105)
Epoch 72: TrainACC tensor([24.80], device='cuda:0'), Acc 51.57500076293945, Best Acc 51.23750305175781. (lr 0.014263535122735076, MMC 0.763343334197998)
Epoch 73: TrainACC tensor([24.79], device='cuda:0'), Acc 50.462501525878906, Best Acc 51.57500076293945. (lr 0.014121028442465038, MMC 0.7639225721359253)
Epoch 74: TrainACC tensor([24.60], device='cuda:0'), Acc 50.55000305175781, Best Acc 51.57500076293945. (lr 0.013977507427441457, MMC 0.7634536027908325)
Epoch 75: TrainACC tensor([24.60], device='cuda:0'), Acc 51.812503814697266, Best Acc 51.57500076293945. (lr 0.013833007489327247, MMC 0.7463542222976685)
Epoch 76: TrainACC tensor([24.44], device='cuda:0'), Acc 51.062503814697266, Best Acc 51.812503814697266. (lr 0.013687564281319935, MMC 0.7323975563049316)
Epoch 77: TrainACC tensor([24.73], device='cuda:0'), Acc 51.20000076293945, Best Acc 51.812503814697266. (lr 0.01354121368935478, MMC 0.7220401167869568)
Epoch 78: TrainACC tensor([24.76], device='cuda:0'), Acc 50.900001525878906, Best Acc 51.812503814697266. (lr 0.013393991823250464, MMC 0.7162294387817383)
Epoch 79: TrainACC tensor([24.79], device='cuda:0'), Acc 51.30000305175781, Best Acc 51.812503814697266. (lr 0.013245935007799513, MMC 0.71488356590271)
Epoch 80: TrainACC tensor([25.01], device='cuda:0'), Acc 51.462501525878906, Best Acc 51.812503814697266. (lr 0.013097079773805725, MMC 0.7161753177642822)
Epoch 81: TrainACC tensor([24.91], device='cuda:0'), Acc 52.48750305175781, Best Acc 51.812503814697266. (lr 0.012947462849070718, MMC 0.7185865640640259)
Epoch 82: TrainACC tensor([25.26], device='cuda:0'), Acc 50.97500228881836, Best Acc 52.48750305175781. (lr 0.0127971211493319, MMC 0.7211265563964844)
Epoch 83: TrainACC tensor([25.23], device='cuda:0'), Acc 50.42500305175781, Best Acc 52.48750305175781. (lr 0.012646091769154074, MMC 0.7235735654830933)
Epoch 84: TrainACC tensor([25.42], device='cuda:0'), Acc 49.61250305175781, Best Acc 52.48750305175781. (lr 0.012494411972776898, MMC 0.7261157631874084)
Epoch 85: TrainACC tensor([25.28], device='cuda:0'), Acc 52.28750228881836, Best Acc 52.48750305175781. (lr 0.012342119184920496, MMC 0.7274978160858154)
Epoch 86: TrainACC tensor([25.67], device='cuda:0'), Acc 52.062503814697266, Best Acc 52.48750305175781. (lr 0.012189250981551462, MMC 0.7293626666069031)
Epoch 87: TrainACC tensor([25.55], device='cuda:0'), Acc 50.51250076293945, Best Acc 52.48750305175781. (lr 0.01203584508061156, MMC 0.7314432859420776)
Epoch 88: TrainACC tensor([25.59], device='cuda:0'), Acc 53.587501525878906, Best Acc 52.48750305175781. (lr 0.01188193933271139, MMC 0.7331209778785706)
Epoch 89: TrainACC tensor([25.89], device='cuda:0'), Acc 52.712501525878906, Best Acc 53.587501525878906. (lr 0.0117275717117913, MMC 0.734441876411438)
Epoch 90: TrainACC tensor([25.93], device='cuda:0'), Acc 52.38750076293945, Best Acc 53.587501525878906. (lr 0.011572780305751908, MMC 0.7360501289367676)
Epoch 91: TrainACC tensor([25.72], device='cuda:0'), Acc 52.85000228881836, Best Acc 53.587501525878906. (lr 0.011417603307056453, MMC 0.7369444966316223)
Epoch 92: TrainACC tensor([26.00], device='cuda:0'), Acc 52.60000228881836, Best Acc 53.587501525878906. (lr 0.011262079003307402, MMC 0.7382049560546875)
Epoch 93: TrainACC tensor([25.82], device='cuda:0'), Acc 53.337501525878906, Best Acc 53.587501525878906. (lr 0.011106245767799543, MMC 0.739478588104248)
Epoch 94: TrainACC tensor([26.02], device='cuda:0'), Acc 52.875003814697266, Best Acc 53.587501525878906. (lr 0.010950142050051959, MMC 0.7402505278587341)
Epoch 95: TrainACC tensor([26.12], device='cuda:0'), Acc 52.63750076293945, Best Acc 53.587501525878906. (lr 0.010793806366321173, MMC 0.7415276169776917)
Epoch 96: TrainACC tensor([26.15], device='cuda:0'), Acc 52.05000305175781, Best Acc 53.587501525878906. (lr 0.010637277290097842, MMC 0.7425941824913025)
Epoch 97: TrainACC tensor([26.27], device='cuda:0'), Acc 53.28750228881836, Best Acc 53.587501525878906. (lr 0.01048059344258933, MMC 0.7434117197990417)
Epoch 98: TrainACC tensor([26.40], device='cuda:0'), Acc 53.23750305175781, Best Acc 53.587501525878906. (lr 0.010323793483190501, MMC 0.7444148063659668)
Epoch 99: TrainACC tensor([26.56], device='cuda:0'), Acc 52.625003814697266, Best Acc 53.587501525878906. (lr 0.010166916099945088, MMC 0.745428740978241)
Epoch 100: TrainACC tensor([26.55], device='cuda:0'), Acc 52.92500305175781, Best Acc 53.587501525878906. (lr 0.01001, MMC 0.746540904045105)
Epoch 101: TrainACC tensor([26.49], device='cuda:0'), Acc 53.812503814697266, Best Acc 53.587501525878906. (lr 0.009853083900054913, MMC 0.7475799918174744)
Epoch 102: TrainACC tensor([26.38], device='cuda:0'), Acc 53.26250076293945, Best Acc 53.812503814697266. (lr 0.009696206516809499, MMC 0.7477869987487793)
Epoch 103: TrainACC tensor([26.71], device='cuda:0'), Acc 53.437503814697266, Best Acc 53.812503814697266. (lr 0.00953940655741067, MMC 0.7488536238670349)
Epoch 104: TrainACC tensor([26.79], device='cuda:0'), Acc 52.63750076293945, Best Acc 53.812503814697266. (lr 0.00938272270990216, MMC 0.7502608299255371)
Epoch 105: TrainACC tensor([26.81], device='cuda:0'), Acc 52.86250305175781, Best Acc 53.812503814697266. (lr 0.00922619363367883, MMC 0.7514301538467407)
Epoch 106: TrainACC tensor([26.97], device='cuda:0'), Acc 52.70000076293945, Best Acc 53.812503814697266. (lr 0.009069857949948041, MMC 0.7515742778778076)
Epoch 107: TrainACC tensor([27.09], device='cuda:0'), Acc 52.91250228881836, Best Acc 53.812503814697266. (lr 0.008913754232200458, MMC 0.7523941397666931)
Epoch 108: TrainACC tensor([27.08], device='cuda:0'), Acc 53.32500076293945, Best Acc 53.812503814697266. (lr 0.0087579209966926, MMC 0.7528287172317505)
Epoch 109: TrainACC tensor([26.77], device='cuda:0'), Acc 52.97500228881836, Best Acc 53.812503814697266. (lr 0.008602396692943551, MMC 0.7526013851165771)
Epoch 110: TrainACC tensor([26.97], device='cuda:0'), Acc 54.462501525878906, Best Acc 53.812503814697266. (lr 0.008447219694248094, MMC 0.7464423179626465)
Epoch 111: TrainACC tensor([26.96], device='cuda:0'), Acc 54.375003814697266, Best Acc 54.462501525878906. (lr 0.008292428288208697, MMC 0.7424358129501343)
Epoch 112: TrainACC tensor([27.11], device='cuda:0'), Acc 53.23750305175781, Best Acc 54.462501525878906. (lr 0.00813806066728861, MMC 0.7407089471817017)
Epoch 113: TrainACC tensor([27.20], device='cuda:0'), Acc 53.88750076293945, Best Acc 54.462501525878906. (lr 0.00798415491938844, MMC 0.7403894066810608)
Epoch 114: TrainACC tensor([27.35], device='cuda:0'), Acc 53.80000305175781, Best Acc 54.462501525878906. (lr 0.007830749018448543, MMC 0.7404109239578247)
Epoch 115: TrainACC tensor([27.41], device='cuda:0'), Acc 54.03750228881836, Best Acc 54.462501525878906. (lr 0.0076778808150795045, MMC 0.7416010499000549)
Epoch 116: TrainACC tensor([27.50], device='cuda:0'), Acc 53.750003814697266, Best Acc 54.462501525878906. (lr 0.0075255880272231, MMC 0.7427804470062256)
Epoch 117: TrainACC tensor([27.50], device='cuda:0'), Acc 54.500003814697266, Best Acc 54.462501525878906. (lr 0.007373908230845926, MMC 0.7440439462661743)
Epoch 118: TrainACC tensor([27.67], device='cuda:0'), Acc 53.30000305175781, Best Acc 54.500003814697266. (lr 0.007222878850668101, MMC 0.7447574138641357)
Epoch 119: TrainACC tensor([27.75], device='cuda:0'), Acc 54.500003814697266, Best Acc 54.500003814697266. (lr 0.007072537150929285, MMC 0.7453562021255493)
Epoch 120: TrainACC tensor([27.86], device='cuda:0'), Acc 54.312503814697266, Best Acc 54.500003814697266. (lr 0.0069229202261942785, MMC 0.7468248009681702)
Epoch 121: TrainACC tensor([27.77], device='cuda:0'), Acc 55.22500228881836, Best Acc 54.500003814697266. (lr 0.006774064992200487, MMC 0.7475008964538574)
Epoch 122: TrainACC tensor([27.91], device='cuda:0'), Acc 55.025001525878906, Best Acc 55.22500228881836. (lr 0.0066260081767495396, MMC 0.7484396696090698)
Epoch 123: TrainACC tensor([28.30], device='cuda:0'), Acc 54.312503814697266, Best Acc 55.22500228881836. (lr 0.006478786310645223, MMC 0.749982476234436)
Epoch 124: TrainACC tensor([28.21], device='cuda:0'), Acc 54.57500076293945, Best Acc 55.22500228881836. (lr 0.00633243571868007, MMC 0.7508400082588196)
Epoch 125: TrainACC tensor([28.23], device='cuda:0'), Acc 55.562503814697266, Best Acc 55.22500228881836. (lr 0.006186992510672756, MMC 0.7522180080413818)
Epoch 126: TrainACC tensor([28.34], device='cuda:0'), Acc 55.03750228881836, Best Acc 55.562503814697266. (lr 0.0060424925725585405, MMC 0.7532874941825867)
Epoch 127: TrainACC tensor([28.54], device='cuda:0'), Acc 54.437503814697266, Best Acc 55.562503814697266. (lr 0.005898971557534964, MMC 0.7546049952507019)
Epoch 128: TrainACC tensor([28.58], device='cuda:0'), Acc 55.51250076293945, Best Acc 55.562503814697266. (lr 0.005756464877264925, MMC 0.7552240490913391)
Epoch 129: TrainACC tensor([28.61], device='cuda:0'), Acc 55.437503814697266, Best Acc 55.562503814697266. (lr 0.005615007693139408, MMC 0.7565282583236694)
Epoch 130: TrainACC tensor([28.75], device='cuda:0'), Acc 55.53750228881836, Best Acc 55.562503814697266. (lr 0.005474634907601928, MMC 0.7577199935913086)
Epoch 131: TrainACC tensor([28.88], device='cuda:0'), Acc 55.625003814697266, Best Acc 55.562503814697266. (lr 0.0053353811555368735, MMC 0.7590681314468384)
Epoch 132: TrainACC tensor([28.96], device='cuda:0'), Acc 55.95000076293945, Best Acc 55.625003814697266. (lr 0.005197280795723863, MMC 0.7598091959953308)
Epoch 133: TrainACC tensor([28.79], device='cuda:0'), Acc 54.837501525878906, Best Acc 55.95000076293945. (lr 0.005060367902360249, MMC 0.7599977850914001)
Epoch 134: TrainACC tensor([29.07], device='cuda:0'), Acc 54.85000228881836, Best Acc 55.95000076293945. (lr 0.0049246762566537905, MMC 0.7604716420173645)
Epoch 135: TrainACC tensor([29.22], device='cuda:0'), Acc 55.67500305175781, Best Acc 55.95000076293945. (lr 0.004790239338487672, MMC 0.761241614818573)
Epoch 136: TrainACC tensor([29.36], device='cuda:0'), Acc 55.32500076293945, Best Acc 55.95000076293945. (lr 0.004657090318159821, MMC 0.7624844908714294)
Epoch 137: TrainACC tensor([29.50], device='cuda:0'), Acc 55.212501525878906, Best Acc 55.95000076293945. (lr 0.0045252620481986625, MMC 0.7629337906837463)
Epoch 138: TrainACC tensor([29.50], device='cuda:0'), Acc 56.587501525878906, Best Acc 55.95000076293945. (lr 0.004394787055257214, MMC 0.7643254399299622)
Epoch 139: TrainACC tensor([29.61], device='cuda:0'), Acc 55.400001525878906, Best Acc 56.587501525878906. (lr 0.004265697532087647, MMC 0.7646304368972778)
Epoch 140: TrainACC tensor([29.70], device='cuda:0'), Acc 56.20000076293945, Best Acc 56.587501525878906. (lr 0.004138025329598195, MMC 0.765587568283081)
Epoch 141: TrainACC tensor([29.84], device='cuda:0'), Acc 56.13750076293945, Best Acc 56.587501525878906. (lr 0.00401180194899442, MMC 0.7668341994285583)
Epoch 142: TrainACC tensor([30.15], device='cuda:0'), Acc 57.16250228881836, Best Acc 56.587501525878906. (lr 0.0038870585340067642, MMC 0.7675138115882874)
Epoch 143: TrainACC tensor([30.15], device='cuda:0'), Acc 56.76250457763672, Best Acc 57.16250228881836. (lr 0.003763825863206305, MMC 0.7684777975082397)
Epoch 144: TrainACC tensor([29.89], device='cuda:0'), Acc 56.22500228881836, Best Acc 57.16250228881836. (lr 0.00364213434241059, MMC 0.7682757377624512)
Epoch 145: TrainACC tensor([30.00], device='cuda:0'), Acc 56.86250305175781, Best Acc 57.16250228881836. (lr 0.003522013997181467, MMC 0.7663328051567078)
Epoch 146: TrainACC tensor([30.24], device='cuda:0'), Acc 56.63750457763672, Best Acc 57.16250228881836. (lr 0.0034034944654167195, MMC 0.7655484080314636)
Epoch 147: TrainACC tensor([30.42], device='cuda:0'), Acc 55.85000228881836, Best Acc 57.16250228881836. (lr 0.0032866049900373636, MMC 0.7667419910430908)
Epoch 148: TrainACC tensor([30.38], device='cuda:0'), Acc 56.900001525878906, Best Acc 57.16250228881836. (lr 0.0031713744117724, MMC 0.7678530216217041)
Epoch 149: TrainACC tensor([30.69], device='cuda:0'), Acc 56.500003814697266, Best Acc 57.16250228881836. (lr 0.0030578311620427802, MMC 0.7688108682632446)
Epoch 150: TrainACC tensor([30.68], device='cuda:0'), Acc 57.062503814697266, Best Acc 57.16250228881836. (lr 0.0029460032559463912, MMC 0.7695481181144714)
Epoch 151: TrainACC tensor([30.87], device='cuda:0'), Acc 57.32500457763672, Best Acc 57.16250228881836. (lr 0.002835918285345745, MMC 0.7713101506233215)
Epoch 152: TrainACC tensor([31.04], device='cuda:0'), Acc 56.73750305175781, Best Acc 57.32500457763672. (lr 0.002727603412060101, MMC 0.7720395922660828)
Epoch 153: TrainACC tensor([31.09], device='cuda:0'), Acc 57.26250457763672, Best Acc 57.32500457763672. (lr 0.0026210853611636884, MMC 0.7729588150978088)
Epoch 154: TrainACC tensor([31.33], device='cuda:0'), Acc 56.76250457763672, Best Acc 57.32500457763672. (lr 0.0025163904143917087, MMC 0.7740668654441833)
Epoch 155: TrainACC tensor([31.45], device='cuda:0'), Acc 56.91250228881836, Best Acc 57.32500457763672. (lr 0.002413544403655691, MMC 0.7753912210464478)
Epoch 156: TrainACC tensor([31.62], device='cuda:0'), Acc 56.66250228881836, Best Acc 57.32500457763672. (lr 0.0023125727046698664, MMC 0.7777435779571533)
Epoch 157: TrainACC tensor([31.64], device='cuda:0'), Acc 57.23750305175781, Best Acc 57.32500457763672. (lr 0.002213500230690088, MMC 0.7788091897964478)
Epoch 158: TrainACC tensor([31.74], device='cuda:0'), Acc 57.05000305175781, Best Acc 57.32500457763672. (lr 0.002116351426366853, MMC 0.7794701457023621)
Epoch 159: TrainACC tensor([31.73], device='cuda:0'), Acc 57.250003814697266, Best Acc 57.32500457763672. (lr 0.0020211502617139654, MMC 0.7808145880699158)
Epoch 160: TrainACC tensor([32.06], device='cuda:0'), Acc 56.98750305175781, Best Acc 57.32500457763672. (lr 0.0019279202261942763, MMC 0.7814081907272339)
Epoch 161: TrainACC tensor([32.28], device='cuda:0'), Acc 57.78750228881836, Best Acc 57.32500457763672. (lr 0.0018366843229240175, MMC 0.7829543352127075)
Epoch 162: TrainACC tensor([32.34], device='cuda:0'), Acc 58.01250457763672, Best Acc 57.78750228881836. (lr 0.0017474650629971285, MMC 0.7834901213645935)
Epoch 163: TrainACC tensor([32.38], device='cuda:0'), Acc 58.11250305175781, Best Acc 58.01250457763672. (lr 0.0016602844599309823, MMC 0.7844001650810242)
Epoch 164: TrainACC tensor([32.52], device='cuda:0'), Acc 58.10000228881836, Best Acc 58.11250305175781. (lr 0.0015751640242348717, MMC 0.7857173085212708)
Epoch 165: TrainACC tensor([32.55], device='cuda:0'), Acc 57.92500305175781, Best Acc 58.11250305175781. (lr 0.0014921247581026215, MMC 0.7866128087043762)
Epoch 166: TrainACC tensor([32.71], device='cuda:0'), Acc 58.375003814697266, Best Acc 58.11250305175781. (lr 0.001411187150230602, MMC 0.7877312302589417)
Epoch 167: TrainACC tensor([32.92], device='cuda:0'), Acc 57.900001525878906, Best Acc 58.375003814697266. (lr 0.001332371170762469, MMC 0.7889727354049683)
Epoch 168: TrainACC tensor([33.03], device='cuda:0'), Acc 57.837501525878906, Best Acc 58.375003814697266. (lr 0.001255696266361803, MMC 0.7898946404457092)
Epoch 169: TrainACC tensor([33.14], device='cuda:0'), Acc 57.92500305175781, Best Acc 58.375003814697266. (lr 0.0011811813554139525, MMC 0.791874349117279)
Epoch 170: TrainACC tensor([33.35], device='cuda:0'), Acc 58.26250457763672, Best Acc 58.375003814697266. (lr 0.001108844823358206, MMC 0.7930635809898376)
Epoch 171: TrainACC tensor([33.25], device='cuda:0'), Acc 58.11250305175781, Best Acc 58.375003814697266. (lr 0.0010387045181514509, MMC 0.7935832738876343)
Epoch 172: TrainACC tensor([33.45], device='cuda:0'), Acc 57.775001525878906, Best Acc 58.375003814697266. (lr 0.0009707777458644668, MMC 0.7950692176818848)
Epoch 173: TrainACC tensor([33.55], device='cuda:0'), Acc 58.312503814697266, Best Acc 58.375003814697266. (lr 0.0009050812664119039, MMC 0.7963396906852722)
Epoch 174: TrainACC tensor([33.76], device='cuda:0'), Acc 57.78750228881836, Best Acc 58.375003814697266. (lr 0.0008416312894170307, MMC 0.7967818379402161)
Epoch 175: TrainACC tensor([33.76], device='cuda:0'), Acc 58.250003814697266, Best Acc 58.375003814697266. (lr 0.0007804434702122478, MMC 0.7979409098625183)
Epoch 176: TrainACC tensor([33.82], device='cuda:0'), Acc 58.01250457763672, Best Acc 58.375003814697266. (lr 0.0007215329059763691, MMC 0.7983120083808899)
Epoch 177: TrainACC tensor([34.01], device='cuda:0'), Acc 57.85000228881836, Best Acc 58.375003814697266. (lr 0.000664914132009625, MMC 0.799663782119751)
Epoch 178: TrainACC tensor([34.26], device='cuda:0'), Acc 58.17500305175781, Best Acc 58.375003814697266. (lr 0.0006106011181472877, MMC 0.8006616830825806)
Epoch 179: TrainACC tensor([34.05], device='cuda:0'), Acc 58.562503814697266, Best Acc 58.375003814697266. (lr 0.0005586072653128225, MMC 0.8005899786949158)
Epoch 180: TrainACC tensor([34.09], device='cuda:0'), Acc 58.687503814697266, Best Acc 58.562503814697266. (lr 0.0005089454022114163, MMC 0.7989063858985901)
Epoch 181: TrainACC tensor([34.32], device='cuda:0'), Acc 58.55000305175781, Best Acc 58.687503814697266. (lr 0.00046162778216468213, MMC 0.7990979552268982)
Epoch 182: TrainACC tensor([34.31], device='cuda:0'), Acc 58.562503814697266, Best Acc 58.687503814697266. (lr 0.0004166660800873399, MMC 0.8008650541305542)
Epoch 183: TrainACC tensor([34.48], device='cuda:0'), Acc 58.66250228881836, Best Acc 58.687503814697266. (lr 0.00037407138960659836, MMC 0.8021153211593628)
Epoch 184: TrainACC tensor([34.54], device='cuda:0'), Acc 59.11250305175781, Best Acc 58.687503814697266. (lr 0.00033385422032497665, MMC 0.8039669394493103)
Epoch 185: TrainACC tensor([34.70], device='cuda:0'), Acc 58.57500457763672, Best Acc 59.11250305175781. (lr 0.0002960244952272112, MMC 0.8044448494911194)
Epoch 186: TrainACC tensor([34.66], device='cuda:0'), Acc 58.687503814697266, Best Acc 59.11250305175781. (lr 0.00026059154823191425, MMC 0.8049548864364624)
Epoch 187: TrainACC tensor([34.73], device='cuda:0'), Acc 58.900001525878906, Best Acc 59.11250305175781. (lr 0.00022756412188855907, MMC 0.8055382370948792)
Epoch 188: TrainACC tensor([34.79], device='cuda:0'), Acc 59.025001525878906, Best Acc 59.11250305175781. (lr 0.00019695036522039968, MMC 0.8061708211898804)
Epoch 189: TrainACC tensor([34.80], device='cuda:0'), Acc 58.962501525878906, Best Acc 59.11250305175781. (lr 0.00016875783171380908, MMC 0.8071691989898682)
Epoch 190: TrainACC tensor([34.90], device='cuda:0'), Acc 58.76250457763672, Best Acc 59.11250305175781. (lr 0.0001429934774545748, MMC 0.8083041906356812)
Epoch 191: TrainACC tensor([35.01], device='cuda:0'), Acc 59.087501525878906, Best Acc 59.11250305175781. (lr 0.00011966365941159021, MMC 0.8089418411254883)
Epoch 192: TrainACC tensor([34.93], device='cuda:0'), Acc 58.92500305175781, Best Acc 59.11250305175781. (lr 9.877413386836714e-05, MMC 0.8092528581619263)
Epoch 193: TrainACC tensor([35.08], device='cuda:0'), Acc 59.23750305175781, Best Acc 59.11250305175781. (lr 8.033005500275585e-05, MMC 0.8099140524864197)
Epoch 194: TrainACC tensor([34.99], device='cuda:0'), Acc 59.03750228881836, Best Acc 59.23750305175781. (lr 6.433597361523084e-05, MMC 0.8099162578582764)
Epoch 195: TrainACC tensor([35.12], device='cuda:0'), Acc 58.88750457763672, Best Acc 59.23750305175781. (lr 5.079583600605165e-05, MMC 0.8100064396858215)
Epoch 196: TrainACC tensor([35.11], device='cuda:0'), Acc 58.72500228881836, Best Acc 59.23750305175781. (lr 3.971298300156713e-05, MMC 0.8102225065231323)
Epoch 197: TrainACC tensor([35.00], device='cuda:0'), Acc 58.775001525878906, Best Acc 59.23750305175781. (lr 3.109014912992067e-05, MMC 0.8104755282402039)
Epoch 198: TrainACC tensor([35.15], device='cuda:0'), Acc 59.01250457763672, Best Acc 59.23750305175781. (lr 2.4929461946341322e-05, MMC 0.8110450506210327)
Epoch 199: TrainACC tensor([35.09], device='cuda:0'), Acc 59.150001525878906, Best Acc 59.23750305175781. (lr 2.1232441508210735e-05, MMC 0.8112809658050537)
