args Namespace(arch='InceptionResNetV2', batch_size=32, closeset_ratio=0.2, conf_ema_range=[0.4, 0.4], cosine=True, dataset='Webvision', epochs=200, epsilon=0.6, exp_dir='experiment/Webvision_cuda0/Resample_2023-07-31-09-23-24ds_Webvision_pr_0.1_lr_0.02_ep_200_ps_1_lw_0.4_heir_False_warmupepochs_39_rechange_per_epoch_30', forget_rate=0.15, gpu=0, hierarchical=False, loss_weight1=0.4, loss_weight2=1.0, loss_weight4=1.0, low_dim=512, lr=0.02, lr_decay_epochs='100,150,180', lr_decay_rate=0.1, moco_m=0.999, moco_queue=4096, momentum=0.9, n_classes=50, noise_type='symmetric', partial_rate=0.1, print_freq=100, prot_start=1, proto_m=0.99, rechange_per_epoch=30, resume='', seed=100, synthetic_data=None, topk=25, warmupepochs=39, weight_decay=0.0005, workers=32)

Epoch 0: TrainACC 21.81536102294922, Acc 25.995223999023438, Best Acc 0. (lr 0.02, MMC 1.0)
Epoch 1: TrainACC 33.19485092163086, Acc 31.9267520904541, Best Acc 25.995223999023438. (lr 0.019998767558491788, MMC 1.0)
Epoch 2: TrainACC 38.767086029052734, Acc 38.33598709106445, Best Acc 31.9267520904541. (lr 0.019995070538053657, MMC 1.0)
Epoch 3: TrainACC 43.2420539855957, Acc 41.71974563598633, Best Acc 38.33598709106445. (lr 0.019988909850870082, MMC 1.0)
Epoch 4: TrainACC 46.358463287353516, Acc 46.21815490722656, Best Acc 41.71974563598633. (lr 0.019980287016998433, MMC 1.0)
Epoch 5: TrainACC 48.488800048828125, Acc 48.16878890991211, Best Acc 46.21815490722656. (lr 0.01996920416399395, MMC 1.0)
Epoch 6: TrainACC 50.55039978027344, Acc 49.641719818115234, Best Acc 48.16878890991211. (lr 0.01995566402638477, MMC 1.0)
Epoch 7: TrainACC 51.686580657958984, Acc 49.92038345336914, Best Acc 49.641719818115234. (lr 0.019939669944997247, MMC 1.0)
Epoch 8: TrainACC 52.605430603027344, Acc 50.83598709106445, Best Acc 49.92038345336914. (lr 0.019921225866131636, MMC 1.0)
Epoch 9: TrainACC 53.68551254272461, Acc 49.08439636230469, Best Acc 50.83598709106445. (lr 0.01990033634058841, MMC 1.0)
Epoch 10: TrainACC 54.36984634399414, Acc 54.100318908691406, Best Acc 50.83598709106445. (lr 0.019877006522545426, MMC 1.0)
Epoch 11: TrainACC 54.94147491455078, Acc 52.587581634521484, Best Acc 54.100318908691406. (lr 0.019851242168286192, MMC 1.0)
Epoch 12: TrainACC 55.80118942260742, Acc 52.707008361816406, Best Acc 54.100318908691406. (lr 0.019823049634779603, MMC 1.0)
Epoch 13: TrainACC 56.373321533203125, Acc 54.73726272583008, Best Acc 54.100318908691406. (lr 0.019792435878111442, MMC 1.0)
Epoch 14: TrainACC 56.679100036621094, Acc 55.77229309082031, Best Acc 54.73726272583008. (lr 0.019759408451768087, MMC 1.0)
Epoch 15: TrainACC 57.21585464477539, Acc 56.36942672729492, Best Acc 55.77229309082031. (lr 0.01972397550477279, MMC 1.0)
Epoch 16: TrainACC 57.52921676635742, Acc 57.08598709106445, Best Acc 56.36942672729492. (lr 0.019686145779675025, MMC 1.0)
Epoch 17: TrainACC 58.1473388671875, Acc 59.35509490966797, Best Acc 57.08598709106445. (lr 0.019645928610393402, MMC 1.0)
Epoch 18: TrainACC 58.490013122558594, Acc 50.59713363647461, Best Acc 59.35509490966797. (lr 0.01960333391991266, MMC 1.0)
Epoch 19: TrainACC 58.61434555053711, Acc 59.633758544921875, Best Acc 59.35509490966797. (lr 0.019558372217835317, MMC 1.0)
Epoch 20: TrainACC 58.79680252075195, Acc 59.23566818237305, Best Acc 59.633758544921875. (lr 0.019511054597788586, MMC 1.0)
Epoch 21: TrainACC 59.180416107177734, Acc 55.69267654418945, Best Acc 59.633758544921875. (lr 0.019461392734687177, MMC 1.0)
Epoch 22: TrainACC 59.469512939453125, Acc 55.69267654418945, Best Acc 59.633758544921875. (lr 0.019409398881852714, MMC 1.0)
Epoch 23: TrainACC 59.98857879638672, Acc 57.24522399902344, Best Acc 59.633758544921875. (lr 0.019355085867990375, MMC 1.0)
Epoch 24: TrainACC 59.94814682006836, Acc 57.36465072631836, Best Acc 59.633758544921875. (lr 0.019298467094023632, MMC 1.0)
Epoch 25: TrainACC 60.23825454711914, Acc 60.46974563598633, Best Acc 59.633758544921875. (lr 0.019239556529787753, MMC 1.0)
Epoch 26: TrainACC 60.202877044677734, Acc 59.036624908447266, Best Acc 60.46974563598633. (lr 0.019178368710582972, MMC 1.0)
Epoch 27: TrainACC 60.44800567626953, Acc 57.68312072753906, Best Acc 60.46974563598633. (lr 0.019114918733588098, MMC 1.0)
Epoch 28: TrainACC 60.829593658447266, Acc 58.28025436401367, Best Acc 60.46974563598633. (lr 0.019049222254135537, MMC 1.0)
Epoch 29: TrainACC 61.14750289916992, Acc 60.50955581665039, Best Acc 60.46974563598633. (lr 0.01898129548184855, MMC 1.0)
Epoch 30: TrainACC 61.04591369628906, Acc 56.17038345336914, Best Acc 60.50955581665039. (lr 0.018911155176641794, MMC 1.0)
Epoch 31: TrainACC 61.17378234863281, Acc 57.125797271728516, Best Acc 60.50955581665039. (lr 0.018838818644586048, MMC 1.0)
Epoch 32: TrainACC 61.41790008544922, Acc 58.6783447265625, Best Acc 60.50955581665039. (lr 0.018764303733638195, MMC 1.0)
Epoch 33: TrainACC 61.60742950439453, Acc 61.464969635009766, Best Acc 60.50955581665039. (lr 0.01868762882923753, MMC 1.0)
Epoch 34: TrainACC 62.04007339477539, Acc 59.95222854614258, Best Acc 61.464969635009766. (lr 0.018608812849769396, MMC 1.0)
Epoch 35: TrainACC 61.95768737792969, Acc 60.429935455322266, Best Acc 61.464969635009766. (lr 0.01852787524189738, MMC 1.0)
Epoch 36: TrainACC 62.06534194946289, Acc 57.40446090698242, Best Acc 61.464969635009766. (lr 0.01844483597576513, MMC 1.0)
Epoch 37: TrainACC 62.20736312866211, Acc 56.28981018066406, Best Acc 61.464969635009766. (lr 0.018359715540069023, MMC 1.0)
Epoch 38: TrainACC 62.1507568359375, Acc 60.39012908935547, Best Acc 61.464969635009766. (lr 0.01827253493700287, MMC 0.8499480485916138)
    ----------  warmup end  -----------    
Epoch 39: TrainACC tensor([48.00], device='cuda:0'), Acc 48.56687927246094, Best Acc 61.464969635009766. (lr 0.018183315677075984, MMC 0.8818714618682861)
Epoch 40: TrainACC tensor([55.24], device='cuda:0'), Acc 61.345542907714844, Best Acc 61.464969635009766. (lr 0.018092079773805725, MMC 0.8920173645019531)
Epoch 41: TrainACC tensor([58.33], device='cuda:0'), Acc 60.58917236328125, Best Acc 61.464969635009766. (lr 0.017998849738286037, MMC 0.8998059630393982)
Epoch 42: TrainACC tensor([59.81], device='cuda:0'), Acc 62.659236907958984, Best Acc 61.464969635009766. (lr 0.017903648573633146, MMC 0.9047811627388)
Epoch 43: TrainACC tensor([60.72], device='cuda:0'), Acc 61.90286636352539, Best Acc 62.659236907958984. (lr 0.017806499769309914, MMC 0.9077574014663696)
Epoch 44: TrainACC tensor([61.60], device='cuda:0'), Acc 64.41082763671875, Best Acc 62.659236907958984. (lr 0.017707427295330137, MMC 0.9098214507102966)
Epoch 45: TrainACC tensor([62.09], device='cuda:0'), Acc 64.37101745605469, Best Acc 64.41082763671875. (lr 0.01760645559634431, MMC 0.9116005301475525)
Epoch 46: TrainACC tensor([62.55], device='cuda:0'), Acc 62.34076690673828, Best Acc 64.41082763671875. (lr 0.01750360958560829, MMC 0.9127240180969238)
Epoch 47: TrainACC tensor([62.78], device='cuda:0'), Acc 65.2070083618164, Best Acc 64.41082763671875. (lr 0.017398914638836308, MMC 0.913828432559967)
Epoch 48: TrainACC tensor([63.08], device='cuda:0'), Acc 65.04777526855469, Best Acc 65.2070083618164. (lr 0.017292396587939903, MMC 0.9144991636276245)
Epoch 49: TrainACC tensor([63.36], device='cuda:0'), Acc 63.41560745239258, Best Acc 65.2070083618164. (lr 0.017184081714654256, MMC 0.915005624294281)
Epoch 50: TrainACC tensor([63.55], device='cuda:0'), Acc 64.9283447265625, Best Acc 65.2070083618164. (lr 0.017073996744053608, MMC 0.9156697988510132)
Epoch 51: TrainACC tensor([64.09], device='cuda:0'), Acc 65.16719818115234, Best Acc 65.2070083618164. (lr 0.01696216883795722, MMC 0.9164852499961853)
Epoch 52: TrainACC tensor([64.11], device='cuda:0'), Acc 65.84394836425781, Best Acc 65.2070083618164. (lr 0.0168486255882276, MMC 0.9165154695510864)
Epoch 53: TrainACC tensor([64.26], device='cuda:0'), Acc 65.40605163574219, Best Acc 65.84394836425781. (lr 0.016733395009962636, MMC 0.9172505736351013)
Epoch 54: TrainACC tensor([64.59], device='cuda:0'), Acc 63.65446090698242, Best Acc 65.84394836425781. (lr 0.01661650553458328, MMC 0.9186397790908813)
Epoch 55: TrainACC tensor([64.87], device='cuda:0'), Acc 66.52069854736328, Best Acc 65.84394836425781. (lr 0.016497986002818536, MMC 0.9183731079101562)
Epoch 56: TrainACC tensor([64.69], device='cuda:0'), Acc 64.45063781738281, Best Acc 66.52069854736328. (lr 0.016377865657589412, MMC 0.9188482761383057)
Epoch 57: TrainACC tensor([65.05], device='cuda:0'), Acc 66.12261199951172, Best Acc 66.52069854736328. (lr 0.016256174136793696, MMC 0.9197164177894592)
Epoch 58: TrainACC tensor([65.25], device='cuda:0'), Acc 64.72930145263672, Best Acc 66.52069854736328. (lr 0.016132941465993235, MMC 0.9196829795837402)
Epoch 59: TrainACC tensor([65.13], device='cuda:0'), Acc 65.6847152709961, Best Acc 66.52069854736328. (lr 0.016008198051005583, MMC 0.9195743799209595)
Epoch 60: TrainACC tensor([65.43], device='cuda:0'), Acc 66.87898254394531, Best Acc 66.52069854736328. (lr 0.01588197467040181, MMC 0.9197030067443848)
Epoch 61: TrainACC tensor([65.52], device='cuda:0'), Acc 67.11783599853516, Best Acc 66.87898254394531. (lr 0.015754302467912353, MMC 0.9207853674888611)
Epoch 62: TrainACC tensor([65.86], device='cuda:0'), Acc 64.05255126953125, Best Acc 67.11783599853516. (lr 0.015625212944742787, MMC 0.9209781885147095)
Epoch 63: TrainACC tensor([66.08], device='cuda:0'), Acc 68.19267272949219, Best Acc 67.11783599853516. (lr 0.015494737951801337, MMC 0.9211834669113159)
Epoch 64: TrainACC tensor([65.91], device='cuda:0'), Acc 65.16719818115234, Best Acc 68.19267272949219. (lr 0.015362909681840176, MMC 0.9215759634971619)
Epoch 65: TrainACC tensor([66.32], device='cuda:0'), Acc 66.6003189086914, Best Acc 68.19267272949219. (lr 0.01522976066151233, MMC 0.9219995737075806)
Epoch 66: TrainACC tensor([66.53], device='cuda:0'), Acc 67.83439636230469, Best Acc 68.19267272949219. (lr 0.01509532374334621, MMC 0.9220830202102661)
Epoch 67: TrainACC tensor([66.36], device='cuda:0'), Acc 66.91879272460938, Best Acc 68.19267272949219. (lr 0.014959632097639753, MMC 0.9222754836082458)
Epoch 68: TrainACC tensor([67.57], device='cuda:0'), Acc 68.98885345458984, Best Acc 68.19267272949219. (lr 0.014822719204276136, MMC 0.922206699848175)
Epoch 69: TrainACC tensor([66.28], device='cuda:0'), Acc 67.43630981445312, Best Acc 68.98885345458984. (lr 0.01468461884446313, MMC 0.9026500582695007)
Epoch 70: TrainACC tensor([66.40], device='cuda:0'), Acc 67.79458618164062, Best Acc 68.98885345458984. (lr 0.014545365092398073, MMC 0.9036864042282104)
Epoch 71: TrainACC tensor([66.68], device='cuda:0'), Acc 67.47611236572266, Best Acc 68.98885345458984. (lr 0.014404992306860591, MMC 0.9053577780723572)
Epoch 72: TrainACC tensor([66.88], device='cuda:0'), Acc 66.95860290527344, Best Acc 68.98885345458984. (lr 0.014263535122735076, MMC 0.9066137075424194)
Epoch 73: TrainACC tensor([67.19], device='cuda:0'), Acc 67.95381927490234, Best Acc 68.98885345458984. (lr 0.014121028442465038, MMC 0.9076418876647949)
Epoch 74: TrainACC tensor([67.06], device='cuda:0'), Acc 66.7197494506836, Best Acc 68.98885345458984. (lr 0.013977507427441457, MMC 0.9082226753234863)
Epoch 75: TrainACC tensor([67.35], device='cuda:0'), Acc 68.75, Best Acc 68.98885345458984. (lr 0.013833007489327247, MMC 0.9090867638587952)
Epoch 76: TrainACC tensor([67.14], device='cuda:0'), Acc 68.03343963623047, Best Acc 68.98885345458984. (lr 0.013687564281319935, MMC 0.909827709197998)
Epoch 77: TrainACC tensor([67.65], device='cuda:0'), Acc 67.356689453125, Best Acc 68.98885345458984. (lr 0.01354121368935478, MMC 0.9102906584739685)
Epoch 78: TrainACC tensor([67.70], device='cuda:0'), Acc 67.03821563720703, Best Acc 68.98885345458984. (lr 0.013393991823250464, MMC 0.9107387661933899)
Epoch 79: TrainACC tensor([67.87], device='cuda:0'), Acc 66.83917236328125, Best Acc 68.98885345458984. (lr 0.013245935007799513, MMC 0.9106701612472534)
Epoch 80: TrainACC tensor([68.09], device='cuda:0'), Acc 65.36624145507812, Best Acc 68.98885345458984. (lr 0.013097079773805725, MMC 0.9115100502967834)
Epoch 81: TrainACC tensor([68.28], device='cuda:0'), Acc 64.60987091064453, Best Acc 68.98885345458984. (lr 0.012947462849070718, MMC 0.9119715690612793)
Epoch 82: TrainACC tensor([68.31], device='cuda:0'), Acc 68.31210327148438, Best Acc 68.98885345458984. (lr 0.0127971211493319, MMC 0.9117938280105591)
Epoch 83: TrainACC tensor([68.65], device='cuda:0'), Acc 66.7197494506836, Best Acc 68.98885345458984. (lr 0.012646091769154074, MMC 0.9119676351547241)
Epoch 84: TrainACC tensor([68.36], device='cuda:0'), Acc 68.63057708740234, Best Acc 68.98885345458984. (lr 0.012494411972776898, MMC 0.9129829406738281)
Epoch 85: TrainACC tensor([68.57], device='cuda:0'), Acc 68.71018981933594, Best Acc 68.98885345458984. (lr 0.012342119184920496, MMC 0.9130892157554626)
Epoch 86: TrainACC tensor([68.73], device='cuda:0'), Acc 70.85987091064453, Best Acc 68.98885345458984. (lr 0.012189250981551462, MMC 0.9133488535881042)
Epoch 87: TrainACC tensor([68.90], device='cuda:0'), Acc 68.03343963623047, Best Acc 70.85987091064453. (lr 0.01203584508061156, MMC 0.9135231971740723)
Epoch 88: TrainACC tensor([69.05], device='cuda:0'), Acc 68.94904327392578, Best Acc 70.85987091064453. (lr 0.01188193933271139, MMC 0.9139909148216248)
Epoch 89: TrainACC tensor([69.50], device='cuda:0'), Acc 68.63057708740234, Best Acc 70.85987091064453. (lr 0.0117275717117913, MMC 0.9148680567741394)
Epoch 90: TrainACC tensor([69.30], device='cuda:0'), Acc 68.94904327392578, Best Acc 70.85987091064453. (lr 0.011572780305751908, MMC 0.9152369499206543)
Epoch 91: TrainACC tensor([69.40], device='cuda:0'), Acc 69.58599090576172, Best Acc 70.85987091064453. (lr 0.011417603307056453, MMC 0.9154181480407715)
Epoch 92: TrainACC tensor([69.77], device='cuda:0'), Acc 68.15287017822266, Best Acc 70.85987091064453. (lr 0.011262079003307402, MMC 0.915640652179718)
Epoch 93: TrainACC tensor([69.89], device='cuda:0'), Acc 68.35191345214844, Best Acc 70.85987091064453. (lr 0.011106245767799543, MMC 0.9161528944969177)
Epoch 94: TrainACC tensor([69.96], device='cuda:0'), Acc 69.10828399658203, Best Acc 70.85987091064453. (lr 0.010950142050051959, MMC 0.9169449210166931)
Epoch 95: TrainACC tensor([70.17], device='cuda:0'), Acc 68.3917236328125, Best Acc 70.85987091064453. (lr 0.010793806366321173, MMC 0.9168615937232971)
Epoch 96: TrainACC tensor([70.28], device='cuda:0'), Acc 69.10828399658203, Best Acc 70.85987091064453. (lr 0.010637277290097842, MMC 0.9173395037651062)
Epoch 97: TrainACC tensor([70.57], device='cuda:0'), Acc 71.09872436523438, Best Acc 70.85987091064453. (lr 0.01048059344258933, MMC 0.9179366827011108)
Epoch 98: TrainACC tensor([71.13], device='cuda:0'), Acc 70.93949127197266, Best Acc 71.09872436523438. (lr 0.010323793483190501, MMC 0.9178674221038818)
Epoch 99: TrainACC tensor([70.61], device='cuda:0'), Acc 70.38216400146484, Best Acc 71.09872436523438. (lr 0.010166916099945088, MMC 0.9106203317642212)
Epoch 100: TrainACC tensor([70.43], device='cuda:0'), Acc 70.143310546875, Best Acc 71.09872436523438. (lr 0.01001, MMC 0.9116987586021423)
Epoch 101: TrainACC tensor([70.83], device='cuda:0'), Acc 70.5414047241211, Best Acc 71.09872436523438. (lr 0.009853083900054913, MMC 0.912392795085907)
Epoch 102: TrainACC tensor([71.10], device='cuda:0'), Acc 69.34713745117188, Best Acc 71.09872436523438. (lr 0.009696206516809499, MMC 0.9134175181388855)
Epoch 103: TrainACC tensor([71.14], device='cuda:0'), Acc 68.75, Best Acc 71.09872436523438. (lr 0.00953940655741067, MMC 0.914527952671051)
Epoch 104: TrainACC tensor([71.24], device='cuda:0'), Acc 69.62579345703125, Best Acc 71.09872436523438. (lr 0.00938272270990216, MMC 0.9155112504959106)
Epoch 105: TrainACC tensor([71.42], device='cuda:0'), Acc 68.98885345458984, Best Acc 71.09872436523438. (lr 0.00922619363367883, MMC 0.9168193936347961)
Epoch 106: TrainACC tensor([71.58], device='cuda:0'), Acc 72.21337890625, Best Acc 71.09872436523438. (lr 0.009069857949948041, MMC 0.9160974621772766)
Epoch 107: TrainACC tensor([72.00], device='cuda:0'), Acc 69.7850341796875, Best Acc 72.21337890625. (lr 0.008913754232200458, MMC 0.9177087545394897)
Epoch 108: TrainACC tensor([71.90], device='cuda:0'), Acc 70.97930145263672, Best Acc 72.21337890625. (lr 0.0087579209966926, MMC 0.9168830513954163)
Epoch 109: TrainACC tensor([72.14], device='cuda:0'), Acc 70.70063781738281, Best Acc 72.21337890625. (lr 0.008602396692943551, MMC 0.917675256729126)
Epoch 110: TrainACC tensor([72.32], device='cuda:0'), Acc 69.66560363769531, Best Acc 72.21337890625. (lr 0.008447219694248094, MMC 0.9177637696266174)
Epoch 111: TrainACC tensor([72.44], device='cuda:0'), Acc 70.4219741821289, Best Acc 72.21337890625. (lr 0.008292428288208697, MMC 0.9190124869346619)
Epoch 112: TrainACC tensor([72.62], device='cuda:0'), Acc 68.59076690673828, Best Acc 72.21337890625. (lr 0.00813806066728861, MMC 0.9198890924453735)
Epoch 113: TrainACC tensor([72.93], device='cuda:0'), Acc 71.09872436523438, Best Acc 72.21337890625. (lr 0.00798415491938844, MMC 0.9204925298690796)
Epoch 114: TrainACC tensor([73.08], device='cuda:0'), Acc 70.74044799804688, Best Acc 72.21337890625. (lr 0.007830749018448543, MMC 0.9214323163032532)
Epoch 115: TrainACC tensor([73.07], device='cuda:0'), Acc 71.69586181640625, Best Acc 72.21337890625. (lr 0.0076778808150795045, MMC 0.9209789037704468)
Epoch 116: TrainACC tensor([73.36], device='cuda:0'), Acc 72.17356872558594, Best Acc 72.21337890625. (lr 0.0075255880272231, MMC 0.9218643307685852)
Epoch 117: TrainACC tensor([73.47], device='cuda:0'), Acc 71.8152847290039, Best Acc 72.21337890625. (lr 0.007373908230845926, MMC 0.9221708178520203)
Epoch 118: TrainACC tensor([73.68], device='cuda:0'), Acc 69.94426727294922, Best Acc 72.21337890625. (lr 0.007222878850668101, MMC 0.9228053689002991)
Epoch 119: TrainACC tensor([73.90], device='cuda:0'), Acc 71.9347152709961, Best Acc 72.21337890625. (lr 0.007072537150929285, MMC 0.9232126474380493)
Epoch 120: TrainACC tensor([73.79], device='cuda:0'), Acc 71.05892181396484, Best Acc 72.21337890625. (lr 0.0069229202261942785, MMC 0.9237678050994873)
Epoch 121: TrainACC tensor([74.24], device='cuda:0'), Acc 70.820068359375, Best Acc 72.21337890625. (lr 0.006774064992200487, MMC 0.924301266670227)
Epoch 122: TrainACC tensor([74.46], device='cuda:0'), Acc 70.85987091064453, Best Acc 72.21337890625. (lr 0.0066260081767495396, MMC 0.925254762172699)
Epoch 123: TrainACC tensor([74.46], device='cuda:0'), Acc 72.45223236083984, Best Acc 72.21337890625. (lr 0.006478786310645223, MMC 0.9248794317245483)
Epoch 124: TrainACC tensor([74.65], device='cuda:0'), Acc 72.81050872802734, Best Acc 72.45223236083984. (lr 0.00633243571868007, MMC 0.9257358908653259)
Epoch 125: TrainACC tensor([75.09], device='cuda:0'), Acc 71.65605163574219, Best Acc 72.81050872802734. (lr 0.006186992510672756, MMC 0.926831841468811)
Epoch 126: TrainACC tensor([75.17], device='cuda:0'), Acc 72.45223236083984, Best Acc 72.81050872802734. (lr 0.0060424925725585405, MMC 0.9269080758094788)
Epoch 127: TrainACC tensor([75.39], device='cuda:0'), Acc 71.05892181396484, Best Acc 72.81050872802734. (lr 0.005898971557534964, MMC 0.9277139902114868)
Epoch 128: TrainACC tensor([75.59], device='cuda:0'), Acc 71.61624145507812, Best Acc 72.81050872802734. (lr 0.005756464877264925, MMC 0.9276539087295532)
Epoch 129: TrainACC tensor([75.61], device='cuda:0'), Acc 72.25318908691406, Best Acc 72.81050872802734. (lr 0.005615007693139408, MMC 0.9260775446891785)
Epoch 130: TrainACC tensor([75.94], device='cuda:0'), Acc 72.01433563232422, Best Acc 72.81050872802734. (lr 0.005474634907601928, MMC 0.9263992309570312)
Epoch 131: TrainACC tensor([76.19], device='cuda:0'), Acc 71.29777526855469, Best Acc 72.81050872802734. (lr 0.0053353811555368735, MMC 0.9273871779441833)
Epoch 132: TrainACC tensor([76.07], device='cuda:0'), Acc 71.41719818115234, Best Acc 72.81050872802734. (lr 0.005197280795723863, MMC 0.9274824857711792)
Epoch 133: TrainACC tensor([76.43], device='cuda:0'), Acc 71.89490509033203, Best Acc 72.81050872802734. (lr 0.005060367902360249, MMC 0.9289347529411316)
Epoch 134: TrainACC tensor([76.58], device='cuda:0'), Acc 71.69586181640625, Best Acc 72.81050872802734. (lr 0.0049246762566537905, MMC 0.9299150705337524)
Epoch 135: TrainACC tensor([76.89], device='cuda:0'), Acc 73.00955200195312, Best Acc 72.81050872802734. (lr 0.004790239338487672, MMC 0.9306907057762146)
Epoch 136: TrainACC tensor([77.10], device='cuda:0'), Acc 72.37261199951172, Best Acc 73.00955200195312. (lr 0.004657090318159821, MMC 0.9307520389556885)
Epoch 137: TrainACC tensor([77.30], device='cuda:0'), Acc 73.16879272460938, Best Acc 73.00955200195312. (lr 0.0045252620481986625, MMC 0.9311391711235046)
Epoch 138: TrainACC tensor([77.52], device='cuda:0'), Acc 73.68630981445312, Best Acc 73.16879272460938. (lr 0.004394787055257214, MMC 0.932284951210022)
Epoch 139: TrainACC tensor([77.73], device='cuda:0'), Acc 72.13375854492188, Best Acc 73.68630981445312. (lr 0.004265697532087647, MMC 0.9331743717193604)
Epoch 140: TrainACC tensor([77.91], device='cuda:0'), Acc 72.69108581542969, Best Acc 73.68630981445312. (lr 0.004138025329598195, MMC 0.9335238933563232)
Epoch 141: TrainACC tensor([78.16], device='cuda:0'), Acc 73.36783599853516, Best Acc 73.68630981445312. (lr 0.00401180194899442, MMC 0.9348391890525818)
Epoch 142: TrainACC tensor([78.34], device='cuda:0'), Acc 73.08917236328125, Best Acc 73.68630981445312. (lr 0.0038870585340067642, MMC 0.935960054397583)
Epoch 143: TrainACC tensor([78.72], device='cuda:0'), Acc 73.56687927246094, Best Acc 73.68630981445312. (lr 0.003763825863206305, MMC 0.9368372559547424)
Epoch 144: TrainACC tensor([78.99], device='cuda:0'), Acc 72.92993927001953, Best Acc 73.68630981445312. (lr 0.00364213434241059, MMC 0.9372262954711914)
Epoch 145: TrainACC tensor([79.05], device='cuda:0'), Acc 72.92993927001953, Best Acc 73.68630981445312. (lr 0.003522013997181467, MMC 0.9386202692985535)
Epoch 146: TrainACC tensor([79.25], device='cuda:0'), Acc 72.41242218017578, Best Acc 73.68630981445312. (lr 0.0034034944654167195, MMC 0.9389126300811768)
Epoch 147: TrainACC tensor([79.54], device='cuda:0'), Acc 72.89012908935547, Best Acc 73.68630981445312. (lr 0.0032866049900373636, MMC 0.9396510124206543)
Epoch 148: TrainACC tensor([79.93], device='cuda:0'), Acc 73.56687927246094, Best Acc 73.68630981445312. (lr 0.0031713744117724, MMC 0.9400197863578796)
Epoch 149: TrainACC tensor([80.06], device='cuda:0'), Acc 73.36783599853516, Best Acc 73.68630981445312. (lr 0.0030578311620427802, MMC 0.9411283135414124)
Epoch 150: TrainACC tensor([80.43], device='cuda:0'), Acc 74.00477600097656, Best Acc 73.68630981445312. (lr 0.0029460032559463912, MMC 0.9420544505119324)
Epoch 151: TrainACC tensor([80.77], device='cuda:0'), Acc 72.33280181884766, Best Acc 74.00477600097656. (lr 0.002835918285345745, MMC 0.9436009526252747)
Epoch 152: TrainACC tensor([81.00], device='cuda:0'), Acc 73.36783599853516, Best Acc 74.00477600097656. (lr 0.002727603412060101, MMC 0.9445117712020874)
Epoch 153: TrainACC tensor([81.17], device='cuda:0'), Acc 75.15923309326172, Best Acc 74.00477600097656. (lr 0.0026210853611636884, MMC 0.945361852645874)
Epoch 154: TrainACC tensor([81.29], device='cuda:0'), Acc 74.40287017822266, Best Acc 75.15923309326172. (lr 0.0025163904143917087, MMC 0.9458463191986084)
Epoch 155: TrainACC tensor([81.62], device='cuda:0'), Acc 73.8853530883789, Best Acc 75.15923309326172. (lr 0.002413544403655691, MMC 0.9468833804130554)
Epoch 156: TrainACC tensor([81.74], device='cuda:0'), Acc 74.76114654541016, Best Acc 75.15923309326172. (lr 0.0023125727046698664, MMC 0.9477862119674683)
Epoch 157: TrainACC tensor([82.10], device='cuda:0'), Acc 74.52229309082031, Best Acc 75.15923309326172. (lr 0.002213500230690088, MMC 0.9483436346054077)
Epoch 158: TrainACC tensor([82.24], device='cuda:0'), Acc 74.6417236328125, Best Acc 75.15923309326172. (lr 0.002116351426366853, MMC 0.948333203792572)
Epoch 159: TrainACC tensor([82.53], device='cuda:0'), Acc 74.3630599975586, Best Acc 75.15923309326172. (lr 0.0020211502617139654, MMC 0.9490090608596802)
Epoch 160: TrainACC tensor([82.87], device='cuda:0'), Acc 74.60191345214844, Best Acc 75.15923309326172. (lr 0.0019279202261942763, MMC 0.951305627822876)
Epoch 161: TrainACC tensor([83.12], device='cuda:0'), Acc 74.40287017822266, Best Acc 75.15923309326172. (lr 0.0018366843229240175, MMC 0.9521090984344482)
Epoch 162: TrainACC tensor([83.28], device='cuda:0'), Acc 74.60191345214844, Best Acc 75.15923309326172. (lr 0.0017474650629971285, MMC 0.9526918530464172)
Epoch 163: TrainACC tensor([83.59], device='cuda:0'), Acc 74.76114654541016, Best Acc 75.15923309326172. (lr 0.0016602844599309823, MMC 0.954667866230011)
Epoch 164: TrainACC tensor([83.89], device='cuda:0'), Acc 74.76114654541016, Best Acc 75.15923309326172. (lr 0.0015751640242348717, MMC 0.9552398324012756)
Epoch 165: TrainACC tensor([84.21], device='cuda:0'), Acc 75.23885345458984, Best Acc 75.15923309326172. (lr 0.0014921247581026215, MMC 0.9565204977989197)
Epoch 166: TrainACC tensor([84.53], device='cuda:0'), Acc 75.15923309326172, Best Acc 75.23885345458984. (lr 0.001411187150230602, MMC 0.9573149085044861)
Epoch 167: TrainACC tensor([84.78], device='cuda:0'), Acc 75.07962036132812, Best Acc 75.23885345458984. (lr 0.001332371170762469, MMC 0.958061695098877)
Epoch 168: TrainACC tensor([84.96], device='cuda:0'), Acc 74.84076690673828, Best Acc 75.23885345458984. (lr 0.001255696266361803, MMC 0.958977460861206)
Epoch 169: TrainACC tensor([85.22], device='cuda:0'), Acc 75.91560363769531, Best Acc 75.23885345458984. (lr 0.0011811813554139525, MMC 0.96060711145401)
Epoch 170: TrainACC tensor([85.58], device='cuda:0'), Acc 74.92037963867188, Best Acc 75.91560363769531. (lr 0.001108844823358206, MMC 0.9611589908599854)
Epoch 171: TrainACC tensor([85.88], device='cuda:0'), Acc 74.44267272949219, Best Acc 75.91560363769531. (lr 0.0010387045181514509, MMC 0.9620934128761292)
Epoch 172: TrainACC tensor([86.20], device='cuda:0'), Acc 74.52229309082031, Best Acc 75.91560363769531. (lr 0.0009707777458644668, MMC 0.9624849557876587)
Epoch 173: TrainACC tensor([86.63], device='cuda:0'), Acc 75.47770690917969, Best Acc 75.91560363769531. (lr 0.0009050812664119039, MMC 0.9639154076576233)
Epoch 174: TrainACC tensor([86.77], device='cuda:0'), Acc 74.6417236328125, Best Acc 75.91560363769531. (lr 0.0008416312894170307, MMC 0.9647817611694336)
Epoch 175: TrainACC tensor([87.04], device='cuda:0'), Acc 77.070068359375, Best Acc 75.91560363769531. (lr 0.0007804434702122478, MMC 0.9659654498100281)
Epoch 176: TrainACC tensor([87.36], device='cuda:0'), Acc 75.55732727050781, Best Acc 77.070068359375. (lr 0.0007215329059763691, MMC 0.9669570326805115)
Epoch 177: TrainACC tensor([87.68], device='cuda:0'), Acc 75.67675018310547, Best Acc 77.070068359375. (lr 0.000664914132009625, MMC 0.9680904150009155)
Epoch 178: TrainACC tensor([87.88], device='cuda:0'), Acc 75.51751708984375, Best Acc 77.070068359375. (lr 0.0006106011181472877, MMC 0.9689514636993408)
Epoch 179: TrainACC tensor([88.19], device='cuda:0'), Acc 76.19426727294922, Best Acc 77.070068359375. (lr 0.0005586072653128225, MMC 0.9697064161300659)
Epoch 180: TrainACC tensor([88.32], device='cuda:0'), Acc 75.55732727050781, Best Acc 77.070068359375. (lr 0.0005089454022114163, MMC 0.9706152081489563)
Epoch 181: TrainACC tensor([88.50], device='cuda:0'), Acc 76.11465454101562, Best Acc 77.070068359375. (lr 0.00046162778216468213, MMC 0.9713711738586426)
Epoch 182: TrainACC tensor([88.92], device='cuda:0'), Acc 75.83599090576172, Best Acc 77.070068359375. (lr 0.0004166660800873399, MMC 0.9720203876495361)
Epoch 183: TrainACC tensor([89.11], device='cuda:0'), Acc 75.95541381835938, Best Acc 77.070068359375. (lr 0.00037407138960659836, MMC 0.9729959964752197)
Epoch 184: TrainACC tensor([89.26], device='cuda:0'), Acc 76.07484436035156, Best Acc 77.070068359375. (lr 0.00033385422032497665, MMC 0.9736547470092773)
Epoch 185: TrainACC tensor([89.39], device='cuda:0'), Acc 75.95541381835938, Best Acc 77.070068359375. (lr 0.0002960244952272112, MMC 0.9743106961250305)
Epoch 186: TrainACC tensor([89.64], device='cuda:0'), Acc 75.47770690917969, Best Acc 77.070068359375. (lr 0.00026059154823191425, MMC 0.9751859307289124)
Epoch 187: TrainACC tensor([89.88], device='cuda:0'), Acc 75.95541381835938, Best Acc 77.070068359375. (lr 0.00022756412188855907, MMC 0.9756024479866028)
Epoch 188: TrainACC tensor([89.88], device='cuda:0'), Acc 75.87580108642578, Best Acc 77.070068359375. (lr 0.00019695036522039968, MMC 0.9755921959877014)
Epoch 189: TrainACC tensor([90.17], device='cuda:0'), Acc 75.55732727050781, Best Acc 77.070068359375. (lr 0.00016875783171380908, MMC 0.9756882786750793)
Epoch 190: TrainACC tensor([90.22], device='cuda:0'), Acc 75.51751708984375, Best Acc 77.070068359375. (lr 0.0001429934774545748, MMC 0.9766270518302917)
Epoch 191: TrainACC tensor([90.42], device='cuda:0'), Acc 75.71656036376953, Best Acc 77.070068359375. (lr 0.00011966365941159021, MMC 0.9773136973381042)
Epoch 192: TrainACC tensor([90.50], device='cuda:0'), Acc 75.79618072509766, Best Acc 77.070068359375. (lr 9.877413386836714e-05, MMC 0.9777650833129883)
Epoch 193: TrainACC tensor([90.59], device='cuda:0'), Acc 76.15445709228516, Best Acc 77.070068359375. (lr 8.033005500275585e-05, MMC 0.9780189990997314)
Epoch 194: TrainACC tensor([90.76], device='cuda:0'), Acc 76.27388763427734, Best Acc 77.070068359375. (lr 6.433597361523084e-05, MMC 0.9779809713363647)
Epoch 195: TrainACC tensor([90.73], device='cuda:0'), Acc 76.27388763427734, Best Acc 77.070068359375. (lr 5.079583600605165e-05, MMC 0.9785948395729065)
Epoch 196: TrainACC tensor([90.72], device='cuda:0'), Acc 76.19426727294922, Best Acc 77.070068359375. (lr 3.971298300156713e-05, MMC 0.9785459637641907)
Epoch 197: TrainACC tensor([90.85], device='cuda:0'), Acc 75.91560363769531, Best Acc 77.070068359375. (lr 3.109014912992067e-05, MMC 0.9787562489509583)
Epoch 198: TrainACC tensor([90.83], device='cuda:0'), Acc 76.07484436035156, Best Acc 77.070068359375. (lr 2.4929461946341322e-05, MMC 0.9787735342979431)
Epoch 199: TrainACC tensor([90.97], device='cuda:0'), Acc 75.55732727050781, Best Acc 77.070068359375. (lr 2.1232441508210735e-05, MMC 0.9787377119064331)
