args Namespace(arch='sevenCNN', batch_size=128, closeset_ratio=0.8, conf_ema_range=[0.8, 0.9], cosine=True, dataset='cifar100', epochs=200, epsilon=0.6, exp_dir='experiment/cifar-sota/Cifar2023-08-10-12-14-26ds_cifar100_lr_0.03_ep_200_ps_1_lw_1.2_warmupepochs_80_rechange_per_epoch_45', forget_rate=0.8, gpu=0, loss_weight1=1.2, loss_weight2=0.4, low_dim=256, lr=0.03, lr_decay_epochs='100,150,180', lr_decay_rate=0.1, moco_m=0.999, moco_queue=8192, momentum=0.9, n_classes=100, noise_type='symmetric', print_freq=100, prot_start=1, proto_m=0.988, rechange_per_epoch=45, resume='', seed=100, synthetic_data='cifar80no', topk=20, warmupepochs=80, warmuplr=0.01, weight_decay=0.0005, workers=32)

Epoch 0: TrainACC 1.375879168510437, Acc 2.9625000953674316, Best Acc 0. (lr 0.03, MMC 1.0)
Epoch 1: TrainACC 1.6104539632797241, Acc 4.375, Best Acc 2.9625000953674316. (lr 0.029998151337737682, MMC 1.0)
Epoch 2: TrainACC 1.8318414688110352, Acc 3.825000286102295, Best Acc 4.375. (lr 0.029992605807080488, MMC 1.0)
Epoch 3: TrainACC 1.9713075160980225, Acc 5.887500286102295, Best Acc 4.375. (lr 0.029983364776305123, MMC 1.0)
Epoch 4: TrainACC 2.163123369216919, Acc 7.200000286102295, Best Acc 5.887500286102295. (lr 0.029970430525497648, MMC 1.0)
Epoch 5: TrainACC 2.2973945140838623, Acc 8.100000381469727, Best Acc 7.200000286102295. (lr 0.02995380624599092, MMC 1.0)
Epoch 6: TrainACC 2.470828056335449, Acc 9.262500762939453, Best Acc 8.100000381469727. (lr 0.02993349603957715, MMC 1.0)
Epoch 7: TrainACC 2.746962785720825, Acc 9.425000190734863, Best Acc 9.262500762939453. (lr 0.029909504917495867, MMC 1.0)
Epoch 8: TrainACC 2.9643542766571045, Acc 10.862500190734863, Best Acc 9.425000190734863. (lr 0.029881838799197452, MMC 1.0)
Epoch 9: TrainACC 2.9175989627838135, Acc 10.925000190734863, Best Acc 10.862500190734863. (lr 0.029850504510882614, MMC 1.0)
Epoch 10: TrainACC 3.0614609718322754, Acc 12.412500381469727, Best Acc 10.925000190734863. (lr 0.02981550978381814, MMC 1.0)
Epoch 11: TrainACC 3.1341910362243652, Acc 12.71250057220459, Best Acc 12.412500381469727. (lr 0.029776863252429286, MMC 1.0)
Epoch 12: TrainACC 3.27245831489563, Acc 13.77500057220459, Best Acc 12.71250057220459. (lr 0.029734574452169402, MMC 1.0)
Epoch 13: TrainACC 3.477861166000366, Acc 13.975000381469727, Best Acc 13.77500057220459. (lr 0.02968865381716716, MMC 1.0)
Epoch 14: TrainACC 3.59175181388855, Acc 14.125000953674316, Best Acc 13.975000381469727. (lr 0.029639112677652128, MMC 1.0)
Epoch 15: TrainACC 3.6189258098602295, Acc 13.90000057220459, Best Acc 14.125000953674316. (lr 0.029585963257159183, MMC 1.0)
Epoch 16: TrainACC 3.664881706237793, Acc 15.325000762939453, Best Acc 14.125000953674316. (lr 0.029529218669512535, MMC 1.0)
Epoch 17: TrainACC 3.800751209259033, Acc 14.67500114440918, Best Acc 15.325000762939453. (lr 0.029468892915590104, MMC 1.0)
Epoch 18: TrainACC 3.8618924617767334, Acc 15.250000953674316, Best Acc 15.325000762939453. (lr 0.02940500087986899, MMC 1.0)
Epoch 19: TrainACC 3.9122443199157715, Acc 15.762500762939453, Best Acc 15.325000762939453. (lr 0.029337558326752975, MMC 1.0)
Epoch 20: TrainACC 4.151214599609375, Acc 15.187500953674316, Best Acc 15.762500762939453. (lr 0.029266581896682877, MMC 1.0)
Epoch 21: TrainACC 4.0824809074401855, Acc 16.55000114440918, Best Acc 15.762500762939453. (lr 0.029192089102030767, MMC 1.0)
Epoch 22: TrainACC 4.248321533203125, Acc 16.650001525878906, Best Acc 16.55000114440918. (lr 0.02911409832277907, MMC 1.0)
Epoch 23: TrainACC 4.217551231384277, Acc 17.887500762939453, Best Acc 16.650001525878906. (lr 0.029032628801985563, MMC 1.0)
Epoch 24: TrainACC 4.374600410461426, Acc 19.0625, Best Acc 17.887500762939453. (lr 0.028947700641035447, MMC 1.0)
Epoch 25: TrainACC 4.3722028732299805, Acc 17.150001525878906, Best Acc 19.0625. (lr 0.02885933479468163, MMC 1.0)
Epoch 26: TrainACC 4.463315010070801, Acc 18.92500114440918, Best Acc 19.0625. (lr 0.028767553065874453, MMC 1.0)
Epoch 27: TrainACC 4.590792655944824, Acc 17.8125, Best Acc 19.0625. (lr 0.028672378100382145, MMC 1.0)
Epoch 28: TrainACC 4.467311382293701, Acc 18.787500381469727, Best Acc 19.0625. (lr 0.0285738333812033, MMC 1.0)
Epoch 29: TrainACC 4.719069480895996, Acc 19.4375, Best Acc 19.0625. (lr 0.028471943222772824, MMC 1.0)
Epoch 30: TrainACC 4.695092678070068, Acc 19.212501525878906, Best Acc 19.4375. (lr 0.02836673276496269, MMC 1.0)
Epoch 31: TrainACC 5.031569480895996, Acc 19.3125, Best Acc 19.4375. (lr 0.028258227966879074, MMC 1.0)
Epoch 32: TrainACC 4.928069114685059, Acc 18.225000381469727, Best Acc 19.4375. (lr 0.028146455600457292, MMC 1.0)
Epoch 33: TrainACC 4.830962181091309, Acc 19.475000381469727, Best Acc 19.4375. (lr 0.028031443243856296, MMC 1.0)
Epoch 34: TrainACC 5.113491058349609, Acc 20.30000114440918, Best Acc 19.475000381469727. (lr 0.027913219274654094, MMC 1.0)
Epoch 35: TrainACC 5.087116241455078, Acc 19.625, Best Acc 20.30000114440918. (lr 0.02779181286284607, MMC 1.0)
Epoch 36: TrainACC 5.0739288330078125, Acc 20.750001907348633, Best Acc 20.30000114440918. (lr 0.027667253963647696, MMC 1.0)
Epoch 37: TrainACC 5.263746738433838, Acc 21.087501525878906, Best Acc 20.750001907348633. (lr 0.02753957331010353, MMC 1.0)
Epoch 38: TrainACC 5.354859352111816, Acc 20.61250114440918, Best Acc 21.087501525878906. (lr 0.027408802405504307, MMC 1.0)
Epoch 39: TrainACC 5.307704448699951, Acc 21.275001525878906, Best Acc 21.087501525878906. (lr 0.027274973515613976, MMC 1.0)
Epoch 40: TrainACC 5.34446907043457, Acc 20.312501907348633, Best Acc 21.275001525878906. (lr 0.027138119660708587, MMC 1.0)
Epoch 41: TrainACC 5.551470756530762, Acc 21.412500381469727, Best Acc 21.275001525878906. (lr 0.026998274607429054, MMC 1.0)
Epoch 42: TrainACC 5.503516674041748, Acc 21.562501907348633, Best Acc 21.412500381469727. (lr 0.026855472860449717, MMC 1.0)
Epoch 43: TrainACC 5.481937408447266, Acc 21.67500114440918, Best Acc 21.562501907348633. (lr 0.02670974965396487, MMC 1.0)
Epoch 44: TrainACC 5.672154903411865, Acc 21.912500381469727, Best Acc 21.67500114440918. (lr 0.0265611409429952, MMC 1.0)
Epoch 45: TrainACC 5.618606090545654, Acc 20.30000114440918, Best Acc 21.912500381469727. (lr 0.026409683394516464, MMC 1.0)
Epoch 46: TrainACC 5.808823585510254, Acc 21.287500381469727, Best Acc 21.912500381469727. (lr 0.026255414378412435, MMC 1.0)
Epoch 47: TrainACC 5.7612690925598145, Acc 22.187501907348633, Best Acc 21.912500381469727. (lr 0.026098371958254464, MMC 1.0)
Epoch 48: TrainACC 5.922314643859863, Acc 22.100000381469727, Best Acc 22.187501907348633. (lr 0.02593859488190985, MMC 1.0)
Epoch 49: TrainACC 5.951486587524414, Acc 22.012500762939453, Best Acc 22.187501907348633. (lr 0.025776122571981384, MMC 1.0)
Epoch 50: TrainACC 6.026614189147949, Acc 21.225000381469727, Best Acc 22.187501907348633. (lr 0.025610995116080414, MMC 1.0)
Epoch 51: TrainACC 6.055386543273926, Acc 21.900001525878906, Best Acc 22.187501907348633. (lr 0.025443253256935826, MMC 1.0)
Epoch 52: TrainACC 6.128117084503174, Acc 21.100000381469727, Best Acc 22.187501907348633. (lr 0.0252729383823414, MMC 1.0)
Epoch 53: TrainACC 6.188858509063721, Acc 21.825000762939453, Best Acc 22.187501907348633. (lr 0.025100092514943953, MMC 1.0)
Epoch 54: TrainACC 6.2595906257629395, Acc 21.575000762939453, Best Acc 22.187501907348633. (lr 0.024924758301874923, MMC 1.0)
Epoch 55: TrainACC 6.299152851104736, Acc 21.387500762939453, Best Acc 22.187501907348633. (lr 0.0247469790042278, MMC 1.0)
Epoch 56: TrainACC 6.449408531188965, Acc 22.412500381469727, Best Acc 22.187501907348633. (lr 0.024566798486384114, MMC 1.0)
Epoch 57: TrainACC 6.391863822937012, Acc 21.750001907348633, Best Acc 22.412500381469727. (lr 0.024384261205190546, MMC 1.0)
Epoch 58: TrainACC 6.513746738433838, Acc 21.61250114440918, Best Acc 22.412500381469727. (lr 0.024199412198989852, MMC 1.0)
Epoch 59: TrainACC 6.685182094573975, Acc 21.062501907348633, Best Acc 22.412500381469727. (lr 0.02401229707650837, MMC 1.0)
Epoch 60: TrainACC 6.607256889343262, Acc 22.162500381469727, Best Acc 22.412500381469727. (lr 0.023822962005602712, MMC 1.0)
Epoch 61: TrainACC 6.5892744064331055, Acc 22.912500381469727, Best Acc 22.412500381469727. (lr 0.02363145370186853, MMC 1.0)
Epoch 62: TrainACC 6.820252418518066, Acc 22.400001525878906, Best Acc 22.912500381469727. (lr 0.02343781941711418, MMC 1.0)
Epoch 63: TrainACC 6.919756889343262, Acc 22.587501525878906, Best Acc 22.912500381469727. (lr 0.023242106927702004, MMC 1.0)
Epoch 64: TrainACC 7.20108699798584, Acc 22.750001907348633, Best Acc 22.912500381469727. (lr 0.023044364522760263, MMC 1.0)
Epoch 65: TrainACC 6.988091468811035, Acc 21.787500381469727, Best Acc 22.912500381469727. (lr 0.022844640992268492, MMC 1.0)
Epoch 66: TrainACC 6.973305702209473, Acc 22.775001525878906, Best Acc 22.912500381469727. (lr 0.022642985615019314, MMC 1.0)
Epoch 67: TrainACC 7.306186199188232, Acc 21.762500762939453, Best Acc 22.912500381469727. (lr 0.022439448146459626, MMC 1.0)
Epoch 68: TrainACC 7.216272354125977, Acc 22.662500381469727, Best Acc 22.912500381469727. (lr 0.0222340788064142, MMC 1.0)
Epoch 69: TrainACC 7.418877601623535, Acc 20.787500381469727, Best Acc 22.912500381469727. (lr 0.022026928266694692, MMC 1.0)
Epoch 70: TrainACC 7.458040237426758, Acc 22.80000114440918, Best Acc 22.912500381469727. (lr 0.021818047638597106, MMC 1.0)
Epoch 71: TrainACC 7.445652008056641, Acc 22.30000114440918, Best Acc 22.912500381469727. (lr 0.021607488460290886, MMC 1.0)
Epoch 72: TrainACC 7.648657321929932, Acc 21.337501525878906, Best Acc 22.912500381469727. (lr 0.021395302684102613, MMC 1.0)
Epoch 73: TrainACC 7.536764621734619, Acc 22.575000762939453, Best Acc 22.912500381469727. (lr 0.021181542663697556, MMC 1.0)
Epoch 74: TrainACC 7.699408531188965, Acc 21.950000762939453, Best Acc 22.912500381469727. (lr 0.020966261141162186, MMC 1.0)
Epoch 75: TrainACC 7.828484535217285, Acc 21.05000114440918, Best Acc 22.912500381469727. (lr 0.02074951123399087, MMC 1.0)
Epoch 76: TrainACC 7.874840259552002, Acc 22.325000762939453, Best Acc 22.912500381469727. (lr 0.0205313464219799, MMC 1.0)
Epoch 77: TrainACC 7.900015830993652, Acc 22.787500381469727, Best Acc 22.912500381469727. (lr 0.020311820534032167, MMC 1.0)
Epoch 78: TrainACC 8.05226993560791, Acc 23.337501525878906, Best Acc 22.912500381469727. (lr 0.020090987734875693, MMC 1.0)
Epoch 79: TrainACC 8.030290603637695, Acc 21.212501525878906, Best Acc 23.337501525878906. (lr 0.019868902511699267, MMC 0.23435774445533752)
    ----------  warmup end  -----------    
Epoch 80: TrainACC tensor([6.50], device='cuda:0'), Acc 24.200000762939453, Best Acc 23.337501525878906. (lr 0.019645619660708588, MMC 0.250882089138031)
Epoch 81: TrainACC tensor([6.87], device='cuda:0'), Acc 24.86250114440918, Best Acc 24.200000762939453. (lr 0.019421194273606075, MMC 0.26848551630973816)
Epoch 82: TrainACC tensor([7.05], device='cuda:0'), Acc 26.42500114440918, Best Acc 24.86250114440918. (lr 0.01919568172399785, MMC 0.28651708364486694)
Epoch 83: TrainACC tensor([7.26], device='cuda:0'), Acc 26.950000762939453, Best Acc 26.42500114440918. (lr 0.018969137653731108, MMC 0.3033214807510376)
Epoch 84: TrainACC tensor([7.38], device='cuda:0'), Acc 28.100000381469727, Best Acc 26.950000762939453. (lr 0.018741617959165346, MMC 0.3192726969718933)
Epoch 85: TrainACC tensor([7.40], device='cuda:0'), Acc 28.53750228881836, Best Acc 28.100000381469727. (lr 0.018513178777380745, MMC 0.3344016373157501)
Epoch 86: TrainACC tensor([7.53], device='cuda:0'), Acc 29.17500114440918, Best Acc 28.53750228881836. (lr 0.018283876472327192, MMC 0.3486262559890747)
Epoch 87: TrainACC tensor([7.56], device='cuda:0'), Acc 28.48750114440918, Best Acc 29.17500114440918. (lr 0.01805376762091734, MMC 0.3622203469276428)
Epoch 88: TrainACC tensor([7.66], device='cuda:0'), Acc 29.375001907348633, Best Acc 29.17500114440918. (lr 0.017822908999067084, MMC 0.37462562322616577)
Epoch 89: TrainACC tensor([7.90], device='cuda:0'), Acc 29.187501907348633, Best Acc 29.375001907348633. (lr 0.017591357567686948, MMC 0.38605961203575134)
Epoch 90: TrainACC tensor([7.86], device='cuda:0'), Acc 29.700000762939453, Best Acc 29.375001907348633. (lr 0.017359170458627858, MMC 0.3964137136936188)
Epoch 91: TrainACC tensor([7.96], device='cuda:0'), Acc 30.11250114440918, Best Acc 29.700000762939453. (lr 0.01712640496058468, MMC 0.406473308801651)
Epoch 92: TrainACC tensor([8.06], device='cuda:0'), Acc 29.337501525878906, Best Acc 30.11250114440918. (lr 0.016893118504961103, MMC 0.4160339832305908)
Epoch 93: TrainACC tensor([8.06], device='cuda:0'), Acc 30.262500762939453, Best Acc 30.11250114440918. (lr 0.016659368651699313, MMC 0.424257755279541)
Epoch 94: TrainACC tensor([8.14], device='cuda:0'), Acc 30.562501907348633, Best Acc 30.262500762939453. (lr 0.016425213075077934, MMC 0.43232107162475586)
Epoch 95: TrainACC tensor([8.22], device='cuda:0'), Acc 30.450000762939453, Best Acc 30.562501907348633. (lr 0.016190709549481756, MMC 0.43914794921875)
Epoch 96: TrainACC tensor([8.20], device='cuda:0'), Acc 30.012500762939453, Best Acc 30.562501907348633. (lr 0.01595591593514676, MMC 0.4463751018047333)
Epoch 97: TrainACC tensor([8.26], device='cuda:0'), Acc 30.85000228881836, Best Acc 30.562501907348633. (lr 0.015720890163883994, MMC 0.45236632227897644)
Epoch 98: TrainACC tensor([8.38], device='cuda:0'), Acc 31.462501525878906, Best Acc 30.85000228881836. (lr 0.015485690224785752, MMC 0.4576989710330963)
Epoch 99: TrainACC tensor([8.55], device='cuda:0'), Acc 29.762500762939453, Best Acc 31.462501525878906. (lr 0.015250374149917634, MMC 0.4629438817501068)
Epoch 100: TrainACC tensor([8.53], device='cuda:0'), Acc 30.937501907348633, Best Acc 31.462501525878906. (lr 0.015015, MMC 0.46769461035728455)
Epoch 101: TrainACC tensor([8.56], device='cuda:0'), Acc 31.42500114440918, Best Acc 31.462501525878906. (lr 0.01477962585008237, MMC 0.4721698760986328)
Epoch 102: TrainACC tensor([8.60], device='cuda:0'), Acc 31.262500762939453, Best Acc 31.462501525878906. (lr 0.014544309775214249, MMC 0.47621843218803406)
Epoch 103: TrainACC tensor([8.75], device='cuda:0'), Acc 31.05000114440918, Best Acc 31.462501525878906. (lr 0.014309109836116007, MMC 0.4798832833766937)
Epoch 104: TrainACC tensor([8.72], device='cuda:0'), Acc 31.750001907348633, Best Acc 31.462501525878906. (lr 0.01407408406485324, MMC 0.48372119665145874)
Epoch 105: TrainACC tensor([8.77], device='cuda:0'), Acc 31.80000114440918, Best Acc 31.750001907348633. (lr 0.013839290450518247, MMC 0.4871014356613159)
Epoch 106: TrainACC tensor([8.88], device='cuda:0'), Acc 31.637500762939453, Best Acc 31.80000114440918. (lr 0.013604786924922063, MMC 0.4906053841114044)
Epoch 107: TrainACC tensor([8.83], device='cuda:0'), Acc 31.35000228881836, Best Acc 31.80000114440918. (lr 0.013370631348300688, MMC 0.4935995936393738)
Epoch 108: TrainACC tensor([9.06], device='cuda:0'), Acc 30.812501907348633, Best Acc 31.80000114440918. (lr 0.013136881495038904, MMC 0.49645912647247314)
Epoch 109: TrainACC tensor([9.14], device='cuda:0'), Acc 31.66250228881836, Best Acc 31.80000114440918. (lr 0.012903595039415327, MMC 0.49870800971984863)
Epoch 110: TrainACC tensor([9.07], device='cuda:0'), Acc 31.025001525878906, Best Acc 31.80000114440918. (lr 0.012670829541372141, MMC 0.5009680986404419)
Epoch 111: TrainACC tensor([9.03], device='cuda:0'), Acc 31.36250114440918, Best Acc 31.80000114440918. (lr 0.012438642432313046, MMC 0.5030902028083801)
Epoch 112: TrainACC tensor([9.07], device='cuda:0'), Acc 31.41250228881836, Best Acc 31.80000114440918. (lr 0.012207091000932917, MMC 0.5052841901779175)
Epoch 113: TrainACC tensor([9.18], device='cuda:0'), Acc 32.05000305175781, Best Acc 31.80000114440918. (lr 0.011976232379082663, MMC 0.5077630281448364)
Epoch 114: TrainACC tensor([9.22], device='cuda:0'), Acc 31.700000762939453, Best Acc 32.05000305175781. (lr 0.011746123527672814, MMC 0.5100798606872559)
Epoch 115: TrainACC tensor([9.28], device='cuda:0'), Acc 31.387500762939453, Best Acc 32.05000305175781. (lr 0.011516821222619256, MMC 0.5120397806167603)
Epoch 116: TrainACC tensor([9.23], device='cuda:0'), Acc 31.750001907348633, Best Acc 32.05000305175781. (lr 0.011288382040834651, MMC 0.5136392712593079)
Epoch 117: TrainACC tensor([9.28], device='cuda:0'), Acc 31.337501525878906, Best Acc 32.05000305175781. (lr 0.011060862346268888, MMC 0.5153197646141052)
Epoch 118: TrainACC tensor([9.55], device='cuda:0'), Acc 30.950000762939453, Best Acc 32.05000305175781. (lr 0.01083431827600215, MMC 0.5176897048950195)
Epoch 119: TrainACC tensor([9.54], device='cuda:0'), Acc 32.337501525878906, Best Acc 32.05000305175781. (lr 0.010608805726393928, MMC 0.5190584063529968)
Epoch 120: TrainACC tensor([9.51], device='cuda:0'), Acc 31.875001907348633, Best Acc 32.337501525878906. (lr 0.010384380339291418, MMC 0.5207825899124146)
Epoch 121: TrainACC tensor([9.54], device='cuda:0'), Acc 32.0625, Best Acc 32.337501525878906. (lr 0.01016109748830073, MMC 0.5221855044364929)
Epoch 122: TrainACC tensor([9.61], device='cuda:0'), Acc 31.275001525878906, Best Acc 32.337501525878906. (lr 0.00993901226512431, MMC 0.523754894733429)
Epoch 123: TrainACC tensor([9.62], device='cuda:0'), Acc 32.0, Best Acc 32.337501525878906. (lr 0.009718179465967834, MMC 0.5250740647315979)
Epoch 124: TrainACC tensor([8.93], device='cuda:0'), Acc 29.42500114440918, Best Acc 32.337501525878906. (lr 0.009498653578020105, MMC 0.5248574018478394)
Epoch 125: TrainACC tensor([9.17], device='cuda:0'), Acc 31.712501525878906, Best Acc 32.337501525878906. (lr 0.009280488766009135, MMC 0.5172159075737)
Epoch 126: TrainACC tensor([9.38], device='cuda:0'), Acc 31.587501525878906, Best Acc 32.337501525878906. (lr 0.009063738858837812, MMC 0.5112528204917908)
Epoch 127: TrainACC tensor([9.42], device='cuda:0'), Acc 32.97500228881836, Best Acc 32.337501525878906. (lr 0.008848457336302447, MMC 0.5063429474830627)
Epoch 128: TrainACC tensor([9.44], device='cuda:0'), Acc 32.13750076293945, Best Acc 32.97500228881836. (lr 0.008634697315897387, MMC 0.5031507015228271)
Epoch 129: TrainACC tensor([9.52], device='cuda:0'), Acc 32.51250076293945, Best Acc 32.97500228881836. (lr 0.008422511539709111, MMC 0.5003993511199951)
Epoch 130: TrainACC tensor([9.49], device='cuda:0'), Acc 32.875, Best Acc 32.97500228881836. (lr 0.008211952361402892, MMC 0.49917569756507874)
Epoch 131: TrainACC tensor([9.47], device='cuda:0'), Acc 32.53750228881836, Best Acc 32.97500228881836. (lr 0.008003071733305311, MMC 0.4993712306022644)
Epoch 132: TrainACC tensor([9.35], device='cuda:0'), Acc 33.60000228881836, Best Acc 32.97500228881836. (lr 0.007795921193585794, MMC 0.5014035701751709)
Epoch 133: TrainACC tensor([9.59], device='cuda:0'), Acc 33.10000228881836, Best Acc 33.60000228881836. (lr 0.007590551853540372, MMC 0.5036691427230835)
Epoch 134: TrainACC tensor([9.48], device='cuda:0'), Acc 32.88750076293945, Best Acc 33.60000228881836. (lr 0.007387014384980685, MMC 0.5066849589347839)
Epoch 135: TrainACC tensor([9.63], device='cuda:0'), Acc 32.875, Best Acc 33.60000228881836. (lr 0.007185359007731507, MMC 0.5101059675216675)
Epoch 136: TrainACC tensor([9.56], device='cuda:0'), Acc 33.0625, Best Acc 33.60000228881836. (lr 0.006985635477239732, MMC 0.5135976672172546)
Epoch 137: TrainACC tensor([9.71], device='cuda:0'), Acc 33.525001525878906, Best Acc 33.60000228881836. (lr 0.006787893072297993, MMC 0.5163711309432983)
Epoch 138: TrainACC tensor([9.67], device='cuda:0'), Acc 33.41250228881836, Best Acc 33.60000228881836. (lr 0.006592180582885822, MMC 0.519378125667572)
Epoch 139: TrainACC tensor([9.65], device='cuda:0'), Acc 33.38750076293945, Best Acc 33.60000228881836. (lr 0.006398546298131471, MMC 0.5221991539001465)
Epoch 140: TrainACC tensor([9.74], device='cuda:0'), Acc 33.375, Best Acc 33.60000228881836. (lr 0.006207037994397291, MMC 0.525385320186615)
Epoch 141: TrainACC tensor([9.76], device='cuda:0'), Acc 33.25, Best Acc 33.60000228881836. (lr 0.006017702923491629, MMC 0.5291762948036194)
Epoch 142: TrainACC tensor([9.74], device='cuda:0'), Acc 33.73750305175781, Best Acc 33.60000228881836. (lr 0.005830587801010145, MMC 0.5324639081954956)
Epoch 143: TrainACC tensor([9.79], device='cuda:0'), Acc 33.98750305175781, Best Acc 33.73750305175781. (lr 0.005645738794809457, MMC 0.5351078510284424)
Epoch 144: TrainACC tensor([9.83], device='cuda:0'), Acc 33.5, Best Acc 33.98750305175781. (lr 0.005463201513615884, MMC 0.5378166437149048)
Epoch 145: TrainACC tensor([9.89], device='cuda:0'), Acc 33.28750228881836, Best Acc 33.98750305175781. (lr 0.005283020995772199, MMC 0.5401456356048584)
Epoch 146: TrainACC tensor([9.83], device='cuda:0'), Acc 33.42500305175781, Best Acc 33.98750305175781. (lr 0.0051052416981250785, MMC 0.5421687364578247)
Epoch 147: TrainACC tensor([9.93], device='cuda:0'), Acc 33.41250228881836, Best Acc 33.98750305175781. (lr 0.004929907485056045, MMC 0.5444694757461548)
Epoch 148: TrainACC tensor([10.], device='cuda:0'), Acc 33.30000305175781, Best Acc 33.98750305175781. (lr 0.004757061617658599, MMC 0.5461828112602234)
Epoch 149: TrainACC tensor([9.97], device='cuda:0'), Acc 34.05000305175781, Best Acc 33.98750305175781. (lr 0.00458674674306417, MMC 0.5482950806617737)
Epoch 150: TrainACC tensor([10.09], device='cuda:0'), Acc 33.73750305175781, Best Acc 34.05000305175781. (lr 0.004419004883919586, MMC 0.550645649433136)
Epoch 151: TrainACC tensor([10.07], device='cuda:0'), Acc 34.0, Best Acc 34.05000305175781. (lr 0.004253877428018617, MMC 0.5523973107337952)
Epoch 152: TrainACC tensor([10.24], device='cuda:0'), Acc 33.76250076293945, Best Acc 34.05000305175781. (lr 0.004091405118090151, MMC 0.5543291568756104)
Epoch 153: TrainACC tensor([10.11], device='cuda:0'), Acc 33.97500228881836, Best Acc 34.05000305175781. (lr 0.003931628041745532, MMC 0.5564048290252686)
Epoch 154: TrainACC tensor([10.13], device='cuda:0'), Acc 34.47500228881836, Best Acc 34.05000305175781. (lr 0.003774585621587563, MMC 0.5585463047027588)
Epoch 155: TrainACC tensor([10.22], device='cuda:0'), Acc 33.91250228881836, Best Acc 34.47500228881836. (lr 0.0036203166054835367, MMC 0.560396134853363)
Epoch 156: TrainACC tensor([10.37], device='cuda:0'), Acc 34.150001525878906, Best Acc 34.47500228881836. (lr 0.0034688590570047997, MMC 0.5624409317970276)
Epoch 157: TrainACC tensor([10.30], device='cuda:0'), Acc 34.275001525878906, Best Acc 34.47500228881836. (lr 0.0033202503460351314, MMC 0.5640562176704407)
Epoch 158: TrainACC tensor([10.37], device='cuda:0'), Acc 34.17500305175781, Best Acc 34.47500228881836. (lr 0.0031745271395502792, MMC 0.565759003162384)
Epoch 159: TrainACC tensor([10.35], device='cuda:0'), Acc 34.36250305175781, Best Acc 34.47500228881836. (lr 0.003031725392570948, MMC 0.5675090551376343)
Epoch 160: TrainACC tensor([10.46], device='cuda:0'), Acc 34.650001525878906, Best Acc 34.47500228881836. (lr 0.0028918803392914143, MMC 0.569456160068512)
Epoch 161: TrainACC tensor([10.44], device='cuda:0'), Acc 33.8125, Best Acc 34.650001525878906. (lr 0.002755026484386026, MMC 0.5710157155990601)
Epoch 162: TrainACC tensor([10.58], device='cuda:0'), Acc 33.98750305175781, Best Acc 34.650001525878906. (lr 0.0026211975944956927, MMC 0.5725640058517456)
Epoch 163: TrainACC tensor([10.66], device='cuda:0'), Acc 34.6875, Best Acc 34.650001525878906. (lr 0.0024904266898964733, MMC 0.5742144584655762)
Epoch 164: TrainACC tensor([10.66], device='cuda:0'), Acc 34.55000305175781, Best Acc 34.6875. (lr 0.0023627460363523077, MMC 0.5754878520965576)
Epoch 165: TrainACC tensor([10.77], device='cuda:0'), Acc 34.5, Best Acc 34.6875. (lr 0.0022381871371539323, MMC 0.5771307945251465)
Epoch 166: TrainACC tensor([10.77], device='cuda:0'), Acc 34.98750305175781, Best Acc 34.6875. (lr 0.002116780725345903, MMC 0.5786799192428589)
Epoch 167: TrainACC tensor([10.85], device='cuda:0'), Acc 34.61250305175781, Best Acc 34.98750305175781. (lr 0.0019985567561437035, MMC 0.579802930355072)
Epoch 168: TrainACC tensor([10.87], device='cuda:0'), Acc 34.6875, Best Acc 34.98750305175781. (lr 0.0018835443995427043, MMC 0.5811986923217773)
Epoch 169: TrainACC tensor([10.68], device='cuda:0'), Acc 33.32500076293945, Best Acc 34.98750305175781. (lr 0.0017717720331209285, MMC 0.5812023282051086)
Epoch 170: TrainACC tensor([10.78], device='cuda:0'), Acc 34.98750305175781, Best Acc 34.98750305175781. (lr 0.0016632672350373088, MMC 0.5805498361587524)
Epoch 171: TrainACC tensor([10.89], device='cuda:0'), Acc 34.60000228881836, Best Acc 34.98750305175781. (lr 0.0015580567772271762, MMC 0.5806900262832642)
Epoch 172: TrainACC tensor([10.95], device='cuda:0'), Acc 34.587501525878906, Best Acc 34.98750305175781. (lr 0.0014561666187967001, MMC 0.5813024640083313)
Epoch 173: TrainACC tensor([11.08], device='cuda:0'), Acc 34.60000228881836, Best Acc 34.98750305175781. (lr 0.0013576218996178557, MMC 0.5812552571296692)
Epoch 174: TrainACC tensor([11.00], device='cuda:0'), Acc 34.72500228881836, Best Acc 34.98750305175781. (lr 0.001262446934125546, MMC 0.5814951062202454)
Epoch 175: TrainACC tensor([10.98], device='cuda:0'), Acc 35.10000228881836, Best Acc 34.98750305175781. (lr 0.0011706652053183717, MMC 0.5823234915733337)
Epoch 176: TrainACC tensor([11.16], device='cuda:0'), Acc 35.087501525878906, Best Acc 35.10000228881836. (lr 0.0010822993589645537, MMC 0.5832996964454651)
Epoch 177: TrainACC tensor([11.18], device='cuda:0'), Acc 34.5, Best Acc 35.10000228881836. (lr 0.0009973711980144372, MMC 0.584139883518219)
Epoch 178: TrainACC tensor([11.11], device='cuda:0'), Acc 35.22500228881836, Best Acc 35.10000228881836. (lr 0.0009159016772209316, MMC 0.5850659012794495)
Epoch 179: TrainACC tensor([11.29], device='cuda:0'), Acc 35.30000305175781, Best Acc 35.22500228881836. (lr 0.0008379108979692337, MMC 0.5857049226760864)
Epoch 180: TrainACC tensor([11.20], device='cuda:0'), Acc 34.6875, Best Acc 35.30000305175781. (lr 0.0007634181033171244, MMC 0.5867470502853394)
Epoch 181: TrainACC tensor([11.27], device='cuda:0'), Acc 34.8125, Best Acc 35.30000305175781. (lr 0.0006924416732470231, MMC 0.5881836414337158)
Epoch 182: TrainACC tensor([11.33], device='cuda:0'), Acc 34.6875, Best Acc 35.30000305175781. (lr 0.0006249991201310098, MMC 0.5890448093414307)
Epoch 183: TrainACC tensor([11.43], device='cuda:0'), Acc 35.212501525878906, Best Acc 35.30000305175781. (lr 0.0005611070844098974, MMC 0.5901835560798645)
Epoch 184: TrainACC tensor([11.27], device='cuda:0'), Acc 35.0, Best Acc 35.30000305175781. (lr 0.000500781330487465, MMC 0.5911908149719238)
Epoch 185: TrainACC tensor([11.30], device='cuda:0'), Acc 35.16250228881836, Best Acc 35.30000305175781. (lr 0.00044403674284081683, MMC 0.5925796627998352)
Epoch 186: TrainACC tensor([11.36], device='cuda:0'), Acc 35.400001525878906, Best Acc 35.30000305175781. (lr 0.0003908873223478714, MMC 0.5939663648605347)
Epoch 187: TrainACC tensor([11.45], device='cuda:0'), Acc 35.03750228881836, Best Acc 35.400001525878906. (lr 0.0003413461828328386, MMC 0.5951602458953857)
Epoch 188: TrainACC tensor([11.41], device='cuda:0'), Acc 35.41250228881836, Best Acc 35.400001525878906. (lr 0.00029542554783059955, MMC 0.5963665246963501)
Epoch 189: TrainACC tensor([11.56], device='cuda:0'), Acc 35.10000228881836, Best Acc 35.41250228881836. (lr 0.0002531367475707136, MMC 0.5977793335914612)
Epoch 190: TrainACC tensor([11.47], device='cuda:0'), Acc 35.32500076293945, Best Acc 35.41250228881836. (lr 0.00021449021618186217, MMC 0.5990272760391235)
Epoch 191: TrainACC tensor([11.43], device='cuda:0'), Acc 35.32500076293945, Best Acc 35.41250228881836. (lr 0.0001794954891173853, MMC 0.6000044345855713)
Epoch 192: TrainACC tensor([11.50], device='cuda:0'), Acc 35.375, Best Acc 35.41250228881836. (lr 0.0001481612008025507, MMC 0.6009184122085571)
Epoch 193: TrainACC tensor([11.54], device='cuda:0'), Acc 35.25, Best Acc 35.41250228881836. (lr 0.00012049508250413378, MMC 0.6020234823226929)
Epoch 194: TrainACC tensor([11.52], device='cuda:0'), Acc 35.23750305175781, Best Acc 35.41250228881836. (lr 9.650396042284627e-05, MMC 0.6029831767082214)
Epoch 195: TrainACC tensor([11.59], device='cuda:0'), Acc 34.95000076293945, Best Acc 35.41250228881836. (lr 7.619375400907747e-05, MMC 0.6039644479751587)
Epoch 196: TrainACC tensor([11.59], device='cuda:0'), Acc 35.11250305175781, Best Acc 35.41250228881836. (lr 5.95694745023507e-05, MMC 0.6051790714263916)
Epoch 197: TrainACC tensor([11.56], device='cuda:0'), Acc 35.45000076293945, Best Acc 35.41250228881836. (lr 4.6635223694881e-05, MMC 0.6060068607330322)
Epoch 198: TrainACC tensor([11.56], device='cuda:0'), Acc 35.1875, Best Acc 35.45000076293945. (lr 3.739419291951198e-05, MMC 0.60686194896698)
Epoch 199: TrainACC tensor([11.59], device='cuda:0'), Acc 35.10000228881836, Best Acc 35.45000076293945. (lr 3.1848662262316104e-05, MMC 0.6077677011489868)
