args Namespace(arch='vgg19_bn', batch_size=128, closeset_ratio=0.2, conf_ema_range=[0.8, 0.9], cosine=True, dataset='Animal10N', epochs=150, epsilon=0.53, exp_dir='experiment/Animal10N-sota/Animal10N_2023-08-08-21-02-27ds_Animal10N_lr_0.02_ep_150_ps_1_lw_0.8_warmupepochs_12_rechange_per_epoch_30', forget_rate=0.2, gpu=0, loss_weight1=0.8, loss_weight2=1.5, low_dim=512, lr=0.02, lr_decay_epochs='100,150,180', lr_decay_rate=0.1, moco_m=0.999, moco_queue=8192, momentum=0.99, n_classes=196, noise_type='symmetric', print_freq=100, prot_start=1, proto_m=0.998, rechange_per_epoch=30, resume='', seed=100, synthetic_data=None, topk=5, warmupepochs=12, weight_decay=0.0005, workers=32)

Epoch 0: TrainACC 28.397937774658203, Acc 39.916133880615234, Best Acc 0. (lr 0.02, MMC 1.0)
Epoch 1: TrainACC 40.071929931640625, Acc 42.991214752197266, Best Acc 39.916133880615234. (lr 0.019997809027913708, MMC 1.0)
Epoch 2: TrainACC 44.092071533203125, Acc 48.44248962402344, Best Acc 42.991214752197266. (lr 0.019991237072687594, MMC 1.0)
Epoch 3: TrainACC 47.85006332397461, Acc 50.09983825683594, Best Acc 48.44248962402344. (lr 0.019980287016998433, MMC 1.0)
Epoch 4: TrainACC 49.25431442260742, Acc 49.301116943359375, Best Acc 50.09983825683594. (lr 0.01996496366390255, MMC 1.0)
Epoch 5: TrainACC 51.49816131591797, Acc 55.43130874633789, Best Acc 50.09983825683594. (lr 0.01994527373472905, MMC 1.0)
Epoch 6: TrainACC 53.978179931640625, Acc 59.16533279418945, Best Acc 55.43130874633789. (lr 0.019921225866131636, MMC 1.0)
Epoch 7: TrainACC 56.73833084106445, Acc 57.987220764160156, Best Acc 59.16533279418945. (lr 0.019892830606300253, MMC 1.0)
Epoch 8: TrainACC 58.2404899597168, Acc 56.25, Best Acc 59.16533279418945. (lr 0.019860100410334345, MMC 1.0)
Epoch 9: TrainACC 58.80874252319336, Acc 60.62300109863281, Best Acc 59.16533279418945. (lr 0.019823049634779603, MMC 1.0)
Epoch 10: TrainACC 61.056983947753906, Acc 65.29552459716797, Best Acc 60.62300109863281. (lr 0.019781694531330718, MMC 1.0)
Epoch 11: TrainACC 61.32113265991211, Acc 62.14057540893555, Best Acc 65.29552459716797. (lr 0.019736053239702872, MMC 0.8358526229858398)
    ----------  warmup end  -----------    
Epoch 12: TrainACC tensor([52.67], device='cuda:0'), Acc 54.033546447753906, Best Acc 65.29552459716797. (lr 0.019686145779675025, MMC 0.8362687230110168)
Epoch 13: TrainACC tensor([56.37], device='cuda:0'), Acc 61.741214752197266, Best Acc 65.29552459716797. (lr 0.019631994042308604, MMC 0.839154064655304)
Epoch 14: TrainACC tensor([60.37], device='cuda:0'), Acc 64.1573486328125, Best Acc 65.29552459716797. (lr 0.01957362178034535, MMC 0.8471043705940247)
Epoch 15: TrainACC tensor([62.24], device='cuda:0'), Acc 63.55830383300781, Best Acc 65.29552459716797. (lr 0.019511054597788586, MMC 0.8543338179588318)
Epoch 16: TrainACC tensor([63.44], device='cuda:0'), Acc 66.95287322998047, Best Acc 65.29552459716797. (lr 0.019444319938672436, MMC 0.8609390258789062)
Epoch 17: TrainACC tensor([64.27], device='cuda:0'), Acc 62.65974426269531, Best Acc 66.95287322998047. (lr 0.019373447075023996, MMC 0.8661996722221375)
Epoch 18: TrainACC tensor([63.61], device='cuda:0'), Acc 66.41373443603516, Best Acc 66.95287322998047. (lr 0.019298467094023632, MMC 0.8699844479560852)
Epoch 19: TrainACC tensor([64.99], device='cuda:0'), Acc 66.99281311035156, Best Acc 66.95287322998047. (lr 0.01921941288436912, MMC 0.8735912442207336)
Epoch 20: TrainACC tensor([65.03], device='cuda:0'), Acc 68.17092895507812, Best Acc 66.99281311035156. (lr 0.01913631912184958, MMC 0.8762494921684265)
Epoch 21: TrainACC tensor([64.73], device='cuda:0'), Acc 70.04792022705078, Best Acc 68.17092895507812. (lr 0.019049222254135537, MMC 0.8783332705497742)
Epoch 22: TrainACC tensor([65.55], device='cuda:0'), Acc 67.93130493164062, Best Acc 70.04792022705078. (lr 0.018958160484791736, MMC 0.8800920248031616)
Epoch 23: TrainACC tensor([66.70], device='cuda:0'), Acc 68.84983825683594, Best Acc 70.04792022705078. (lr 0.018863173756519833, MMC 0.8819572925567627)
Epoch 24: TrainACC tensor([66.01], device='cuda:0'), Acc 68.31069946289062, Best Acc 70.04792022705078. (lr 0.018764303733638195, MMC 0.8832359313964844)
Epoch 25: TrainACC tensor([66.03], device='cuda:0'), Acc 68.21086120605469, Best Acc 70.04792022705078. (lr 0.01866159378380654, MMC 0.8843803405761719)
Epoch 26: TrainACC tensor([66.38], device='cuda:0'), Acc 69.74839782714844, Best Acc 70.04792022705078. (lr 0.01855508895900346, MMC 0.8853945732116699)
Epoch 27: TrainACC tensor([65.71], device='cuda:0'), Acc 65.71485137939453, Best Acc 70.04792022705078. (lr 0.01844483597576513, MMC 0.8859036564826965)
Epoch 28: TrainACC tensor([66.57], device='cuda:0'), Acc 67.95127868652344, Best Acc 70.04792022705078. (lr 0.018330883194693892, MMC 0.88670414686203)
Epoch 29: TrainACC tensor([66.88], device='cuda:0'), Acc 68.84983825683594, Best Acc 70.04792022705078. (lr 0.018213280599245704, MMC 0.8872892260551453)
Epoch 30: TrainACC tensor([66.60], device='cuda:0'), Acc 67.97124481201172, Best Acc 70.04792022705078. (lr 0.018092079773805725, MMC 0.8878841996192932)
Epoch 31: TrainACC tensor([67.34], device='cuda:0'), Acc 71.24600219726562, Best Acc 70.04792022705078. (lr 0.017967333881061722, MMC 0.8882752656936646)
Epoch 32: TrainACC tensor([66.85], device='cuda:0'), Acc 69.92811584472656, Best Acc 71.24600219726562. (lr 0.01783909763868514, MMC 0.8885500431060791)
Epoch 33: TrainACC tensor([67.17], device='cuda:0'), Acc 70.56709289550781, Best Acc 71.24600219726562. (lr 0.017707427295330137, MMC 0.8890857100486755)
Epoch 34: TrainACC tensor([67.45], device='cuda:0'), Acc 68.21086120605469, Best Acc 71.24600219726562. (lr 0.017572380605961047, MMC 0.8894225358963013)
Epoch 35: TrainACC tensor([67.10], device='cuda:0'), Acc 70.80670928955078, Best Acc 71.24600219726562. (lr 0.01743401680651917, MMC 0.8896127939224243)
Epoch 36: TrainACC tensor([67.80], device='cuda:0'), Acc 71.42572021484375, Best Acc 71.24600219726562. (lr 0.017292396587939903, MMC 0.8898838758468628)
Epoch 37: TrainACC tensor([67.85], device='cuda:0'), Acc 70.64696502685547, Best Acc 71.42572021484375. (lr 0.017147582069531705, MMC 0.8902494311332703)
Epoch 38: TrainACC tensor([67.66], device='cuda:0'), Acc 69.00958251953125, Best Acc 71.42572021484375. (lr 0.016999636771728523, MMC 0.8904950022697449)
Epoch 39: TrainACC tensor([67.60], device='cuda:0'), Acc 71.22603607177734, Best Acc 71.42572021484375. (lr 0.0168486255882276, MMC 0.8909209966659546)
Epoch 40: TrainACC tensor([68.13], device='cuda:0'), Acc 72.0247573852539, Best Acc 71.42572021484375. (lr 0.016694614757524994, MMC 0.8910041451454163)
Epoch 41: TrainACC tensor([65.81], device='cuda:0'), Acc 69.10942077636719, Best Acc 72.0247573852539. (lr 0.016537671833861154, MMC 0.8910107612609863)
Epoch 42: TrainACC tensor([67.23], device='cuda:0'), Acc 70.46725463867188, Best Acc 72.0247573852539. (lr 0.016377865657589412, MMC 0.881149172782898)
Epoch 43: TrainACC tensor([68.10], device='cuda:0'), Acc 72.90335083007812, Best Acc 72.0247573852539. (lr 0.016215266324980323, MMC 0.873282790184021)
Epoch 44: TrainACC tensor([67.97], device='cuda:0'), Acc 71.52555847167969, Best Acc 72.90335083007812. (lr 0.016049945157475126, MMC 0.8670315146446228)
Epoch 45: TrainACC tensor([67.93], device='cuda:0'), Acc 69.02954864501953, Best Acc 72.90335083007812. (lr 0.015881974670401807, MMC 0.8618226051330566)
Epoch 46: TrainACC tensor([68.36], device='cuda:0'), Acc 70.70687103271484, Best Acc 72.90335083007812. (lr 0.015711428541167475, MMC 0.8576245307922363)
Epoch 47: TrainACC tensor([68.94], device='cuda:0'), Acc 73.18290710449219, Best Acc 72.90335083007812. (lr 0.015538381576941008, MMC 0.8548629283905029)
Epoch 48: TrainACC tensor([68.68], device='cuda:0'), Acc 71.58546447753906, Best Acc 73.18290710449219. (lr 0.015362909681840176, MMC 0.8531239032745361)
Epoch 49: TrainACC tensor([68.95], device='cuda:0'), Acc 71.24600219726562, Best Acc 73.18290710449219. (lr 0.015185089823637572, MMC 0.8520953059196472)
Epoch 50: TrainACC tensor([67.73], device='cuda:0'), Acc 72.2444076538086, Best Acc 73.18290710449219. (lr 0.015005000000000001, MMC 0.8509244918823242)
Epoch 51: TrainACC tensor([69.22], device='cuda:0'), Acc 73.02316284179688, Best Acc 73.18290710449219. (lr 0.014822719204276136, MMC 0.8509254455566406)
Epoch 52: TrainACC tensor([69.53], device='cuda:0'), Acc 72.7835464477539, Best Acc 73.18290710449219. (lr 0.01463832739084742, MMC 0.8514885902404785)
Epoch 53: TrainACC tensor([69.80], device='cuda:0'), Acc 70.52715301513672, Best Acc 73.18290710449219. (lr 0.014451905440057426, MMC 0.8520285487174988)
Epoch 54: TrainACC tensor([69.52], device='cuda:0'), Acc 71.8650131225586, Best Acc 73.18290710449219. (lr 0.014263535122735076, MMC 0.8523001074790955)
Epoch 55: TrainACC tensor([69.48], device='cuda:0'), Acc 72.72364044189453, Best Acc 73.18290710449219. (lr 0.014073299064327244, MMC 0.8524373173713684)
Epoch 56: TrainACC tensor([69.72], device='cuda:0'), Acc 71.685302734375, Best Acc 73.18290710449219. (lr 0.013881280708656508, MMC 0.8529167175292969)
Epoch 57: TrainACC tensor([69.90], device='cuda:0'), Acc 73.26277923583984, Best Acc 73.18290710449219. (lr 0.013687564281319935, MMC 0.8533180952072144)
Epoch 58: TrainACC tensor([69.92], device='cuda:0'), Acc 73.22283935546875, Best Acc 73.26277923583984. (lr 0.013492234752744935, MMC 0.853101372718811)
Epoch 59: TrainACC tensor([70.65], device='cuda:0'), Acc 72.16453552246094, Best Acc 73.26277923583984. (lr 0.013295377800918447, MMC 0.853569746017456)
Epoch 60: TrainACC tensor([70.35], device='cuda:0'), Acc 69.70846557617188, Best Acc 73.26277923583984. (lr 0.013097079773805725, MMC 0.853781521320343)
Epoch 61: TrainACC tensor([70.08], device='cuda:0'), Acc 71.58546447753906, Best Acc 73.26277923583984. (lr 0.01289742765147527, MMC 0.8542563915252686)
Epoch 62: TrainACC tensor([70.57], device='cuda:0'), Acc 73.3426513671875, Best Acc 73.26277923583984. (lr 0.012696509007946504, MMC 0.854603111743927)
Epoch 63: TrainACC tensor([70.60], device='cuda:0'), Acc 73.84185028076172, Best Acc 73.3426513671875. (lr 0.012494411972776898, MMC 0.8549253940582275)
Epoch 64: TrainACC tensor([70.50], device='cuda:0'), Acc 73.98162841796875, Best Acc 73.84185028076172. (lr 0.012291225192405452, MMC 0.855194091796875)
Epoch 65: TrainACC tensor([71.01], device='cuda:0'), Acc 73.20287322998047, Best Acc 73.98162841796875. (lr 0.012087037791269416, MMC 0.8557479977607727)
Epoch 66: TrainACC tensor([71.16], device='cuda:0'), Acc 74.50080108642578, Best Acc 73.98162841796875. (lr 0.01188193933271139, MMC 0.8561335802078247)
Epoch 67: TrainACC tensor([71.27], device='cuda:0'), Acc 73.88179016113281, Best Acc 74.50080108642578. (lr 0.011676019779693863, MMC 0.8566888570785522)
Epoch 68: TrainACC tensor([71.05], device='cuda:0'), Acc 74.64057159423828, Best Acc 74.50080108642578. (lr 0.011469369455338493, MMC 0.8568682074546814)
Epoch 69: TrainACC tensor([71.49], device='cuda:0'), Acc 74.76038360595703, Best Acc 74.64057159423828. (lr 0.011262079003307399, MMC 0.857120931148529)
Epoch 70: TrainACC tensor([71.56], device='cuda:0'), Acc 75.53913879394531, Best Acc 74.76038360595703. (lr 0.011054239348043862, MMC 0.8575536012649536)
Epoch 71: TrainACC tensor([70.11], device='cuda:0'), Acc 74.26117706298828, Best Acc 75.53913879394531. (lr 0.010845941654889833, MMC 0.8575838208198547)
Epoch 72: TrainACC tensor([70.63], device='cuda:0'), Acc 74.90016174316406, Best Acc 75.53913879394531. (lr 0.010637277290097842, MMC 0.8532276153564453)
Epoch 73: TrainACC tensor([71.70], device='cuda:0'), Acc 75.73881530761719, Best Acc 75.53913879394531. (lr 0.010428337780754705, MMC 0.850222110748291)
Epoch 74: TrainACC tensor([72.11], device='cuda:0'), Acc 75.63897705078125, Best Acc 75.73881530761719. (lr 0.010219214774634736, MMC 0.847786009311676)
Epoch 75: TrainACC tensor([72.41], device='cuda:0'), Acc 75.57907104492188, Best Acc 75.73881530761719. (lr 0.01001, MMC 0.8459380865097046)
Epoch 76: TrainACC tensor([72.74], device='cuda:0'), Acc 74.10143280029297, Best Acc 75.73881530761719. (lr 0.009800785225365267, MMC 0.8445146679878235)
Epoch 77: TrainACC tensor([72.80], device='cuda:0'), Acc 75.07987213134766, Best Acc 75.73881530761719. (lr 0.009591662219245295, MMC 0.8434479236602783)
Epoch 78: TrainACC tensor([73.11], device='cuda:0'), Acc 75.99839782714844, Best Acc 75.73881530761719. (lr 0.009382722709902161, MMC 0.8431457877159119)
Epoch 79: TrainACC tensor([73.04], device='cuda:0'), Acc 74.9600601196289, Best Acc 75.99839782714844. (lr 0.009174058345110167, MMC 0.8430135846138)
Epoch 80: TrainACC tensor([72.57], device='cuda:0'), Acc 75.97843170166016, Best Acc 75.99839782714844. (lr 0.008965760651956143, MMC 0.8426318764686584)
Epoch 81: TrainACC tensor([73.40], device='cuda:0'), Acc 74.74041748046875, Best Acc 75.99839782714844. (lr 0.0087579209966926, MMC 0.8431265354156494)
Epoch 82: TrainACC tensor([73.72], device='cuda:0'), Acc 77.09664154052734, Best Acc 75.99839782714844. (lr 0.00855063054466151, MMC 0.8438903093338013)
Epoch 83: TrainACC tensor([73.69], device='cuda:0'), Acc 76.97683715820312, Best Acc 77.09664154052734. (lr 0.008343980220306137, MMC 0.8444623351097107)
Epoch 84: TrainACC tensor([73.93], device='cuda:0'), Acc 77.79552459716797, Best Acc 77.09664154052734. (lr 0.00813806066728861, MMC 0.8448766469955444)
Epoch 85: TrainACC tensor([73.73], device='cuda:0'), Acc 76.51757049560547, Best Acc 77.79552459716797. (lr 0.007932962208730583, MMC 0.8451896905899048)
Epoch 86: TrainACC tensor([73.70], device='cuda:0'), Acc 76.43769836425781, Best Acc 77.79552459716797. (lr 0.007728774807594551, MMC 0.8453994989395142)
Epoch 87: TrainACC tensor([74.31], device='cuda:0'), Acc 77.71565246582031, Best Acc 77.79552459716797. (lr 0.007525588027223103, MMC 0.8461442589759827)
Epoch 88: TrainACC tensor([74.90], device='cuda:0'), Acc 76.49760437011719, Best Acc 77.79552459716797. (lr 0.007323490992053499, MMC 0.8471160531044006)
Epoch 89: TrainACC tensor([74.66], device='cuda:0'), Acc 75.67890930175781, Best Acc 77.79552459716797. (lr 0.007122572348524727, MMC 0.8478821516036987)
Epoch 90: TrainACC tensor([74.64], device='cuda:0'), Acc 77.176513671875, Best Acc 77.79552459716797. (lr 0.006922920226194277, MMC 0.8484760522842407)
Epoch 91: TrainACC tensor([75.35], device='cuda:0'), Acc 77.79552459716797, Best Acc 77.79552459716797. (lr 0.006724622199081554, MMC 0.8493213057518005)
Epoch 92: TrainACC tensor([75.47], device='cuda:0'), Acc 77.3761978149414, Best Acc 77.79552459716797. (lr 0.0065277652472550685, MMC 0.8498979210853577)
Epoch 93: TrainACC tensor([75.46], device='cuda:0'), Acc 78.694091796875, Best Acc 77.79552459716797. (lr 0.00633243571868007, MMC 0.8507547974586487)
Epoch 94: TrainACC tensor([75.31], device='cuda:0'), Acc 77.935302734375, Best Acc 78.694091796875. (lr 0.006138719291343492, MMC 0.8511079549789429)
Epoch 95: TrainACC tensor([75.75], device='cuda:0'), Acc 77.53594207763672, Best Acc 78.694091796875. (lr 0.0059467009356727555, MMC 0.8515878915786743)
Epoch 96: TrainACC tensor([75.91], device='cuda:0'), Acc 78.67411804199219, Best Acc 78.694091796875. (lr 0.005756464877264925, MMC 0.8521445393562317)
Epoch 97: TrainACC tensor([76.43], device='cuda:0'), Acc 77.555908203125, Best Acc 78.694091796875. (lr 0.0055680945599425775, MMC 0.8530387282371521)
Epoch 98: TrainACC tensor([76.79], device='cuda:0'), Acc 78.01517486572266, Best Acc 78.694091796875. (lr 0.005381672609152584, MMC 0.8537818789482117)
Epoch 99: TrainACC tensor([76.49], device='cuda:0'), Acc 78.97364044189453, Best Acc 78.694091796875. (lr 0.005197280795723863, MMC 0.8546056747436523)
Epoch 100: TrainACC tensor([76.88], device='cuda:0'), Acc 78.47444152832031, Best Acc 78.97364044189453. (lr 0.005014999999999998, MMC 0.8555209040641785)
Epoch 101: TrainACC tensor([76.76], device='cuda:0'), Acc 79.09345245361328, Best Acc 78.97364044189453. (lr 0.004834910176362431, MMC 0.8555452823638916)
Epoch 102: TrainACC tensor([76.62], device='cuda:0'), Acc 78.53433990478516, Best Acc 79.09345245361328. (lr 0.004657090318159826, MMC 0.8539038896560669)
Epoch 103: TrainACC tensor([77.41], device='cuda:0'), Acc 79.19329071044922, Best Acc 79.09345245361328. (lr 0.004481618423058994, MMC 0.8533785939216614)
Epoch 104: TrainACC tensor([77.57], device='cuda:0'), Acc 80.05191802978516, Best Acc 79.19329071044922. (lr 0.004308571458832529, MMC 0.8526068329811096)
Epoch 105: TrainACC tensor([77.85], device='cuda:0'), Acc 79.95207214355469, Best Acc 80.05191802978516. (lr 0.004138025329598195, MMC 0.8524264097213745)
Epoch 106: TrainACC tensor([78.32], device='cuda:0'), Acc 80.71086120605469, Best Acc 80.05191802978516. (lr 0.003970054842524876, MMC 0.8524033427238464)
Epoch 107: TrainACC tensor([78.68], device='cuda:0'), Acc 80.01197814941406, Best Acc 80.71086120605469. (lr 0.00380473367501968, MMC 0.852688729763031)
Epoch 108: TrainACC tensor([78.87], device='cuda:0'), Acc 79.31309509277344, Best Acc 80.71086120605469. (lr 0.00364213434241059, MMC 0.8532884120941162)
Epoch 109: TrainACC tensor([78.97], device='cuda:0'), Acc 80.79073333740234, Best Acc 80.71086120605469. (lr 0.00348232816613885, MMC 0.8539204597473145)
Epoch 110: TrainACC tensor([79.36], device='cuda:0'), Acc 80.1517562866211, Best Acc 80.79073333740234. (lr 0.0033253852424750064, MMC 0.8549846410751343)
Epoch 111: TrainACC tensor([79.44], device='cuda:0'), Acc 81.68929290771484, Best Acc 80.79073333740234. (lr 0.0031713744117724, MMC 0.8559027910232544)
Epoch 112: TrainACC tensor([79.69], device='cuda:0'), Acc 80.51117706298828, Best Acc 81.68929290771484. (lr 0.0030203632282714784, MMC 0.8567602634429932)
Epoch 113: TrainACC tensor([80.24], device='cuda:0'), Acc 81.56948852539062, Best Acc 81.68929290771484. (lr 0.002872417930468297, MMC 0.8576818704605103)
Epoch 114: TrainACC tensor([80.44], device='cuda:0'), Acc 81.34983825683594, Best Acc 81.68929290771484. (lr 0.002727603412060101, MMC 0.8590211272239685)
Epoch 115: TrainACC tensor([80.77], device='cuda:0'), Acc 81.9688491821289, Best Acc 81.68929290771484. (lr 0.0025859831934808308, MMC 0.8603938817977905)
Epoch 116: TrainACC tensor([81.14], device='cuda:0'), Acc 80.75080108642578, Best Acc 81.9688491821289. (lr 0.002447619394038955, MMC 0.8616719841957092)
Epoch 117: TrainACC tensor([81.07], device='cuda:0'), Acc 81.50958251953125, Best Acc 81.9688491821289. (lr 0.0023125727046698664, MMC 0.8627449870109558)
Epoch 118: TrainACC tensor([81.43], device='cuda:0'), Acc 81.4297103881836, Best Acc 81.9688491821289. (lr 0.0021809023613148615, MMC 0.8637109398841858)
Epoch 119: TrainACC tensor([81.88], device='cuda:0'), Acc 81.94888305664062, Best Acc 81.9688491821289. (lr 0.0020526661189382797, MMC 0.8650677800178528)
Epoch 120: TrainACC tensor([82.22], device='cuda:0'), Acc 81.26996612548828, Best Acc 81.9688491821289. (lr 0.0019279202261942763, MMC 0.8663628101348877)
Epoch 121: TrainACC tensor([82.47], device='cuda:0'), Acc 81.78913879394531, Best Acc 81.9688491821289. (lr 0.0018067194007542968, MMC 0.8675390481948853)
Epoch 122: TrainACC tensor([82.68], device='cuda:0'), Acc 82.44808197021484, Best Acc 81.9688491821289. (lr 0.0016891168053061068, MMC 0.8688555955886841)
Epoch 123: TrainACC tensor([83.19], device='cuda:0'), Acc 82.56788635253906, Best Acc 82.44808197021484. (lr 0.0015751640242348695, MMC 0.8704239726066589)
Epoch 124: TrainACC tensor([83.60], device='cuda:0'), Acc 83.02715301513672, Best Acc 82.56788635253906. (lr 0.0014649110409965392, MMC 0.8719995021820068)
Epoch 125: TrainACC tensor([83.87], device='cuda:0'), Acc 82.42811584472656, Best Acc 83.02715301513672. (lr 0.0013584062161934598, MMC 0.8736056089401245)
Epoch 126: TrainACC tensor([84.13], device='cuda:0'), Acc 83.22683715820312, Best Acc 83.02715301513672. (lr 0.001255696266361803, MMC 0.8749324083328247)
Epoch 127: TrainACC tensor([84.35], device='cuda:0'), Acc 83.6261978149414, Best Acc 83.22683715820312. (lr 0.001156826243480165, MMC 0.8762680888175964)
Epoch 128: TrainACC tensor([84.88], device='cuda:0'), Acc 83.50638580322266, Best Acc 83.6261978149414. (lr 0.0010618395152082675, MMC 0.8779069185256958)
Epoch 129: TrainACC tensor([85.18], device='cuda:0'), Acc 83.6261978149414, Best Acc 83.6261978149414. (lr 0.0009707777458644668, MMC 0.8793026208877563)
Epoch 130: TrainACC tensor([85.44], device='cuda:0'), Acc 83.30670928955078, Best Acc 83.6261978149414. (lr 0.0008836808781504186, MMC 0.8807133436203003)
Epoch 131: TrainACC tensor([85.80], device='cuda:0'), Acc 83.54632568359375, Best Acc 83.6261978149414. (lr 0.0008005871156308789, MMC 0.8807385563850403)
Epoch 132: TrainACC tensor([86.22], device='cuda:0'), Acc 83.60623168945312, Best Acc 83.6261978149414. (lr 0.0007215329059763691, MMC 0.8813290596008301)
Epoch 133: TrainACC tensor([86.51], device='cuda:0'), Acc 83.60623168945312, Best Acc 83.6261978149414. (lr 0.0006465529249760044, MMC 0.8824815154075623)
Epoch 134: TrainACC tensor([86.87], device='cuda:0'), Acc 83.78594207763672, Best Acc 83.6261978149414. (lr 0.000575680061327565, MMC 0.8837289810180664)
Epoch 135: TrainACC tensor([87.34], device='cuda:0'), Acc 84.0055923461914, Best Acc 83.78594207763672. (lr 0.0005089454022114163, MMC 0.8849215507507324)
Epoch 136: TrainACC tensor([87.60], device='cuda:0'), Acc 84.40495300292969, Best Acc 84.0055923461914. (lr 0.00044637821965464824, MMC 0.8864005208015442)
Epoch 137: TrainACC tensor([88.08], device='cuda:0'), Acc 84.16533660888672, Best Acc 84.40495300292969. (lr 0.00038800595769139556, MMC 0.8878158926963806)
Epoch 138: TrainACC tensor([88.17], device='cuda:0'), Acc 84.82427978515625, Best Acc 84.40495300292969. (lr 0.00033385422032497557, MMC 0.8893058896064758)
Epoch 139: TrainACC tensor([88.47], device='cuda:0'), Acc 84.76437377929688, Best Acc 84.82427978515625. (lr 0.00028394676029712873, MMC 0.8909493684768677)
Epoch 140: TrainACC tensor([88.88], device='cuda:0'), Acc 84.88418579101562, Best Acc 84.82427978515625. (lr 0.0002383054686692823, MMC 0.8925329446792603)
Epoch 141: TrainACC tensor([88.92], device='cuda:0'), Acc 84.78433990478516, Best Acc 84.88418579101562. (lr 0.0001969503652204008, MMC 0.8940504193305969)
Epoch 142: TrainACC tensor([89.26], device='cuda:0'), Acc 84.84424591064453, Best Acc 84.88418579101562. (lr 0.00015989958966565522, MMC 0.8955610990524292)
Epoch 143: TrainACC tensor([89.43], device='cuda:0'), Acc 85.1238021850586, Best Acc 84.88418579101562. (lr 0.00012716939369974658, MMC 0.8970876932144165)
Epoch 144: TrainACC tensor([89.59], device='cuda:0'), Acc 84.9041519165039, Best Acc 85.1238021850586. (lr 9.877413386836714e-05, MMC 0.898649275302887)
Epoch 145: TrainACC tensor([89.86], device='cuda:0'), Acc 84.86421203613281, Best Acc 85.1238021850586. (lr 7.472626527094985e-05, MMC 0.9000419974327087)
Epoch 146: TrainACC tensor([89.89], device='cuda:0'), Acc 85.1238021850586, Best Acc 85.1238021850586. (lr 5.503633609745135e-05, MMC 0.9013664126396179)
Epoch 147: TrainACC tensor([90.06], device='cuda:0'), Acc 85.2835464477539, Best Acc 85.1238021850586. (lr 3.971298300156713e-05, MMC 0.9026482701301575)
Epoch 148: TrainACC tensor([90.06], device='cuda:0'), Acc 85.18370819091797, Best Acc 85.2835464477539. (lr 2.8762927312404758e-05, MMC 0.9037262797355652)
Epoch 149: TrainACC tensor([90.13], device='cuda:0'), Acc 84.94408416748047, Best Acc 85.2835464477539. (lr 2.2190972086293465e-05, MMC 0.9048328399658203)
