args Namespace(arch='sevenCNN', batch_size=128, closeset_ratio=0.2, conf_ema_range=[0.8, 0.9], cosine=True, dataset='cifar100', epochs=200, epsilon=0.6, exp_dir='experiment/cifar-sota/Cifar2023-08-14-14-20-03ds_cifar100_lr_0.02_ep_200_ps_1_lw_1.3_warmupepochs_30_rechange_per_epoch_30', forget_rate=0.2, gpu=0, loss_weight1=1.3, loss_weight2=0.7, low_dim=256, lr=0.02, lr_decay_epochs='100,150,180', lr_decay_rate=0.1, moco_m=0.999, moco_queue=8192, momentum=0.9, n_classes=100, noise_type='symmetric', print_freq=100, prot_start=1, proto_m=0.988, rechange_per_epoch=30, resume='', seed=100, synthetic_data='cifar100nc', topk=10, warmupepochs=30, warmuplr=0.01, weight_decay=0.0011, workers=32)

Epoch 0: TrainACC 7.044437408447266, Acc 14.769999504089355, Best Acc 0. (lr 0.02, MMC 1.0)
Epoch 1: TrainACC 13.734814643859863, Acc 18.65999984741211, Best Acc 14.769999504089355. (lr 0.019998767558491788, MMC 1.0)
Epoch 2: TrainACC 18.909446716308594, Acc 26.059999465942383, Best Acc 18.65999984741211. (lr 0.019995070538053657, MMC 1.0)
Epoch 3: TrainACC 22.766544342041016, Acc 28.34000015258789, Best Acc 26.059999465942383. (lr 0.019988909850870082, MMC 1.0)
Epoch 4: TrainACC 25.779251098632812, Acc 31.399999618530273, Best Acc 28.34000015258789. (lr 0.019980287016998433, MMC 1.0)
Epoch 5: TrainACC 28.123401641845703, Acc 34.97999954223633, Best Acc 31.399999618530273. (lr 0.01996920416399395, MMC 1.0)
Epoch 6: TrainACC 30.25775146484375, Acc 36.31999969482422, Best Acc 34.97999954223633. (lr 0.01995566402638477, MMC 1.0)
Epoch 7: TrainACC 32.18989562988281, Acc 38.849998474121094, Best Acc 36.31999969482422. (lr 0.019939669944997247, MMC 1.0)
Epoch 8: TrainACC 33.20012664794922, Acc 40.79999923706055, Best Acc 38.849998474121094. (lr 0.019921225866131636, MMC 1.0)
Epoch 9: TrainACC 34.45772171020508, Acc 41.25, Best Acc 40.79999923706055. (lr 0.01990033634058841, MMC 1.0)
Epoch 10: TrainACC 35.56066131591797, Acc 40.77000045776367, Best Acc 41.25. (lr 0.019877006522545426, MMC 1.0)
Epoch 11: TrainACC 36.30234909057617, Acc 42.53999710083008, Best Acc 41.25. (lr 0.019851242168286192, MMC 1.0)
Epoch 12: TrainACC 37.59431076049805, Acc 43.619998931884766, Best Acc 42.53999710083008. (lr 0.019823049634779603, MMC 1.0)
Epoch 13: TrainACC 38.38115310668945, Acc 44.11000061035156, Best Acc 43.619998931884766. (lr 0.019792435878111442, MMC 1.0)
Epoch 14: TrainACC 39.13083267211914, Acc 45.05999755859375, Best Acc 44.11000061035156. (lr 0.019759408451768087, MMC 1.0)
Epoch 15: TrainACC 39.830162048339844, Acc 42.79999923706055, Best Acc 45.05999755859375. (lr 0.01972397550477279, MMC 1.0)
Epoch 16: TrainACC 40.34806442260742, Acc 46.89999771118164, Best Acc 45.05999755859375. (lr 0.019686145779675025, MMC 1.0)
Epoch 17: TrainACC 40.69093704223633, Acc 45.63999938964844, Best Acc 46.89999771118164. (lr 0.019645928610393402, MMC 1.0)
Epoch 18: TrainACC 41.41184616088867, Acc 45.65999984741211, Best Acc 46.89999771118164. (lr 0.01960333391991266, MMC 1.0)
Epoch 19: TrainACC 41.500160217285156, Acc 47.13999938964844, Best Acc 46.89999771118164. (lr 0.019558372217835317, MMC 1.0)
Epoch 20: TrainACC 42.05882263183594, Acc 46.5, Best Acc 47.13999938964844. (lr 0.019511054597788586, MMC 1.0)
Epoch 21: TrainACC 42.436859130859375, Acc 45.97999954223633, Best Acc 47.13999938964844. (lr 0.019461392734687177, MMC 1.0)
Epoch 22: TrainACC 42.640663146972656, Acc 48.38999938964844, Best Acc 47.13999938964844. (lr 0.019409398881852714, MMC 1.0)
Epoch 23: TrainACC 42.9247932434082, Acc 48.97999954223633, Best Acc 48.38999938964844. (lr 0.019355085867990375, MMC 1.0)
Epoch 24: TrainACC 43.50183868408203, Acc 45.34000015258789, Best Acc 48.97999954223633. (lr 0.019298467094023632, MMC 1.0)
Epoch 25: TrainACC 43.720428466796875, Acc 47.98999786376953, Best Acc 48.97999954223633. (lr 0.019239556529787753, MMC 1.0)
Epoch 26: TrainACC 43.99696350097656, Acc 47.72999954223633, Best Acc 48.97999954223633. (lr 0.019178368710582972, MMC 1.0)
Epoch 27: TrainACC 44.07928466796875, Acc 47.939998626708984, Best Acc 48.97999954223633. (lr 0.019114918733588098, MMC 1.0)
Epoch 28: TrainACC 44.344627380371094, Acc 48.349998474121094, Best Acc 48.97999954223633. (lr 0.019049222254135537, MMC 1.0)
Epoch 29: TrainACC 44.88570785522461, Acc 48.029998779296875, Best Acc 48.97999954223633. (lr 0.01898129548184855, MMC 0.8153824806213379)
    ----------  warmup end  -----------    
Epoch 30: TrainACC tensor([34.44], device='cuda:0'), Acc 38.40999984741211, Best Acc 48.97999954223633. (lr 0.018911155176641794, MMC 0.819929838180542)
Epoch 31: TrainACC tensor([38.96], device='cuda:0'), Acc 45.71999740600586, Best Acc 48.97999954223633. (lr 0.018838818644586048, MMC 0.8260315656661987)
Epoch 32: TrainACC tensor([40.74], device='cuda:0'), Acc 46.0, Best Acc 48.97999954223633. (lr 0.018764303733638195, MMC 0.8313491940498352)
Epoch 33: TrainACC tensor([42.40], device='cuda:0'), Acc 45.91999816894531, Best Acc 48.97999954223633. (lr 0.01868762882923753, MMC 0.836176335811615)
Epoch 34: TrainACC tensor([43.38], device='cuda:0'), Acc 48.599998474121094, Best Acc 48.97999954223633. (lr 0.018608812849769396, MMC 0.840643584728241)
Epoch 35: TrainACC tensor([44.52], device='cuda:0'), Acc 49.96999740600586, Best Acc 48.97999954223633. (lr 0.01852787524189738, MMC 0.8447802066802979)
Epoch 36: TrainACC tensor([45.19], device='cuda:0'), Acc 49.64999771118164, Best Acc 49.96999740600586. (lr 0.01844483597576513, MMC 0.8485899567604065)
Epoch 37: TrainACC tensor([45.49], device='cuda:0'), Acc 51.79999923706055, Best Acc 49.96999740600586. (lr 0.018359715540069023, MMC 0.8519583344459534)
Epoch 38: TrainACC tensor([46.37], device='cuda:0'), Acc 51.78999710083008, Best Acc 51.79999923706055. (lr 0.01827253493700287, MMC 0.8549274206161499)
Epoch 39: TrainACC tensor([46.80], device='cuda:0'), Acc 52.31999969482422, Best Acc 51.79999923706055. (lr 0.018183315677075984, MMC 0.8576521873474121)
Epoch 40: TrainACC tensor([47.01], device='cuda:0'), Acc 47.78999710083008, Best Acc 52.31999969482422. (lr 0.018092079773805725, MMC 0.8601542115211487)
Epoch 41: TrainACC tensor([47.61], device='cuda:0'), Acc 52.52000045776367, Best Acc 52.31999969482422. (lr 0.017998849738286037, MMC 0.8623818755149841)
Epoch 42: TrainACC tensor([47.56], device='cuda:0'), Acc 53.28999710083008, Best Acc 52.52000045776367. (lr 0.017903648573633146, MMC 0.8643096685409546)
Epoch 43: TrainACC tensor([47.96], device='cuda:0'), Acc 52.959999084472656, Best Acc 53.28999710083008. (lr 0.017806499769309914, MMC 0.8660849928855896)
Epoch 44: TrainACC tensor([48.31], device='cuda:0'), Acc 51.939998626708984, Best Acc 53.28999710083008. (lr 0.017707427295330137, MMC 0.867697536945343)
Epoch 45: TrainACC tensor([48.30], device='cuda:0'), Acc 53.82999801635742, Best Acc 53.28999710083008. (lr 0.01760645559634431, MMC 0.8690500855445862)
Epoch 46: TrainACC tensor([48.69], device='cuda:0'), Acc 52.31999969482422, Best Acc 53.82999801635742. (lr 0.01750360958560829, MMC 0.8702904582023621)
Epoch 47: TrainACC tensor([49.10], device='cuda:0'), Acc 52.90999984741211, Best Acc 53.82999801635742. (lr 0.017398914638836308, MMC 0.8714020848274231)
Epoch 48: TrainACC tensor([48.79], device='cuda:0'), Acc 53.46999740600586, Best Acc 53.82999801635742. (lr 0.017292396587939903, MMC 0.8724954724311829)
Epoch 49: TrainACC tensor([49.17], device='cuda:0'), Acc 54.03999710083008, Best Acc 53.82999801635742. (lr 0.017184081714654256, MMC 0.8733951449394226)
Epoch 50: TrainACC tensor([49.40], device='cuda:0'), Acc 52.47999954223633, Best Acc 54.03999710083008. (lr 0.017073996744053608, MMC 0.8742289543151855)
Epoch 51: TrainACC tensor([49.73], device='cuda:0'), Acc 52.56999969482422, Best Acc 54.03999710083008. (lr 0.01696216883795722, MMC 0.8750108480453491)
Epoch 52: TrainACC tensor([49.63], device='cuda:0'), Acc 52.619998931884766, Best Acc 54.03999710083008. (lr 0.0168486255882276, MMC 0.8756118416786194)
Epoch 53: TrainACC tensor([49.48], device='cuda:0'), Acc 52.94999694824219, Best Acc 54.03999710083008. (lr 0.016733395009962636, MMC 0.8762683272361755)
Epoch 54: TrainACC tensor([50.10], device='cuda:0'), Acc 50.459999084472656, Best Acc 54.03999710083008. (lr 0.01661650553458328, MMC 0.8769468665122986)
Epoch 55: TrainACC tensor([50.19], device='cuda:0'), Acc 52.369998931884766, Best Acc 54.03999710083008. (lr 0.016497986002818536, MMC 0.8774716258049011)
Epoch 56: TrainACC tensor([50.30], device='cuda:0'), Acc 54.5099983215332, Best Acc 54.03999710083008. (lr 0.016377865657589412, MMC 0.8779159784317017)
Epoch 57: TrainACC tensor([50.34], device='cuda:0'), Acc 53.1099967956543, Best Acc 54.5099983215332. (lr 0.016256174136793696, MMC 0.8785768747329712)
Epoch 58: TrainACC tensor([50.65], device='cuda:0'), Acc 54.40999984741211, Best Acc 54.5099983215332. (lr 0.016132941465993235, MMC 0.8790029287338257)
Epoch 59: TrainACC tensor([50.64], device='cuda:0'), Acc 54.709999084472656, Best Acc 54.5099983215332. (lr 0.016008198051005583, MMC 0.8784149885177612)
Epoch 60: TrainACC tensor([50.11], device='cuda:0'), Acc 53.28999710083008, Best Acc 54.709999084472656. (lr 0.01588197467040181, MMC 0.871826171875)
Epoch 61: TrainACC tensor([50.16], device='cuda:0'), Acc 54.029998779296875, Best Acc 54.709999084472656. (lr 0.015754302467912353, MMC 0.8662433624267578)
Epoch 62: TrainACC tensor([50.43], device='cuda:0'), Acc 54.94999694824219, Best Acc 54.709999084472656. (lr 0.015625212944742787, MMC 0.8617482781410217)
Epoch 63: TrainACC tensor([50.95], device='cuda:0'), Acc 54.63999938964844, Best Acc 54.94999694824219. (lr 0.015494737951801337, MMC 0.8582899570465088)
Epoch 64: TrainACC tensor([50.78], device='cuda:0'), Acc 54.48999786376953, Best Acc 54.94999694824219. (lr 0.015362909681840176, MMC 0.8559145331382751)
Epoch 65: TrainACC tensor([51.11], device='cuda:0'), Acc 54.869998931884766, Best Acc 54.94999694824219. (lr 0.01522976066151233, MMC 0.85445636510849)
Epoch 66: TrainACC tensor([51.21], device='cuda:0'), Acc 54.81999969482422, Best Acc 54.94999694824219. (lr 0.01509532374334621, MMC 0.853746235370636)
Epoch 67: TrainACC tensor([51.30], device='cuda:0'), Acc 53.90999984741211, Best Acc 54.94999694824219. (lr 0.014959632097639753, MMC 0.8535129427909851)
Epoch 68: TrainACC tensor([51.50], device='cuda:0'), Acc 55.16999816894531, Best Acc 54.94999694824219. (lr 0.014822719204276136, MMC 0.8536263108253479)
Epoch 69: TrainACC tensor([51.61], device='cuda:0'), Acc 52.98999786376953, Best Acc 55.16999816894531. (lr 0.01468461884446313, MMC 0.8538280129432678)
Epoch 70: TrainACC tensor([51.91], device='cuda:0'), Acc 54.65999984741211, Best Acc 55.16999816894531. (lr 0.014545365092398073, MMC 0.8544102907180786)
Epoch 71: TrainACC tensor([52.06], device='cuda:0'), Acc 55.84000015258789, Best Acc 55.16999816894531. (lr 0.014404992306860591, MMC 0.8549896478652954)
Epoch 72: TrainACC tensor([52.00], device='cuda:0'), Acc 54.65999984741211, Best Acc 55.84000015258789. (lr 0.014263535122735076, MMC 0.8554741740226746)
Epoch 73: TrainACC tensor([52.17], device='cuda:0'), Acc 54.88999938964844, Best Acc 55.84000015258789. (lr 0.014121028442465038, MMC 0.8559507727622986)
Epoch 74: TrainACC tensor([52.33], device='cuda:0'), Acc 55.98999786376953, Best Acc 55.84000015258789. (lr 0.013977507427441457, MMC 0.8564801216125488)
Epoch 75: TrainACC tensor([52.48], device='cuda:0'), Acc 55.369998931884766, Best Acc 55.98999786376953. (lr 0.013833007489327247, MMC 0.8569352626800537)
Epoch 76: TrainACC tensor([52.56], device='cuda:0'), Acc 56.959999084472656, Best Acc 55.98999786376953. (lr 0.013687564281319935, MMC 0.8572731018066406)
Epoch 77: TrainACC tensor([52.79], device='cuda:0'), Acc 56.66999816894531, Best Acc 56.959999084472656. (lr 0.01354121368935478, MMC 0.8576455116271973)
Epoch 78: TrainACC tensor([52.86], device='cuda:0'), Acc 56.79999923706055, Best Acc 56.959999084472656. (lr 0.013393991823250464, MMC 0.8579611778259277)
Epoch 79: TrainACC tensor([53.01], device='cuda:0'), Acc 56.53999710083008, Best Acc 56.959999084472656. (lr 0.013245935007799513, MMC 0.8584113717079163)
Epoch 80: TrainACC tensor([52.79], device='cuda:0'), Acc 55.05999755859375, Best Acc 56.959999084472656. (lr 0.013097079773805725, MMC 0.8588719367980957)
Epoch 81: TrainACC tensor([52.94], device='cuda:0'), Acc 55.91999816894531, Best Acc 56.959999084472656. (lr 0.012947462849070718, MMC 0.8591940402984619)
Epoch 82: TrainACC tensor([53.15], device='cuda:0'), Acc 57.55999755859375, Best Acc 56.959999084472656. (lr 0.0127971211493319, MMC 0.8596400022506714)
Epoch 83: TrainACC tensor([53.47], device='cuda:0'), Acc 56.93000030517578, Best Acc 57.55999755859375. (lr 0.012646091769154074, MMC 0.85991370677948)
Epoch 84: TrainACC tensor([53.56], device='cuda:0'), Acc 56.81999969482422, Best Acc 57.55999755859375. (lr 0.012494411972776898, MMC 0.8600596785545349)
Epoch 85: TrainACC tensor([53.56], device='cuda:0'), Acc 55.69999694824219, Best Acc 57.55999755859375. (lr 0.012342119184920496, MMC 0.8601729273796082)
Epoch 86: TrainACC tensor([53.32], device='cuda:0'), Acc 55.84000015258789, Best Acc 57.55999755859375. (lr 0.012189250981551462, MMC 0.8605201244354248)
Epoch 87: TrainACC tensor([53.78], device='cuda:0'), Acc 56.79999923706055, Best Acc 57.55999755859375. (lr 0.01203584508061156, MMC 0.8608025312423706)
Epoch 88: TrainACC tensor([53.85], device='cuda:0'), Acc 57.04999923706055, Best Acc 57.55999755859375. (lr 0.01188193933271139, MMC 0.8610135912895203)
Epoch 89: TrainACC tensor([53.68], device='cuda:0'), Acc 57.349998474121094, Best Acc 57.55999755859375. (lr 0.0117275717117913, MMC 0.8606035709381104)
Epoch 90: TrainACC tensor([53.45], device='cuda:0'), Acc 56.80999755859375, Best Acc 57.55999755859375. (lr 0.011572780305751908, MMC 0.8582459092140198)
Epoch 91: TrainACC tensor([53.93], device='cuda:0'), Acc 56.0, Best Acc 57.55999755859375. (lr 0.011417603307056453, MMC 0.8563398122787476)
Epoch 92: TrainACC tensor([54.08], device='cuda:0'), Acc 58.269996643066406, Best Acc 57.55999755859375. (lr 0.011262079003307402, MMC 0.8548868298530579)
Epoch 93: TrainACC tensor([54.17], device='cuda:0'), Acc 58.06999969482422, Best Acc 58.269996643066406. (lr 0.011106245767799543, MMC 0.8537842035293579)
Epoch 94: TrainACC tensor([54.22], device='cuda:0'), Acc 56.029998779296875, Best Acc 58.269996643066406. (lr 0.010950142050051959, MMC 0.8529665470123291)
Epoch 95: TrainACC tensor([54.52], device='cuda:0'), Acc 56.38999938964844, Best Acc 58.269996643066406. (lr 0.010793806366321173, MMC 0.8524276614189148)
Epoch 96: TrainACC tensor([54.86], device='cuda:0'), Acc 57.12999725341797, Best Acc 58.269996643066406. (lr 0.010637277290097842, MMC 0.8519871830940247)
Epoch 97: TrainACC tensor([54.58], device='cuda:0'), Acc 57.15999984741211, Best Acc 58.269996643066406. (lr 0.01048059344258933, MMC 0.8519359827041626)
Epoch 98: TrainACC tensor([54.74], device='cuda:0'), Acc 58.62999725341797, Best Acc 58.269996643066406. (lr 0.010323793483190501, MMC 0.8518795371055603)
Epoch 99: TrainACC tensor([54.99], device='cuda:0'), Acc 56.90999984741211, Best Acc 58.62999725341797. (lr 0.010166916099945088, MMC 0.8520036339759827)
Epoch 100: TrainACC tensor([55.11], device='cuda:0'), Acc 56.90999984741211, Best Acc 58.62999725341797. (lr 0.01001, MMC 0.852161705493927)
Epoch 101: TrainACC tensor([55.43], device='cuda:0'), Acc 57.21999740600586, Best Acc 58.62999725341797. (lr 0.009853083900054913, MMC 0.8525545001029968)
Epoch 102: TrainACC tensor([55.57], device='cuda:0'), Acc 57.90999984741211, Best Acc 58.62999725341797. (lr 0.009696206516809499, MMC 0.8528456091880798)
Epoch 103: TrainACC tensor([55.68], device='cuda:0'), Acc 58.06999969482422, Best Acc 58.62999725341797. (lr 0.00953940655741067, MMC 0.8530430793762207)
Epoch 104: TrainACC tensor([55.59], device='cuda:0'), Acc 57.349998474121094, Best Acc 58.62999725341797. (lr 0.00938272270990216, MMC 0.8533912897109985)
Epoch 105: TrainACC tensor([55.71], device='cuda:0'), Acc 58.30999755859375, Best Acc 58.62999725341797. (lr 0.00922619363367883, MMC 0.8537118434906006)
Epoch 106: TrainACC tensor([55.83], device='cuda:0'), Acc 57.54999923706055, Best Acc 58.62999725341797. (lr 0.009069857949948041, MMC 0.8539866209030151)
Epoch 107: TrainACC tensor([56.11], device='cuda:0'), Acc 58.64999771118164, Best Acc 58.62999725341797. (lr 0.008913754232200458, MMC 0.8544580936431885)
Epoch 108: TrainACC tensor([56.25], device='cuda:0'), Acc 58.96999740600586, Best Acc 58.64999771118164. (lr 0.0087579209966926, MMC 0.8547860980033875)
Epoch 109: TrainACC tensor([56.46], device='cuda:0'), Acc 58.15999984741211, Best Acc 58.96999740600586. (lr 0.008602396692943551, MMC 0.8552002906799316)
Epoch 110: TrainACC tensor([56.42], device='cuda:0'), Acc 59.63999938964844, Best Acc 58.96999740600586. (lr 0.008447219694248094, MMC 0.8556219339370728)
Epoch 111: TrainACC tensor([56.75], device='cuda:0'), Acc 58.75, Best Acc 59.63999938964844. (lr 0.008292428288208697, MMC 0.8558316826820374)
Epoch 112: TrainACC tensor([56.76], device='cuda:0'), Acc 58.22999954223633, Best Acc 59.63999938964844. (lr 0.00813806066728861, MMC 0.856163740158081)
Epoch 113: TrainACC tensor([56.84], device='cuda:0'), Acc 58.88999938964844, Best Acc 59.63999938964844. (lr 0.00798415491938844, MMC 0.8565170168876648)
Epoch 114: TrainACC tensor([56.95], device='cuda:0'), Acc 59.119998931884766, Best Acc 59.63999938964844. (lr 0.007830749018448543, MMC 0.8568091988563538)
Epoch 115: TrainACC tensor([57.36], device='cuda:0'), Acc 58.09000015258789, Best Acc 59.63999938964844. (lr 0.0076778808150795045, MMC 0.8570462465286255)
Epoch 116: TrainACC tensor([57.27], device='cuda:0'), Acc 58.8599967956543, Best Acc 59.63999938964844. (lr 0.0075255880272231, MMC 0.8574482798576355)
Epoch 117: TrainACC tensor([57.52], device='cuda:0'), Acc 58.78999710083008, Best Acc 59.63999938964844. (lr 0.007373908230845926, MMC 0.8577462434768677)
Epoch 118: TrainACC tensor([57.72], device='cuda:0'), Acc 58.90999984741211, Best Acc 59.63999938964844. (lr 0.007222878850668101, MMC 0.8581070303916931)
Epoch 119: TrainACC tensor([57.33], device='cuda:0'), Acc 59.46999740600586, Best Acc 59.63999938964844. (lr 0.007072537150929285, MMC 0.8578438758850098)
Epoch 120: TrainACC tensor([57.45], device='cuda:0'), Acc 59.57999801635742, Best Acc 59.63999938964844. (lr 0.0069229202261942785, MMC 0.856743574142456)
Epoch 121: TrainACC tensor([57.90], device='cuda:0'), Acc 58.96999740600586, Best Acc 59.63999938964844. (lr 0.006774064992200487, MMC 0.8559022545814514)
Epoch 122: TrainACC tensor([58.06], device='cuda:0'), Acc 59.48999786376953, Best Acc 59.63999938964844. (lr 0.0066260081767495396, MMC 0.8553101420402527)
Epoch 123: TrainACC tensor([58.10], device='cuda:0'), Acc 59.73999786376953, Best Acc 59.63999938964844. (lr 0.006478786310645223, MMC 0.8546135425567627)
Epoch 124: TrainACC tensor([58.31], device='cuda:0'), Acc 59.29999923706055, Best Acc 59.73999786376953. (lr 0.00633243571868007, MMC 0.8541659712791443)
Epoch 125: TrainACC tensor([58.58], device='cuda:0'), Acc 58.91999816894531, Best Acc 59.73999786376953. (lr 0.006186992510672756, MMC 0.8539954423904419)
Epoch 126: TrainACC tensor([58.55], device='cuda:0'), Acc 60.519996643066406, Best Acc 59.73999786376953. (lr 0.0060424925725585405, MMC 0.8540172576904297)
Epoch 127: TrainACC tensor([58.78], device='cuda:0'), Acc 60.349998474121094, Best Acc 60.519996643066406. (lr 0.005898971557534964, MMC 0.8540573120117188)
Epoch 128: TrainACC tensor([59.13], device='cuda:0'), Acc 59.16999816894531, Best Acc 60.519996643066406. (lr 0.005756464877264925, MMC 0.8541442155838013)
Epoch 129: TrainACC tensor([59.14], device='cuda:0'), Acc 59.31999969482422, Best Acc 60.519996643066406. (lr 0.005615007693139408, MMC 0.854465126991272)
Epoch 130: TrainACC tensor([59.41], device='cuda:0'), Acc 59.96999740600586, Best Acc 60.519996643066406. (lr 0.005474634907601928, MMC 0.8548703193664551)
Epoch 131: TrainACC tensor([59.26], device='cuda:0'), Acc 58.779998779296875, Best Acc 60.519996643066406. (lr 0.0053353811555368735, MMC 0.855277419090271)
Epoch 132: TrainACC tensor([59.73], device='cuda:0'), Acc 59.869998931884766, Best Acc 60.519996643066406. (lr 0.005197280795723863, MMC 0.8557056188583374)
Epoch 133: TrainACC tensor([59.66], device='cuda:0'), Acc 60.73999786376953, Best Acc 60.519996643066406. (lr 0.005060367902360249, MMC 0.8559890389442444)
Epoch 134: TrainACC tensor([59.87], device='cuda:0'), Acc 60.5099983215332, Best Acc 60.73999786376953. (lr 0.0049246762566537905, MMC 0.8562705516815186)
Epoch 135: TrainACC tensor([60.19], device='cuda:0'), Acc 59.59000015258789, Best Acc 60.73999786376953. (lr 0.004790239338487672, MMC 0.8566226363182068)
Epoch 136: TrainACC tensor([60.29], device='cuda:0'), Acc 60.619998931884766, Best Acc 60.73999786376953. (lr 0.004657090318159821, MMC 0.8570623397827148)
Epoch 137: TrainACC tensor([60.16], device='cuda:0'), Acc 60.29999923706055, Best Acc 60.73999786376953. (lr 0.0045252620481986625, MMC 0.8573393821716309)
Epoch 138: TrainACC tensor([60.60], device='cuda:0'), Acc 60.87999725341797, Best Acc 60.73999786376953. (lr 0.004394787055257214, MMC 0.8576460480690002)
Epoch 139: TrainACC tensor([60.81], device='cuda:0'), Acc 60.97999954223633, Best Acc 60.87999725341797. (lr 0.004265697532087647, MMC 0.858012318611145)
Epoch 140: TrainACC tensor([60.92], device='cuda:0'), Acc 60.81999969482422, Best Acc 60.97999954223633. (lr 0.004138025329598195, MMC 0.858462393283844)
Epoch 141: TrainACC tensor([61.05], device='cuda:0'), Acc 61.5, Best Acc 60.97999954223633. (lr 0.00401180194899442, MMC 0.8590031862258911)
Epoch 142: TrainACC tensor([61.01], device='cuda:0'), Acc 60.6099967956543, Best Acc 61.5. (lr 0.0038870585340067642, MMC 0.8594034314155579)
Epoch 143: TrainACC tensor([61.63], device='cuda:0'), Acc 61.21999740600586, Best Acc 61.5. (lr 0.003763825863206305, MMC 0.859856367111206)
Epoch 144: TrainACC tensor([61.71], device='cuda:0'), Acc 61.14999771118164, Best Acc 61.5. (lr 0.00364213434241059, MMC 0.8603057861328125)
Epoch 145: TrainACC tensor([61.81], device='cuda:0'), Acc 61.59000015258789, Best Acc 61.5. (lr 0.003522013997181467, MMC 0.8608216047286987)
Epoch 146: TrainACC tensor([61.94], device='cuda:0'), Acc 60.939998626708984, Best Acc 61.59000015258789. (lr 0.0034034944654167195, MMC 0.8613884449005127)
Epoch 147: TrainACC tensor([62.14], device='cuda:0'), Acc 61.57999801635742, Best Acc 61.59000015258789. (lr 0.0032866049900373636, MMC 0.8616419434547424)
Epoch 148: TrainACC tensor([62.16], device='cuda:0'), Acc 61.65999984741211, Best Acc 61.59000015258789. (lr 0.0031713744117724, MMC 0.8618312478065491)
Epoch 149: TrainACC tensor([62.28], device='cuda:0'), Acc 60.88999938964844, Best Acc 61.65999984741211. (lr 0.0030578311620427802, MMC 0.8616741895675659)
Epoch 150: TrainACC tensor([62.49], device='cuda:0'), Acc 61.56999969482422, Best Acc 61.65999984741211. (lr 0.0029460032559463912, MMC 0.8612160682678223)
Epoch 151: TrainACC tensor([62.90], device='cuda:0'), Acc 62.34000015258789, Best Acc 61.65999984741211. (lr 0.002835918285345745, MMC 0.8609797954559326)
Epoch 152: TrainACC tensor([62.87], device='cuda:0'), Acc 62.04999923706055, Best Acc 62.34000015258789. (lr 0.002727603412060101, MMC 0.8609080910682678)
Epoch 153: TrainACC tensor([63.03], device='cuda:0'), Acc 62.03999710083008, Best Acc 62.34000015258789. (lr 0.0026210853611636884, MMC 0.8607593774795532)
Epoch 154: TrainACC tensor([63.18], device='cuda:0'), Acc 62.029998779296875, Best Acc 62.34000015258789. (lr 0.0025163904143917087, MMC 0.8608768582344055)
Epoch 155: TrainACC tensor([63.46], device='cuda:0'), Acc 62.21999740600586, Best Acc 62.34000015258789. (lr 0.002413544403655691, MMC 0.8611934185028076)
Epoch 156: TrainACC tensor([63.77], device='cuda:0'), Acc 61.80999755859375, Best Acc 62.34000015258789. (lr 0.0023125727046698664, MMC 0.8614271879196167)
Epoch 157: TrainACC tensor([63.93], device='cuda:0'), Acc 62.2599983215332, Best Acc 62.34000015258789. (lr 0.002213500230690088, MMC 0.8617383241653442)
Epoch 158: TrainACC tensor([63.97], device='cuda:0'), Acc 62.25, Best Acc 62.34000015258789. (lr 0.002116351426366853, MMC 0.8621063828468323)
Epoch 159: TrainACC tensor([64.24], device='cuda:0'), Acc 61.89999771118164, Best Acc 62.34000015258789. (lr 0.0020211502617139654, MMC 0.862663745880127)
Epoch 160: TrainACC tensor([64.39], device='cuda:0'), Acc 62.32999801635742, Best Acc 62.34000015258789. (lr 0.0019279202261942763, MMC 0.8631359338760376)
Epoch 161: TrainACC tensor([64.50], device='cuda:0'), Acc 61.94999694824219, Best Acc 62.34000015258789. (lr 0.0018366843229240175, MMC 0.8634005784988403)
Epoch 162: TrainACC tensor([64.62], device='cuda:0'), Acc 62.62999725341797, Best Acc 62.34000015258789. (lr 0.0017474650629971285, MMC 0.8639010787010193)
Epoch 163: TrainACC tensor([64.80], device='cuda:0'), Acc 62.34000015258789, Best Acc 62.62999725341797. (lr 0.0016602844599309823, MMC 0.8644309043884277)
Epoch 164: TrainACC tensor([65.06], device='cuda:0'), Acc 62.2599983215332, Best Acc 62.62999725341797. (lr 0.0015751640242348717, MMC 0.8650126457214355)
Epoch 165: TrainACC tensor([65.15], device='cuda:0'), Acc 62.959999084472656, Best Acc 62.62999725341797. (lr 0.0014921247581026215, MMC 0.8655087351799011)
Epoch 166: TrainACC tensor([65.37], device='cuda:0'), Acc 63.04999923706055, Best Acc 62.959999084472656. (lr 0.001411187150230602, MMC 0.8660637140274048)
Epoch 167: TrainACC tensor([65.34], device='cuda:0'), Acc 63.05999755859375, Best Acc 63.04999923706055. (lr 0.001332371170762469, MMC 0.8664772510528564)
Epoch 168: TrainACC tensor([65.68], device='cuda:0'), Acc 63.269996643066406, Best Acc 63.05999755859375. (lr 0.001255696266361803, MMC 0.8671538233757019)
Epoch 169: TrainACC tensor([65.80], device='cuda:0'), Acc 62.869998931884766, Best Acc 63.269996643066406. (lr 0.0011811813554139525, MMC 0.8676069974899292)
Epoch 170: TrainACC tensor([66.11], device='cuda:0'), Acc 62.79999923706055, Best Acc 63.269996643066406. (lr 0.001108844823358206, MMC 0.8679738640785217)
Epoch 171: TrainACC tensor([66.25], device='cuda:0'), Acc 63.099998474121094, Best Acc 63.269996643066406. (lr 0.0010387045181514509, MMC 0.8685534000396729)
Epoch 172: TrainACC tensor([66.33], device='cuda:0'), Acc 63.5099983215332, Best Acc 63.269996643066406. (lr 0.0009707777458644668, MMC 0.8689642548561096)
Epoch 173: TrainACC tensor([66.48], device='cuda:0'), Acc 63.31999969482422, Best Acc 63.5099983215332. (lr 0.0009050812664119039, MMC 0.869482159614563)
Epoch 174: TrainACC tensor([66.57], device='cuda:0'), Acc 63.019996643066406, Best Acc 63.5099983215332. (lr 0.0008416312894170307, MMC 0.8699300289154053)
Epoch 175: TrainACC tensor([66.89], device='cuda:0'), Acc 63.56999969482422, Best Acc 63.5099983215332. (lr 0.0007804434702122478, MMC 0.8705326318740845)
Epoch 176: TrainACC tensor([67.20], device='cuda:0'), Acc 63.23999786376953, Best Acc 63.56999969482422. (lr 0.0007215329059763691, MMC 0.8709544539451599)
Epoch 177: TrainACC tensor([67.07], device='cuda:0'), Acc 63.529998779296875, Best Acc 63.56999969482422. (lr 0.000664914132009625, MMC 0.8713151216506958)
Epoch 178: TrainACC tensor([67.12], device='cuda:0'), Acc 63.22999954223633, Best Acc 63.56999969482422. (lr 0.0006106011181472877, MMC 0.8717955946922302)
Epoch 179: TrainACC tensor([67.30], device='cuda:0'), Acc 63.119998931884766, Best Acc 63.56999969482422. (lr 0.0005586072653128225, MMC 0.8717218637466431)
Epoch 180: TrainACC tensor([67.33], device='cuda:0'), Acc 63.53999710083008, Best Acc 63.56999969482422. (lr 0.0005089454022114163, MMC 0.8716233372688293)
Epoch 181: TrainACC tensor([67.45], device='cuda:0'), Acc 63.439998626708984, Best Acc 63.56999969482422. (lr 0.00046162778216468213, MMC 0.8716893792152405)
Epoch 182: TrainACC tensor([67.45], device='cuda:0'), Acc 63.62999725341797, Best Acc 63.56999969482422. (lr 0.0004166660800873399, MMC 0.8717871904373169)
Epoch 183: TrainACC tensor([67.67], device='cuda:0'), Acc 63.8599967956543, Best Acc 63.62999725341797. (lr 0.00037407138960659836, MMC 0.8719360828399658)
Epoch 184: TrainACC tensor([67.90], device='cuda:0'), Acc 63.79999923706055, Best Acc 63.8599967956543. (lr 0.00033385422032497665, MMC 0.8721643686294556)
Epoch 185: TrainACC tensor([67.88], device='cuda:0'), Acc 63.63999938964844, Best Acc 63.8599967956543. (lr 0.0002960244952272112, MMC 0.8724019527435303)
Epoch 186: TrainACC tensor([67.93], device='cuda:0'), Acc 64.08000183105469, Best Acc 63.8599967956543. (lr 0.00026059154823191425, MMC 0.8728088736534119)
Epoch 187: TrainACC tensor([67.92], device='cuda:0'), Acc 63.6099967956543, Best Acc 64.08000183105469. (lr 0.00022756412188855907, MMC 0.8732240200042725)
Epoch 188: TrainACC tensor([68.15], device='cuda:0'), Acc 63.48999786376953, Best Acc 64.08000183105469. (lr 0.00019695036522039968, MMC 0.8735506534576416)
Epoch 189: TrainACC tensor([68.04], device='cuda:0'), Acc 63.81999969482422, Best Acc 64.08000183105469. (lr 0.00016875783171380908, MMC 0.8738746643066406)
Epoch 190: TrainACC tensor([68.20], device='cuda:0'), Acc 63.66999816894531, Best Acc 64.08000183105469. (lr 0.0001429934774545748, MMC 0.8741134405136108)
Epoch 191: TrainACC tensor([68.17], device='cuda:0'), Acc 63.88999938964844, Best Acc 64.08000183105469. (lr 0.00011966365941159021, MMC 0.8744329214096069)
Epoch 192: TrainACC tensor([68.26], device='cuda:0'), Acc 63.80999755859375, Best Acc 64.08000183105469. (lr 9.877413386836714e-05, MMC 0.8747619390487671)
Epoch 193: TrainACC tensor([68.32], device='cuda:0'), Acc 63.90999984741211, Best Acc 64.08000183105469. (lr 8.033005500275585e-05, MMC 0.8750175833702087)
Epoch 194: TrainACC tensor([68.50], device='cuda:0'), Acc 63.96999740600586, Best Acc 64.08000183105469. (lr 6.433597361523084e-05, MMC 0.8753293752670288)
Epoch 195: TrainACC tensor([68.19], device='cuda:0'), Acc 63.929996490478516, Best Acc 64.08000183105469. (lr 5.079583600605165e-05, MMC 0.8756445050239563)
Epoch 196: TrainACC tensor([68.42], device='cuda:0'), Acc 63.81999969482422, Best Acc 64.08000183105469. (lr 3.971298300156713e-05, MMC 0.8759208917617798)
Epoch 197: TrainACC tensor([68.38], device='cuda:0'), Acc 64.19999694824219, Best Acc 64.08000183105469. (lr 3.109014912992067e-05, MMC 0.8761054277420044)
Epoch 198: TrainACC tensor([68.57], device='cuda:0'), Acc 63.679996490478516, Best Acc 64.19999694824219. (lr 2.4929461946341322e-05, MMC 0.8762190341949463)
Epoch 199: TrainACC tensor([68.27], device='cuda:0'), Acc 64.15999603271484, Best Acc 64.19999694824219. (lr 2.1232441508210735e-05, MMC 0.8763152360916138)
