args Namespace(arch='sevenCNN', batch_size=128, closeset_ratio=0.8, conf_ema_range=[0.8, 0.9], cosine=True, dataset='cifar100', epochs=200, epsilon=0.6, exp_dir='experiment/cifar-sota/Cifar2023-08-10-11-17-45ds_cifar100_lr_0.03_ep_200_ps_1_lw_1.2_warmupepochs_80_rechange_per_epoch_45', forget_rate=0.8, gpu=0, loss_weight1=1.2, loss_weight2=0.4, low_dim=256, lr=0.03, lr_decay_epochs='100,150,180', lr_decay_rate=0.1, moco_m=0.999, moco_queue=8192, momentum=0.9, n_classes=100, noise_type='symmetric', print_freq=100, prot_start=1, proto_m=0.988, rechange_per_epoch=45, resume='', seed=100, synthetic_data='cifar100nc', topk=20, warmupepochs=80, warmuplr=0.01, weight_decay=0.0005, workers=32)

Epoch 0: TrainACC 1.1213234663009644, Acc 2.1499998569488525, Best Acc 0. (lr 0.03, MMC 1.0)
Epoch 1: TrainACC 1.430626630783081, Acc 2.619999885559082, Best Acc 2.1499998569488525. (lr 0.029998151337737682, MMC 1.0)
Epoch 2: TrainACC 1.7243446111679077, Acc 4.119999885559082, Best Acc 2.619999885559082. (lr 0.029992605807080488, MMC 1.0)
Epoch 3: TrainACC 1.9501278400421143, Acc 6.149999618530273, Best Acc 4.119999885559082. (lr 0.029983364776305123, MMC 1.0)
Epoch 4: TrainACC 2.359334945678711, Acc 6.449999809265137, Best Acc 6.149999618530273. (lr 0.029970430525497648, MMC 1.0)
Epoch 5: TrainACC 2.505194902420044, Acc 7.179999828338623, Best Acc 6.449999809265137. (lr 0.02995380624599092, MMC 1.0)
Epoch 6: TrainACC 2.673833131790161, Acc 9.489999771118164, Best Acc 7.179999828338623. (lr 0.02993349603957715, MMC 1.0)
Epoch 7: TrainACC 3.0442774295806885, Acc 10.09000015258789, Best Acc 9.489999771118164. (lr 0.029909504917495867, MMC 1.0)
Epoch 8: TrainACC 3.2233057022094727, Acc 10.9399995803833, Best Acc 10.09000015258789. (lr 0.029881838799197452, MMC 1.0)
Epoch 9: TrainACC 3.3084239959716797, Acc 10.899999618530273, Best Acc 10.9399995803833. (lr 0.029850504510882614, MMC 1.0)
Epoch 10: TrainACC 3.5302109718322754, Acc 11.670000076293945, Best Acc 10.9399995803833. (lr 0.02981550978381814, MMC 1.0)
Epoch 11: TrainACC 3.66168475151062, Acc 12.579999923706055, Best Acc 11.670000076293945. (lr 0.029776863252429286, MMC 1.0)
Epoch 12: TrainACC 3.7304186820983887, Acc 13.809999465942383, Best Acc 12.579999923706055. (lr 0.029734574452169402, MMC 1.0)
Epoch 13: TrainACC 3.9226341247558594, Acc 13.309999465942383, Best Acc 13.809999465942383. (lr 0.02968865381716716, MMC 1.0)
Epoch 14: TrainACC 4.009350776672363, Acc 13.149999618530273, Best Acc 13.809999465942383. (lr 0.029639112677652128, MMC 1.0)
Epoch 15: TrainACC 4.213155269622803, Acc 15.40999984741211, Best Acc 13.809999465942383. (lr 0.029585963257159183, MMC 1.0)
Epoch 16: TrainACC 4.285086154937744, Acc 15.119999885559082, Best Acc 15.40999984741211. (lr 0.029529218669512535, MMC 1.0)
Epoch 17: TrainACC 4.356217861175537, Acc 16.35999870300293, Best Acc 15.40999984741211. (lr 0.029468892915590104, MMC 1.0)
Epoch 18: TrainACC 4.514865875244141, Acc 15.50999927520752, Best Acc 16.35999870300293. (lr 0.02940500087986899, MMC 1.0)
Epoch 19: TrainACC 4.573209762573242, Acc 15.609999656677246, Best Acc 16.35999870300293. (lr 0.029337558326752975, MMC 1.0)
Epoch 20: TrainACC 4.749440670013428, Acc 15.210000038146973, Best Acc 16.35999870300293. (lr 0.029266581896682877, MMC 1.0)
Epoch 21: TrainACC 4.719069480895996, Acc 15.239999771118164, Best Acc 16.35999870300293. (lr 0.029192089102030767, MMC 1.0)
Epoch 22: TrainACC 4.944852828979492, Acc 15.710000038146973, Best Acc 16.35999870300293. (lr 0.02911409832277907, MMC 1.0)
Epoch 23: TrainACC 5.067534923553467, Acc 16.760000228881836, Best Acc 16.35999870300293. (lr 0.029032628801985563, MMC 1.0)
Epoch 24: TrainACC 5.211796760559082, Acc 16.440000534057617, Best Acc 16.760000228881836. (lr 0.028947700641035447, MMC 1.0)
Epoch 25: TrainACC 5.243366241455078, Acc 16.389999389648438, Best Acc 16.760000228881836. (lr 0.02885933479468163, MMC 1.0)
Epoch 26: TrainACC 5.308903217315674, Acc 17.209999084472656, Best Acc 16.760000228881836. (lr 0.028767553065874453, MMC 1.0)
Epoch 27: TrainACC 5.3448686599731445, Acc 18.78999900817871, Best Acc 17.209999084472656. (lr 0.028672378100382145, MMC 1.0)
Epoch 28: TrainACC 5.4887309074401855, Acc 18.149999618530273, Best Acc 18.78999900817871. (lr 0.0285738333812033, MMC 1.0)
Epoch 29: TrainACC 5.587036609649658, Acc 17.59000015258789, Best Acc 18.78999900817871. (lr 0.028471943222772824, MMC 1.0)
Epoch 30: TrainACC 5.720108509063721, Acc 19.53999900817871, Best Acc 18.78999900817871. (lr 0.02836673276496269, MMC 1.0)
Epoch 31: TrainACC 5.734494686126709, Acc 18.94999885559082, Best Acc 19.53999900817871. (lr 0.028258227966879074, MMC 1.0)
Epoch 32: TrainACC 5.786045551300049, Acc 18.899999618530273, Best Acc 19.53999900817871. (lr 0.028146455600457292, MMC 1.0)
Epoch 33: TrainACC 5.935102462768555, Acc 20.529998779296875, Best Acc 19.53999900817871. (lr 0.028031443243856296, MMC 1.0)
Epoch 34: TrainACC 6.017423152923584, Acc 19.600000381469727, Best Acc 20.529998779296875. (lr 0.027913219274654094, MMC 1.0)
Epoch 35: TrainACC 6.2460036277771, Acc 20.90999984741211, Best Acc 20.529998779296875. (lr 0.02779181286284607, MMC 1.0)
Epoch 36: TrainACC 6.23241662979126, Acc 20.260000228881836, Best Acc 20.90999984741211. (lr 0.027667253963647696, MMC 1.0)
Epoch 37: TrainACC 6.381473541259766, Acc 18.920000076293945, Best Acc 20.90999984741211. (lr 0.02753957331010353, MMC 1.0)
Epoch 38: TrainACC 6.363491058349609, Acc 20.09000015258789, Best Acc 20.90999984741211. (lr 0.027408802405504307, MMC 1.0)
Epoch 39: TrainACC 6.45859956741333, Acc 19.549999237060547, Best Acc 20.90999984741211. (lr 0.027274973515613976, MMC 1.0)
Epoch 40: TrainACC 6.439418315887451, Acc 19.079999923706055, Best Acc 20.90999984741211. (lr 0.027138119660708587, MMC 1.0)
Epoch 41: TrainACC 6.62843656539917, Acc 20.26999855041504, Best Acc 20.90999984741211. (lr 0.026998274607429054, MMC 1.0)
Epoch 42: TrainACC 6.617247581481934, Acc 20.60999870300293, Best Acc 20.90999984741211. (lr 0.026855472860449717, MMC 1.0)
Epoch 43: TrainACC 6.74592399597168, Acc 21.969999313354492, Best Acc 20.90999984741211. (lr 0.02670974965396487, MMC 1.0)
Epoch 44: TrainACC 6.91376256942749, Acc 19.170000076293945, Best Acc 21.969999313354492. (lr 0.0265611409429952, MMC 1.0)
Epoch 45: TrainACC 6.847426414489746, Acc 21.84000015258789, Best Acc 21.969999313354492. (lr 0.026409683394516464, MMC 1.0)
Epoch 46: TrainACC 7.03125, Acc 21.279998779296875, Best Acc 21.969999313354492. (lr 0.026255414378412435, MMC 1.0)
Epoch 47: TrainACC 7.09039306640625, Acc 22.43000030517578, Best Acc 21.969999313354492. (lr 0.026098371958254464, MMC 1.0)
Epoch 48: TrainACC 7.003676414489746, Acc 21.18000030517578, Best Acc 22.43000030517578. (lr 0.02593859488190985, MMC 1.0)
Epoch 49: TrainACC 7.260629653930664, Acc 22.149999618530273, Best Acc 22.43000030517578. (lr 0.025776122571981384, MMC 1.0)
Epoch 50: TrainACC 7.179507732391357, Acc 21.31999969482422, Best Acc 22.43000030517578. (lr 0.025610995116080414, MMC 1.0)
Epoch 51: TrainACC 7.2822089195251465, Acc 21.53999900817871, Best Acc 22.43000030517578. (lr 0.025443253256935826, MMC 1.0)
Epoch 52: TrainACC 7.31937313079834, Acc 22.28999900817871, Best Acc 22.43000030517578. (lr 0.0252729383823414, MMC 1.0)
Epoch 53: TrainACC 7.587116241455078, Acc 21.639999389648438, Best Acc 22.43000030517578. (lr 0.025100092514943953, MMC 1.0)
Epoch 54: TrainACC 7.564338207244873, Acc 21.75, Best Acc 22.43000030517578. (lr 0.024924758301874923, MMC 1.0)
Epoch 55: TrainACC 7.643861770629883, Acc 21.729999542236328, Best Acc 22.43000030517578. (lr 0.0247469790042278, MMC 1.0)
Epoch 56: TrainACC 7.768542289733887, Acc 20.969999313354492, Best Acc 22.43000030517578. (lr 0.024566798486384114, MMC 1.0)
Epoch 57: TrainACC 7.776534557342529, Acc 21.100000381469727, Best Acc 22.43000030517578. (lr 0.024384261205190546, MMC 1.0)
Epoch 58: TrainACC 7.816895484924316, Acc 23.059999465942383, Best Acc 22.43000030517578. (lr 0.024199412198989852, MMC 1.0)
Epoch 59: TrainACC 7.985134124755859, Acc 22.26999855041504, Best Acc 23.059999465942383. (lr 0.02401229707650837, MMC 1.0)
Epoch 60: TrainACC 7.97554349899292, Acc 22.010000228881836, Best Acc 23.059999465942383. (lr 0.023822962005602712, MMC 1.0)
Epoch 61: TrainACC 8.047874450683594, Acc 23.239999771118164, Best Acc 23.059999465942383. (lr 0.02363145370186853, MMC 1.0)
Epoch 62: TrainACC 8.168957710266113, Acc 23.09000015258789, Best Acc 23.239999771118164. (lr 0.02343781941711418, MMC 1.0)
Epoch 63: TrainACC 8.335997581481934, Acc 22.619998931884766, Best Acc 23.239999771118164. (lr 0.023242106927702004, MMC 1.0)
Epoch 64: TrainACC 8.436301231384277, Acc 22.69999885559082, Best Acc 23.239999771118164. (lr 0.023044364522760263, MMC 1.0)
Epoch 65: TrainACC 8.41911792755127, Acc 22.6299991607666, Best Acc 23.239999771118164. (lr 0.022844640992268492, MMC 1.0)
Epoch 66: TrainACC 8.438299179077148, Acc 22.689998626708984, Best Acc 23.239999771118164. (lr 0.022642985615019314, MMC 1.0)
Epoch 67: TrainACC 8.524216651916504, Acc 22.739999771118164, Best Acc 23.239999771118164. (lr 0.022439448146459626, MMC 1.0)
Epoch 68: TrainACC 8.486252784729004, Acc 22.049999237060547, Best Acc 23.239999771118164. (lr 0.0222340788064142, MMC 1.0)
Epoch 69: TrainACC 8.614130020141602, Acc 23.549999237060547, Best Acc 23.239999771118164. (lr 0.022026928266694692, MMC 1.0)
Epoch 70: TrainACC 8.554986953735352, Acc 21.739999771118164, Best Acc 23.549999237060547. (lr 0.021818047638597106, MMC 1.0)
Epoch 71: TrainACC 8.900256156921387, Acc 21.59000015258789, Best Acc 23.549999237060547. (lr 0.021607488460290886, MMC 1.0)
Epoch 72: TrainACC 8.793558120727539, Acc 22.459999084472656, Best Acc 23.549999237060547. (lr 0.021395302684102613, MMC 1.0)
Epoch 73: TrainACC 8.887468338012695, Acc 22.529998779296875, Best Acc 23.549999237060547. (lr 0.021181542663697556, MMC 1.0)
Epoch 74: TrainACC 8.98976993560791, Acc 22.100000381469727, Best Acc 23.549999237060547. (lr 0.020966261141162186, MMC 1.0)
Epoch 75: TrainACC 9.20995807647705, Acc 22.10999870300293, Best Acc 23.549999237060547. (lr 0.02074951123399087, MMC 1.0)
Epoch 76: TrainACC 9.27509593963623, Acc 22.420000076293945, Best Acc 23.549999237060547. (lr 0.0205313464219799, MMC 1.0)
Epoch 77: TrainACC 9.362212181091309, Acc 22.59000015258789, Best Acc 23.549999237060547. (lr 0.020311820534032167, MMC 1.0)
Epoch 78: TrainACC 9.318254470825195, Acc 22.479999542236328, Best Acc 23.549999237060547. (lr 0.020090987734875693, MMC 1.0)
Epoch 79: TrainACC 9.416160583496094, Acc 22.139999389648438, Best Acc 23.549999237060547. (lr 0.019868902511699267, MMC 0.23431827127933502)
    ----------  warmup end  -----------    
Epoch 80: TrainACC tensor([7.83], device='cuda:0'), Acc 24.35999870300293, Best Acc 23.549999237060547. (lr 0.019645619660708588, MMC 0.2490830421447754)
Epoch 81: TrainACC tensor([8.31], device='cuda:0'), Acc 25.09000015258789, Best Acc 24.35999870300293. (lr 0.019421194273606075, MMC 0.2652621865272522)
Epoch 82: TrainACC tensor([8.49], device='cuda:0'), Acc 26.510000228881836, Best Acc 25.09000015258789. (lr 0.01919568172399785, MMC 0.2814399003982544)
Epoch 83: TrainACC tensor([8.63], device='cuda:0'), Acc 27.67999839782715, Best Acc 26.510000228881836. (lr 0.018969137653731108, MMC 0.2961525022983551)
Epoch 84: TrainACC tensor([8.78], device='cuda:0'), Acc 27.53999900817871, Best Acc 27.67999839782715. (lr 0.018741617959165346, MMC 0.309542715549469)
Epoch 85: TrainACC tensor([8.88], device='cuda:0'), Acc 29.459999084472656, Best Acc 27.67999839782715. (lr 0.018513178777380745, MMC 0.32180503010749817)
Epoch 86: TrainACC tensor([9.07], device='cuda:0'), Acc 29.8799991607666, Best Acc 29.459999084472656. (lr 0.018283876472327192, MMC 0.33353546261787415)
Epoch 87: TrainACC tensor([9.18], device='cuda:0'), Acc 28.35999870300293, Best Acc 29.8799991607666. (lr 0.01805376762091734, MMC 0.3447054922580719)
Epoch 88: TrainACC tensor([9.32], device='cuda:0'), Acc 28.170000076293945, Best Acc 29.8799991607666. (lr 0.017822908999067084, MMC 0.35538721084594727)
Epoch 89: TrainACC tensor([9.39], device='cuda:0'), Acc 29.649999618530273, Best Acc 29.8799991607666. (lr 0.017591357567686948, MMC 0.36522775888442993)
Epoch 90: TrainACC tensor([9.40], device='cuda:0'), Acc 29.599998474121094, Best Acc 29.8799991607666. (lr 0.017359170458627858, MMC 0.3743742108345032)
Epoch 91: TrainACC tensor([9.49], device='cuda:0'), Acc 30.06999969482422, Best Acc 29.8799991607666. (lr 0.01712640496058468, MMC 0.38280683755874634)
Epoch 92: TrainACC tensor([9.51], device='cuda:0'), Acc 30.34000015258789, Best Acc 30.06999969482422. (lr 0.016893118504961103, MMC 0.39059075713157654)
Epoch 93: TrainACC tensor([9.63], device='cuda:0'), Acc 29.849998474121094, Best Acc 30.34000015258789. (lr 0.016659368651699313, MMC 0.39820748567581177)
Epoch 94: TrainACC tensor([9.81], device='cuda:0'), Acc 30.049999237060547, Best Acc 30.34000015258789. (lr 0.016425213075077934, MMC 0.4055578112602234)
Epoch 95: TrainACC tensor([9.80], device='cuda:0'), Acc 30.5, Best Acc 30.34000015258789. (lr 0.016190709549481756, MMC 0.41185104846954346)
Epoch 96: TrainACC tensor([9.87], device='cuda:0'), Acc 30.26999855041504, Best Acc 30.5. (lr 0.01595591593514676, MMC 0.4180498421192169)
Epoch 97: TrainACC tensor([9.98], device='cuda:0'), Acc 30.920000076293945, Best Acc 30.5. (lr 0.015720890163883994, MMC 0.4240797460079193)
Epoch 98: TrainACC tensor([9.94], device='cuda:0'), Acc 31.35999870300293, Best Acc 30.920000076293945. (lr 0.015485690224785752, MMC 0.42959654331207275)
Epoch 99: TrainACC tensor([10.02], device='cuda:0'), Acc 29.969999313354492, Best Acc 31.35999870300293. (lr 0.015250374149917634, MMC 0.43434640765190125)
Epoch 100: TrainACC tensor([10.06], device='cuda:0'), Acc 31.599998474121094, Best Acc 31.35999870300293. (lr 0.015015, MMC 0.4383561611175537)
Epoch 101: TrainACC tensor([10.11], device='cuda:0'), Acc 30.979999542236328, Best Acc 31.599998474121094. (lr 0.01477962585008237, MMC 0.44193217158317566)
Epoch 102: TrainACC tensor([10.29], device='cuda:0'), Acc 31.25, Best Acc 31.599998474121094. (lr 0.014544309775214249, MMC 0.4453143775463104)
Epoch 103: TrainACC tensor([10.09], device='cuda:0'), Acc 31.369998931884766, Best Acc 31.599998474121094. (lr 0.014309109836116007, MMC 0.44881671667099)
Epoch 104: TrainACC tensor([10.26], device='cuda:0'), Acc 32.11000061035156, Best Acc 31.599998474121094. (lr 0.01407408406485324, MMC 0.4517700970172882)
Epoch 105: TrainACC tensor([10.43], device='cuda:0'), Acc 31.469999313354492, Best Acc 32.11000061035156. (lr 0.013839290450518247, MMC 0.45503148436546326)
Epoch 106: TrainACC tensor([10.42], device='cuda:0'), Acc 31.829999923706055, Best Acc 32.11000061035156. (lr 0.013604786924922063, MMC 0.45747843384742737)
Epoch 107: TrainACC tensor([10.53], device='cuda:0'), Acc 32.599998474121094, Best Acc 32.11000061035156. (lr 0.013370631348300688, MMC 0.46010154485702515)
Epoch 108: TrainACC tensor([10.45], device='cuda:0'), Acc 32.15999984741211, Best Acc 32.599998474121094. (lr 0.013136881495038904, MMC 0.46276620030403137)
Epoch 109: TrainACC tensor([10.62], device='cuda:0'), Acc 31.420000076293945, Best Acc 32.599998474121094. (lr 0.012903595039415327, MMC 0.464989572763443)
Epoch 110: TrainACC tensor([10.56], device='cuda:0'), Acc 32.02000045776367, Best Acc 32.599998474121094. (lr 0.012670829541372141, MMC 0.46698296070098877)
Epoch 111: TrainACC tensor([10.67], device='cuda:0'), Acc 32.209999084472656, Best Acc 32.599998474121094. (lr 0.012438642432313046, MMC 0.4692658483982086)
Epoch 112: TrainACC tensor([10.70], device='cuda:0'), Acc 31.5, Best Acc 32.599998474121094. (lr 0.012207091000932917, MMC 0.471034973859787)
Epoch 113: TrainACC tensor([10.87], device='cuda:0'), Acc 32.05999755859375, Best Acc 32.599998474121094. (lr 0.011976232379082663, MMC 0.4730490446090698)
Epoch 114: TrainACC tensor([10.82], device='cuda:0'), Acc 31.94999885559082, Best Acc 32.599998474121094. (lr 0.011746123527672814, MMC 0.47484466433525085)
Epoch 115: TrainACC tensor([10.89], device='cuda:0'), Acc 31.989999771118164, Best Acc 32.599998474121094. (lr 0.011516821222619256, MMC 0.47629302740097046)
Epoch 116: TrainACC tensor([10.97], device='cuda:0'), Acc 32.56999969482422, Best Acc 32.599998474121094. (lr 0.011288382040834651, MMC 0.4778282642364502)
Epoch 117: TrainACC tensor([10.97], device='cuda:0'), Acc 31.799999237060547, Best Acc 32.599998474121094. (lr 0.011060862346268888, MMC 0.4792653024196625)
Epoch 118: TrainACC tensor([10.88], device='cuda:0'), Acc 32.709999084472656, Best Acc 32.599998474121094. (lr 0.01083431827600215, MMC 0.48078224062919617)
Epoch 119: TrainACC tensor([11.16], device='cuda:0'), Acc 32.57999801635742, Best Acc 32.709999084472656. (lr 0.010608805726393928, MMC 0.4824985861778259)
Epoch 120: TrainACC tensor([11.09], device='cuda:0'), Acc 32.38999938964844, Best Acc 32.709999084472656. (lr 0.010384380339291418, MMC 0.4841668903827667)
Epoch 121: TrainACC tensor([11.29], device='cuda:0'), Acc 33.040000915527344, Best Acc 32.709999084472656. (lr 0.01016109748830073, MMC 0.4865182638168335)
Epoch 122: TrainACC tensor([11.24], device='cuda:0'), Acc 31.53999900817871, Best Acc 33.040000915527344. (lr 0.00993901226512431, MMC 0.48858824372291565)
Epoch 123: TrainACC tensor([11.21], device='cuda:0'), Acc 33.16999816894531, Best Acc 33.040000915527344. (lr 0.009718179465967834, MMC 0.4905439615249634)
Epoch 124: TrainACC tensor([10.73], device='cuda:0'), Acc 30.739999771118164, Best Acc 33.16999816894531. (lr 0.009498653578020105, MMC 0.4902835786342621)
Epoch 125: TrainACC tensor([10.78], device='cuda:0'), Acc 32.61000061035156, Best Acc 33.16999816894531. (lr 0.009280488766009135, MMC 0.48219403624534607)
Epoch 126: TrainACC tensor([11.03], device='cuda:0'), Acc 32.709999084472656, Best Acc 33.16999816894531. (lr 0.009063738858837812, MMC 0.47545531392097473)
Epoch 127: TrainACC tensor([11.03], device='cuda:0'), Acc 32.2599983215332, Best Acc 33.16999816894531. (lr 0.008848457336302447, MMC 0.46932899951934814)
Epoch 128: TrainACC tensor([11.08], device='cuda:0'), Acc 33.290000915527344, Best Acc 33.16999816894531. (lr 0.008634697315897387, MMC 0.46424421668052673)
Epoch 129: TrainACC tensor([11.04], device='cuda:0'), Acc 32.86000061035156, Best Acc 33.290000915527344. (lr 0.008422511539709111, MMC 0.460615873336792)
Epoch 130: TrainACC tensor([11.22], device='cuda:0'), Acc 32.81999969482422, Best Acc 33.290000915527344. (lr 0.008211952361402892, MMC 0.45797964930534363)
Epoch 131: TrainACC tensor([11.05], device='cuda:0'), Acc 32.619998931884766, Best Acc 33.290000915527344. (lr 0.008003071733305311, MMC 0.45643654465675354)
Epoch 132: TrainACC tensor([11.14], device='cuda:0'), Acc 33.099998474121094, Best Acc 33.290000915527344. (lr 0.007795921193585794, MMC 0.45598304271698)
Epoch 133: TrainACC tensor([11.22], device='cuda:0'), Acc 33.82999801635742, Best Acc 33.290000915527344. (lr 0.007590551853540372, MMC 0.4564397633075714)
Epoch 134: TrainACC tensor([11.31], device='cuda:0'), Acc 33.27000045776367, Best Acc 33.82999801635742. (lr 0.007387014384980685, MMC 0.4573746621608734)
Epoch 135: TrainACC tensor([11.23], device='cuda:0'), Acc 33.56999969482422, Best Acc 33.82999801635742. (lr 0.007185359007731507, MMC 0.45849233865737915)
Epoch 136: TrainACC tensor([11.17], device='cuda:0'), Acc 34.36000061035156, Best Acc 33.82999801635742. (lr 0.006985635477239732, MMC 0.4600672423839569)
Epoch 137: TrainACC tensor([11.35], device='cuda:0'), Acc 33.73999786376953, Best Acc 34.36000061035156. (lr 0.006787893072297993, MMC 0.46177640557289124)
Epoch 138: TrainACC tensor([11.29], device='cuda:0'), Acc 34.119998931884766, Best Acc 34.36000061035156. (lr 0.006592180582885822, MMC 0.4631653130054474)
Epoch 139: TrainACC tensor([11.48], device='cuda:0'), Acc 33.689998626708984, Best Acc 34.36000061035156. (lr 0.006398546298131471, MMC 0.465040922164917)
Epoch 140: TrainACC tensor([11.30], device='cuda:0'), Acc 33.88999938964844, Best Acc 34.36000061035156. (lr 0.006207037994397291, MMC 0.46706730127334595)
Epoch 141: TrainACC tensor([11.41], device='cuda:0'), Acc 34.0, Best Acc 34.36000061035156. (lr 0.006017702923491629, MMC 0.46885573863983154)
Epoch 142: TrainACC tensor([11.48], device='cuda:0'), Acc 33.70000076293945, Best Acc 34.36000061035156. (lr 0.005830587801010145, MMC 0.4704708456993103)
Epoch 143: TrainACC tensor([11.51], device='cuda:0'), Acc 34.68000030517578, Best Acc 34.36000061035156. (lr 0.005645738794809457, MMC 0.472231388092041)
Epoch 144: TrainACC tensor([11.44], device='cuda:0'), Acc 33.61000061035156, Best Acc 34.68000030517578. (lr 0.005463201513615884, MMC 0.4738049805164337)
Epoch 145: TrainACC tensor([11.53], device='cuda:0'), Acc 34.939998626708984, Best Acc 34.68000030517578. (lr 0.005283020995772199, MMC 0.47583940625190735)
Epoch 146: TrainACC tensor([11.55], device='cuda:0'), Acc 34.459999084472656, Best Acc 34.939998626708984. (lr 0.0051052416981250785, MMC 0.4775315225124359)
Epoch 147: TrainACC tensor([11.57], device='cuda:0'), Acc 34.279998779296875, Best Acc 34.939998626708984. (lr 0.004929907485056045, MMC 0.47927913069725037)
Epoch 148: TrainACC tensor([11.70], device='cuda:0'), Acc 34.279998779296875, Best Acc 34.939998626708984. (lr 0.004757061617658599, MMC 0.4812707006931305)
Epoch 149: TrainACC tensor([11.50], device='cuda:0'), Acc 34.71999740600586, Best Acc 34.939998626708984. (lr 0.00458674674306417, MMC 0.48308491706848145)
Epoch 150: TrainACC tensor([11.82], device='cuda:0'), Acc 34.63999938964844, Best Acc 34.939998626708984. (lr 0.004419004883919586, MMC 0.4844871461391449)
Epoch 151: TrainACC tensor([11.70], device='cuda:0'), Acc 35.04999923706055, Best Acc 34.939998626708984. (lr 0.004253877428018617, MMC 0.4864337742328644)
Epoch 152: TrainACC tensor([11.78], device='cuda:0'), Acc 34.65999984741211, Best Acc 35.04999923706055. (lr 0.004091405118090151, MMC 0.48768141865730286)
Epoch 153: TrainACC tensor([11.71], device='cuda:0'), Acc 34.189998626708984, Best Acc 35.04999923706055. (lr 0.003931628041745532, MMC 0.48912960290908813)
Epoch 154: TrainACC tensor([11.87], device='cuda:0'), Acc 34.48999786376953, Best Acc 35.04999923706055. (lr 0.003774585621587563, MMC 0.491086483001709)
Epoch 155: TrainACC tensor([11.77], device='cuda:0'), Acc 34.89999771118164, Best Acc 35.04999923706055. (lr 0.0036203166054835367, MMC 0.49290022253990173)
Epoch 156: TrainACC tensor([11.83], device='cuda:0'), Acc 34.55999755859375, Best Acc 35.04999923706055. (lr 0.0034688590570047997, MMC 0.49382075667381287)
Epoch 157: TrainACC tensor([11.92], device='cuda:0'), Acc 34.540000915527344, Best Acc 35.04999923706055. (lr 0.0033202503460351314, MMC 0.4954698979854584)
Epoch 158: TrainACC tensor([12.05], device='cuda:0'), Acc 35.439998626708984, Best Acc 35.04999923706055. (lr 0.0031745271395502792, MMC 0.49669960141181946)
Epoch 159: TrainACC tensor([12.06], device='cuda:0'), Acc 35.369998931884766, Best Acc 35.439998626708984. (lr 0.003031725392570948, MMC 0.4975284934043884)
Epoch 160: TrainACC tensor([12.16], device='cuda:0'), Acc 35.2599983215332, Best Acc 35.439998626708984. (lr 0.0028918803392914143, MMC 0.49838748574256897)
Epoch 161: TrainACC tensor([12.12], device='cuda:0'), Acc 35.20000076293945, Best Acc 35.439998626708984. (lr 0.002755026484386026, MMC 0.49972671270370483)
Epoch 162: TrainACC tensor([12.21], device='cuda:0'), Acc 34.93000030517578, Best Acc 35.439998626708984. (lr 0.0026211975944956927, MMC 0.5007251501083374)
Epoch 163: TrainACC tensor([12.28], device='cuda:0'), Acc 35.11000061035156, Best Acc 35.439998626708984. (lr 0.0024904266898964733, MMC 0.5021639466285706)
Epoch 164: TrainACC tensor([12.31], device='cuda:0'), Acc 34.96999740600586, Best Acc 35.439998626708984. (lr 0.0023627460363523077, MMC 0.5036579370498657)
Epoch 165: TrainACC tensor([12.33], device='cuda:0'), Acc 34.959999084472656, Best Acc 35.439998626708984. (lr 0.0022381871371539323, MMC 0.5050861239433289)
Epoch 166: TrainACC tensor([12.42], device='cuda:0'), Acc 34.73999786376953, Best Acc 35.439998626708984. (lr 0.002116780725345903, MMC 0.5063865780830383)
Epoch 167: TrainACC tensor([12.27], device='cuda:0'), Acc 35.119998931884766, Best Acc 35.439998626708984. (lr 0.0019985567561437035, MMC 0.5072231292724609)
Epoch 168: TrainACC tensor([12.47], device='cuda:0'), Acc 35.599998474121094, Best Acc 35.439998626708984. (lr 0.0018835443995427043, MMC 0.508607029914856)
Epoch 169: TrainACC tensor([12.34], device='cuda:0'), Acc 34.75, Best Acc 35.599998474121094. (lr 0.0017717720331209285, MMC 0.5086534023284912)
Epoch 170: TrainACC tensor([12.50], device='cuda:0'), Acc 35.18000030517578, Best Acc 35.599998474121094. (lr 0.0016632672350373088, MMC 0.507396936416626)
Epoch 171: TrainACC tensor([12.52], device='cuda:0'), Acc 35.21999740600586, Best Acc 35.599998474121094. (lr 0.0015580567772271762, MMC 0.506966769695282)
Epoch 172: TrainACC tensor([12.47], device='cuda:0'), Acc 35.40999984741211, Best Acc 35.599998474121094. (lr 0.0014561666187967001, MMC 0.5068604350090027)
Epoch 173: TrainACC tensor([12.69], device='cuda:0'), Acc 35.119998931884766, Best Acc 35.599998474121094. (lr 0.0013576218996178557, MMC 0.5065343379974365)
Epoch 174: TrainACC tensor([12.63], device='cuda:0'), Acc 35.790000915527344, Best Acc 35.599998474121094. (lr 0.001262446934125546, MMC 0.5059814453125)
Epoch 175: TrainACC tensor([12.62], device='cuda:0'), Acc 35.869998931884766, Best Acc 35.790000915527344. (lr 0.0011706652053183717, MMC 0.5068870186805725)
Epoch 176: TrainACC tensor([12.72], device='cuda:0'), Acc 35.34000015258789, Best Acc 35.869998931884766. (lr 0.0010822993589645537, MMC 0.5075048804283142)
Epoch 177: TrainACC tensor([12.71], device='cuda:0'), Acc 35.40999984741211, Best Acc 35.869998931884766. (lr 0.0009973711980144372, MMC 0.5077393651008606)
Epoch 178: TrainACC tensor([12.66], device='cuda:0'), Acc 35.290000915527344, Best Acc 35.869998931884766. (lr 0.0009159016772209316, MMC 0.5084847807884216)
Epoch 179: TrainACC tensor([12.68], device='cuda:0'), Acc 35.34000015258789, Best Acc 35.869998931884766. (lr 0.0008379108979692337, MMC 0.5086484551429749)
Epoch 180: TrainACC tensor([12.83], device='cuda:0'), Acc 35.57999801635742, Best Acc 35.869998931884766. (lr 0.0007634181033171244, MMC 0.5098053812980652)
Epoch 181: TrainACC tensor([12.87], device='cuda:0'), Acc 35.66999816894531, Best Acc 35.869998931884766. (lr 0.0006924416732470231, MMC 0.5106339454650879)
Epoch 182: TrainACC tensor([12.90], device='cuda:0'), Acc 35.5099983215332, Best Acc 35.869998931884766. (lr 0.0006249991201310098, MMC 0.5115963816642761)
Epoch 183: TrainACC tensor([12.87], device='cuda:0'), Acc 35.81999969482422, Best Acc 35.869998931884766. (lr 0.0005611070844098974, MMC 0.5126706957817078)
Epoch 184: TrainACC tensor([12.93], device='cuda:0'), Acc 35.82999801635742, Best Acc 35.869998931884766. (lr 0.000500781330487465, MMC 0.5135032534599304)
Epoch 185: TrainACC tensor([12.96], device='cuda:0'), Acc 36.02000045776367, Best Acc 35.869998931884766. (lr 0.00044403674284081683, MMC 0.5143284797668457)
Epoch 186: TrainACC tensor([12.91], device='cuda:0'), Acc 35.88999938964844, Best Acc 36.02000045776367. (lr 0.0003908873223478714, MMC 0.5149334073066711)
Epoch 187: TrainACC tensor([12.94], device='cuda:0'), Acc 35.7599983215332, Best Acc 36.02000045776367. (lr 0.0003413461828328386, MMC 0.5157566666603088)
Epoch 188: TrainACC tensor([12.98], device='cuda:0'), Acc 35.97999954223633, Best Acc 36.02000045776367. (lr 0.00029542554783059955, MMC 0.5169816017150879)
Epoch 189: TrainACC tensor([12.97], device='cuda:0'), Acc 35.869998931884766, Best Acc 36.02000045776367. (lr 0.0002531367475707136, MMC 0.5177775025367737)
Epoch 190: TrainACC tensor([13.00], device='cuda:0'), Acc 35.84000015258789, Best Acc 36.02000045776367. (lr 0.00021449021618186217, MMC 0.5188654065132141)
Epoch 191: TrainACC tensor([13.03], device='cuda:0'), Acc 35.98999786376953, Best Acc 36.02000045776367. (lr 0.0001794954891173853, MMC 0.5200955271720886)
Epoch 192: TrainACC tensor([13.00], device='cuda:0'), Acc 35.790000915527344, Best Acc 36.02000045776367. (lr 0.0001481612008025507, MMC 0.5212412476539612)
Epoch 193: TrainACC tensor([13.06], device='cuda:0'), Acc 36.14999771118164, Best Acc 36.02000045776367. (lr 0.00012049508250413378, MMC 0.522437334060669)
Epoch 194: TrainACC tensor([13.09], device='cuda:0'), Acc 35.88999938964844, Best Acc 36.14999771118164. (lr 9.650396042284627e-05, MMC 0.5236116051673889)
Epoch 195: TrainACC tensor([13.08], device='cuda:0'), Acc 35.98999786376953, Best Acc 36.14999771118164. (lr 7.619375400907747e-05, MMC 0.5250875353813171)
Epoch 196: TrainACC tensor([13.10], device='cuda:0'), Acc 36.02000045776367, Best Acc 36.14999771118164. (lr 5.95694745023507e-05, MMC 0.5265707969665527)
Epoch 197: TrainACC tensor([13.05], device='cuda:0'), Acc 36.23999786376953, Best Acc 36.14999771118164. (lr 4.6635223694881e-05, MMC 0.527942419052124)
Epoch 198: TrainACC tensor([13.12], device='cuda:0'), Acc 35.93000030517578, Best Acc 36.23999786376953. (lr 3.739419291951198e-05, MMC 0.5292160511016846)
Epoch 199: TrainACC tensor([13.04], device='cuda:0'), Acc 36.20000076293945, Best Acc 36.23999786376953. (lr 3.1848662262316104e-05, MMC 0.5302108526229858)
