args Namespace(arch='resnet50', batch_size=32, closeset_ratio=0.2, conf_ema_range=[0.4, 0.4], cosine=True, dataset='food101n', epochs=200, epsilon=0.6, exp_dir='experiment/Food101N-sota/Food101N2023-12-12-14-41-57ds_food101n_lr_0.01_ep_200_ps_1_lw_0.4_warmupepochs_10_rechange_per_epoch_30', forget_rate=0.2, gpu=0, loss_weight1=0.4, loss_weight2=1.0, low_dim=512, lr=0.01, lr_decay_epochs='100,150,180', lr_decay_rate=0.1, moco_m=0.999, moco_queue=4096, momentum=0.9, n_classes=101, noise_type='symmetric', print_freq=100, prot_start=1, proto_m=0.99, rechange_per_epoch=30, resume='', seed=100, synthetic_data=None, topk=25, warmupepochs=10, warmuplr=0.01, weight_decay=0.0005, workers=32)

Epoch 0: TrainACC 51.396820068359375, Acc 66.26425170898438, Best Acc 0. (lr 0.01, MMC 1.0)
Epoch 1: TrainACC 54.276153564453125, Acc 67.17463684082031, Best Acc 66.26425170898438. (lr 0.009999383779245894, MMC 1.0)
Epoch 2: TrainACC 53.37736129760742, Acc 64.5384750366211, Best Acc 67.17463684082031. (lr 0.009997535269026829, MMC 1.0)
Epoch 3: TrainACC 53.04981994628906, Acc 65.33406829833984, Best Acc 67.17463684082031. (lr 0.009994454925435041, MMC 1.0)
Epoch 4: TrainACC 52.78117370605469, Acc 65.9396743774414, Best Acc 67.17463684082031. (lr 0.009990143508499217, MMC 1.0)
Epoch 5: TrainACC 52.920108795166016, Acc 65.78530883789062, Best Acc 67.17463684082031. (lr 0.009984602081996976, MMC 1.0)
Epoch 6: TrainACC 53.0726318359375, Acc 63.845787048339844, Best Acc 67.17463684082031. (lr 0.009977832013192385, MMC 1.0)
Epoch 7: TrainACC 53.19165802001953, Acc 64.80763244628906, Best Acc 67.17463684082031. (lr 0.009969834972498624, MMC 1.0)
Epoch 8: TrainACC 53.383995056152344, Acc 66.14154815673828, Best Acc 67.17463684082031. (lr 0.009960612933065818, MMC 1.0)
Epoch 9: TrainACC 53.44035339355469, Acc 63.228309631347656, Best Acc 67.17463684082031. (lr 0.009950168170294205, MMC 0.7898784875869751)
    ----------  warmup end  -----------    
Epoch 10: TrainACC tensor([46.85], device='cuda:0'), Acc 61.53419876098633, Best Acc 67.17463684082031. (lr 0.009938503261272713, MMC 0.8158713579177856)
Epoch 11: TrainACC tensor([54.24], device='cuda:0'), Acc 65.79718017578125, Best Acc 67.17463684082031. (lr 0.009925621084143096, MMC 0.8304940462112427)
Epoch 12: TrainACC tensor([55.61], device='cuda:0'), Acc 66.44236755371094, Best Acc 67.17463684082031. (lr 0.009911524817389801, MMC 0.838142991065979)
Epoch 13: TrainACC tensor([56.35], device='cuda:0'), Acc 68.2275161743164, Best Acc 67.17463684082031. (lr 0.009896217939055721, MMC 0.8421239256858826)
Epoch 14: TrainACC tensor([56.58], device='cuda:0'), Acc 68.76583099365234, Best Acc 68.2275161743164. (lr 0.009879704225884044, MMC 0.8443110585212708)
Epoch 15: TrainACC tensor([57.04], device='cuda:0'), Acc 65.11637115478516, Best Acc 68.76583099365234. (lr 0.009861987752386395, MMC 0.8458091020584106)
Epoch 16: TrainACC tensor([57.17], device='cuda:0'), Acc 70.29765319824219, Best Acc 68.76583099365234. (lr 0.009843072889837512, MMC 0.8468477725982666)
Epoch 17: TrainACC tensor([57.29], device='cuda:0'), Acc 69.3714370727539, Best Acc 70.29765319824219. (lr 0.009822964305196701, MMC 0.847476601600647)
Epoch 18: TrainACC tensor([57.34], device='cuda:0'), Acc 69.69205474853516, Best Acc 70.29765319824219. (lr 0.00980166695995633, MMC 0.8481022119522095)
Epoch 19: TrainACC tensor([57.67], device='cuda:0'), Acc 70.67764282226562, Best Acc 70.29765319824219. (lr 0.009779186108917658, MMC 0.8482993841171265)
Epoch 20: TrainACC tensor([57.64], device='cuda:0'), Acc 70.63410186767578, Best Acc 70.67764282226562. (lr 0.009755527298894293, MMC 0.8487211465835571)
Epoch 21: TrainACC tensor([57.84], device='cuda:0'), Acc 67.83169555664062, Best Acc 70.67764282226562. (lr 0.009730696367343588, MMC 0.8490538001060486)
Epoch 22: TrainACC tensor([57.88], device='cuda:0'), Acc 70.01266479492188, Best Acc 70.67764282226562. (lr 0.009704699440926357, MMC 0.8491032719612122)
Epoch 23: TrainACC tensor([57.89], device='cuda:0'), Acc 68.73416900634766, Best Acc 70.67764282226562. (lr 0.009677542933995188, MMC 0.8494745492935181)
Epoch 24: TrainACC tensor([57.91], device='cuda:0'), Acc 70.96659088134766, Best Acc 70.67764282226562. (lr 0.009649233547011816, MMC 0.8497220873832703)
Epoch 25: TrainACC tensor([58.00], device='cuda:0'), Acc 68.73416900634766, Best Acc 70.96659088134766. (lr 0.009619778264893877, MMC 0.8498050570487976)
Epoch 26: TrainACC tensor([58.07], device='cuda:0'), Acc 69.2724838256836, Best Acc 70.96659088134766. (lr 0.009589184355291486, MMC 0.8500604033470154)
Epoch 27: TrainACC tensor([58.16], device='cuda:0'), Acc 70.34911346435547, Best Acc 70.96659088134766. (lr 0.009557459366794049, MMC 0.8503168225288391)
Epoch 28: TrainACC tensor([58.25], device='cuda:0'), Acc 71.93634796142578, Best Acc 70.96659088134766. (lr 0.009524611127067768, MMC 0.8506754040718079)
Epoch 29: TrainACC tensor([58.35], device='cuda:0'), Acc 72.02342987060547, Best Acc 71.93634796142578. (lr 0.009490647740924275, MMC 0.8505571484565735)
Epoch 30: TrainACC tensor([58.31], device='cuda:0'), Acc 70.06412506103516, Best Acc 72.02342987060547. (lr 0.009455577588320897, MMC 0.8506069779396057)
Epoch 31: TrainACC tensor([58.40], device='cuda:0'), Acc 70.77659606933594, Best Acc 72.02342987060547. (lr 0.009419409322293024, MMC 0.8508272171020508)
Epoch 32: TrainACC tensor([58.46], device='cuda:0'), Acc 70.64598083496094, Best Acc 72.02342987060547. (lr 0.009382151866819097, MMC 0.8510869741439819)
Epoch 33: TrainACC tensor([58.51], device='cuda:0'), Acc 67.55857849121094, Best Acc 72.02342987060547. (lr 0.009343814414618765, MMC 0.8513621687889099)
Epoch 34: TrainACC tensor([58.57], device='cuda:0'), Acc 70.0799560546875, Best Acc 72.02342987060547. (lr 0.009304406424884698, MMC 0.851410984992981)
Epoch 35: TrainACC tensor([58.58], device='cuda:0'), Acc 69.7435073852539, Best Acc 72.02342987060547. (lr 0.00926393762094869, MMC 0.8513588309288025)
Epoch 36: TrainACC tensor([58.62], device='cuda:0'), Acc 70.40848541259766, Best Acc 72.02342987060547. (lr 0.009222417987882566, MMC 0.8515702486038208)
Epoch 37: TrainACC tensor([58.65], device='cuda:0'), Acc 71.98384857177734, Best Acc 72.02342987060547. (lr 0.009179857770034511, MMC 0.8518431186676025)
Epoch 38: TrainACC tensor([58.79], device='cuda:0'), Acc 70.73701477050781, Best Acc 72.02342987060547. (lr 0.009136267468501436, MMC 0.8520328402519226)
Epoch 39: TrainACC tensor([59.40], device='cuda:0'), Acc 72.87444305419922, Best Acc 72.02342987060547. (lr 0.009091657838537992, MMC 0.8520214557647705)
Epoch 40: TrainACC tensor([57.97], device='cuda:0'), Acc 71.67510986328125, Best Acc 72.87444305419922. (lr 0.009046039886902862, MMC 0.8170970678329468)
Epoch 41: TrainACC tensor([58.65], device='cuda:0'), Acc 70.91117858886719, Best Acc 72.87444305419922. (lr 0.008999424869143019, MMC 0.8097643256187439)
Epoch 42: TrainACC tensor([58.79], device='cuda:0'), Acc 68.84895324707031, Best Acc 72.87444305419922. (lr 0.008951824286816573, MMC 0.8101510405540466)
Epoch 43: TrainACC tensor([58.71], device='cuda:0'), Acc 71.9403076171875, Best Acc 72.87444305419922. (lr 0.008903249884654957, MMC 0.8107802867889404)
Epoch 44: TrainACC tensor([58.93], device='cuda:0'), Acc 72.50237274169922, Best Acc 72.87444305419922. (lr 0.008853713647665068, MMC 0.8108505606651306)
Epoch 45: TrainACC tensor([58.94], device='cuda:0'), Acc 68.6866683959961, Best Acc 72.87444305419922. (lr 0.008803227798172155, MMC 0.811369776725769)
Epoch 46: TrainACC tensor([58.91], device='cuda:0'), Acc 67.62191009521484, Best Acc 72.87444305419922. (lr 0.008751804792804145, MMC 0.811592698097229)
Epoch 47: TrainACC tensor([58.88], device='cuda:0'), Acc 69.48226928710938, Best Acc 72.87444305419922. (lr 0.008699457319418154, MMC 0.8118210434913635)
Epoch 48: TrainACC tensor([59.15], device='cuda:0'), Acc 71.42970275878906, Best Acc 72.87444305419922. (lr 0.008646198293969952, MMC 0.8123363852500916)
Epoch 49: TrainACC tensor([59.05], device='cuda:0'), Acc 70.96263122558594, Best Acc 72.87444305419922. (lr 0.008592040857327128, MMC 0.8123142719268799)
Epoch 50: TrainACC tensor([59.14], device='cuda:0'), Acc 71.20408630371094, Best Acc 72.87444305419922. (lr 0.008536998372026804, MMC 0.8128122687339783)
Epoch 51: TrainACC tensor([59.25], device='cuda:0'), Acc 72.20946502685547, Best Acc 72.87444305419922. (lr 0.00848108441897861, MMC 0.8129470944404602)
Epoch 52: TrainACC tensor([59.26], device='cuda:0'), Acc 70.58264923095703, Best Acc 72.87444305419922. (lr 0.0084243127941138, MMC 0.8131668567657471)
Epoch 53: TrainACC tensor([59.42], device='cuda:0'), Acc 71.68698120117188, Best Acc 72.87444305419922. (lr 0.008366697504981318, MMC 0.8131138682365417)
Epoch 54: TrainACC tensor([59.32], device='cuda:0'), Acc 70.70535278320312, Best Acc 72.87444305419922. (lr 0.00830825276729164, MMC 0.8135220408439636)
Epoch 55: TrainACC tensor([59.39], device='cuda:0'), Acc 72.79528045654297, Best Acc 72.87444305419922. (lr 0.008248993001409268, MMC 0.8134835362434387)
Epoch 56: TrainACC tensor([59.53], device='cuda:0'), Acc 73.35734558105469, Best Acc 72.87444305419922. (lr 0.008188932828794706, MMC 0.8140184283256531)
Epoch 57: TrainACC tensor([59.58], device='cuda:0'), Acc 72.70028686523438, Best Acc 73.35734558105469. (lr 0.008128087068396848, MMC 0.8139808773994446)
Epoch 58: TrainACC tensor([59.76], device='cuda:0'), Acc 71.37824249267578, Best Acc 73.35734558105469. (lr 0.008066470732996617, MMC 0.814580500125885)
Epoch 59: TrainACC tensor([59.57], device='cuda:0'), Acc 70.7013931274414, Best Acc 73.35734558105469. (lr 0.008004099025502791, MMC 0.8145921230316162)
Epoch 60: TrainACC tensor([59.71], device='cuda:0'), Acc 71.4732437133789, Best Acc 73.35734558105469. (lr 0.007940987335200905, MMC 0.814893364906311)
Epoch 61: TrainACC tensor([59.81], device='cuda:0'), Acc 71.83343505859375, Best Acc 73.35734558105469. (lr 0.007877151233956176, MMC 0.8151090741157532)
Epoch 62: TrainACC tensor([59.78], device='cuda:0'), Acc 70.55493927001953, Best Acc 73.35734558105469. (lr 0.007812606472371393, MMC 0.8155155181884766)
Epoch 63: TrainACC tensor([59.92], device='cuda:0'), Acc 73.1475601196289, Best Acc 73.35734558105469. (lr 0.007747368975900669, MMC 0.8160224556922913)
Epoch 64: TrainACC tensor([60.11], device='cuda:0'), Acc 74.08565521240234, Best Acc 73.35734558105469. (lr 0.007681454840920088, MMC 0.8160235285758972)
Epoch 65: TrainACC tensor([60.09], device='cuda:0'), Acc 71.49699401855469, Best Acc 74.08565521240234. (lr 0.007614880330756165, MMC 0.8161892890930176)
Epoch 66: TrainACC tensor([60.12], device='cuda:0'), Acc 72.76757049560547, Best Acc 74.08565521240234. (lr 0.007547661871673105, MMC 0.8162771463394165)
Epoch 67: TrainACC tensor([60.32], device='cuda:0'), Acc 71.02992248535156, Best Acc 74.08565521240234. (lr 0.007479816048819876, MMC 0.8166031837463379)
Epoch 68: TrainACC tensor([60.25], device='cuda:0'), Acc 72.3677978515625, Best Acc 74.08565521240234. (lr 0.007411359602138068, MMC 0.8171155452728271)
Epoch 69: TrainACC tensor([60.69], device='cuda:0'), Acc 75.57789611816406, Best Acc 74.08565521240234. (lr 0.007342309422231565, MMC 0.8171176910400391)
Epoch 70: TrainACC tensor([59.74], device='cuda:0'), Acc 72.13426208496094, Best Acc 75.57789611816406. (lr 0.0072726825461990365, MMC 0.7997860312461853)
Epoch 71: TrainACC tensor([60.19], device='cuda:0'), Acc 71.13679504394531, Best Acc 75.57789611816406. (lr 0.0072024961534302955, MMC 0.7972714304924011)
Epoch 72: TrainACC tensor([60.24], device='cuda:0'), Acc 74.08169555664062, Best Acc 75.57789611816406. (lr 0.007131767561367538, MMC 0.7972551584243774)
Epoch 73: TrainACC tensor([60.43], device='cuda:0'), Acc 72.07884979248047, Best Acc 75.57789611816406. (lr 0.007060514221232519, MMC 0.7974613308906555)
Epoch 74: TrainACC tensor([60.58], device='cuda:0'), Acc 72.24113464355469, Best Acc 75.57789611816406. (lr 0.006988753713720729, MMC 0.7979302406311035)
Epoch 75: TrainACC tensor([60.55], device='cuda:0'), Acc 73.9471206665039, Best Acc 75.57789611816406. (lr 0.006916503744663623, MMC 0.7978635430335999)
Epoch 76: TrainACC tensor([60.59], device='cuda:0'), Acc 71.47720336914062, Best Acc 75.57789611816406. (lr 0.006843782140659968, MMC 0.7984521985054016)
Epoch 77: TrainACC tensor([60.69], device='cuda:0'), Acc 74.0777359008789, Best Acc 75.57789611816406. (lr 0.00677060684467739, MMC 0.7992934584617615)
Epoch 78: TrainACC tensor([60.78], device='cuda:0'), Acc 73.84420776367188, Best Acc 75.57789611816406. (lr 0.006696995911625232, MMC 0.7997192144393921)
Epoch 79: TrainACC tensor([60.87], device='cuda:0'), Acc 73.16339111328125, Best Acc 75.57789611816406. (lr 0.0066229675038997566, MMC 0.8000705242156982)
Epoch 80: TrainACC tensor([60.98], device='cuda:0'), Acc 72.38362884521484, Best Acc 75.57789611816406. (lr 0.006548539886902863, MMC 0.8003935217857361)
Epoch 81: TrainACC tensor([60.95], device='cuda:0'), Acc 74.52501678466797, Best Acc 75.57789611816406. (lr 0.006473731424535359, MMC 0.8004791736602783)
Epoch 82: TrainACC tensor([61.10], device='cuda:0'), Acc 74.88520812988281, Best Acc 75.57789611816406. (lr 0.00639856057466595, MMC 0.8013936877250671)
Epoch 83: TrainACC tensor([61.12], device='cuda:0'), Acc 72.51820373535156, Best Acc 75.57789611816406. (lr 0.006323045884577037, MMC 0.8016207814216614)
Epoch 84: TrainACC tensor([61.30], device='cuda:0'), Acc 74.3191909790039, Best Acc 75.57789611816406. (lr 0.006247205986388449, MMC 0.8024011850357056)
Epoch 85: TrainACC tensor([61.38], device='cuda:0'), Acc 71.6592788696289, Best Acc 75.57789611816406. (lr 0.006171059592460248, MMC 0.802191972732544)
Epoch 86: TrainACC tensor([61.51], device='cuda:0'), Acc 72.8625717163086, Best Acc 75.57789611816406. (lr 0.006094625490775731, MMC 0.802509605884552)
Epoch 87: TrainACC tensor([61.57], device='cuda:0'), Acc 74.79417419433594, Best Acc 75.57789611816406. (lr 0.00601792254030578, MMC 0.8032337427139282)
Epoch 88: TrainACC tensor([61.56], device='cuda:0'), Acc 73.95899200439453, Best Acc 75.57789611816406. (lr 0.005940969666355695, MMC 0.8036327362060547)
Epoch 89: TrainACC tensor([61.75], device='cuda:0'), Acc 75.71247863769531, Best Acc 75.57789611816406. (lr 0.00586378585589565, MMC 0.8035624027252197)
Epoch 90: TrainACC tensor([61.86], device='cuda:0'), Acc 74.39835357666016, Best Acc 75.71247863769531. (lr 0.005786390152875954, MMC 0.8041393756866455)
Epoch 91: TrainACC tensor([61.88], device='cuda:0'), Acc 73.84815979003906, Best Acc 75.71247863769531. (lr 0.005708801653528227, MMC 0.8047443628311157)
Epoch 92: TrainACC tensor([62.01], device='cuda:0'), Acc 75.35623931884766, Best Acc 75.71247863769531. (lr 0.005631039501653701, MMC 0.8052917718887329)
Epoch 93: TrainACC tensor([62.10], device='cuda:0'), Acc 75.93809509277344, Best Acc 75.71247863769531. (lr 0.005553122883899772, MMC 0.8057442307472229)
Epoch 94: TrainACC tensor([62.06], device='cuda:0'), Acc 74.37064361572266, Best Acc 75.93809509277344. (lr 0.005475071025025979, MMC 0.805692195892334)
Epoch 95: TrainACC tensor([62.30], device='cuda:0'), Acc 74.92874908447266, Best Acc 75.93809509277344. (lr 0.005396903183160586, MMC 0.8063727617263794)
Epoch 96: TrainACC tensor([62.33], device='cuda:0'), Acc 75.9578857421875, Best Acc 75.93809509277344. (lr 0.005318638645048921, MMC 0.8071419596672058)
Epoch 97: TrainACC tensor([62.50], device='cuda:0'), Acc 74.20835876464844, Best Acc 75.9578857421875. (lr 0.005240296721294665, MMC 0.8074936866760254)
Epoch 98: TrainACC tensor([62.48], device='cuda:0'), Acc 76.06871032714844, Best Acc 75.9578857421875. (lr 0.0051618967415952505, MMC 0.8077007532119751)
Epoch 99: TrainACC tensor([62.74], device='cuda:0'), Acc 76.1439208984375, Best Acc 76.06871032714844. (lr 0.005083458049972544, MMC 0.8077024817466736)
Epoch 100: TrainACC tensor([62.18], device='cuda:0'), Acc 74.48938751220703, Best Acc 76.1439208984375. (lr 0.005005, MMC 0.7981357574462891)
Epoch 101: TrainACC tensor([62.62], device='cuda:0'), Acc 73.38900756835938, Best Acc 76.1439208984375. (lr 0.0049265419500274564, MMC 0.796863853931427)
Epoch 102: TrainACC tensor([62.76], device='cuda:0'), Acc 74.25189971923828, Best Acc 76.1439208984375. (lr 0.004848103258404749, MMC 0.7975084781646729)
Epoch 103: TrainACC tensor([62.91], device='cuda:0'), Acc 75.44727325439453, Best Acc 76.1439208984375. (lr 0.004769703278705335, MMC 0.7981780171394348)
Epoch 104: TrainACC tensor([62.99], device='cuda:0'), Acc 75.47894287109375, Best Acc 76.1439208984375. (lr 0.00469136135495108, MMC 0.7990344166755676)
Epoch 105: TrainACC tensor([63.16], device='cuda:0'), Acc 75.35623931884766, Best Acc 76.1439208984375. (lr 0.004613096816839415, MMC 0.7999045252799988)
Epoch 106: TrainACC tensor([63.18], device='cuda:0'), Acc 76.8603515625, Best Acc 76.1439208984375. (lr 0.0045349289749740205, MMC 0.8000390529632568)
Epoch 107: TrainACC tensor([63.29], device='cuda:0'), Acc 76.91181182861328, Best Acc 76.8603515625. (lr 0.004456877116100229, MMC 0.801238477230072)
Epoch 108: TrainACC tensor([63.31], device='cuda:0'), Acc 76.00933837890625, Best Acc 76.91181182861328. (lr 0.0043789604983463, MMC 0.8011931777000427)
Epoch 109: TrainACC tensor([63.58], device='cuda:0'), Acc 77.36700439453125, Best Acc 76.91181182861328. (lr 0.004301198346471776, MMC 0.801793098449707)
Epoch 110: TrainACC tensor([63.64], device='cuda:0'), Acc 76.31807708740234, Best Acc 77.36700439453125. (lr 0.004223609847124047, MMC 0.8025239706039429)
Epoch 111: TrainACC tensor([63.75], device='cuda:0'), Acc 76.76139831542969, Best Acc 77.36700439453125. (lr 0.004146214144104349, MMC 0.8033811450004578)
Epoch 112: TrainACC tensor([63.93], device='cuda:0'), Acc 76.30620574951172, Best Acc 77.36700439453125. (lr 0.004069030333644305, MMC 0.8040364384651184)
Epoch 113: TrainACC tensor([63.96], device='cuda:0'), Acc 76.56744384765625, Best Acc 77.36700439453125. (lr 0.00399207745969422, MMC 0.80489581823349)
Epoch 114: TrainACC tensor([64.18], device='cuda:0'), Acc 76.00142669677734, Best Acc 77.36700439453125. (lr 0.003915374509224271, MMC 0.8050418496131897)
Epoch 115: TrainACC tensor([64.28], device='cuda:0'), Acc 77.44220733642578, Best Acc 77.36700439453125. (lr 0.0038389404075397523, MMC 0.8057248592376709)
Epoch 116: TrainACC tensor([64.37], device='cuda:0'), Acc 77.65199279785156, Best Acc 77.44220733642578. (lr 0.00376279401361155, MMC 0.8063466548919678)
Epoch 117: TrainACC tensor([64.48], device='cuda:0'), Acc 78.45155334472656, Best Acc 77.65199279785156. (lr 0.003686954115422963, MMC 0.8069263696670532)
Epoch 118: TrainACC tensor([64.65], device='cuda:0'), Acc 77.72720336914062, Best Acc 78.45155334472656. (lr 0.0036114394253340507, MMC 0.8074951171875)
Epoch 119: TrainACC tensor([64.69], device='cuda:0'), Acc 77.01472473144531, Best Acc 78.45155334472656. (lr 0.0035362685754646425, MMC 0.8080132603645325)
Epoch 120: TrainACC tensor([64.82], device='cuda:0'), Acc 77.94490051269531, Best Acc 78.45155334472656. (lr 0.0034614601130971393, MMC 0.8089824318885803)
Epoch 121: TrainACC tensor([64.96], device='cuda:0'), Acc 78.26947021484375, Best Acc 78.45155334472656. (lr 0.0033870324961002437, MMC 0.8099412322044373)
Epoch 122: TrainACC tensor([65.16], device='cuda:0'), Acc 79.1838150024414, Best Acc 78.45155334472656. (lr 0.0033130040883747698, MMC 0.8110051155090332)
Epoch 123: TrainACC tensor([65.29], device='cuda:0'), Acc 77.89344787597656, Best Acc 79.1838150024414. (lr 0.0032393931553226117, MMC 0.8115346431732178)
Epoch 124: TrainACC tensor([65.31], device='cuda:0'), Acc 79.3263168334961, Best Acc 79.1838150024414. (lr 0.003166217859340035, MMC 0.8121358752250671)
Epoch 125: TrainACC tensor([65.49], device='cuda:0'), Acc 78.60195922851562, Best Acc 79.3263168334961. (lr 0.003093496255336378, MMC 0.8130823969841003)
Epoch 126: TrainACC tensor([65.73], device='cuda:0'), Acc 78.29718017578125, Best Acc 79.3263168334961. (lr 0.0030212462862792703, MMC 0.8133441209793091)
Epoch 127: TrainACC tensor([65.81], device='cuda:0'), Acc 79.49256134033203, Best Acc 79.3263168334961. (lr 0.002949485778767482, MMC 0.8142924308776855)
Epoch 128: TrainACC tensor([66.07], device='cuda:0'), Acc 78.48717498779297, Best Acc 79.49256134033203. (lr 0.0028782324386324625, MMC 0.8146839737892151)
Epoch 129: TrainACC tensor([66.03], device='cuda:0'), Acc 79.33026885986328, Best Acc 79.49256134033203. (lr 0.002807503846569704, MMC 0.8147119879722595)
Epoch 130: TrainACC tensor([65.87], device='cuda:0'), Acc 79.25902557373047, Best Acc 79.49256134033203. (lr 0.002737317453800964, MMC 0.8109419941902161)
Epoch 131: TrainACC tensor([66.25], device='cuda:0'), Acc 79.97149658203125, Best Acc 79.49256134033203. (lr 0.0026676905777684367, MMC 0.8113342523574829)
Epoch 132: TrainACC tensor([66.31], device='cuda:0'), Acc 78.9265365600586, Best Acc 79.97149658203125. (lr 0.0025986403978619315, MMC 0.8119211792945862)
Epoch 133: TrainACC tensor([66.59], device='cuda:0'), Acc 78.67716979980469, Best Acc 79.97149658203125. (lr 0.0025301839511801243, MMC 0.812454879283905)
Epoch 134: TrainACC tensor([66.73], device='cuda:0'), Acc 80.3831558227539, Best Acc 79.97149658203125. (lr 0.0024623381283268952, MMC 0.814190685749054)
Epoch 135: TrainACC tensor([66.90], device='cuda:0'), Acc 79.59151458740234, Best Acc 80.3831558227539. (lr 0.002395119669243836, MMC 0.8148214817047119)
Epoch 136: TrainACC tensor([67.08], device='cuda:0'), Acc 80.08232879638672, Best Acc 80.3831558227539. (lr 0.0023285451590799107, MMC 0.8156571984291077)
Epoch 137: TrainACC tensor([67.23], device='cuda:0'), Acc 80.60877227783203, Best Acc 80.3831558227539. (lr 0.0022626310240993312, MMC 0.816713273525238)
Epoch 138: TrainACC tensor([67.39], device='cuda:0'), Acc 80.18920135498047, Best Acc 80.60877227783203. (lr 0.002197393527628607, MMC 0.8170301914215088)
Epoch 139: TrainACC tensor([67.55], device='cuda:0'), Acc 80.86605072021484, Best Acc 80.60877227783203. (lr 0.0021328487660438235, MMC 0.8182818293571472)
Epoch 140: TrainACC tensor([67.67], device='cuda:0'), Acc 79.33026885986328, Best Acc 80.86605072021484. (lr 0.0020690126647990976, MMC 0.8194618225097656)
Epoch 141: TrainACC tensor([67.79], device='cuda:0'), Acc 81.10750579833984, Best Acc 80.86605072021484. (lr 0.00200590097449721, MMC 0.8206787109375)
Epoch 142: TrainACC tensor([68.04], device='cuda:0'), Acc 81.44395446777344, Best Acc 81.10750579833984. (lr 0.0019435292670033821, MMC 0.8219602108001709)
Epoch 143: TrainACC tensor([68.24], device='cuda:0'), Acc 81.28166198730469, Best Acc 81.44395446777344. (lr 0.0018819129316031526, MMC 0.8227180242538452)
Epoch 144: TrainACC tensor([68.33], device='cuda:0'), Acc 81.23020935058594, Best Acc 81.44395446777344. (lr 0.001821067171205295, MMC 0.8227935433387756)
Epoch 145: TrainACC tensor([68.56], device='cuda:0'), Acc 81.05604553222656, Best Acc 81.44395446777344. (lr 0.0017610069985907334, MMC 0.8238285779953003)
Epoch 146: TrainACC tensor([68.81], device='cuda:0'), Acc 81.07583618164062, Best Acc 81.44395446777344. (lr 0.0017017472327083597, MMC 0.8254904747009277)
Epoch 147: TrainACC tensor([68.93], device='cuda:0'), Acc 81.47957611083984, Best Acc 81.44395446777344. (lr 0.0016433024950186818, MMC 0.8259681463241577)
Epoch 148: TrainACC tensor([69.04], device='cuda:0'), Acc 82.4295425415039, Best Acc 81.47957611083984. (lr 0.0015856872058862, MMC 0.827816903591156)
Epoch 149: TrainACC tensor([69.32], device='cuda:0'), Acc 81.50727844238281, Best Acc 82.4295425415039. (lr 0.0015289155810213901, MMC 0.8283849954605103)
Epoch 150: TrainACC tensor([69.47], device='cuda:0'), Acc 82.04164123535156, Best Acc 82.4295425415039. (lr 0.0014730016279731956, MMC 0.8301108479499817)
Epoch 151: TrainACC tensor([69.61], device='cuda:0'), Acc 81.61811065673828, Best Acc 82.4295425415039. (lr 0.0014179591426728725, MMC 0.8315044045448303)
Epoch 152: TrainACC tensor([69.95], device='cuda:0'), Acc 82.45329284667969, Best Acc 82.4295425415039. (lr 0.0013638017060300506, MMC 0.8327014446258545)
Epoch 153: TrainACC tensor([70.12], device='cuda:0'), Acc 82.25933837890625, Best Acc 82.45329284667969. (lr 0.0013105426805818442, MMC 0.8340915441513062)
Epoch 154: TrainACC tensor([70.34], device='cuda:0'), Acc 82.34246063232422, Best Acc 82.45329284667969. (lr 0.0012581952071958544, MMC 0.8355046510696411)
Epoch 155: TrainACC tensor([70.55], device='cuda:0'), Acc 82.82140350341797, Best Acc 82.45329284667969. (lr 0.0012067722018278455, MMC 0.8369706869125366)
Epoch 156: TrainACC tensor([70.68], device='cuda:0'), Acc 81.95059967041016, Best Acc 82.82140350341797. (lr 0.0011562863523349332, MMC 0.8377755880355835)
Epoch 157: TrainACC tensor([71.00], device='cuda:0'), Acc 82.87286376953125, Best Acc 82.82140350341797. (lr 0.001106750115345044, MMC 0.8387494683265686)
Epoch 158: TrainACC tensor([71.27], device='cuda:0'), Acc 83.22118377685547, Best Acc 82.87286376953125. (lr 0.0010581757131834266, MMC 0.8399919271469116)
Epoch 159: TrainACC tensor([71.36], device='cuda:0'), Acc 82.93223571777344, Best Acc 83.22118377685547. (lr 0.0010105751308569827, MMC 0.8400195837020874)
Epoch 160: TrainACC tensor([71.56], device='cuda:0'), Acc 83.48638153076172, Best Acc 83.22118377685547. (lr 0.0009639601130971381, MMC 0.8392736315727234)
Epoch 161: TrainACC tensor([71.92], device='cuda:0'), Acc 83.6051254272461, Best Acc 83.48638153076172. (lr 0.0009183421614620087, MMC 0.8409618735313416)
Epoch 162: TrainACC tensor([72.19], device='cuda:0'), Acc 83.05493927001953, Best Acc 83.6051254272461. (lr 0.0008737325314985642, MMC 0.8427305817604065)
Epoch 163: TrainACC tensor([72.39], device='cuda:0'), Acc 83.43096923828125, Best Acc 83.6051254272461. (lr 0.0008301422299654912, MMC 0.8433708548545837)
Epoch 164: TrainACC tensor([72.70], device='cuda:0'), Acc 83.6328353881836, Best Acc 83.6051254272461. (lr 0.0007875820121174358, MMC 0.8458954095840454)
Epoch 165: TrainACC tensor([72.96], device='cuda:0'), Acc 83.27659606933594, Best Acc 83.6328353881836. (lr 0.0007460623790513108, MMC 0.8477283120155334)
Epoch 166: TrainACC tensor([73.25], device='cuda:0'), Acc 84.02073669433594, Best Acc 83.6328353881836. (lr 0.000705593575115301, MMC 0.8490894436836243)
Epoch 167: TrainACC tensor([73.48], device='cuda:0'), Acc 83.95345306396484, Best Acc 84.02073669433594. (lr 0.0006661855853812345, MMC 0.8505078554153442)
Epoch 168: TrainACC tensor([73.70], device='cuda:0'), Acc 84.14344787597656, Best Acc 84.02073669433594. (lr 0.0006278481331809015, MMC 0.8521256446838379)
Epoch 169: TrainACC tensor([74.08], device='cuda:0'), Acc 84.55113983154297, Best Acc 84.14344787597656. (lr 0.0005905906777069763, MMC 0.8545572757720947)
Epoch 170: TrainACC tensor([74.36], device='cuda:0'), Acc 84.7173843383789, Best Acc 84.55113983154297. (lr 0.000554422411679103, MMC 0.8568872213363647)
Epoch 171: TrainACC tensor([74.63], device='cuda:0'), Acc 85.01820373535156, Best Acc 84.7173843383789. (lr 0.0005193522590757254, MMC 0.8586682081222534)
Epoch 172: TrainACC tensor([74.99], device='cuda:0'), Acc 84.40072631835938, Best Acc 85.01820373535156. (lr 0.0004853888729322334, MMC 0.8607288599014282)
Epoch 173: TrainACC tensor([75.29], device='cuda:0'), Acc 84.52738952636719, Best Acc 85.01820373535156. (lr 0.00045254063320595195, MMC 0.863135814666748)
Epoch 174: TrainACC tensor([75.58], device='cuda:0'), Acc 85.19632720947266, Best Acc 85.01820373535156. (lr 0.00042081564470851536, MMC 0.8648648858070374)
Epoch 175: TrainACC tensor([75.88], device='cuda:0'), Acc 85.16465759277344, Best Acc 85.19632720947266. (lr 0.0003902217351061239, MMC 0.8671196103096008)
Epoch 176: TrainACC tensor([76.20], device='cuda:0'), Acc 84.72529602050781, Best Acc 85.19632720947266. (lr 0.00036076645298818456, MMC 0.8684669137001038)
Epoch 177: TrainACC tensor([76.52], device='cuda:0'), Acc 84.95487213134766, Best Acc 85.19632720947266. (lr 0.0003324570660048125, MMC 0.8706763386726379)
Epoch 178: TrainACC tensor([76.90], device='cuda:0'), Acc 85.62776947021484, Best Acc 85.19632720947266. (lr 0.0003053005590736439, MMC 0.872875988483429)
Epoch 179: TrainACC tensor([77.12], device='cuda:0'), Acc 85.85734558105469, Best Acc 85.62776947021484. (lr 0.00027930363265641126, MMC 0.8752421140670776)
Epoch 180: TrainACC tensor([77.48], device='cuda:0'), Acc 85.6119384765625, Best Acc 85.85734558105469. (lr 0.00025447270110570816, MMC 0.8771938681602478)
Epoch 181: TrainACC tensor([77.84], device='cuda:0'), Acc 85.81380462646484, Best Acc 85.85734558105469. (lr 0.00023081389108234107, MMC 0.8792386651039124)
Epoch 182: TrainACC tensor([78.18], device='cuda:0'), Acc 85.75839233398438, Best Acc 85.85734558105469. (lr 0.00020833304004366996, MMC 0.881170392036438)
Epoch 183: TrainACC tensor([78.40], device='cuda:0'), Acc 86.20170593261719, Best Acc 85.85734558105469. (lr 0.00018703569480329918, MMC 0.8830227255821228)
Epoch 184: TrainACC tensor([78.80], device='cuda:0'), Acc 86.39566040039062, Best Acc 86.20170593261719. (lr 0.00016692711016248833, MMC 0.884852945804596)
Epoch 185: TrainACC tensor([79.11], device='cuda:0'), Acc 86.17400360107422, Best Acc 86.39566040039062. (lr 0.0001480122476136056, MMC 0.8870113492012024)
Epoch 186: TrainACC tensor([79.42], device='cuda:0'), Acc 86.21754455566406, Best Acc 86.39566040039062. (lr 0.00013029577411595713, MMC 0.8888229727745056)
Epoch 187: TrainACC tensor([79.67], device='cuda:0'), Acc 86.4787826538086, Best Acc 86.39566040039062. (lr 0.00011378206094427953, MMC 0.89113450050354)
Epoch 188: TrainACC tensor([79.95], device='cuda:0'), Acc 86.56586456298828, Best Acc 86.4787826538086. (lr 9.847518261019984e-05, MMC 0.8931593298912048)
Epoch 189: TrainACC tensor([80.21], device='cuda:0'), Acc 86.59357452392578, Best Acc 86.56586456298828. (lr 8.437891585690454e-05, MMC 0.8931719660758972)
Epoch 190: TrainACC tensor([80.51], device='cuda:0'), Acc 86.53419494628906, Best Acc 86.59357452392578. (lr 7.14967387272874e-05, MMC 0.893446147441864)
Epoch 191: TrainACC tensor([80.70], device='cuda:0'), Acc 86.3560791015625, Best Acc 86.59357452392578. (lr 5.983182970579511e-05, MMC 0.89495849609375)
Epoch 192: TrainACC tensor([80.86], device='cuda:0'), Acc 86.48670196533203, Best Acc 86.59357452392578. (lr 4.938706693418357e-05, MMC 0.8959630131721497)
Epoch 193: TrainACC tensor([80.99], device='cuda:0'), Acc 86.71231842041016, Best Acc 86.59357452392578. (lr 4.0165027501377924e-05, MMC 0.8970896601676941)
Epoch 194: TrainACC tensor([81.16], device='cuda:0'), Acc 86.7281494140625, Best Acc 86.71231842041016. (lr 3.216798680761542e-05, MMC 0.8984071612358093)
Epoch 195: TrainACC tensor([81.32], device='cuda:0'), Acc 86.38774108886719, Best Acc 86.7281494140625. (lr 2.5397918003025824e-05, MMC 0.8994641900062561)
Epoch 196: TrainACC tensor([81.44], device='cuda:0'), Acc 86.74398040771484, Best Acc 86.7281494140625. (lr 1.9856491500783565e-05, MMC 0.9002751708030701)
Epoch 197: TrainACC tensor([81.49], device='cuda:0'), Acc 86.68460845947266, Best Acc 86.74398040771484. (lr 1.5545074564960334e-05, MMC 0.8998734951019287)
Epoch 198: TrainACC tensor([81.57], device='cuda:0'), Acc 86.74794006347656, Best Acc 86.74398040771484. (lr 1.2464730973170661e-05, MMC 0.900553286075592)
Epoch 199: TrainACC tensor([81.60], device='cuda:0'), Acc 86.81523132324219, Best Acc 86.74794006347656. (lr 1.0616220754105367e-05, MMC 0.9001287221908569)
