args Namespace(arch='sevenCNN', batch_size=128, closeset_ratio=0.5, conf_ema_range=[0.9, 0.62], cosine=True, dataset='cifar100', epochs=200, epsilon=0.6, exp_dir='experiment/cifar-sota/Cifar2023-08-09-20-32-48ds_cifar100_lr_0.02_ep_200_ps_1_lw_1.35_warmupepochs_40_rechange_per_epoch_35', forget_rate=0.5, gpu=0, loss_weight1=1.35, loss_weight2=0.7, low_dim=512, lr=0.02, lr_decay_epochs='100,150,180', lr_decay_rate=0.1, moco_m=0.999, moco_queue=8192, momentum=0.9, n_classes=100, noise_type='symmetric', print_freq=100, prot_start=1, proto_m=0.988, rechange_per_epoch=35, resume='', seed=100, synthetic_data='cifar100nc', topk=5, warmupepochs=40, warmuplr=0.01, weight_decay=0.0011, workers=32)

Epoch 0: TrainACC 2.440856695175171, Acc 6.37999963760376, Best Acc 0. (lr 0.02, MMC 1.0)
Epoch 1: TrainACC 5.095108509063721, Acc 10.90999984741211, Best Acc 6.37999963760376. (lr 0.019998767558491788, MMC 1.0)
Epoch 2: TrainACC 6.954923152923584, Acc 14.359999656677246, Best Acc 10.90999984741211. (lr 0.019995070538053657, MMC 1.0)
Epoch 3: TrainACC 8.521419525146484, Acc 17.44999885559082, Best Acc 14.359999656677246. (lr 0.019988909850870082, MMC 1.0)
Epoch 4: TrainACC 9.838555335998535, Acc 19.829999923706055, Best Acc 17.44999885559082. (lr 0.019980287016998433, MMC 1.0)
Epoch 5: TrainACC 11.130514144897461, Acc 21.43000030517578, Best Acc 19.829999923706055. (lr 0.01996920416399395, MMC 1.0)
Epoch 6: TrainACC 12.417279243469238, Acc 24.6299991607666, Best Acc 21.43000030517578. (lr 0.01995566402638477, MMC 1.0)
Epoch 7: TrainACC 13.397937774658203, Acc 27.06999969482422, Best Acc 24.6299991607666. (lr 0.019939669944997247, MMC 1.0)
Epoch 8: TrainACC 14.297473907470703, Acc 28.459999084472656, Best Acc 27.06999969482422. (lr 0.019921225866131636, MMC 1.0)
Epoch 9: TrainACC 15.318893432617188, Acc 30.649999618530273, Best Acc 28.459999084472656. (lr 0.01990033634058841, MMC 1.0)
Epoch 10: TrainACC 16.160486221313477, Acc 29.279998779296875, Best Acc 30.649999618530273. (lr 0.019877006522545426, MMC 1.0)
Epoch 11: TrainACC 16.549312591552734, Acc 29.899999618530273, Best Acc 30.649999618530273. (lr 0.019851242168286192, MMC 1.0)
Epoch 12: TrainACC 17.319772720336914, Acc 33.70000076293945, Best Acc 30.649999618530273. (lr 0.019823049634779603, MMC 1.0)
Epoch 13: TrainACC 17.875240325927734, Acc 32.369998931884766, Best Acc 33.70000076293945. (lr 0.019792435878111442, MMC 1.0)
Epoch 14: TrainACC 18.5382022857666, Acc 31.639999389648438, Best Acc 33.70000076293945. (lr 0.019759408451768087, MMC 1.0)
Epoch 15: TrainACC 19.00935173034668, Acc 33.89999771118164, Best Acc 33.70000076293945. (lr 0.01972397550477279, MMC 1.0)
Epoch 16: TrainACC 19.363811492919922, Acc 35.279998779296875, Best Acc 33.89999771118164. (lr 0.019686145779675025, MMC 1.0)
Epoch 17: TrainACC 19.846946716308594, Acc 33.93000030517578, Best Acc 35.279998779296875. (lr 0.019645928610393402, MMC 1.0)
Epoch 18: TrainACC 20.330482482910156, Acc 36.25, Best Acc 35.279998779296875. (lr 0.01960333391991266, MMC 1.0)
Epoch 19: TrainACC 20.764066696166992, Acc 35.06999969482422, Best Acc 36.25. (lr 0.019558372217835317, MMC 1.0)
Epoch 20: TrainACC 20.985454559326172, Acc 35.439998626708984, Best Acc 36.25. (lr 0.019511054597788586, MMC 1.0)
Epoch 21: TrainACC 21.321531295776367, Acc 37.09000015258789, Best Acc 36.25. (lr 0.019461392734687177, MMC 1.0)
Epoch 22: TrainACC 21.81585693359375, Acc 38.16999816894531, Best Acc 37.09000015258789. (lr 0.019409398881852714, MMC 1.0)
Epoch 23: TrainACC 21.92814826965332, Acc 36.56999969482422, Best Acc 38.16999816894531. (lr 0.019355085867990375, MMC 1.0)
Epoch 24: TrainACC 22.054428100585938, Acc 38.80999755859375, Best Acc 38.16999816894531. (lr 0.019298467094023632, MMC 1.0)
Epoch 25: TrainACC 22.330562591552734, Acc 38.939998626708984, Best Acc 38.80999755859375. (lr 0.019239556529787753, MMC 1.0)
Epoch 26: TrainACC 22.434062957763672, Acc 38.369998931884766, Best Acc 38.939998626708984. (lr 0.019178368710582972, MMC 1.0)
Epoch 27: TrainACC 22.6402645111084, Acc 38.37999725341797, Best Acc 38.939998626708984. (lr 0.019114918733588098, MMC 1.0)
Epoch 28: TrainACC 23.002317428588867, Acc 40.40999984741211, Best Acc 38.939998626708984. (lr 0.019049222254135537, MMC 1.0)
Epoch 29: TrainACC 23.23849105834961, Acc 40.31999969482422, Best Acc 40.40999984741211. (lr 0.01898129548184855, MMC 1.0)
Epoch 30: TrainACC 23.30842399597168, Acc 39.16999816894531, Best Acc 40.40999984741211. (lr 0.018911155176641794, MMC 1.0)
Epoch 31: TrainACC 23.422714233398438, Acc 38.93000030517578, Best Acc 40.40999984741211. (lr 0.018838818644586048, MMC 1.0)
Epoch 32: TrainACC 23.60933494567871, Acc 41.47999954223633, Best Acc 40.40999984741211. (lr 0.018764303733638195, MMC 1.0)
Epoch 33: TrainACC 23.99256706237793, Acc 39.93000030517578, Best Acc 41.47999954223633. (lr 0.01868762882923753, MMC 1.0)
Epoch 34: TrainACC 23.89426040649414, Acc 40.88999938964844, Best Acc 41.47999954223633. (lr 0.018608812849769396, MMC 1.0)
Epoch 35: TrainACC 23.84670639038086, Acc 41.959999084472656, Best Acc 41.47999954223633. (lr 0.01852787524189738, MMC 1.0)
Epoch 36: TrainACC 24.167200088500977, Acc 41.23999786376953, Best Acc 41.959999084472656. (lr 0.01844483597576513, MMC 1.0)
Epoch 37: TrainACC 24.253116607666016, Acc 40.279998779296875, Best Acc 41.959999084472656. (lr 0.018359715540069023, MMC 1.0)
Epoch 38: TrainACC 24.687898635864258, Acc 40.28999710083008, Best Acc 41.959999084472656. (lr 0.01827253493700287, MMC 1.0)
Epoch 39: TrainACC 24.653133392333984, Acc 40.279998779296875, Best Acc 41.959999084472656. (lr 0.018183315677075984, MMC 0.5834020376205444)
    ----------  warmup end  -----------    
Epoch 40: TrainACC tensor([20.06], device='cuda:0'), Acc 38.599998474121094, Best Acc 41.959999084472656. (lr 0.018092079773805725, MMC 0.5965228080749512)
Epoch 41: TrainACC tensor([22.30], device='cuda:0'), Acc 39.57999801635742, Best Acc 41.959999084472656. (lr 0.017998849738286037, MMC 0.6115124225616455)
Epoch 42: TrainACC tensor([23.45], device='cuda:0'), Acc 41.96999740600586, Best Acc 41.959999084472656. (lr 0.017903648573633146, MMC 0.6251624226570129)
Epoch 43: TrainACC tensor([24.26], device='cuda:0'), Acc 44.16999816894531, Best Acc 41.96999740600586. (lr 0.017806499769309914, MMC 0.6374417543411255)
Epoch 44: TrainACC tensor([25.28], device='cuda:0'), Acc 44.27000045776367, Best Acc 44.16999816894531. (lr 0.017707427295330137, MMC 0.6488416194915771)
Epoch 45: TrainACC tensor([25.43], device='cuda:0'), Acc 43.81999969482422, Best Acc 44.27000045776367. (lr 0.01760645559634431, MMC 0.6593846082687378)
Epoch 46: TrainACC tensor([25.88], device='cuda:0'), Acc 44.869998931884766, Best Acc 44.27000045776367. (lr 0.01750360958560829, MMC 0.6689013242721558)
Epoch 47: TrainACC tensor([26.29], device='cuda:0'), Acc 45.16999816894531, Best Acc 44.869998931884766. (lr 0.017398914638836308, MMC 0.6777901649475098)
Epoch 48: TrainACC tensor([26.57], device='cuda:0'), Acc 46.18000030517578, Best Acc 45.16999816894531. (lr 0.017292396587939903, MMC 0.6858568787574768)
Epoch 49: TrainACC tensor([26.78], device='cuda:0'), Acc 45.959999084472656, Best Acc 46.18000030517578. (lr 0.017184081714654256, MMC 0.6931019425392151)
Epoch 50: TrainACC tensor([27.06], device='cuda:0'), Acc 46.5, Best Acc 46.18000030517578. (lr 0.017073996744053608, MMC 0.6996548175811768)
Epoch 51: TrainACC tensor([27.19], device='cuda:0'), Acc 45.97999954223633, Best Acc 46.5. (lr 0.01696216883795722, MMC 0.7057145237922668)
Epoch 52: TrainACC tensor([27.45], device='cuda:0'), Acc 46.11000061035156, Best Acc 46.5. (lr 0.0168486255882276, MMC 0.7111356854438782)
Epoch 53: TrainACC tensor([27.48], device='cuda:0'), Acc 46.66999816894531, Best Acc 46.5. (lr 0.016733395009962636, MMC 0.715913712978363)
Epoch 54: TrainACC tensor([27.61], device='cuda:0'), Acc 46.36000061035156, Best Acc 46.66999816894531. (lr 0.01661650553458328, MMC 0.7206734418869019)
Epoch 55: TrainACC tensor([27.85], device='cuda:0'), Acc 47.38999938964844, Best Acc 46.66999816894531. (lr 0.016497986002818536, MMC 0.7248306274414062)
Epoch 56: TrainACC tensor([27.90], device='cuda:0'), Acc 46.75, Best Acc 47.38999938964844. (lr 0.016377865657589412, MMC 0.7283070087432861)
Epoch 57: TrainACC tensor([28.03], device='cuda:0'), Acc 46.64999771118164, Best Acc 47.38999938964844. (lr 0.016256174136793696, MMC 0.7311227917671204)
Epoch 58: TrainACC tensor([28.35], device='cuda:0'), Acc 48.04999923706055, Best Acc 47.38999938964844. (lr 0.016132941465993235, MMC 0.7341851592063904)
Epoch 59: TrainACC tensor([28.42], device='cuda:0'), Acc 48.0, Best Acc 48.04999923706055. (lr 0.016008198051005583, MMC 0.7370578050613403)
Epoch 60: TrainACC tensor([28.54], device='cuda:0'), Acc 47.599998474121094, Best Acc 48.04999923706055. (lr 0.01588197467040181, MMC 0.7394336462020874)
Epoch 61: TrainACC tensor([28.68], device='cuda:0'), Acc 49.0099983215332, Best Acc 48.04999923706055. (lr 0.015754302467912353, MMC 0.7414058446884155)
Epoch 62: TrainACC tensor([28.65], device='cuda:0'), Acc 48.529998779296875, Best Acc 49.0099983215332. (lr 0.015625212944742787, MMC 0.7432494163513184)
Epoch 63: TrainACC tensor([28.72], device='cuda:0'), Acc 46.56999969482422, Best Acc 49.0099983215332. (lr 0.015494737951801337, MMC 0.7446857690811157)
Epoch 64: TrainACC tensor([29.02], device='cuda:0'), Acc 47.39999771118164, Best Acc 49.0099983215332. (lr 0.015362909681840176, MMC 0.7461317777633667)
Epoch 65: TrainACC tensor([28.88], device='cuda:0'), Acc 49.47999954223633, Best Acc 49.0099983215332. (lr 0.01522976066151233, MMC 0.7476286292076111)
Epoch 66: TrainACC tensor([29.12], device='cuda:0'), Acc 48.62999725341797, Best Acc 49.47999954223633. (lr 0.01509532374334621, MMC 0.749118983745575)
Epoch 67: TrainACC tensor([29.30], device='cuda:0'), Acc 47.459999084472656, Best Acc 49.47999954223633. (lr 0.014959632097639753, MMC 0.7501516938209534)
Epoch 68: TrainACC tensor([29.20], device='cuda:0'), Acc 49.34000015258789, Best Acc 49.47999954223633. (lr 0.014822719204276136, MMC 0.7510020136833191)
Epoch 69: TrainACC tensor([29.42], device='cuda:0'), Acc 48.46999740600586, Best Acc 49.47999954223633. (lr 0.01468461884446313, MMC 0.7518913745880127)
Epoch 70: TrainACC tensor([29.27], device='cuda:0'), Acc 49.80999755859375, Best Acc 49.47999954223633. (lr 0.014545365092398073, MMC 0.7527652978897095)
Epoch 71: TrainACC tensor([29.60], device='cuda:0'), Acc 47.78999710083008, Best Acc 49.80999755859375. (lr 0.014404992306860591, MMC 0.7534403204917908)
Epoch 72: TrainACC tensor([29.54], device='cuda:0'), Acc 50.439998626708984, Best Acc 49.80999755859375. (lr 0.014263535122735076, MMC 0.7540924549102783)
Epoch 73: TrainACC tensor([29.74], device='cuda:0'), Acc 48.599998474121094, Best Acc 50.439998626708984. (lr 0.014121028442465038, MMC 0.7549594044685364)
Epoch 74: TrainACC tensor([29.47], device='cuda:0'), Acc 49.06999969482422, Best Acc 50.439998626708984. (lr 0.013977507427441457, MMC 0.7544164657592773)
Epoch 75: TrainACC tensor([29.46], device='cuda:0'), Acc 48.52000045776367, Best Acc 50.439998626708984. (lr 0.013833007489327247, MMC 0.7397090196609497)
Epoch 76: TrainACC tensor([29.53], device='cuda:0'), Acc 49.209999084472656, Best Acc 50.439998626708984. (lr 0.013687564281319935, MMC 0.7277646064758301)
Epoch 77: TrainACC tensor([29.58], device='cuda:0'), Acc 50.19999694824219, Best Acc 50.439998626708984. (lr 0.01354121368935478, MMC 0.7186688184738159)
Epoch 78: TrainACC tensor([29.84], device='cuda:0'), Acc 49.43000030517578, Best Acc 50.439998626708984. (lr 0.013393991823250464, MMC 0.7130218744277954)
Epoch 79: TrainACC tensor([29.84], device='cuda:0'), Acc 50.05999755859375, Best Acc 50.439998626708984. (lr 0.013245935007799513, MMC 0.7107970118522644)
Epoch 80: TrainACC tensor([29.67], device='cuda:0'), Acc 49.439998626708984, Best Acc 50.439998626708984. (lr 0.013097079773805725, MMC 0.7106541991233826)
Epoch 81: TrainACC tensor([29.79], device='cuda:0'), Acc 49.19999694824219, Best Acc 50.439998626708984. (lr 0.012947462849070718, MMC 0.7112283706665039)
Epoch 82: TrainACC tensor([29.92], device='cuda:0'), Acc 50.709999084472656, Best Acc 50.439998626708984. (lr 0.0127971211493319, MMC 0.7130550742149353)
Epoch 83: TrainACC tensor([30.06], device='cuda:0'), Acc 48.69999694824219, Best Acc 50.709999084472656. (lr 0.012646091769154074, MMC 0.7142320275306702)
Epoch 84: TrainACC tensor([30.26], device='cuda:0'), Acc 48.97999954223633, Best Acc 50.709999084472656. (lr 0.012494411972776898, MMC 0.715615451335907)
Epoch 85: TrainACC tensor([30.26], device='cuda:0'), Acc 49.57999801635742, Best Acc 50.709999084472656. (lr 0.012342119184920496, MMC 0.7170438170433044)
Epoch 86: TrainACC tensor([30.50], device='cuda:0'), Acc 50.81999969482422, Best Acc 50.709999084472656. (lr 0.012189250981551462, MMC 0.7180005311965942)
Epoch 87: TrainACC tensor([30.59], device='cuda:0'), Acc 50.61000061035156, Best Acc 50.81999969482422. (lr 0.01203584508061156, MMC 0.7194684743881226)
Epoch 88: TrainACC tensor([30.56], device='cuda:0'), Acc 49.849998474121094, Best Acc 50.81999969482422. (lr 0.01188193933271139, MMC 0.7205443382263184)
Epoch 89: TrainACC tensor([30.61], device='cuda:0'), Acc 49.71999740600586, Best Acc 50.81999969482422. (lr 0.0117275717117913, MMC 0.721904993057251)
Epoch 90: TrainACC tensor([30.86], device='cuda:0'), Acc 50.119998931884766, Best Acc 50.81999969482422. (lr 0.011572780305751908, MMC 0.7230371832847595)
Epoch 91: TrainACC tensor([30.79], device='cuda:0'), Acc 50.19999694824219, Best Acc 50.81999969482422. (lr 0.011417603307056453, MMC 0.7236337065696716)
Epoch 92: TrainACC tensor([30.77], device='cuda:0'), Acc 50.07999801635742, Best Acc 50.81999969482422. (lr 0.011262079003307402, MMC 0.7246360778808594)
Epoch 93: TrainACC tensor([31.07], device='cuda:0'), Acc 48.81999969482422, Best Acc 50.81999969482422. (lr 0.011106245767799543, MMC 0.7256726622581482)
Epoch 94: TrainACC tensor([31.26], device='cuda:0'), Acc 49.54999923706055, Best Acc 50.81999969482422. (lr 0.010950142050051959, MMC 0.7264185547828674)
Epoch 95: TrainACC tensor([31.02], device='cuda:0'), Acc 50.54999923706055, Best Acc 50.81999969482422. (lr 0.010793806366321173, MMC 0.7274840474128723)
Epoch 96: TrainACC tensor([31.42], device='cuda:0'), Acc 51.209999084472656, Best Acc 50.81999969482422. (lr 0.010637277290097842, MMC 0.7282665371894836)
Epoch 97: TrainACC tensor([31.37], device='cuda:0'), Acc 50.41999816894531, Best Acc 51.209999084472656. (lr 0.01048059344258933, MMC 0.7289040684700012)
Epoch 98: TrainACC tensor([31.37], device='cuda:0'), Acc 50.81999969482422, Best Acc 51.209999084472656. (lr 0.010323793483190501, MMC 0.7292255163192749)
Epoch 99: TrainACC tensor([31.49], device='cuda:0'), Acc 50.779998779296875, Best Acc 51.209999084472656. (lr 0.010166916099945088, MMC 0.7295902967453003)
Epoch 100: TrainACC tensor([31.56], device='cuda:0'), Acc 50.31999969482422, Best Acc 51.209999084472656. (lr 0.01001, MMC 0.7306063175201416)
Epoch 101: TrainACC tensor([31.65], device='cuda:0'), Acc 50.91999816894531, Best Acc 51.209999084472656. (lr 0.009853083900054913, MMC 0.7316473126411438)
Epoch 102: TrainACC tensor([31.74], device='cuda:0'), Acc 51.869998931884766, Best Acc 51.209999084472656. (lr 0.009696206516809499, MMC 0.7317693829536438)
Epoch 103: TrainACC tensor([31.91], device='cuda:0'), Acc 52.029998779296875, Best Acc 51.869998931884766. (lr 0.00953940655741067, MMC 0.7328273057937622)
Epoch 104: TrainACC tensor([31.79], device='cuda:0'), Acc 51.89999771118164, Best Acc 52.029998779296875. (lr 0.00938272270990216, MMC 0.7336350083351135)
Epoch 105: TrainACC tensor([31.83], device='cuda:0'), Acc 52.529998779296875, Best Acc 52.029998779296875. (lr 0.00922619363367883, MMC 0.7344629764556885)
Epoch 106: TrainACC tensor([31.96], device='cuda:0'), Acc 50.939998626708984, Best Acc 52.529998779296875. (lr 0.009069857949948041, MMC 0.7353054285049438)
Epoch 107: TrainACC tensor([32.05], device='cuda:0'), Acc 51.69999694824219, Best Acc 52.529998779296875. (lr 0.008913754232200458, MMC 0.7363417148590088)
Epoch 108: TrainACC tensor([31.94], device='cuda:0'), Acc 51.34000015258789, Best Acc 52.529998779296875. (lr 0.0087579209966926, MMC 0.7371687293052673)
Epoch 109: TrainACC tensor([31.61], device='cuda:0'), Acc 52.03999710083008, Best Acc 52.529998779296875. (lr 0.008602396692943551, MMC 0.7368670105934143)
Epoch 110: TrainACC tensor([31.84], device='cuda:0'), Acc 52.13999938964844, Best Acc 52.529998779296875. (lr 0.008447219694248094, MMC 0.7315690517425537)
Epoch 111: TrainACC tensor([32.16], device='cuda:0'), Acc 52.75, Best Acc 52.529998779296875. (lr 0.008292428288208697, MMC 0.7280935049057007)
Epoch 112: TrainACC tensor([32.14], device='cuda:0'), Acc 51.87999725341797, Best Acc 52.75. (lr 0.00813806066728861, MMC 0.7258120179176331)
Epoch 113: TrainACC tensor([32.61], device='cuda:0'), Acc 52.279998779296875, Best Acc 52.75. (lr 0.00798415491938844, MMC 0.7253531217575073)
Epoch 114: TrainACC tensor([32.37], device='cuda:0'), Acc 52.16999816894531, Best Acc 52.75. (lr 0.007830749018448543, MMC 0.7255513668060303)
Epoch 115: TrainACC tensor([32.62], device='cuda:0'), Acc 52.029998779296875, Best Acc 52.75. (lr 0.0076778808150795045, MMC 0.7257834076881409)
Epoch 116: TrainACC tensor([32.77], device='cuda:0'), Acc 53.05999755859375, Best Acc 52.75. (lr 0.0075255880272231, MMC 0.7267398238182068)
Epoch 117: TrainACC tensor([32.73], device='cuda:0'), Acc 52.1099967956543, Best Acc 53.05999755859375. (lr 0.007373908230845926, MMC 0.7275015711784363)
Epoch 118: TrainACC tensor([32.97], device='cuda:0'), Acc 52.119998931884766, Best Acc 53.05999755859375. (lr 0.007222878850668101, MMC 0.7283435463905334)
Epoch 119: TrainACC tensor([33.00], device='cuda:0'), Acc 52.97999954223633, Best Acc 53.05999755859375. (lr 0.007072537150929285, MMC 0.7296139001846313)
Epoch 120: TrainACC tensor([32.84], device='cuda:0'), Acc 52.80999755859375, Best Acc 53.05999755859375. (lr 0.0069229202261942785, MMC 0.7307065725326538)
Epoch 121: TrainACC tensor([33.00], device='cuda:0'), Acc 53.1099967956543, Best Acc 53.05999755859375. (lr 0.006774064992200487, MMC 0.7311107516288757)
Epoch 122: TrainACC tensor([33.15], device='cuda:0'), Acc 53.43000030517578, Best Acc 53.1099967956543. (lr 0.0066260081767495396, MMC 0.7324999570846558)
Epoch 123: TrainACC tensor([33.16], device='cuda:0'), Acc 52.68000030517578, Best Acc 53.43000030517578. (lr 0.006478786310645223, MMC 0.7334604263305664)
Epoch 124: TrainACC tensor([33.33], device='cuda:0'), Acc 51.88999938964844, Best Acc 53.43000030517578. (lr 0.00633243571868007, MMC 0.7349140644073486)
Epoch 125: TrainACC tensor([33.45], device='cuda:0'), Acc 52.87999725341797, Best Acc 53.43000030517578. (lr 0.006186992510672756, MMC 0.7361796498298645)
Epoch 126: TrainACC tensor([33.45], device='cuda:0'), Acc 52.709999084472656, Best Acc 53.43000030517578. (lr 0.0060424925725585405, MMC 0.7372329235076904)
Epoch 127: TrainACC tensor([33.73], device='cuda:0'), Acc 53.07999801635742, Best Acc 53.43000030517578. (lr 0.005898971557534964, MMC 0.7372483611106873)
Epoch 128: TrainACC tensor([33.74], device='cuda:0'), Acc 53.18000030517578, Best Acc 53.43000030517578. (lr 0.005756464877264925, MMC 0.7379200458526611)
Epoch 129: TrainACC tensor([33.80], device='cuda:0'), Acc 53.32999801635742, Best Acc 53.43000030517578. (lr 0.005615007693139408, MMC 0.7390841245651245)
Epoch 130: TrainACC tensor([33.93], device='cuda:0'), Acc 53.119998931884766, Best Acc 53.43000030517578. (lr 0.005474634907601928, MMC 0.7400534152984619)
Epoch 131: TrainACC tensor([34.20], device='cuda:0'), Acc 53.18000030517578, Best Acc 53.43000030517578. (lr 0.0053353811555368735, MMC 0.7407664060592651)
Epoch 132: TrainACC tensor([34.20], device='cuda:0'), Acc 53.80999755859375, Best Acc 53.43000030517578. (lr 0.005197280795723863, MMC 0.7418924570083618)
Epoch 133: TrainACC tensor([34.30], device='cuda:0'), Acc 53.8599967956543, Best Acc 53.80999755859375. (lr 0.005060367902360249, MMC 0.7430369853973389)
Epoch 134: TrainACC tensor([34.43], device='cuda:0'), Acc 53.8599967956543, Best Acc 53.8599967956543. (lr 0.0049246762566537905, MMC 0.7435306906700134)
Epoch 135: TrainACC tensor([34.49], device='cuda:0'), Acc 53.78999710083008, Best Acc 53.8599967956543. (lr 0.004790239338487672, MMC 0.7451900839805603)
Epoch 136: TrainACC tensor([34.58], device='cuda:0'), Acc 53.849998474121094, Best Acc 53.8599967956543. (lr 0.004657090318159821, MMC 0.7455346584320068)
Epoch 137: TrainACC tensor([34.52], device='cuda:0'), Acc 53.40999984741211, Best Acc 53.8599967956543. (lr 0.0045252620481986625, MMC 0.7465585470199585)
Epoch 138: TrainACC tensor([34.70], device='cuda:0'), Acc 54.619998931884766, Best Acc 53.8599967956543. (lr 0.004394787055257214, MMC 0.7476158142089844)
Epoch 139: TrainACC tensor([34.87], device='cuda:0'), Acc 54.619998931884766, Best Acc 54.619998931884766. (lr 0.004265697532087647, MMC 0.7485718727111816)
Epoch 140: TrainACC tensor([35.08], device='cuda:0'), Acc 54.28999710083008, Best Acc 54.619998931884766. (lr 0.004138025329598195, MMC 0.7499179244041443)
Epoch 141: TrainACC tensor([34.97], device='cuda:0'), Acc 53.72999954223633, Best Acc 54.619998931884766. (lr 0.00401180194899442, MMC 0.7508325576782227)
Epoch 142: TrainACC tensor([35.24], device='cuda:0'), Acc 54.27000045776367, Best Acc 54.619998931884766. (lr 0.0038870585340067642, MMC 0.7517130970954895)
Epoch 143: TrainACC tensor([35.22], device='cuda:0'), Acc 54.21999740600586, Best Acc 54.619998931884766. (lr 0.003763825863206305, MMC 0.7525489926338196)
Epoch 144: TrainACC tensor([35.10], device='cuda:0'), Acc 53.849998474121094, Best Acc 54.619998931884766. (lr 0.00364213434241059, MMC 0.7523300647735596)
Epoch 145: TrainACC tensor([35.34], device='cuda:0'), Acc 54.529998779296875, Best Acc 54.619998931884766. (lr 0.003522013997181467, MMC 0.7494586706161499)
Epoch 146: TrainACC tensor([35.52], device='cuda:0'), Acc 54.46999740600586, Best Acc 54.619998931884766. (lr 0.0034034944654167195, MMC 0.7485562562942505)
Epoch 147: TrainACC tensor([35.61], device='cuda:0'), Acc 55.05999755859375, Best Acc 54.619998931884766. (lr 0.0032866049900373636, MMC 0.7485712170600891)
Epoch 148: TrainACC tensor([35.78], device='cuda:0'), Acc 54.349998474121094, Best Acc 55.05999755859375. (lr 0.0031713744117724, MMC 0.7494954466819763)
Epoch 149: TrainACC tensor([35.89], device='cuda:0'), Acc 54.39999771118164, Best Acc 55.05999755859375. (lr 0.0030578311620427802, MMC 0.7502426505088806)
Epoch 150: TrainACC tensor([35.91], device='cuda:0'), Acc 55.22999954223633, Best Acc 55.05999755859375. (lr 0.0029460032559463912, MMC 0.7507116198539734)
Epoch 151: TrainACC tensor([35.96], device='cuda:0'), Acc 55.56999969482422, Best Acc 55.22999954223633. (lr 0.002835918285345745, MMC 0.7521640658378601)
Epoch 152: TrainACC tensor([36.31], device='cuda:0'), Acc 55.65999984741211, Best Acc 55.56999969482422. (lr 0.002727603412060101, MMC 0.7540310621261597)
Epoch 153: TrainACC tensor([36.32], device='cuda:0'), Acc 55.12999725341797, Best Acc 55.65999984741211. (lr 0.0026210853611636884, MMC 0.7545261383056641)
Epoch 154: TrainACC tensor([36.58], device='cuda:0'), Acc 54.88999938964844, Best Acc 55.65999984741211. (lr 0.0025163904143917087, MMC 0.7561373114585876)
Epoch 155: TrainACC tensor([36.47], device='cuda:0'), Acc 54.90999984741211, Best Acc 55.65999984741211. (lr 0.002413544403655691, MMC 0.7564299702644348)
Epoch 156: TrainACC tensor([36.63], device='cuda:0'), Acc 55.56999969482422, Best Acc 55.65999984741211. (lr 0.0023125727046698664, MMC 0.7581062316894531)
Epoch 157: TrainACC tensor([36.67], device='cuda:0'), Acc 55.459999084472656, Best Acc 55.65999984741211. (lr 0.002213500230690088, MMC 0.7590508460998535)
Epoch 158: TrainACC tensor([36.81], device='cuda:0'), Acc 55.29999923706055, Best Acc 55.65999984741211. (lr 0.002116351426366853, MMC 0.7600459456443787)
Epoch 159: TrainACC tensor([37.15], device='cuda:0'), Acc 55.53999710083008, Best Acc 55.65999984741211. (lr 0.0020211502617139654, MMC 0.7609480023384094)
Epoch 160: TrainACC tensor([37.06], device='cuda:0'), Acc 55.619998931884766, Best Acc 55.65999984741211. (lr 0.0019279202261942763, MMC 0.7615746855735779)
Epoch 161: TrainACC tensor([37.30], device='cuda:0'), Acc 55.63999938964844, Best Acc 55.65999984741211. (lr 0.0018366843229240175, MMC 0.7621055841445923)
Epoch 162: TrainACC tensor([37.32], device='cuda:0'), Acc 55.53999710083008, Best Acc 55.65999984741211. (lr 0.0017474650629971285, MMC 0.7639661431312561)
Epoch 163: TrainACC tensor([37.62], device='cuda:0'), Acc 56.21999740600586, Best Acc 55.65999984741211. (lr 0.0016602844599309823, MMC 0.7642127871513367)
Epoch 164: TrainACC tensor([37.50], device='cuda:0'), Acc 56.05999755859375, Best Acc 56.21999740600586. (lr 0.0015751640242348717, MMC 0.7651293277740479)
Epoch 165: TrainACC tensor([37.66], device='cuda:0'), Acc 55.71999740600586, Best Acc 56.21999740600586. (lr 0.0014921247581026215, MMC 0.7669732570648193)
Epoch 166: TrainACC tensor([37.76], device='cuda:0'), Acc 55.80999755859375, Best Acc 56.21999740600586. (lr 0.001411187150230602, MMC 0.768509030342102)
Epoch 167: TrainACC tensor([37.95], device='cuda:0'), Acc 56.029998779296875, Best Acc 56.21999740600586. (lr 0.001332371170762469, MMC 0.7695152163505554)
Epoch 168: TrainACC tensor([38.06], device='cuda:0'), Acc 56.18000030517578, Best Acc 56.21999740600586. (lr 0.001255696266361803, MMC 0.7700198292732239)
Epoch 169: TrainACC tensor([38.08], device='cuda:0'), Acc 55.84000015258789, Best Acc 56.21999740600586. (lr 0.0011811813554139525, MMC 0.7713077664375305)
Epoch 170: TrainACC tensor([38.35], device='cuda:0'), Acc 56.02000045776367, Best Acc 56.21999740600586. (lr 0.001108844823358206, MMC 0.7727938890457153)
Epoch 171: TrainACC tensor([38.16], device='cuda:0'), Acc 56.779998779296875, Best Acc 56.21999740600586. (lr 0.0010387045181514509, MMC 0.7739009261131287)
Epoch 172: TrainACC tensor([38.55], device='cuda:0'), Acc 56.40999984741211, Best Acc 56.779998779296875. (lr 0.0009707777458644668, MMC 0.7756462097167969)
Epoch 173: TrainACC tensor([38.61], device='cuda:0'), Acc 56.279998779296875, Best Acc 56.779998779296875. (lr 0.0009050812664119039, MMC 0.7765494585037231)
Epoch 174: TrainACC tensor([38.70], device='cuda:0'), Acc 56.32999801635742, Best Acc 56.779998779296875. (lr 0.0008416312894170307, MMC 0.7774408459663391)
Epoch 175: TrainACC tensor([38.70], device='cuda:0'), Acc 56.5, Best Acc 56.779998779296875. (lr 0.0007804434702122478, MMC 0.7783638834953308)
Epoch 176: TrainACC tensor([38.76], device='cuda:0'), Acc 56.30999755859375, Best Acc 56.779998779296875. (lr 0.0007215329059763691, MMC 0.7797259092330933)
Epoch 177: TrainACC tensor([38.85], device='cuda:0'), Acc 56.62999725341797, Best Acc 56.779998779296875. (lr 0.000664914132009625, MMC 0.7800527811050415)
Epoch 178: TrainACC tensor([38.96], device='cuda:0'), Acc 56.97999954223633, Best Acc 56.779998779296875. (lr 0.0006106011181472877, MMC 0.7815011739730835)
Epoch 179: TrainACC tensor([39.07], device='cuda:0'), Acc 56.349998474121094, Best Acc 56.97999954223633. (lr 0.0005586072653128225, MMC 0.7814130783081055)
Epoch 180: TrainACC tensor([39.08], device='cuda:0'), Acc 56.68000030517578, Best Acc 56.97999954223633. (lr 0.0005089454022114163, MMC 0.7792627811431885)
Epoch 181: TrainACC tensor([39.20], device='cuda:0'), Acc 56.44999694824219, Best Acc 56.97999954223633. (lr 0.00046162778216468213, MMC 0.7791458368301392)
Epoch 182: TrainACC tensor([39.15], device='cuda:0'), Acc 56.709999084472656, Best Acc 56.97999954223633. (lr 0.0004166660800873399, MMC 0.7790542244911194)
Epoch 183: TrainACC tensor([39.33], device='cuda:0'), Acc 56.91999816894531, Best Acc 56.97999954223633. (lr 0.00037407138960659836, MMC 0.7802644968032837)
Epoch 184: TrainACC tensor([39.54], device='cuda:0'), Acc 56.869998931884766, Best Acc 56.97999954223633. (lr 0.00033385422032497665, MMC 0.7818536758422852)
Epoch 185: TrainACC tensor([39.45], device='cuda:0'), Acc 56.75, Best Acc 56.97999954223633. (lr 0.0002960244952272112, MMC 0.7829024195671082)
Epoch 186: TrainACC tensor([39.49], device='cuda:0'), Acc 57.02000045776367, Best Acc 56.97999954223633. (lr 0.00026059154823191425, MMC 0.7829717993736267)
Epoch 187: TrainACC tensor([39.60], device='cuda:0'), Acc 57.119998931884766, Best Acc 57.02000045776367. (lr 0.00022756412188855907, MMC 0.7839683890342712)
Epoch 188: TrainACC tensor([39.71], device='cuda:0'), Acc 57.0, Best Acc 57.119998931884766. (lr 0.00019695036522039968, MMC 0.7853531241416931)
Epoch 189: TrainACC tensor([39.72], device='cuda:0'), Acc 56.90999984741211, Best Acc 57.119998931884766. (lr 0.00016875783171380908, MMC 0.7857330441474915)
Epoch 190: TrainACC tensor([39.76], device='cuda:0'), Acc 56.94999694824219, Best Acc 57.119998931884766. (lr 0.0001429934774545748, MMC 0.7859055995941162)
Epoch 191: TrainACC tensor([39.72], device='cuda:0'), Acc 57.03999710083008, Best Acc 57.119998931884766. (lr 0.00011966365941159021, MMC 0.7862971425056458)
Epoch 192: TrainACC tensor([39.75], device='cuda:0'), Acc 57.09000015258789, Best Acc 57.119998931884766. (lr 9.877413386836714e-05, MMC 0.7874025702476501)
Epoch 193: TrainACC tensor([39.78], device='cuda:0'), Acc 57.06999969482422, Best Acc 57.119998931884766. (lr 8.033005500275585e-05, MMC 0.7875790596008301)
Epoch 194: TrainACC tensor([39.94], device='cuda:0'), Acc 57.15999984741211, Best Acc 57.119998931884766. (lr 6.433597361523084e-05, MMC 0.7886807322502136)
Epoch 195: TrainACC tensor([39.85], device='cuda:0'), Acc 57.02000045776367, Best Acc 57.15999984741211. (lr 5.079583600605165e-05, MMC 0.7887162566184998)
Epoch 196: TrainACC tensor([39.93], device='cuda:0'), Acc 57.189998626708984, Best Acc 57.15999984741211. (lr 3.971298300156713e-05, MMC 0.7892645001411438)
Epoch 197: TrainACC tensor([39.80], device='cuda:0'), Acc 57.12999725341797, Best Acc 57.189998626708984. (lr 3.109014912992067e-05, MMC 0.7895594239234924)
Epoch 198: TrainACC tensor([39.79], device='cuda:0'), Acc 57.029998779296875, Best Acc 57.189998626708984. (lr 2.4929461946341322e-05, MMC 0.7894099950790405)
Epoch 199: TrainACC tensor([39.94], device='cuda:0'), Acc 57.2599983215332, Best Acc 57.189998626708984. (lr 2.1232441508210735e-05, MMC 0.7893818020820618)
